{"/home/alex/armored-archer/backend/src/config.ts": {"path":"/home/alex/armored-archer/backend/src/config.ts","statementMap":{"0":{"start":{"line":1,"column":0},"end":{"line":1,"column":null}},"1":{"start":{"line":2,"column":2},"end":{"line":2,"column":19}},"2":{"start":{"line":3,"column":2},"end":{"line":3,"column":null}},"3":{"start":{"line":4,"column":2},"end":{"line":4,"column":null}},"4":{"start":{"line":5,"column":2},"end":{"line":5,"column":null}}},"fnMap":{"0":{"name":"(anonymous_1)","decl":{"start":{"line":2,"column":2},"end":{"line":2,"column":9}},"loc":{"start":{"line":2,"column":2},"end":{"line":2,"column":19}}},"1":{"name":"(anonymous_2)","decl":{"start":{"line":3,"column":2},"end":{"line":3,"column":24}},"loc":{"start":{"line":3,"column":2},"end":{"line":3,"column":null}}},"2":{"name":"(anonymous_3)","decl":{"start":{"line":4,"column":2},"end":{"line":4,"column":12}},"loc":{"start":{"line":4,"column":2},"end":{"line":4,"column":null}}},"3":{"name":"(anonymous_4)","decl":{"start":{"line":5,"column":2},"end":{"line":5,"column":18}},"loc":{"start":{"line":5,"column":2},"end":{"line":5,"column":null}}}},"branchMap":{},"s":{"0":13,"1":119,"2":13,"3":13,"4":13},"f":{"0":106,"1":0,"2":0,"3":0},"b":{}}
,"/home/alex/armored-archer/backend/src/index.ts": {"path":"/home/alex/armored-archer/backend/src/index.ts","statementMap":{"0":{"start":{"line":2,"column":0},"end":{"line":2,"column":18}},"1":{"start":{"line":3,"column":0},"end":{"line":3,"column":58}},"2":{"start":{"line":4,"column":0},"end":{"line":4,"column":49}},"3":{"start":{"line":5,"column":0},"end":{"line":5,"column":null}},"4":{"start":{"line":10,"column":0},"end":{"line":10,"column":null}},"5":{"start":{"line":15,"column":0},"end":{"line":15,"column":null}},"6":{"start":{"line":21,"column":0},"end":{"line":21,"column":98}},"7":{"start":{"line":22,"column":0},"end":{"line":22,"column":null}},"8":{"start":{"line":30,"column":0},"end":{"line":30,"column":null}},"9":{"start":{"line":43,"column":0},"end":{"line":43,"column":null}},"10":{"start":{"line":50,"column":0},"end":{"line":50,"column":81}},"11":{"start":{"line":51,"column":0},"end":{"line":51,"column":120}},"12":{"start":{"line":52,"column":0},"end":{"line":52,"column":56}},"13":{"start":{"line":53,"column":0},"end":{"line":53,"column":70}},"14":{"start":{"line":54,"column":0},"end":{"line":54,"column":65}},"15":{"start":{"line":55,"column":0},"end":{"line":55,"column":58}},"16":{"start":{"line":56,"column":0},"end":{"line":56,"column":53}},"17":{"start":{"line":57,"column":0},"end":{"line":57,"column":57}},"18":{"start":{"line":58,"column":0},"end":{"line":58,"column":109}},"19":{"start":{"line":60,"column":31},"end":{"line":256,"column":1}},"20":{"start":{"line":66,"column":2},"end":{"line":66,"column":21}},"21":{"start":{"line":67,"column":2},"end":{"line":67,"column":22}},"22":{"start":{"line":68,"column":2},"end":{"line":68,"column":34}},"23":{"start":{"line":69,"column":2},"end":{"line":69,"column":58}},"24":{"start":{"line":71,"column":2},"end":{"line":71,"column":27}},"25":{"start":{"line":72,"column":2},"end":{"line":72,"column":32}},"26":{"start":{"line":73,"column":2},"end":{"line":73,"column":49}},"27":{"start":{"line":74,"column":2},"end":{"line":74,"column":42}},"28":{"start":{"line":75,"column":2},"end":{"line":75,"column":47}},"29":{"start":{"line":77,"column":2},"end":{"line":85,"column":3}},"30":{"start":{"line":78,"column":4},"end":{"line":82,"column":7}},"31":{"start":{"line":84,"column":4},"end":{"line":84,"column":53}},"32":{"start":{"line":87,"column":2},"end":{"line":87,"column":53}},"33":{"start":{"line":89,"column":2},"end":{"line":89,"column":34}},"34":{"start":{"line":90,"column":2},"end":{"line":90,"column":47}},"35":{"start":{"line":91,"column":2},"end":{"line":91,"column":42}},"36":{"start":{"line":92,"column":2},"end":{"line":92,"column":40}},"37":{"start":{"line":94,"column":2},"end":{"line":253,"column":3}},"38":{"start":{"line":95,"column":4},"end":{"line":100,"column":6}},"39":{"start":{"line":101,"column":4},"end":{"line":106,"column":6}},"40":{"start":{"line":107,"column":4},"end":{"line":107,"column":97}},"41":{"start":{"line":108,"column":4},"end":{"line":113,"column":6}},"42":{"start":{"line":114,"column":4},"end":{"line":119,"column":6}},"43":{"start":{"line":120,"column":4},"end":{"line":125,"column":6}},"44":{"start":{"line":126,"column":4},"end":{"line":131,"column":6}},"45":{"start":{"line":132,"column":4},"end":{"line":137,"column":6}},"46":{"start":{"line":138,"column":4},"end":{"line":143,"column":6}},"47":{"start":{"line":144,"column":4},"end":{"line":149,"column":6}},"48":{"start":{"line":150,"column":4},"end":{"line":155,"column":6}},"49":{"start":{"line":156,"column":4},"end":{"line":161,"column":6}},"50":{"start":{"line":162,"column":4},"end":{"line":167,"column":6}},"51":{"start":{"line":168,"column":4},"end":{"line":173,"column":6}},"52":{"start":{"line":174,"column":4},"end":{"line":179,"column":6}},"53":{"start":{"line":180,"column":4},"end":{"line":185,"column":6}},"54":{"start":{"line":186,"column":4},"end":{"line":191,"column":6}},"55":{"start":{"line":192,"column":4},"end":{"line":197,"column":6}},"56":{"start":{"line":198,"column":4},"end":{"line":203,"column":6}},"57":{"start":{"line":204,"column":4},"end":{"line":209,"column":6}},"58":{"start":{"line":210,"column":4},"end":{"line":215,"column":6}},"59":{"start":{"line":216,"column":4},"end":{"line":221,"column":6}},"60":{"start":{"line":223,"column":4},"end":{"line":223,"column":40}},"61":{"start":{"line":224,"column":4},"end":{"line":224,"column":35}},"62":{"start":{"line":225,"column":4},"end":{"line":225,"column":42}},"63":{"start":{"line":226,"column":4},"end":{"line":226,"column":43}},"64":{"start":{"line":227,"column":4},"end":{"line":227,"column":40}},"65":{"start":{"line":228,"column":4},"end":{"line":228,"column":40}},"66":{"start":{"line":229,"column":4},"end":{"line":229,"column":40}},"67":{"start":{"line":230,"column":4},"end":{"line":230,"column":42}},"68":{"start":{"line":231,"column":4},"end":{"line":231,"column":47}},"69":{"start":{"line":232,"column":4},"end":{"line":232,"column":42}},"70":{"start":{"line":233,"column":4},"end":{"line":233,"column":42}},"71":{"start":{"line":234,"column":4},"end":{"line":234,"column":43}},"72":{"start":{"line":235,"column":4},"end":{"line":235,"column":39}},"73":{"start":{"line":236,"column":4},"end":{"line":236,"column":45}},"74":{"start":{"line":237,"column":4},"end":{"line":237,"column":47}},"75":{"start":{"line":238,"column":4},"end":{"line":238,"column":38}},"76":{"start":{"line":239,"column":4},"end":{"line":239,"column":45}},"77":{"start":{"line":240,"column":4},"end":{"line":240,"column":40}},"78":{"start":{"line":241,"column":4},"end":{"line":241,"column":38}},"79":{"start":{"line":242,"column":4},"end":{"line":242,"column":52}},"80":{"start":{"line":243,"column":4},"end":{"line":243,"column":41}},"81":{"start":{"line":244,"column":4},"end":{"line":244,"column":47}},"82":{"start":{"line":245,"column":4},"end":{"line":245,"column":43}},"83":{"start":{"line":246,"column":4},"end":{"line":246,"column":41}},"84":{"start":{"line":247,"column":4},"end":{"line":247,"column":38}},"85":{"start":{"line":248,"column":4},"end":{"line":248,"column":40}},"86":{"start":{"line":249,"column":4},"end":{"line":249,"column":41}},"87":{"start":{"line":250,"column":4},"end":{"line":250,"column":47}},"88":{"start":{"line":251,"column":4},"end":{"line":251,"column":41}},"89":{"start":{"line":252,"column":4},"end":{"line":252,"column":45}},"90":{"start":{"line":255,"column":2},"end":{"line":255,"column":69}},"91":{"start":{"line":264,"column":29},"end":{"line":264,"column":60}},"92":{"start":{"line":265,"column":2},"end":{"line":265,"column":50}},"93":{"start":{"line":274,"column":32},"end":{"line":274,"column":63}},"94":{"start":{"line":275,"column":2},"end":{"line":275,"column":53}},"95":{"start":{"line":284,"column":24},"end":{"line":284,"column":55}},"96":{"start":{"line":285,"column":2},"end":{"line":285,"column":45}},"97":{"start":{"line":294,"column":31},"end":{"line":294,"column":62}},"98":{"start":{"line":295,"column":2},"end":{"line":295,"column":52}},"99":{"start":{"line":304,"column":36},"end":{"line":304,"column":70}},"100":{"start":{"line":305,"column":2},"end":{"line":305,"column":57}},"101":{"start":{"line":314,"column":31},"end":{"line":314,"column":65}},"102":{"start":{"line":315,"column":2},"end":{"line":315,"column":52}},"103":{"start":{"line":324,"column":29},"end":{"line":324,"column":60}},"104":{"start":{"line":325,"column":2},"end":{"line":325,"column":50}},"105":{"start":{"line":334,"column":29},"end":{"line":334,"column":60}},"106":{"start":{"line":335,"column":2},"end":{"line":335,"column":50}},"107":{"start":{"line":344,"column":32},"end":{"line":344,"column":66}},"108":{"start":{"line":345,"column":2},"end":{"line":345,"column":53}},"109":{"start":{"line":354,"column":34},"end":{"line":354,"column":60}},"110":{"start":{"line":355,"column":2},"end":{"line":355,"column":55}},"111":{"start":{"line":364,"column":27},"end":{"line":364,"column":53}},"112":{"start":{"line":365,"column":2},"end":{"line":365,"column":48}},"113":{"start":{"line":374,"column":30},"end":{"line":374,"column":62}},"114":{"start":{"line":375,"column":2},"end":{"line":375,"column":51}},"115":{"start":{"line":384,"column":27},"end":{"line":384,"column":59}},"116":{"start":{"line":385,"column":2},"end":{"line":385,"column":48}},"117":{"start":{"line":394,"column":30},"end":{"line":394,"column":61}},"118":{"start":{"line":395,"column":2},"end":{"line":395,"column":51}},"119":{"start":{"line":404,"column":34},"end":{"line":404,"column":65}},"120":{"start":{"line":405,"column":2},"end":{"line":405,"column":55}},"121":{"start":{"line":414,"column":28},"end":{"line":414,"column":58}},"122":{"start":{"line":415,"column":2},"end":{"line":415,"column":49}},"123":{"start":{"line":424,"column":37},"end":{"line":424,"column":67}},"124":{"start":{"line":425,"column":2},"end":{"line":425,"column":58}},"125":{"start":{"line":434,"column":30},"end":{"line":434,"column":60}},"126":{"start":{"line":435,"column":2},"end":{"line":435,"column":51}},"127":{"start":{"line":438,"column":0},"end":{"line":438,"column":26}}},"fnMap":{"0":{"name":"(anonymous_0)","decl":{"start":{"line":60,"column":31},"end":{"line":60,"column":null}},"loc":{"start":{"line":64,"column":34},"end":{"line":256,"column":1}}},"1":{"name":"rpcHealthCheckWrapper","decl":{"start":{"line":258,"column":9},"end":{"line":258,"column":30}},"loc":{"start":{"line":262,"column":17},"end":{"line":266,"column":1}}},"2":{"name":"rpcGetPlayerStatsWrapper","decl":{"start":{"line":268,"column":9},"end":{"line":268,"column":33}},"loc":{"start":{"line":272,"column":17},"end":{"line":276,"column":1}}},"3":{"name":"rpcGainXPWrapper","decl":{"start":{"line":278,"column":9},"end":{"line":278,"column":25}},"loc":{"start":{"line":282,"column":17},"end":{"line":286,"column":1}}},"4":{"name":"rpcAllocateStatsWrapper","decl":{"start":{"line":288,"column":9},"end":{"line":288,"column":32}},"loc":{"start":{"line":292,"column":17},"end":{"line":296,"column":1}}},"5":{"name":"rpcSubmitCombatActionWrapper","decl":{"start":{"line":298,"column":9},"end":{"line":298,"column":37}},"loc":{"start":{"line":302,"column":17},"end":{"line":306,"column":1}}},"6":{"name":"rpcGetMatchStateWrapper","decl":{"start":{"line":308,"column":9},"end":{"line":308,"column":32}},"loc":{"start":{"line":312,"column":17},"end":{"line":316,"column":1}}},"7":{"name":"rpcCreateMatchWrapper","decl":{"start":{"line":318,"column":9},"end":{"line":318,"column":30}},"loc":{"start":{"line":322,"column":17},"end":{"line":326,"column":1}}},"8":{"name":"rpcAcceptMatchWrapper","decl":{"start":{"line":328,"column":9},"end":{"line":328,"column":30}},"loc":{"start":{"line":332,"column":17},"end":{"line":336,"column":1}}},"9":{"name":"rpcGetLeaderboardWrapper","decl":{"start":{"line":338,"column":9},"end":{"line":338,"column":33}},"loc":{"start":{"line":342,"column":17},"end":{"line":346,"column":1}}},"10":{"name":"rpcValidatePurchaseWrapper","decl":{"start":{"line":348,"column":9},"end":{"line":348,"column":35}},"loc":{"start":{"line":352,"column":17},"end":{"line":356,"column":1}}},"11":{"name":"rpcSpendGemsWrapper","decl":{"start":{"line":358,"column":9},"end":{"line":358,"column":28}},"loc":{"start":{"line":362,"column":17},"end":{"line":366,"column":1}}},"12":{"name":"rpcGenerateGearWrapper","decl":{"start":{"line":368,"column":9},"end":{"line":368,"column":31}},"loc":{"start":{"line":372,"column":17},"end":{"line":376,"column":1}}},"13":{"name":"rpcEquipGearWrapper","decl":{"start":{"line":378,"column":9},"end":{"line":378,"column":28}},"loc":{"start":{"line":382,"column":17},"end":{"line":386,"column":1}}},"14":{"name":"rpcReportPlayerWrapper","decl":{"start":{"line":388,"column":9},"end":{"line":388,"column":31}},"loc":{"start":{"line":392,"column":17},"end":{"line":396,"column":1}}},"15":{"name":"rpcGetPlayerReportsWrapper","decl":{"start":{"line":398,"column":9},"end":{"line":398,"column":35}},"loc":{"start":{"line":402,"column":17},"end":{"line":406,"column":1}}},"16":{"name":"rpcTrackEventWrapper","decl":{"start":{"line":408,"column":9},"end":{"line":408,"column":29}},"loc":{"start":{"line":412,"column":17},"end":{"line":416,"column":1}}},"17":{"name":"rpcGetAnalyticsSummaryWrapper","decl":{"start":{"line":418,"column":9},"end":{"line":418,"column":38}},"loc":{"start":{"line":422,"column":17},"end":{"line":426,"column":1}}},"18":{"name":"rpcTrackRevenueWrapper","decl":{"start":{"line":428,"column":9},"end":{"line":428,"column":31}},"loc":{"start":{"line":432,"column":17},"end":{"line":436,"column":1}}}},"branchMap":{"0":{"loc":{"start":{"line":77,"column":2},"end":{"line":85,"column":3}},"type":"if","locations":[{"start":{"line":77,"column":2},"end":{"line":85,"column":3}},{"start":{"line":83,"column":9},"end":{"line":85,"column":3}}]},"1":{"loc":{"start":{"line":94,"column":2},"end":{"line":253,"column":3}},"type":"if","locations":[{"start":{"line":94,"column":2},"end":{"line":253,"column":3}},{"start":{"line":222,"column":9},"end":{"line":253,"column":3}}]}},"s":{"0":0,"1":0,"2":0,"3":0,"4":0,"5":0,"6":0,"7":0,"8":0,"9":0,"10":0,"11":0,"12":0,"13":0,"14":0,"15":0,"16":0,"17":0,"18":0,"19":0,"20":0,"21":0,"22":0,"23":0,"24":0,"25":0,"26":0,"27":0,"28":0,"29":0,"30":0,"31":0,"32":0,"33":0,"34":0,"35":0,"36":0,"37":0,"38":0,"39":0,"40":0,"41":0,"42":0,"43":0,"44":0,"45":0,"46":0,"47":0,"48":0,"49":0,"50":0,"51":0,"52":0,"53":0,"54":0,"55":0,"56":0,"57":0,"58":0,"59":0,"60":0,"61":0,"62":0,"63":0,"64":0,"65":0,"66":0,"67":0,"68":0,"69":0,"70":0,"71":0,"72":0,"73":0,"74":0,"75":0,"76":0,"77":0,"78":0,"79":0,"80":0,"81":0,"82":0,"83":0,"84":0,"85":0,"86":0,"87":0,"88":0,"89":0,"90":0,"91":0,"92":0,"93":0,"94":0,"95":0,"96":0,"97":0,"98":0,"99":0,"100":0,"101":0,"102":0,"103":0,"104":0,"105":0,"106":0,"107":0,"108":0,"109":0,"110":0,"111":0,"112":0,"113":0,"114":0,"115":0,"116":0,"117":0,"118":0,"119":0,"120":0,"121":0,"122":0,"123":0,"124":0,"125":0,"126":0,"127":0},"f":{"0":0,"1":0,"2":0,"3":0,"4":0,"5":0,"6":0,"7":0,"8":0,"9":0,"10":0,"11":0,"12":0,"13":0,"14":0,"15":0,"16":0,"17":0,"18":0},"b":{"0":[0,0],"1":[0,0]}}
,"/home/alex/armored-archer/backend/src/config/alerting.ts": {"path":"/home/alex/armored-archer/backend/src/config/alerting.ts","statementMap":{"0":{"start":{"line":307,"column":0},"end":{"line":307,"column":16}},"1":{"start":{"line":323,"column":0},"end":{"line":323,"column":16}},"2":{"start":{"line":330,"column":0},"end":{"line":330,"column":16}},"3":{"start":{"line":337,"column":0},"end":{"line":337,"column":16}},"4":{"start":{"line":185,"column":2},"end":{"line":185,"column":47}},"5":{"start":{"line":185,"column":27},"end":{"line":185,"column":47}},"6":{"start":{"line":186,"column":2},"end":{"line":186,"column":40}},"7":{"start":{"line":193,"column":2},"end":{"line":193,"column":47}},"8":{"start":{"line":193,"column":27},"end":{"line":193,"column":47}},"9":{"start":{"line":194,"column":17},"end":{"line":194,"column":36}},"10":{"start":{"line":195,"column":2},"end":{"line":195,"column":47}},"11":{"start":{"line":202,"column":2},"end":{"line":202,"column":24}},"12":{"start":{"line":202,"column":14},"end":{"line":202,"column":24}},"13":{"start":{"line":203,"column":2},"end":{"line":203,"column":47}},"14":{"start":{"line":203,"column":37},"end":{"line":203,"column":45}},"15":{"start":{"line":209,"column":13},"end":{"line":302,"column":2}},"16":{"start":{"line":308,"column":52},"end":{"line":312,"column":4}},"17":{"start":{"line":314,"column":23},"end":{"line":314,"column":79}},"18":{"start":{"line":315,"column":19},"end":{"line":315,"column":72}},"19":{"start":{"line":317,"column":2},"end":{"line":317,"column":60}},"20":{"start":{"line":324,"column":2},"end":{"line":324,"column":76}},"21":{"start":{"line":331,"column":2},"end":{"line":331,"column":77}},"22":{"start":{"line":341,"column":21},"end":{"line":341,"column":48}},"23":{"start":{"line":342,"column":20},"end":{"line":342,"column":53}},"24":{"start":{"line":344,"column":2},"end":{"line":348,"column":3}},"25":{"start":{"line":345,"column":4},"end":{"line":347,"column":5}},"26":{"start":{"line":346,"column":6},"end":{"line":346,"column":24}},"27":{"start":{"line":349,"column":2},"end":{"line":353,"column":3}},"28":{"start":{"line":350,"column":4},"end":{"line":352,"column":5}},"29":{"start":{"line":351,"column":6},"end":{"line":351,"column":23}},"30":{"start":{"line":355,"column":2},"end":{"line":355,"column":14}},"31":{"start":{"line":358,"column":0},"end":{"line":358,"column":30}}},"fnMap":{"0":{"name":"parseBoolean","decl":{"start":{"line":184,"column":9},"end":{"line":184,"column":21}},"loc":{"start":{"line":184,"column":70},"end":{"line":187,"column":1}}},"1":{"name":"parseNumber","decl":{"start":{"line":192,"column":9},"end":{"line":192,"column":20}},"loc":{"start":{"line":192,"column":68},"end":{"line":196,"column":1}}},"2":{"name":"parseStringArray","decl":{"start":{"line":201,"column":9},"end":{"line":201,"column":25}},"loc":{"start":{"line":201,"column":51},"end":{"line":204,"column":1}}},"3":{"name":"(anonymous_3)","decl":{"start":{"line":203,"column":30},"end":{"line":203,"column":31}},"loc":{"start":{"line":203,"column":37},"end":{"line":203,"column":45}}},"4":{"name":"isAlertingEnabled","decl":{"start":{"line":307,"column":16},"end":{"line":307,"column":33}},"loc":{"start":{"line":307,"column":33},"end":{"line":318,"column":1}}},"5":{"name":"getAlertProvider","decl":{"start":{"line":323,"column":16},"end":{"line":323,"column":32}},"loc":{"start":{"line":323,"column":56},"end":{"line":325,"column":1}}},"6":{"name":"getAlertCooldown","decl":{"start":{"line":330,"column":16},"end":{"line":330,"column":32}},"loc":{"start":{"line":330,"column":56},"end":{"line":332,"column":1}}},"7":{"name":"shouldTriggerHealthAlert","decl":{"start":{"line":337,"column":16},"end":{"line":337,"column":40}},"loc":{"start":{"line":339,"column":15},"end":{"line":356,"column":1}}}},"branchMap":{"0":{"loc":{"start":{"line":185,"column":2},"end":{"line":185,"column":47}},"type":"if","locations":[{"start":{"line":185,"column":2},"end":{"line":185,"column":47}},{"start":{},"end":{}}]},"1":{"loc":{"start":{"line":193,"column":2},"end":{"line":193,"column":47}},"type":"if","locations":[{"start":{"line":193,"column":2},"end":{"line":193,"column":47}},{"start":{},"end":{}}]},"2":{"loc":{"start":{"line":195,"column":9},"end":{"line":195,"column":46}},"type":"cond-expr","locations":[{"start":{"line":195,"column":25},"end":{"line":195,"column":37}},{"start":{"line":195,"column":40},"end":{"line":195,"column":46}}]},"3":{"loc":{"start":{"line":202,"column":2},"end":{"line":202,"column":24}},"type":"if","locations":[{"start":{"line":202,"column":2},"end":{"line":202,"column":24}},{"start":{},"end":{}}]},"4":{"loc":{"start":{"line":211,"column":20},"end":{"line":211,"column":67}},"type":"binary-expr","locations":[{"start":{"line":211,"column":20},"end":{"line":211,"column":57}},{"start":{"line":211,"column":61},"end":{"line":211,"column":67}}]},"5":{"loc":{"start":{"line":213,"column":15},"end":{"line":213,"column":67}},"type":"binary-expr","locations":[{"start":{"line":213,"column":15},"end":{"line":213,"column":52}},{"start":{"line":213,"column":56},"end":{"line":213,"column":67}}]},"6":{"loc":{"start":{"line":214,"column":12},"end":{"line":214,"column":57}},"type":"binary-expr","locations":[{"start":{"line":214,"column":12},"end":{"line":214,"column":46}},{"start":{"line":214,"column":50},"end":{"line":214,"column":57}}]},"7":{"loc":{"start":{"line":215,"column":14},"end":{"line":215,"column":61}},"type":"binary-expr","locations":[{"start":{"line":215,"column":14},"end":{"line":215,"column":50}},{"start":{"line":215,"column":54},"end":{"line":215,"column":61}}]},"8":{"loc":{"start":{"line":216,"column":11},"end":{"line":216,"column":54}},"type":"binary-expr","locations":[{"start":{"line":216,"column":11},"end":{"line":216,"column":44}},{"start":{"line":216,"column":48},"end":{"line":216,"column":54}}]},"9":{"loc":{"start":{"line":218,"column":13},"end":{"line":224,"column":15}},"type":"cond-expr","locations":[{"start":{"line":219,"column":6},"end":{"line":223,"column":null}},{"start":{"line":224,"column":6},"end":{"line":224,"column":15}}]},"10":{"loc":{"start":{"line":220,"column":16},"end":{"line":220,"column":51}},"type":"binary-expr","locations":[{"start":{"line":220,"column":16},"end":{"line":220,"column":45}},{"start":{"line":220,"column":49},"end":{"line":220,"column":51}}]},"11":{"loc":{"start":{"line":221,"column":19},"end":{"line":221,"column":57}},"type":"binary-expr","locations":[{"start":{"line":221,"column":19},"end":{"line":221,"column":51}},{"start":{"line":221,"column":55},"end":{"line":221,"column":57}}]},"12":{"loc":{"start":{"line":222,"column":24},"end":{"line":222,"column":67}},"type":"binary-expr","locations":[{"start":{"line":222,"column":24},"end":{"line":222,"column":61}},{"start":{"line":222,"column":65},"end":{"line":222,"column":67}}]},"13":{"loc":{"start":{"line":225,"column":9},"end":{"line":232,"column":15}},"type":"cond-expr","locations":[{"start":{"line":226,"column":6},"end":{"line":231,"column":null}},{"start":{"line":232,"column":6},"end":{"line":232,"column":15}}]},"14":{"loc":{"start":{"line":227,"column":20},"end":{"line":227,"column":55}},"type":"binary-expr","locations":[{"start":{"line":227,"column":20},"end":{"line":227,"column":49}},{"start":{"line":227,"column":53},"end":{"line":227,"column":55}}]},"15":{"loc":{"start":{"line":228,"column":17},"end":{"line":228,"column":55}},"type":"binary-expr","locations":[{"start":{"line":228,"column":17},"end":{"line":228,"column":42}},{"start":{"line":228,"column":46},"end":{"line":228,"column":55}}]},"16":{"loc":{"start":{"line":229,"column":18},"end":{"line":229,"column":74}},"type":"binary-expr","locations":[{"start":{"line":229,"column":18},"end":{"line":229,"column":44}},{"start":{"line":229,"column":48},"end":{"line":229,"column":74}}]},"17":{"loc":{"start":{"line":230,"column":19},"end":{"line":230,"column":62}},"type":"binary-expr","locations":[{"start":{"line":230,"column":19},"end":{"line":230,"column":47}},{"start":{"line":230,"column":51},"end":{"line":230,"column":62}}]},"18":{"loc":{"start":{"line":233,"column":11},"end":{"line":245,"column":15}},"type":"cond-expr","locations":[{"start":{"line":234,"column":6},"end":{"line":244,"column":null}},{"start":{"line":245,"column":6},"end":{"line":245,"column":15}}]},"19":{"loc":{"start":{"line":235,"column":13},"end":{"line":235,"column":48}},"type":"binary-expr","locations":[{"start":{"line":235,"column":13},"end":{"line":235,"column":42}},{"start":{"line":235,"column":46},"end":{"line":235,"column":48}}]},"20":{"loc":{"start":{"line":236,"column":17},"end":{"line":236,"column":59}},"type":"binary-expr","locations":[{"start":{"line":236,"column":17},"end":{"line":236,"column":49}},{"start":{"line":236,"column":53},"end":{"line":236,"column":59}}]},"21":{"loc":{"start":{"line":237,"column":17},"end":{"line":239,"column":50}},"type":"cond-expr","locations":[{"start":{"line":238,"column":12},"end":{"line":238,"column":57}},{"start":{"line":239,"column":12},"end":{"line":239,"column":50}}]},"22":{"loc":{"start":{"line":240,"column":19},"end":{"line":240,"column":64}},"type":"binary-expr","locations":[{"start":{"line":240,"column":19},"end":{"line":240,"column":54}},{"start":{"line":240,"column":58},"end":{"line":240,"column":64}}]},"23":{"loc":{"start":{"line":246,"column":9},"end":{"line":256,"column":15}},"type":"cond-expr","locations":[{"start":{"line":247,"column":6},"end":{"line":255,"column":null}},{"start":{"line":256,"column":6},"end":{"line":256,"column":15}}]},"24":{"loc":{"start":{"line":248,"column":14},"end":{"line":248,"column":41}},"type":"binary-expr","locations":[{"start":{"line":248,"column":14},"end":{"line":248,"column":35}},{"start":{"line":248,"column":39},"end":{"line":248,"column":41}}]},"25":{"loc":{"start":{"line":251,"column":18},"end":{"line":251,"column":49}},"type":"binary-expr","locations":[{"start":{"line":251,"column":18},"end":{"line":251,"column":43}},{"start":{"line":251,"column":47},"end":{"line":251,"column":49}}]},"26":{"loc":{"start":{"line":252,"column":18},"end":{"line":252,"column":49}},"type":"binary-expr","locations":[{"start":{"line":252,"column":18},"end":{"line":252,"column":43}},{"start":{"line":252,"column":47},"end":{"line":252,"column":49}}]},"27":{"loc":{"start":{"line":253,"column":14},"end":{"line":253,"column":66}},"type":"binary-expr","locations":[{"start":{"line":253,"column":14},"end":{"line":253,"column":35}},{"start":{"line":253,"column":39},"end":{"line":253,"column":66}}]},"28":{"loc":{"start":{"line":294,"column":24},"end":{"line":294,"column":71}},"type":"binary-expr","locations":[{"start":{"line":294,"column":24},"end":{"line":294,"column":58}},{"start":{"line":294,"column":62},"end":{"line":294,"column":71}}]},"29":{"loc":{"start":{"line":300,"column":13},"end":{"line":300,"column":49}},"type":"binary-expr","locations":[{"start":{"line":300,"column":13},"end":{"line":300,"column":36}},{"start":{"line":300,"column":40},"end":{"line":300,"column":49}}]},"30":{"loc":{"start":{"line":314,"column":41},"end":{"line":314,"column":78}},"type":"binary-expr","locations":[{"start":{"line":314,"column":41},"end":{"line":314,"column":61}},{"start":{"line":314,"column":65},"end":{"line":314,"column":78}}]},"31":{"loc":{"start":{"line":317,"column":9},"end":{"line":317,"column":59}},"type":"binary-expr","locations":[{"start":{"line":317,"column":9},"end":{"line":317,"column":31}},{"start":{"line":317,"column":35},"end":{"line":317,"column":59}}]},"32":{"loc":{"start":{"line":324,"column":9},"end":{"line":324,"column":75}},"type":"binary-expr","locations":[{"start":{"line":324,"column":9},"end":{"line":324,"column":41}},{"start":{"line":324,"column":45},"end":{"line":324,"column":75}}]},"33":{"loc":{"start":{"line":331,"column":9},"end":{"line":331,"column":76}},"type":"binary-expr","locations":[{"start":{"line":331,"column":9},"end":{"line":331,"column":43}},{"start":{"line":331,"column":47},"end":{"line":331,"column":76}}]},"34":{"loc":{"start":{"line":344,"column":2},"end":{"line":348,"column":3}},"type":"if","locations":[{"start":{"line":344,"column":2},"end":{"line":348,"column":3}},{"start":{},"end":{}}]},"35":{"loc":{"start":{"line":344,"column":6},"end":{"line":344,"column":81}},"type":"binary-expr","locations":[{"start":{"line":344,"column":6},"end":{"line":344,"column":36}},{"start":{"line":344,"column":40},"end":{"line":344,"column":81}}]},"36":{"loc":{"start":{"line":345,"column":4},"end":{"line":347,"column":5}},"type":"if","locations":[{"start":{"line":345,"column":4},"end":{"line":347,"column":5}},{"start":{},"end":{}}]},"37":{"loc":{"start":{"line":349,"column":2},"end":{"line":353,"column":3}},"type":"if","locations":[{"start":{"line":349,"column":2},"end":{"line":353,"column":3}},{"start":{},"end":{}}]},"38":{"loc":{"start":{"line":349,"column":6},"end":{"line":349,"column":80}},"type":"binary-expr","locations":[{"start":{"line":349,"column":6},"end":{"line":349,"column":35}},{"start":{"line":349,"column":39},"end":{"line":349,"column":80}}]},"39":{"loc":{"start":{"line":350,"column":4},"end":{"line":352,"column":5}},"type":"if","locations":[{"start":{"line":350,"column":4},"end":{"line":352,"column":5}},{"start":{},"end":{}}]}},"s":{"0":0,"1":0,"2":0,"3":0,"4":0,"5":0,"6":0,"7":0,"8":0,"9":0,"10":0,"11":0,"12":0,"13":0,"14":0,"15":0,"16":0,"17":0,"18":0,"19":0,"20":0,"21":0,"22":0,"23":0,"24":0,"25":0,"26":0,"27":0,"28":0,"29":0,"30":0,"31":0},"f":{"0":0,"1":0,"2":0,"3":0,"4":0,"5":0,"6":0,"7":0},"b":{"0":[0,0],"1":[0,0],"2":[0,0],"3":[0,0],"4":[0,0],"5":[0,0],"6":[0,0],"7":[0,0],"8":[0,0],"9":[0,0],"10":[0,0],"11":[0,0],"12":[0,0],"13":[0,0],"14":[0,0],"15":[0,0],"16":[0,0],"17":[0,0],"18":[0,0],"19":[0,0],"20":[0,0],"21":[0,0],"22":[0,0],"23":[0,0],"24":[0,0],"25":[0,0],"26":[0,0],"27":[0,0],"28":[0,0],"29":[0,0],"30":[0,0],"31":[0,0],"32":[0,0],"33":[0,0],"34":[0,0],"35":[0,0],"36":[0,0],"37":[0,0],"38":[0,0],"39":[0,0]}}
,"/home/alex/armored-archer/backend/src/config/errorTracking.ts": {"path":"/home/alex/armored-archer/backend/src/config/errorTracking.ts","statementMap":{"0":{"start":{"line":98,"column":0},"end":{"line":98,"column":16}},"1":{"start":{"line":135,"column":0},"end":{"line":135,"column":16}},"2":{"start":{"line":165,"column":0},"end":{"line":165,"column":16}},"3":{"start":{"line":193,"column":0},"end":{"line":193,"column":16}},"4":{"start":{"line":209,"column":0},"end":{"line":209,"column":16}},"5":{"start":{"line":229,"column":0},"end":{"line":229,"column":16}},"6":{"start":{"line":281,"column":0},"end":{"line":281,"column":16}},"7":{"start":{"line":341,"column":0},"end":{"line":341,"column":16}},"8":{"start":{"line":404,"column":0},"end":{"line":404,"column":16}},"9":{"start":{"line":443,"column":0},"end":{"line":443,"column":16}},"10":{"start":{"line":471,"column":0},"end":{"line":471,"column":16}},"11":{"start":{"line":497,"column":0},"end":{"line":497,"column":16}},"12":{"start":{"line":520,"column":0},"end":{"line":520,"column":16}},"13":{"start":{"line":535,"column":0},"end":{"line":535,"column":16}},"14":{"start":{"line":1,"column":0},"end":{"line":1,"column":39}},"15":{"start":{"line":3,"column":0},"end":{"line":3,"column":35}},"16":{"start":{"line":19,"column":13},"end":{"line":26,"column":2}},"17":{"start":{"line":99,"column":2},"end":{"line":102,"column":3}},"18":{"start":{"line":100,"column":4},"end":{"line":100,"column":90}},"19":{"start":{"line":101,"column":4},"end":{"line":101,"column":11}},"20":{"start":{"line":104,"column":2},"end":{"line":122,"column":5}},"21":{"start":{"line":110,"column":6},"end":{"line":112,"column":7}},"22":{"start":{"line":111,"column":8},"end":{"line":111,"column":42}},"23":{"start":{"line":114,"column":6},"end":{"line":116,"column":7}},"24":{"start":{"line":115,"column":8},"end":{"line":115,"column":24}},"25":{"start":{"line":117,"column":6},"end":{"line":117,"column":63}},"26":{"start":{"line":118,"column":6},"end":{"line":118,"column":19}},"27":{"start":{"line":124,"column":2},"end":{"line":126,"column":4}},"28":{"start":{"line":136,"column":2},"end":{"line":138,"column":3}},"29":{"start":{"line":137,"column":4},"end":{"line":137,"column":11}},"30":{"start":{"line":140,"column":2},"end":{"line":149,"column":5}},"31":{"start":{"line":152,"column":2},"end":{"line":156,"column":5}},"32":{"start":{"line":166,"column":2},"end":{"line":168,"column":3}},"33":{"start":{"line":167,"column":4},"end":{"line":167,"column":11}},"34":{"start":{"line":170,"column":2},"end":{"line":186,"column":5}},"35":{"start":{"line":194,"column":2},"end":{"line":196,"column":3}},"36":{"start":{"line":195,"column":4},"end":{"line":195,"column":11}},"37":{"start":{"line":198,"column":2},"end":{"line":198,"column":35}},"38":{"start":{"line":199,"column":2},"end":{"line":199,"column":37}},"39":{"start":{"line":200,"column":2},"end":{"line":200,"column":35}},"40":{"start":{"line":201,"column":2},"end":{"line":201,"column":23}},"41":{"start":{"line":210,"column":2},"end":{"line":212,"column":3}},"42":{"start":{"line":211,"column":4},"end":{"line":211,"column":11}},"43":{"start":{"line":214,"column":2},"end":{"line":220,"column":5}},"44":{"start":{"line":230,"column":2},"end":{"line":232,"column":3}},"45":{"start":{"line":231,"column":4},"end":{"line":231,"column":11}},"46":{"start":{"line":234,"column":39},"end":{"line":234,"column":41}},"47":{"start":{"line":235,"column":2},"end":{"line":237,"column":3}},"48":{"start":{"line":236,"column":4},"end":{"line":236,"column":33}},"49":{"start":{"line":238,"column":2},"end":{"line":240,"column":3}},"50":{"start":{"line":239,"column":4},"end":{"line":239,"column":27}},"51":{"start":{"line":242,"column":41},"end":{"line":245,"column":4}},"52":{"start":{"line":248,"column":2},"end":{"line":250,"column":3}},"53":{"start":{"line":249,"column":4},"end":{"line":249,"column":40}},"54":{"start":{"line":253,"column":2},"end":{"line":259,"column":3}},"55":{"start":{"line":254,"column":4},"end":{"line":258,"column":6}},"56":{"start":{"line":261,"column":2},"end":{"line":271,"column":5}},"57":{"start":{"line":286,"column":2},"end":{"line":288,"column":3}},"58":{"start":{"line":287,"column":4},"end":{"line":287,"column":11}},"59":{"start":{"line":290,"column":39},"end":{"line":290,"column":41}},"60":{"start":{"line":291,"column":2},"end":{"line":293,"column":3}},"61":{"start":{"line":292,"column":4},"end":{"line":292,"column":33}},"62":{"start":{"line":294,"column":2},"end":{"line":296,"column":3}},"63":{"start":{"line":295,"column":4},"end":{"line":295,"column":27}},"64":{"start":{"line":298,"column":41},"end":{"line":301,"column":4}},"65":{"start":{"line":304,"column":2},"end":{"line":306,"column":3}},"66":{"start":{"line":305,"column":4},"end":{"line":305,"column":40}},"67":{"start":{"line":309,"column":2},"end":{"line":315,"column":3}},"68":{"start":{"line":310,"column":4},"end":{"line":314,"column":6}},"69":{"start":{"line":317,"column":2},"end":{"line":327,"column":5}},"70":{"start":{"line":349,"column":2},"end":{"line":351,"column":3}},"71":{"start":{"line":350,"column":4},"end":{"line":350,"column":11}},"72":{"start":{"line":353,"column":39},"end":{"line":355,"column":4}},"73":{"start":{"line":356,"column":2},"end":{"line":358,"column":3}},"74":{"start":{"line":357,"column":4},"end":{"line":357,"column":25}},"75":{"start":{"line":360,"column":41},"end":{"line":362,"column":4}},"76":{"start":{"line":364,"column":2},"end":{"line":366,"column":3}},"77":{"start":{"line":365,"column":4},"end":{"line":365,"column":28}},"78":{"start":{"line":369,"column":2},"end":{"line":381,"column":3}},"79":{"start":{"line":370,"column":4},"end":{"line":376,"column":7}},"80":{"start":{"line":377,"column":4},"end":{"line":380,"column":7}},"81":{"start":{"line":383,"column":2},"end":{"line":386,"column":3}},"82":{"start":{"line":384,"column":4},"end":{"line":384,"column":80}},"83":{"start":{"line":385,"column":4},"end":{"line":385,"column":39}},"84":{"start":{"line":388,"column":2},"end":{"line":391,"column":5}},"85":{"start":{"line":394,"column":2},"end":{"line":394,"column":17}},"86":{"start":{"line":405,"column":2},"end":{"line":433,"column":4}},"87":{"start":{"line":412,"column":6},"end":{"line":417,"column":7}},"88":{"start":{"line":413,"column":8},"end":{"line":413,"column":26}},"89":{"start":{"line":415,"column":8},"end":{"line":415,"column":50}},"90":{"start":{"line":416,"column":8},"end":{"line":416,"column":25}},"91":{"start":{"line":426,"column":6},"end":{"line":431,"column":7}},"92":{"start":{"line":427,"column":8},"end":{"line":427,"column":20}},"93":{"start":{"line":429,"column":8},"end":{"line":429,"column":50}},"94":{"start":{"line":430,"column":8},"end":{"line":430,"column":25}},"95":{"start":{"line":447,"column":2},"end":{"line":460,"column":10}},"96":{"start":{"line":448,"column":4},"end":{"line":459,"column":5}},"97":{"start":{"line":449,"column":6},"end":{"line":449,"column":31}},"98":{"start":{"line":451,"column":6},"end":{"line":457,"column":9}},"99":{"start":{"line":458,"column":6},"end":{"line":458,"column":18}},"100":{"start":{"line":477,"column":2},"end":{"line":485,"column":5}},"101":{"start":{"line":504,"column":2},"end":{"line":513,"column":5}},"102":{"start":{"line":528,"column":2},"end":{"line":528,"column":35}},"103":{"start":{"line":544,"column":2},"end":{"line":544,"column":42}}},"fnMap":{"0":{"name":"initializeSentry","decl":{"start":{"line":98,"column":16},"end":{"line":98,"column":32}},"loc":{"start":{"line":98,"column":32},"end":{"line":127,"column":1}}},"1":{"name":"(anonymous_10)","decl":{"start":{"line":108,"column":4},"end":{"line":108,"column":14}},"loc":{"start":{"line":108,"column":50},"end":{"line":119,"column":5}}},"2":{"name":"setSessionContext","decl":{"start":{"line":135,"column":16},"end":{"line":135,"column":33}},"loc":{"start":{"line":135,"column":57},"end":{"line":157,"column":1}}},"3":{"name":"setGameStateContext","decl":{"start":{"line":165,"column":16},"end":{"line":165,"column":35}},"loc":{"start":{"line":165,"column":63},"end":{"line":187,"column":1}}},"4":{"name":"clearContext","decl":{"start":{"line":193,"column":16},"end":{"line":193,"column":28}},"loc":{"start":{"line":193,"column":28},"end":{"line":202,"column":1}}},"5":{"name":"setRequestContext","decl":{"start":{"line":209,"column":16},"end":{"line":209,"column":33}},"loc":{"start":{"line":209,"column":57},"end":{"line":221,"column":1}}},"6":{"name":"captureException","decl":{"start":{"line":229,"column":16},"end":{"line":229,"column":32}},"loc":{"start":{"line":229,"column":81},"end":{"line":272,"column":1}}},"7":{"name":"captureMessage","decl":{"start":{"line":281,"column":16},"end":{"line":281,"column":30}},"loc":{"start":{"line":284,"column":36},"end":{"line":328,"column":1}}},"8":{"name":"captureRpcError","decl":{"start":{"line":341,"column":16},"end":{"line":341,"column":31}},"loc":{"start":{"line":347,"column":37},"end":{"line":395,"column":1}}},"9":{"name":"createErrorBoundary","decl":{"start":{"line":404,"column":16},"end":{"line":404,"column":35}},"loc":{"start":{"line":404,"column":65},"end":{"line":434,"column":1}}},"10":{"name":"(anonymous_19)","decl":{"start":{"line":411,"column":4},"end":{"line":411,"column":9}},"loc":{"start":{"line":411,"column":45},"end":{"line":418,"column":5}}},"11":{"name":"(anonymous_20)","decl":{"start":{"line":425,"column":4},"end":{"line":425,"column":19}},"loc":{"start":{"line":425,"column":34},"end":{"line":432,"column":5}}},"12":{"name":"withErrorTracking","decl":{"start":{"line":443,"column":16},"end":{"line":443,"column":33}},"loc":{"start":{"line":445,"column":31},"end":{"line":461,"column":1}}},"13":{"name":"(anonymous_22)","decl":{"start":{"line":447,"column":10},"end":{"line":447,"column":15}},"loc":{"start":{"line":447,"column":39},"end":{"line":460,"column":3}}},"14":{"name":"captureDatabaseError","decl":{"start":{"line":471,"column":16},"end":{"line":471,"column":36}},"loc":{"start":{"line":475,"column":36},"end":{"line":486,"column":1}}},"15":{"name":"captureCacheError","decl":{"start":{"line":497,"column":16},"end":{"line":497,"column":33}},"loc":{"start":{"line":502,"column":36},"end":{"line":514,"column":1}}},"16":{"name":"captureExceptionLegacy","decl":{"start":{"line":520,"column":16},"end":{"line":520,"column":38}},"loc":{"start":{"line":526,"column":8},"end":{"line":529,"column":1}}},"17":{"name":"captureMessageLegacy","decl":{"start":{"line":535,"column":16},"end":{"line":535,"column":36}},"loc":{"start":{"line":542,"column":8},"end":{"line":545,"column":1}}}},"branchMap":{"0":{"loc":{"start":{"line":20,"column":7},"end":{"line":20,"column":35}},"type":"binary-expr","locations":[{"start":{"line":20,"column":7},"end":{"line":20,"column":29}},{"start":{"line":20,"column":33},"end":{"line":20,"column":35}}]},"1":{"loc":{"start":{"line":21,"column":15},"end":{"line":21,"column":57}},"type":"binary-expr","locations":[{"start":{"line":21,"column":15},"end":{"line":21,"column":35}},{"start":{"line":21,"column":39},"end":{"line":21,"column":57}}]},"2":{"loc":{"start":{"line":22,"column":31},"end":{"line":22,"column":77}},"type":"binary-expr","locations":[{"start":{"line":22,"column":31},"end":{"line":22,"column":68}},{"start":{"line":22,"column":72},"end":{"line":22,"column":77}}]},"3":{"loc":{"start":{"line":23,"column":11},"end":{"line":23,"column":87}},"type":"binary-expr","locations":[{"start":{"line":23,"column":11},"end":{"line":23,"column":48}},{"start":{"line":23,"column":52},"end":{"line":23,"column":87}}]},"4":{"loc":{"start":{"line":99,"column":2},"end":{"line":102,"column":3}},"type":"if","locations":[{"start":{"line":99,"column":2},"end":{"line":102,"column":3}},{"start":{},"end":{}}]},"5":{"loc":{"start":{"line":99,"column":6},"end":{"line":99,"column":62}},"type":"binary-expr","locations":[{"start":{"line":99,"column":6},"end":{"line":99,"column":34}},{"start":{"line":99,"column":38},"end":{"line":99,"column":62}}]},"6":{"loc":{"start":{"line":110,"column":6},"end":{"line":112,"column":7}},"type":"if","locations":[{"start":{"line":110,"column":6},"end":{"line":112,"column":7}},{"start":{},"end":{}}]},"7":{"loc":{"start":{"line":114,"column":6},"end":{"line":116,"column":7}},"type":"if","locations":[{"start":{"line":114,"column":6},"end":{"line":116,"column":7}},{"start":{},"end":{}}]},"8":{"loc":{"start":{"line":121,"column":13},"end":{"line":121,"column":49}},"type":"binary-expr","locations":[{"start":{"line":121,"column":13},"end":{"line":121,"column":36}},{"start":{"line":121,"column":40},"end":{"line":121,"column":49}}]},"9":{"loc":{"start":{"line":136,"column":2},"end":{"line":138,"column":3}},"type":"if","locations":[{"start":{"line":136,"column":2},"end":{"line":138,"column":3}},{"start":{},"end":{}}]},"10":{"loc":{"start":{"line":166,"column":2},"end":{"line":168,"column":3}},"type":"if","locations":[{"start":{"line":166,"column":2},"end":{"line":168,"column":3}},{"start":{},"end":{}}]},"11":{"loc":{"start":{"line":166,"column":6},"end":{"line":166,"column":75}},"type":"binary-expr","locations":[{"start":{"line":166,"column":6},"end":{"line":166,"column":34}},{"start":{"line":166,"column":38},"end":{"line":166,"column":75}}]},"12":{"loc":{"start":{"line":194,"column":2},"end":{"line":196,"column":3}},"type":"if","locations":[{"start":{"line":194,"column":2},"end":{"line":196,"column":3}},{"start":{},"end":{}}]},"13":{"loc":{"start":{"line":210,"column":2},"end":{"line":212,"column":3}},"type":"if","locations":[{"start":{"line":210,"column":2},"end":{"line":212,"column":3}},{"start":{},"end":{}}]},"14":{"loc":{"start":{"line":229,"column":47},"end":{"line":229,"column":81}},"type":"default-arg","locations":[{"start":{"line":229,"column":79},"end":{"line":229,"column":81}}]},"15":{"loc":{"start":{"line":230,"column":2},"end":{"line":232,"column":3}},"type":"if","locations":[{"start":{"line":230,"column":2},"end":{"line":232,"column":3}},{"start":{},"end":{}}]},"16":{"loc":{"start":{"line":235,"column":2},"end":{"line":237,"column":3}},"type":"if","locations":[{"start":{"line":235,"column":2},"end":{"line":237,"column":3}},{"start":{},"end":{}}]},"17":{"loc":{"start":{"line":238,"column":2},"end":{"line":240,"column":3}},"type":"if","locations":[{"start":{"line":238,"column":2},"end":{"line":240,"column":3}},{"start":{},"end":{}}]},"18":{"loc":{"start":{"line":248,"column":2},"end":{"line":250,"column":3}},"type":"if","locations":[{"start":{"line":248,"column":2},"end":{"line":250,"column":3}},{"start":{},"end":{}}]},"19":{"loc":{"start":{"line":248,"column":6},"end":{"line":248,"column":63}},"type":"binary-expr","locations":[{"start":{"line":248,"column":6},"end":{"line":248,"column":23}},{"start":{"line":248,"column":27},"end":{"line":248,"column":63}}]},"20":{"loc":{"start":{"line":253,"column":2},"end":{"line":259,"column":3}},"type":"if","locations":[{"start":{"line":253,"column":2},"end":{"line":259,"column":3}},{"start":{},"end":{}}]},"21":{"loc":{"start":{"line":265,"column":10},"end":{"line":270,"column":17}},"type":"cond-expr","locations":[{"start":{"line":266,"column":8},"end":{"line":269,"column":null}},{"start":{"line":270,"column":8},"end":{"line":270,"column":17}}]},"22":{"loc":{"start":{"line":283,"column":2},"end":{"line":283,"column":46}},"type":"default-arg","locations":[{"start":{"line":283,"column":40},"end":{"line":283,"column":46}}]},"23":{"loc":{"start":{"line":284,"column":2},"end":{"line":284,"column":36}},"type":"default-arg","locations":[{"start":{"line":284,"column":34},"end":{"line":284,"column":36}}]},"24":{"loc":{"start":{"line":286,"column":2},"end":{"line":288,"column":3}},"type":"if","locations":[{"start":{"line":286,"column":2},"end":{"line":288,"column":3}},{"start":{},"end":{}}]},"25":{"loc":{"start":{"line":291,"column":2},"end":{"line":293,"column":3}},"type":"if","locations":[{"start":{"line":291,"column":2},"end":{"line":293,"column":3}},{"start":{},"end":{}}]},"26":{"loc":{"start":{"line":294,"column":2},"end":{"line":296,"column":3}},"type":"if","locations":[{"start":{"line":294,"column":2},"end":{"line":296,"column":3}},{"start":{},"end":{}}]},"27":{"loc":{"start":{"line":304,"column":2},"end":{"line":306,"column":3}},"type":"if","locations":[{"start":{"line":304,"column":2},"end":{"line":306,"column":3}},{"start":{},"end":{}}]},"28":{"loc":{"start":{"line":304,"column":6},"end":{"line":304,"column":63}},"type":"binary-expr","locations":[{"start":{"line":304,"column":6},"end":{"line":304,"column":23}},{"start":{"line":304,"column":27},"end":{"line":304,"column":63}}]},"29":{"loc":{"start":{"line":309,"column":2},"end":{"line":315,"column":3}},"type":"if","locations":[{"start":{"line":309,"column":2},"end":{"line":315,"column":3}},{"start":{},"end":{}}]},"30":{"loc":{"start":{"line":321,"column":10},"end":{"line":326,"column":17}},"type":"cond-expr","locations":[{"start":{"line":322,"column":8},"end":{"line":325,"column":null}},{"start":{"line":326,"column":8},"end":{"line":326,"column":17}}]},"31":{"loc":{"start":{"line":349,"column":2},"end":{"line":351,"column":3}},"type":"if","locations":[{"start":{"line":349,"column":2},"end":{"line":351,"column":3}},{"start":{},"end":{}}]},"32":{"loc":{"start":{"line":356,"column":2},"end":{"line":358,"column":3}},"type":"if","locations":[{"start":{"line":356,"column":2},"end":{"line":358,"column":3}},{"start":{},"end":{}}]},"33":{"loc":{"start":{"line":364,"column":2},"end":{"line":366,"column":3}},"type":"if","locations":[{"start":{"line":364,"column":2},"end":{"line":366,"column":3}},{"start":{},"end":{}}]},"34":{"loc":{"start":{"line":369,"column":2},"end":{"line":381,"column":3}},"type":"if","locations":[{"start":{"line":369,"column":2},"end":{"line":381,"column":3}},{"start":{},"end":{}}]},"35":{"loc":{"start":{"line":383,"column":2},"end":{"line":386,"column":3}},"type":"if","locations":[{"start":{"line":383,"column":2},"end":{"line":386,"column":3}},{"start":{},"end":{}}]},"36":{"loc":{"start":{"line":383,"column":6},"end":{"line":383,"column":62}},"type":"binary-expr","locations":[{"start":{"line":383,"column":6},"end":{"line":383,"column":22}},{"start":{"line":383,"column":26},"end":{"line":383,"column":62}}]},"37":{"loc":{"start":{"line":475,"column":2},"end":{"line":475,"column":36}},"type":"default-arg","locations":[{"start":{"line":475,"column":34},"end":{"line":475,"column":36}}]},"38":{"loc":{"start":{"line":502,"column":2},"end":{"line":502,"column":36}},"type":"default-arg","locations":[{"start":{"line":502,"column":34},"end":{"line":502,"column":36}}]},"39":{"loc":{"start":{"line":522,"column":2},"end":{"line":526,"column":8}},"type":"default-arg","locations":[{"start":{"line":526,"column":6},"end":{"line":526,"column":8}}]},"40":{"loc":{"start":{"line":537,"column":2},"end":{"line":537,"column":46}},"type":"default-arg","locations":[{"start":{"line":537,"column":40},"end":{"line":537,"column":46}}]},"41":{"loc":{"start":{"line":538,"column":2},"end":{"line":542,"column":8}},"type":"default-arg","locations":[{"start":{"line":542,"column":6},"end":{"line":542,"column":8}}]}},"s":{"0":13,"1":13,"2":13,"3":13,"4":13,"5":13,"6":13,"7":13,"8":13,"9":13,"10":13,"11":13,"12":13,"13":13,"14":13,"15":13,"16":13,"17":0,"18":0,"19":0,"20":0,"21":0,"22":0,"23":0,"24":0,"25":0,"26":0,"27":0,"28":0,"29":0,"30":0,"31":0,"32":0,"33":0,"34":0,"35":0,"36":0,"37":0,"38":0,"39":0,"40":0,"41":0,"42":0,"43":0,"44":0,"45":0,"46":0,"47":0,"48":0,"49":0,"50":0,"51":0,"52":0,"53":0,"54":0,"55":0,"56":0,"57":0,"58":0,"59":0,"60":0,"61":0,"62":0,"63":0,"64":0,"65":0,"66":0,"67":0,"68":0,"69":0,"70":0,"71":0,"72":0,"73":0,"74":0,"75":0,"76":0,"77":0,"78":0,"79":0,"80":0,"81":0,"82":0,"83":0,"84":0,"85":0,"86":0,"87":0,"88":0,"89":0,"90":0,"91":0,"92":0,"93":0,"94":0,"95":0,"96":0,"97":0,"98":0,"99":0,"100":0,"101":0,"102":0,"103":0},"f":{"0":0,"1":0,"2":0,"3":0,"4":0,"5":0,"6":0,"7":0,"8":0,"9":0,"10":0,"11":0,"12":0,"13":0,"14":0,"15":0,"16":0,"17":0},"b":{"0":[13,13],"1":[13,0],"2":[13,13],"3":[13,13],"4":[0,0],"5":[0,0],"6":[0,0],"7":[0,0],"8":[0,0],"9":[0,0],"10":[0,0],"11":[0,0],"12":[0,0],"13":[0,0],"14":[0],"15":[0,0],"16":[0,0],"17":[0,0],"18":[0,0],"19":[0,0],"20":[0,0],"21":[0,0],"22":[0],"23":[0],"24":[0,0],"25":[0,0],"26":[0,0],"27":[0,0],"28":[0,0],"29":[0,0],"30":[0,0],"31":[0,0],"32":[0,0],"33":[0,0],"34":[0,0],"35":[0,0],"36":[0,0],"37":[0],"38":[0],"39":[0],"40":[0],"41":[0]}}
,"/home/alex/armored-archer/backend/src/config/index.ts": {"path":"/home/alex/armored-archer/backend/src/config/index.ts","statementMap":{"0":{"start":{"line":556,"column":0},"end":{"line":556,"column":16}},"1":{"start":{"line":610,"column":0},"end":{"line":610,"column":16}},"2":{"start":{"line":616,"column":0},"end":{"line":616,"column":16}},"3":{"start":{"line":1,"column":0},"end":{"line":1,"column":25}},"4":{"start":{"line":2,"column":0},"end":{"line":2,"column":29}},"5":{"start":{"line":5,"column":18},"end":{"line":5,"column":55}},"6":{"start":{"line":6,"column":19},"end":{"line":6,"column":71}},"7":{"start":{"line":8,"column":2},"end":{"line":36,"column":3}},"8":{"start":{"line":9,"column":20},"end":{"line":9,"column":50}},"9":{"start":{"line":10,"column":4},"end":{"line":35,"column":5}},"10":{"start":{"line":11,"column":25},"end":{"line":11,"column":58}},"11":{"start":{"line":13,"column":6},"end":{"line":34,"column":7}},"12":{"start":{"line":14,"column":28},"end":{"line":14,"column":39}},"13":{"start":{"line":16,"column":8},"end":{"line":33,"column":9}},"14":{"start":{"line":17,"column":30},"end":{"line":17,"column":54}},"15":{"start":{"line":19,"column":10},"end":{"line":32,"column":11}},"16":{"start":{"line":20,"column":24},"end":{"line":20,"column":68}},"17":{"start":{"line":21,"column":24},"end":{"line":21,"column":69}},"18":{"start":{"line":23,"column":12},"end":{"line":27,"column":13}},"19":{"start":{"line":24,"column":14},"end":{"line":24,"column":41}},"20":{"start":{"line":25,"column":19},"end":{"line":27,"column":13}},"21":{"start":{"line":26,"column":14},"end":{"line":26,"column":41}},"22":{"start":{"line":29,"column":12},"end":{"line":31,"column":13}},"23":{"start":{"line":30,"column":14},"end":{"line":30,"column":39}},"24":{"start":{"line":39,"column":0},"end":{"line":39,"column":18}},"25":{"start":{"line":245,"column":18},"end":{"line":245,"column":56}},"26":{"start":{"line":246,"column":16},"end":{"line":246,"column":38}},"27":{"start":{"line":248,"column":2},"end":{"line":257,"column":3}},"28":{"start":{"line":249,"column":4},"end":{"line":256,"column":6}},"29":{"start":{"line":259,"column":51},"end":{"line":259,"column":56}},"30":{"start":{"line":260,"column":2},"end":{"line":267,"column":4}},"31":{"start":{"line":270,"column":18},"end":{"line":270,"column":91}},"32":{"start":{"line":272,"column":26},"end":{"line":554,"column":2}},"33":{"start":{"line":304,"column":70},"end":{"line":304,"column":78}},"34":{"start":{"line":404,"column":67},"end":{"line":404,"column":75}},"35":{"start":{"line":557,"column":27},"end":{"line":557,"column":29}},"36":{"start":{"line":559,"column":2},"end":{"line":563,"column":3}},"37":{"start":{"line":560,"column":4},"end":{"line":562,"column":5}},"38":{"start":{"line":561,"column":6},"end":{"line":561,"column":65}},"39":{"start":{"line":565,"column":2},"end":{"line":567,"column":3}},"40":{"start":{"line":566,"column":4},"end":{"line":566,"column":53}},"41":{"start":{"line":569,"column":2},"end":{"line":571,"column":3}},"42":{"start":{"line":570,"column":4},"end":{"line":570,"column":75}},"43":{"start":{"line":573,"column":56},"end":{"line":577,"column":4}},"44":{"start":{"line":579,"column":2},"end":{"line":589,"column":3}},"45":{"start":{"line":580,"column":18},"end":{"line":583,"column":14}},"46":{"start":{"line":581,"column":6},"end":{"line":581,"column":68}},"47":{"start":{"line":581,"column":51},"end":{"line":581,"column":68}},"48":{"start":{"line":582,"column":6},"end":{"line":582,"column":49}},"49":{"start":{"line":584,"column":4},"end":{"line":588,"column":5}},"50":{"start":{"line":585,"column":6},"end":{"line":587,"column":7}},"51":{"start":{"line":586,"column":8},"end":{"line":586,"column":63}},"52":{"start":{"line":591,"column":2},"end":{"line":593,"column":3}},"53":{"start":{"line":592,"column":4},"end":{"line":592,"column":91}},"54":{"start":{"line":595,"column":2},"end":{"line":597,"column":3}},"55":{"start":{"line":596,"column":4},"end":{"line":596,"column":99}},"56":{"start":{"line":599,"column":2},"end":{"line":601,"column":3}},"57":{"start":{"line":600,"column":4},"end":{"line":600,"column":95}},"58":{"start":{"line":603,"column":2},"end":{"line":607,"column":3}},"59":{"start":{"line":604,"column":4},"end":{"line":606,"column":6}},"60":{"start":{"line":605,"column":61},"end":{"line":605,"column":71}},"61":{"start":{"line":611,"column":2},"end":{"line":611,"column":24}},"62":{"start":{"line":611,"column":14},"end":{"line":611,"column":24}},"63":{"start":{"line":612,"column":2},"end":{"line":612,"column":38}},"64":{"start":{"line":612,"column":25},"end":{"line":612,"column":38}},"65":{"start":{"line":613,"column":2},"end":{"line":613,"column":75}},"66":{"start":{"line":619,"column":2},"end":{"line":619,"column":39}},"67":{"start":{"line":620,"column":2},"end":{"line":620,"column":53}},"68":{"start":{"line":621,"column":2},"end":{"line":626,"column":4}},"69":{"start":{"line":627,"column":2},"end":{"line":632,"column":4}},"70":{"start":{"line":633,"column":2},"end":{"line":633,"column":84}},"71":{"start":{"line":634,"column":2},"end":{"line":634,"column":66}},"72":{"start":{"line":635,"column":2},"end":{"line":641,"column":4}},"73":{"start":{"line":642,"column":2},"end":{"line":642,"column":79}},"74":{"start":{"line":643,"column":2},"end":{"line":647,"column":4}},"75":{"start":{"line":648,"column":2},"end":{"line":653,"column":4}},"76":{"start":{"line":654,"column":2},"end":{"line":654,"column":38}},"77":{"start":{"line":657,"column":0},"end":{"line":657,"column":22}}},"fnMap":{"0":{"name":"loadEnvironment","decl":{"start":{"line":4,"column":9},"end":{"line":4,"column":24}},"loc":{"start":{"line":4,"column":24},"end":{"line":37,"column":1}}},"1":{"name":"parseDatabaseAddress","decl":{"start":{"line":244,"column":9},"end":{"line":244,"column":29}},"loc":{"start":{"line":244,"column":45},"end":{"line":268,"column":1}}},"2":{"name":"(anonymous_11)","decl":{"start":{"line":304,"column":63},"end":{"line":304,"column":64}},"loc":{"start":{"line":304,"column":70},"end":{"line":304,"column":78}}},"3":{"name":"(anonymous_12)","decl":{"start":{"line":404,"column":60},"end":{"line":404,"column":61}},"loc":{"start":{"line":404,"column":67},"end":{"line":404,"column":75}}},"4":{"name":"validateRequiredConfig","decl":{"start":{"line":556,"column":16},"end":{"line":556,"column":38}},"loc":{"start":{"line":556,"column":38},"end":{"line":608,"column":1}}},"5":{"name":"(anonymous_14)","decl":{"start":{"line":580,"column":40},"end":{"line":580,"column":41}},"loc":{"start":{"line":580,"column":60},"end":{"line":583,"column":5}}},"6":{"name":"(anonymous_15)","decl":{"start":{"line":605,"column":54},"end":{"line":605,"column":55}},"loc":{"start":{"line":605,"column":61},"end":{"line":605,"column":71}}},"7":{"name":"maskSecret","decl":{"start":{"line":610,"column":16},"end":{"line":610,"column":26}},"loc":{"start":{"line":610,"column":40},"end":{"line":614,"column":1}}},"8":{"name":"logConfiguration","decl":{"start":{"line":616,"column":16},"end":{"line":616,"column":32}},"loc":{"start":{"line":618,"column":1},"end":{"line":655,"column":1}}}},"branchMap":{"0":{"loc":{"start":{"line":5,"column":18},"end":{"line":5,"column":55}},"type":"binary-expr","locations":[{"start":{"line":5,"column":18},"end":{"line":5,"column":38}},{"start":{"line":5,"column":42},"end":{"line":5,"column":55}}]},"1":{"loc":{"start":{"line":10,"column":4},"end":{"line":35,"column":5}},"type":"if","locations":[{"start":{"line":10,"column":4},"end":{"line":35,"column":5}},{"start":{},"end":{}}]},"2":{"loc":{"start":{"line":16,"column":8},"end":{"line":33,"column":9}},"type":"if","locations":[{"start":{"line":16,"column":8},"end":{"line":33,"column":9}},{"start":{},"end":{}}]},"3":{"loc":{"start":{"line":16,"column":12},"end":{"line":16,"column":55}},"type":"binary-expr","locations":[{"start":{"line":16,"column":12},"end":{"line":16,"column":23}},{"start":{"line":16,"column":27},"end":{"line":16,"column":55}}]},"4":{"loc":{"start":{"line":19,"column":10},"end":{"line":32,"column":11}},"type":"if","locations":[{"start":{"line":19,"column":10},"end":{"line":32,"column":11}},{"start":{},"end":{}}]},"5":{"loc":{"start":{"line":23,"column":12},"end":{"line":27,"column":13}},"type":"if","locations":[{"start":{"line":23,"column":12},"end":{"line":27,"column":13}},{"start":{"line":25,"column":19},"end":{"line":27,"column":13}}]},"6":{"loc":{"start":{"line":23,"column":16},"end":{"line":23,"column":60}},"type":"binary-expr","locations":[{"start":{"line":23,"column":16},"end":{"line":23,"column":37}},{"start":{"line":23,"column":41},"end":{"line":23,"column":60}}]},"7":{"loc":{"start":{"line":25,"column":19},"end":{"line":27,"column":13}},"type":"if","locations":[{"start":{"line":25,"column":19},"end":{"line":27,"column":13}},{"start":{},"end":{}}]},"8":{"loc":{"start":{"line":25,"column":23},"end":{"line":25,"column":67}},"type":"binary-expr","locations":[{"start":{"line":25,"column":23},"end":{"line":25,"column":44}},{"start":{"line":25,"column":48},"end":{"line":25,"column":67}}]},"9":{"loc":{"start":{"line":29,"column":12},"end":{"line":31,"column":13}},"type":"if","locations":[{"start":{"line":29,"column":12},"end":{"line":31,"column":13}},{"start":{},"end":{}}]},"10":{"loc":{"start":{"line":248,"column":2},"end":{"line":257,"column":3}},"type":"if","locations":[{"start":{"line":248,"column":2},"end":{"line":257,"column":3}},{"start":{},"end":{}}]},"11":{"loc":{"start":{"line":251,"column":12},"end":{"line":251,"column":46}},"type":"binary-expr","locations":[{"start":{"line":251,"column":12},"end":{"line":251,"column":31}},{"start":{"line":251,"column":35},"end":{"line":251,"column":46}}]},"12":{"loc":{"start":{"line":252,"column":21},"end":{"line":252,"column":50}},"type":"binary-expr","locations":[{"start":{"line":252,"column":21},"end":{"line":252,"column":40}},{"start":{"line":252,"column":44},"end":{"line":252,"column":50}}]},"13":{"loc":{"start":{"line":253,"column":12},"end":{"line":253,"column":45}},"type":"binary-expr","locations":[{"start":{"line":253,"column":12},"end":{"line":253,"column":31}},{"start":{"line":253,"column":35},"end":{"line":253,"column":45}}]},"14":{"loc":{"start":{"line":254,"column":16},"end":{"line":254,"column":45}},"type":"binary-expr","locations":[{"start":{"line":254,"column":16},"end":{"line":254,"column":39}},{"start":{"line":254,"column":43},"end":{"line":254,"column":45}}]},"15":{"loc":{"start":{"line":255,"column":16},"end":{"line":255,"column":47}},"type":"binary-expr","locations":[{"start":{"line":255,"column":16},"end":{"line":255,"column":35}},{"start":{"line":255,"column":39},"end":{"line":255,"column":47}}]},"16":{"loc":{"start":{"line":270,"column":18},"end":{"line":270,"column":91}},"type":"binary-expr","locations":[{"start":{"line":270,"column":18},"end":{"line":270,"column":46}},{"start":{"line":270,"column":50},"end":{"line":270,"column":85}},{"start":{"line":270,"column":89},"end":{"line":270,"column":91}}]},"17":{"loc":{"start":{"line":273,"column":16},"end":{"line":273,"column":53}},"type":"binary-expr","locations":[{"start":{"line":273,"column":16},"end":{"line":273,"column":36}},{"start":{"line":273,"column":40},"end":{"line":273,"column":53}}]},"18":{"loc":{"start":{"line":276,"column":19},"end":{"line":276,"column":86}},"type":"binary-expr","locations":[{"start":{"line":276,"column":19},"end":{"line":276,"column":42}},{"start":{"line":276,"column":46},"end":{"line":276,"column":76}},{"start":{"line":276,"column":80},"end":{"line":276,"column":86}}]},"19":{"loc":{"start":{"line":277,"column":26},"end":{"line":277,"column":67}},"type":"binary-expr","locations":[{"start":{"line":277,"column":26},"end":{"line":277,"column":57}},{"start":{"line":277,"column":61},"end":{"line":277,"column":67}}]},"20":{"loc":{"start":{"line":278,"column":10},"end":{"line":278,"column":48}},"type":"binary-expr","locations":[{"start":{"line":278,"column":10},"end":{"line":278,"column":33}},{"start":{"line":278,"column":37},"end":{"line":278,"column":48}}]},"21":{"loc":{"start":{"line":279,"column":9},"end":{"line":279,"column":94}},"type":"binary-expr","locations":[{"start":{"line":279,"column":9},"end":{"line":279,"column":38}},{"start":{"line":279,"column":42},"end":{"line":279,"column":78}},{"start":{"line":279,"column":82},"end":{"line":279,"column":94}}]},"22":{"loc":{"start":{"line":280,"column":21},"end":{"line":280,"column":67}},"type":"binary-expr","locations":[{"start":{"line":280,"column":21},"end":{"line":280,"column":56}},{"start":{"line":280,"column":60},"end":{"line":280,"column":67}}]},"23":{"loc":{"start":{"line":281,"column":21},"end":{"line":281,"column":70}},"type":"binary-expr","locations":[{"start":{"line":281,"column":21},"end":{"line":281,"column":56}},{"start":{"line":281,"column":60},"end":{"line":281,"column":70}}]},"24":{"loc":{"start":{"line":287,"column":15},"end":{"line":287,"column":54}},"type":"binary-expr","locations":[{"start":{"line":287,"column":15},"end":{"line":287,"column":48}},{"start":{"line":287,"column":52},"end":{"line":287,"column":54}}]},"25":{"loc":{"start":{"line":288,"column":15},"end":{"line":288,"column":54}},"type":"binary-expr","locations":[{"start":{"line":288,"column":15},"end":{"line":288,"column":48}},{"start":{"line":288,"column":52},"end":{"line":288,"column":54}}]},"26":{"loc":{"start":{"line":292,"column":19},"end":{"line":292,"column":76}},"type":"binary-expr","locations":[{"start":{"line":292,"column":19},"end":{"line":292,"column":53}},{"start":{"line":292,"column":57},"end":{"line":292,"column":76}}]},"27":{"loc":{"start":{"line":293,"column":26},"end":{"line":293,"column":85}},"type":"binary-expr","locations":[{"start":{"line":293,"column":26},"end":{"line":293,"column":60}},{"start":{"line":293,"column":64},"end":{"line":293,"column":85}}]},"28":{"loc":{"start":{"line":294,"column":24},"end":{"line":294,"column":79}},"type":"binary-expr","locations":[{"start":{"line":294,"column":24},"end":{"line":294,"column":56}},{"start":{"line":294,"column":60},"end":{"line":294,"column":79}}]},"29":{"loc":{"start":{"line":295,"column":24},"end":{"line":295,"column":64}},"type":"binary-expr","locations":[{"start":{"line":295,"column":24},"end":{"line":295,"column":54}},{"start":{"line":295,"column":58},"end":{"line":295,"column":64}}]},"30":{"loc":{"start":{"line":299,"column":11},"end":{"line":299,"column":42}},"type":"binary-expr","locations":[{"start":{"line":299,"column":11},"end":{"line":299,"column":32}},{"start":{"line":299,"column":36},"end":{"line":299,"column":42}}]},"31":{"loc":{"start":{"line":300,"column":12},"end":{"line":300,"column":44}},"type":"binary-expr","locations":[{"start":{"line":300,"column":12},"end":{"line":300,"column":34}},{"start":{"line":300,"column":38},"end":{"line":300,"column":44}}]},"32":{"loc":{"start":{"line":301,"column":12},"end":{"line":301,"column":46}},"type":"binary-expr","locations":[{"start":{"line":301,"column":12},"end":{"line":301,"column":34}},{"start":{"line":301,"column":38},"end":{"line":301,"column":46}}]},"33":{"loc":{"start":{"line":303,"column":31},"end":{"line":305,"column":17}},"type":"cond-expr","locations":[{"start":{"line":304,"column":8},"end":{"line":304,"column":79}},{"start":{"line":305,"column":8},"end":{"line":305,"column":17}}]},"34":{"loc":{"start":{"line":306,"column":19},"end":{"line":308,"column":17}},"type":"cond-expr","locations":[{"start":{"line":307,"column":8},"end":{"line":307,"column":53}},{"start":{"line":308,"column":8},"end":{"line":308,"column":17}}]},"35":{"loc":{"start":{"line":316,"column":15},"end":{"line":316,"column":56}},"type":"binary-expr","locations":[{"start":{"line":316,"column":15},"end":{"line":316,"column":44}},{"start":{"line":316,"column":48},"end":{"line":316,"column":56}}]},"36":{"loc":{"start":{"line":317,"column":12},"end":{"line":317,"column":50}},"type":"binary-expr","locations":[{"start":{"line":317,"column":12},"end":{"line":317,"column":38}},{"start":{"line":317,"column":42},"end":{"line":317,"column":50}}]},"37":{"loc":{"start":{"line":318,"column":29},"end":{"line":318,"column":66}},"type":"binary-expr","locations":[{"start":{"line":318,"column":29},"end":{"line":318,"column":56}},{"start":{"line":318,"column":60},"end":{"line":318,"column":66}}]},"38":{"loc":{"start":{"line":323,"column":33},"end":{"line":323,"column":85}},"type":"binary-expr","locations":[{"start":{"line":323,"column":33},"end":{"line":323,"column":76}},{"start":{"line":323,"column":80},"end":{"line":323,"column":85}}]},"39":{"loc":{"start":{"line":324,"column":30},"end":{"line":324,"column":81}},"type":"binary-expr","locations":[{"start":{"line":324,"column":30},"end":{"line":324,"column":70}},{"start":{"line":324,"column":74},"end":{"line":324,"column":81}}]},"40":{"loc":{"start":{"line":327,"column":30},"end":{"line":327,"column":78}},"type":"binary-expr","locations":[{"start":{"line":327,"column":30},"end":{"line":327,"column":69}},{"start":{"line":327,"column":73},"end":{"line":327,"column":78}}]},"41":{"loc":{"start":{"line":328,"column":27},"end":{"line":328,"column":83}},"type":"binary-expr","locations":[{"start":{"line":328,"column":27},"end":{"line":328,"column":72}},{"start":{"line":328,"column":76},"end":{"line":328,"column":83}}]},"42":{"loc":{"start":{"line":331,"column":30},"end":{"line":331,"column":81}},"type":"binary-expr","locations":[{"start":{"line":331,"column":30},"end":{"line":331,"column":73}},{"start":{"line":331,"column":77},"end":{"line":331,"column":81}}]},"43":{"loc":{"start":{"line":332,"column":27},"end":{"line":332,"column":87}},"type":"binary-expr","locations":[{"start":{"line":332,"column":27},"end":{"line":332,"column":76}},{"start":{"line":332,"column":80},"end":{"line":332,"column":87}}]},"44":{"loc":{"start":{"line":335,"column":30},"end":{"line":335,"column":72}},"type":"binary-expr","locations":[{"start":{"line":335,"column":30},"end":{"line":335,"column":64}},{"start":{"line":335,"column":68},"end":{"line":335,"column":72}}]},"45":{"loc":{"start":{"line":336,"column":27},"end":{"line":336,"column":78}},"type":"binary-expr","locations":[{"start":{"line":336,"column":27},"end":{"line":336,"column":67}},{"start":{"line":336,"column":71},"end":{"line":336,"column":78}}]},"46":{"loc":{"start":{"line":339,"column":30},"end":{"line":339,"column":79}},"type":"binary-expr","locations":[{"start":{"line":339,"column":30},"end":{"line":339,"column":71}},{"start":{"line":339,"column":75},"end":{"line":339,"column":79}}]},"47":{"loc":{"start":{"line":340,"column":27},"end":{"line":340,"column":85}},"type":"binary-expr","locations":[{"start":{"line":340,"column":27},"end":{"line":340,"column":74}},{"start":{"line":340,"column":78},"end":{"line":340,"column":85}}]},"48":{"loc":{"start":{"line":343,"column":30},"end":{"line":343,"column":85}},"type":"binary-expr","locations":[{"start":{"line":343,"column":30},"end":{"line":343,"column":77}},{"start":{"line":343,"column":81},"end":{"line":343,"column":85}}]},"49":{"loc":{"start":{"line":344,"column":27},"end":{"line":344,"column":91}},"type":"binary-expr","locations":[{"start":{"line":344,"column":27},"end":{"line":344,"column":80}},{"start":{"line":344,"column":84},"end":{"line":344,"column":91}}]},"50":{"loc":{"start":{"line":347,"column":30},"end":{"line":347,"column":80}},"type":"binary-expr","locations":[{"start":{"line":347,"column":30},"end":{"line":347,"column":72}},{"start":{"line":347,"column":76},"end":{"line":347,"column":80}}]},"51":{"loc":{"start":{"line":348,"column":27},"end":{"line":348,"column":86}},"type":"binary-expr","locations":[{"start":{"line":348,"column":27},"end":{"line":348,"column":75}},{"start":{"line":348,"column":79},"end":{"line":348,"column":86}}]},"52":{"loc":{"start":{"line":351,"column":30},"end":{"line":351,"column":77}},"type":"binary-expr","locations":[{"start":{"line":351,"column":30},"end":{"line":351,"column":69}},{"start":{"line":351,"column":73},"end":{"line":351,"column":77}}]},"53":{"loc":{"start":{"line":352,"column":27},"end":{"line":352,"column":83}},"type":"binary-expr","locations":[{"start":{"line":352,"column":27},"end":{"line":352,"column":72}},{"start":{"line":352,"column":76},"end":{"line":352,"column":83}}]},"54":{"loc":{"start":{"line":355,"column":30},"end":{"line":355,"column":77}},"type":"binary-expr","locations":[{"start":{"line":355,"column":30},"end":{"line":355,"column":69}},{"start":{"line":355,"column":73},"end":{"line":355,"column":77}}]},"55":{"loc":{"start":{"line":356,"column":27},"end":{"line":356,"column":83}},"type":"binary-expr","locations":[{"start":{"line":356,"column":27},"end":{"line":356,"column":72}},{"start":{"line":356,"column":76},"end":{"line":356,"column":83}}]},"56":{"loc":{"start":{"line":359,"column":30},"end":{"line":359,"column":80}},"type":"binary-expr","locations":[{"start":{"line":359,"column":30},"end":{"line":359,"column":72}},{"start":{"line":359,"column":76},"end":{"line":359,"column":80}}]},"57":{"loc":{"start":{"line":360,"column":27},"end":{"line":360,"column":86}},"type":"binary-expr","locations":[{"start":{"line":360,"column":27},"end":{"line":360,"column":75}},{"start":{"line":360,"column":79},"end":{"line":360,"column":86}}]},"58":{"loc":{"start":{"line":363,"column":30},"end":{"line":363,"column":82}},"type":"binary-expr","locations":[{"start":{"line":363,"column":30},"end":{"line":363,"column":74}},{"start":{"line":363,"column":78},"end":{"line":363,"column":82}}]},"59":{"loc":{"start":{"line":364,"column":27},"end":{"line":364,"column":88}},"type":"binary-expr","locations":[{"start":{"line":364,"column":27},"end":{"line":364,"column":77}},{"start":{"line":364,"column":81},"end":{"line":364,"column":88}}]},"60":{"loc":{"start":{"line":367,"column":30},"end":{"line":367,"column":75}},"type":"binary-expr","locations":[{"start":{"line":367,"column":30},"end":{"line":367,"column":67}},{"start":{"line":367,"column":71},"end":{"line":367,"column":75}}]},"61":{"loc":{"start":{"line":368,"column":27},"end":{"line":368,"column":81}},"type":"binary-expr","locations":[{"start":{"line":368,"column":27},"end":{"line":368,"column":70}},{"start":{"line":368,"column":74},"end":{"line":368,"column":81}}]},"62":{"loc":{"start":{"line":371,"column":30},"end":{"line":371,"column":78}},"type":"binary-expr","locations":[{"start":{"line":371,"column":30},"end":{"line":371,"column":70}},{"start":{"line":371,"column":74},"end":{"line":371,"column":78}}]},"63":{"loc":{"start":{"line":372,"column":27},"end":{"line":372,"column":84}},"type":"binary-expr","locations":[{"start":{"line":372,"column":27},"end":{"line":372,"column":73}},{"start":{"line":372,"column":77},"end":{"line":372,"column":84}}]},"64":{"loc":{"start":{"line":375,"column":30},"end":{"line":375,"column":75}},"type":"binary-expr","locations":[{"start":{"line":375,"column":30},"end":{"line":375,"column":67}},{"start":{"line":375,"column":71},"end":{"line":375,"column":75}}]},"65":{"loc":{"start":{"line":376,"column":27},"end":{"line":376,"column":81}},"type":"binary-expr","locations":[{"start":{"line":376,"column":27},"end":{"line":376,"column":70}},{"start":{"line":376,"column":74},"end":{"line":376,"column":81}}]},"66":{"loc":{"start":{"line":379,"column":30},"end":{"line":379,"column":76}},"type":"binary-expr","locations":[{"start":{"line":379,"column":30},"end":{"line":379,"column":68}},{"start":{"line":379,"column":72},"end":{"line":379,"column":76}}]},"67":{"loc":{"start":{"line":380,"column":27},"end":{"line":380,"column":82}},"type":"binary-expr","locations":[{"start":{"line":380,"column":27},"end":{"line":380,"column":71}},{"start":{"line":380,"column":75},"end":{"line":380,"column":82}}]},"68":{"loc":{"start":{"line":383,"column":30},"end":{"line":383,"column":86}},"type":"binary-expr","locations":[{"start":{"line":383,"column":30},"end":{"line":383,"column":78}},{"start":{"line":383,"column":82},"end":{"line":383,"column":86}}]},"69":{"loc":{"start":{"line":384,"column":27},"end":{"line":384,"column":92}},"type":"binary-expr","locations":[{"start":{"line":384,"column":27},"end":{"line":384,"column":81}},{"start":{"line":384,"column":85},"end":{"line":384,"column":92}}]},"70":{"loc":{"start":{"line":387,"column":30},"end":{"line":387,"column":78}},"type":"binary-expr","locations":[{"start":{"line":387,"column":30},"end":{"line":387,"column":70}},{"start":{"line":387,"column":74},"end":{"line":387,"column":78}}]},"71":{"loc":{"start":{"line":388,"column":27},"end":{"line":388,"column":84}},"type":"binary-expr","locations":[{"start":{"line":388,"column":27},"end":{"line":388,"column":73}},{"start":{"line":388,"column":77},"end":{"line":388,"column":84}}]},"72":{"loc":{"start":{"line":395,"column":17},"end":{"line":395,"column":77}},"type":"binary-expr","locations":[{"start":{"line":395,"column":17},"end":{"line":395,"column":49}},{"start":{"line":395,"column":53},"end":{"line":395,"column":77}}]},"73":{"loc":{"start":{"line":396,"column":20},"end":{"line":396,"column":66}},"type":"binary-expr","locations":[{"start":{"line":396,"column":20},"end":{"line":396,"column":55}},{"start":{"line":396,"column":59},"end":{"line":396,"column":66}}]},"74":{"loc":{"start":{"line":397,"column":15},"end":{"line":397,"column":55}},"type":"binary-expr","locations":[{"start":{"line":397,"column":15},"end":{"line":397,"column":43}},{"start":{"line":397,"column":47},"end":{"line":397,"column":55}}]},"75":{"loc":{"start":{"line":398,"column":27},"end":{"line":398,"column":67}},"type":"binary-expr","locations":[{"start":{"line":398,"column":27},"end":{"line":398,"column":58}},{"start":{"line":398,"column":62},"end":{"line":398,"column":67}}]},"76":{"loc":{"start":{"line":403,"column":22},"end":{"line":405,"column":33}},"type":"cond-expr","locations":[{"start":{"line":404,"column":8},"end":{"line":404,"column":76}},{"start":{"line":405,"column":8},"end":{"line":405,"column":33}}]},"77":{"loc":{"start":{"line":410,"column":22},"end":{"line":410,"column":69}},"type":"binary-expr","locations":[{"start":{"line":410,"column":22},"end":{"line":410,"column":59}},{"start":{"line":410,"column":63},"end":{"line":410,"column":69}}]},"78":{"loc":{"start":{"line":417,"column":17},"end":{"line":417,"column":69}},"type":"binary-expr","locations":[{"start":{"line":417,"column":17},"end":{"line":417,"column":54}},{"start":{"line":417,"column":58},"end":{"line":417,"column":69}}]},"79":{"loc":{"start":{"line":423,"column":14},"end":{"line":423,"column":59}},"type":"binary-expr","locations":[{"start":{"line":423,"column":14},"end":{"line":423,"column":48}},{"start":{"line":423,"column":52},"end":{"line":423,"column":59}}]},"80":{"loc":{"start":{"line":429,"column":16},"end":{"line":429,"column":63}},"type":"binary-expr","locations":[{"start":{"line":429,"column":16},"end":{"line":429,"column":52}},{"start":{"line":429,"column":56},"end":{"line":429,"column":63}}]},"81":{"loc":{"start":{"line":435,"column":13},"end":{"line":435,"column":56}},"type":"binary-expr","locations":[{"start":{"line":435,"column":13},"end":{"line":435,"column":46}},{"start":{"line":435,"column":50},"end":{"line":435,"column":56}}]},"82":{"loc":{"start":{"line":442,"column":15},"end":{"line":448,"column":17}},"type":"cond-expr","locations":[{"start":{"line":443,"column":8},"end":{"line":447,"column":null}},{"start":{"line":448,"column":8},"end":{"line":448,"column":17}}]},"83":{"loc":{"start":{"line":444,"column":18},"end":{"line":444,"column":53}},"type":"binary-expr","locations":[{"start":{"line":444,"column":18},"end":{"line":444,"column":47}},{"start":{"line":444,"column":51},"end":{"line":444,"column":53}}]},"84":{"loc":{"start":{"line":445,"column":21},"end":{"line":445,"column":59}},"type":"binary-expr","locations":[{"start":{"line":445,"column":21},"end":{"line":445,"column":53}},{"start":{"line":445,"column":57},"end":{"line":445,"column":59}}]},"85":{"loc":{"start":{"line":446,"column":26},"end":{"line":446,"column":69}},"type":"binary-expr","locations":[{"start":{"line":446,"column":26},"end":{"line":446,"column":63}},{"start":{"line":446,"column":67},"end":{"line":446,"column":69}}]},"86":{"loc":{"start":{"line":449,"column":11},"end":{"line":456,"column":17}},"type":"cond-expr","locations":[{"start":{"line":450,"column":8},"end":{"line":455,"column":null}},{"start":{"line":456,"column":8},"end":{"line":456,"column":17}}]},"87":{"loc":{"start":{"line":451,"column":22},"end":{"line":451,"column":57}},"type":"binary-expr","locations":[{"start":{"line":451,"column":22},"end":{"line":451,"column":51}},{"start":{"line":451,"column":55},"end":{"line":451,"column":57}}]},"88":{"loc":{"start":{"line":452,"column":19},"end":{"line":452,"column":57}},"type":"binary-expr","locations":[{"start":{"line":452,"column":19},"end":{"line":452,"column":44}},{"start":{"line":452,"column":48},"end":{"line":452,"column":57}}]},"89":{"loc":{"start":{"line":453,"column":20},"end":{"line":453,"column":76}},"type":"binary-expr","locations":[{"start":{"line":453,"column":20},"end":{"line":453,"column":46}},{"start":{"line":453,"column":50},"end":{"line":453,"column":76}}]},"90":{"loc":{"start":{"line":454,"column":21},"end":{"line":454,"column":64}},"type":"binary-expr","locations":[{"start":{"line":454,"column":21},"end":{"line":454,"column":49}},{"start":{"line":454,"column":53},"end":{"line":454,"column":64}}]},"91":{"loc":{"start":{"line":458,"column":34},"end":{"line":458,"column":79}},"type":"binary-expr","locations":[{"start":{"line":458,"column":34},"end":{"line":458,"column":71}},{"start":{"line":458,"column":75},"end":{"line":458,"column":79}}]},"92":{"loc":{"start":{"line":459,"column":35},"end":{"line":459,"column":81}},"type":"binary-expr","locations":[{"start":{"line":459,"column":35},"end":{"line":459,"column":73}},{"start":{"line":459,"column":77},"end":{"line":459,"column":81}}]},"93":{"loc":{"start":{"line":460,"column":37},"end":{"line":460,"column":85}},"type":"binary-expr","locations":[{"start":{"line":460,"column":37},"end":{"line":460,"column":77}},{"start":{"line":460,"column":81},"end":{"line":460,"column":85}}]},"94":{"loc":{"start":{"line":461,"column":38},"end":{"line":461,"column":87}},"type":"binary-expr","locations":[{"start":{"line":461,"column":38},"end":{"line":461,"column":79}},{"start":{"line":461,"column":83},"end":{"line":461,"column":87}}]},"95":{"loc":{"start":{"line":463,"column":8},"end":{"line":463,"column":64}},"type":"binary-expr","locations":[{"start":{"line":463,"column":8},"end":{"line":463,"c
[...]
":{"line":35,"column":4},"end":{"line":39,"column":5}},{"start":{"line":37,"column":11},"end":{"line":39,"column":5}}]},"1":{"loc":{"start":{"line":42,"column":2},"end":{"line":79,"column":3}},"type":"if","locations":[{"start":{"line":42,"column":2},"end":{"line":79,"column":3}},{"start":{},"end":{}}]},"2":{"loc":{"start":{"line":52,"column":6},"end":{"line":59,"column":7}},"type":"if","locations":[{"start":{"line":52,"column":6},"end":{"line":59,"column":7}},{"start":{},"end":{}}]},"3":{"loc":{"start":{"line":54,"column":8},"end":{"line":58,"column":9}},"type":"if","locations":[{"start":{"line":54,"column":8},"end":{"line":58,"column":9}},{"start":{},"end":{}}]},"4":{"loc":{"start":{"line":54,"column":12},"end":{"line":54,"column":51}},"type":"binary-expr","locations":[{"start":{"line":54,"column":12},"end":{"line":54,"column":31}},{"start":{"line":54,"column":35},"end":{"line":54,"column":51}}]},"5":{"loc":{"start":{"line":63,"column":6},"end":{"line":77,"column":7}},"type":"if","locations":[{"start":{"line":63,"column":6},"end":{"line":77,"column":7}},{"start":{},"end":{}}]},"6":{"loc":{"start":{"line":92,"column":2},"end":{"line":94,"column":3}},"type":"if","locations":[{"start":{"line":92,"column":2},"end":{"line":94,"column":3}},{"start":{},"end":{}}]},"7":{"loc":{"start":{"line":104,"column":2},"end":{"line":111,"column":3}},"type":"if","locations":[{"start":{"line":104,"column":2},"end":{"line":111,"column":3}},{"start":{},"end":{}}]},"8":{"loc":{"start":{"line":104,"column":6},"end":{"line":104,"column":44}},"type":"binary-expr","locations":[{"start":{"line":104,"column":6},"end":{"line":104,"column":24}},{"start":{"line":104,"column":28},"end":{"line":104,"column":44}}]},"9":{"loc":{"start":{"line":106,"column":4},"end":{"line":110,"column":5}},"type":"if","locations":[{"start":{"line":106,"column":4},"end":{"line":110,"column":5}},{"start":{},"end":{}}]},"10":{"loc":{"start":{"line":106,"column":8},"end":{"line":106,"column":47}},"type":"binary-expr","locations":[{"start":{"line":106,"column":8},"end":{"line":106,"column":27}},{"start":{"line":106,"column":31},"end":{"line":106,"column":47}}]}},"s":{"0":3,"1":3,"2":3,"3":3,"4":3,"5":4,"6":4,"7":4,"8":4,"9":3,"10":3,"11":1,"12":2,"13":4,"14":2,"15":2,"16":2,"17":2,"18":2,"19":2,"20":2,"21":1,"22":1,"23":1,"24":2,"25":2,"26":1,"27":1,"28":4,"29":3,"30":3,"31":3,"32":1,"33":2,"34":2,"35":1,"36":1,"37":1,"38":1,"39":1,"40":1,"41":1,"42":1,"43":6,"44":6},"f":{"0":4,"1":2,"2":3,"3":6},"b":{"0":[1,2],"1":[2,2],"2":[2,0],"3":[1,1],"4":[2,1],"5":[1,1],"6":[1,2],"7":[1,1],"8":[2,1],"9":[1,0],"10":[1,1]}}
,"/home/alex/armored-archer/backend/src/utils/rateLimiter.ts": {"path":"/home/alex/armored-archer/backend/src/utils/rateLimiter.ts","statementMap":{"0":{"start":{"line":7,"column":0},"end":{"line":7,"column":16}},"1":{"start":{"line":53,"column":0},"end":{"line":53,"column":16}},"2":{"start":{"line":57,"column":0},"end":{"line":57,"column":16}},"3":{"start":{"line":61,"column":0},"end":{"line":61,"column":16}},"4":{"start":{"line":98,"column":0},"end":{"line":98,"column":16}},"5":{"start":{"line":109,"column":0},"end":{"line":109,"column":16}},"6":{"start":{"line":114,"column":0},"end":{"line":114,"column":16}},"7":{"start":{"line":131,"column":0},"end":{"line":131,"column":16}},"8":{"start":{"line":156,"column":0},"end":{"line":156,"column":16}},"9":{"start":{"line":1,"column":0},"end":{"line":1,"column":42}},"10":{"start":{"line":4,"column":59},"end":{"line":4,"column":67}},"11":{"start":{"line":5,"column":54},"end":{"line":5,"column":62}},"12":{"start":{"line":11,"column":2},"end":{"line":11,"column":45}},"13":{"start":{"line":12,"column":2},"end":{"line":12,"column":39}},"14":{"start":{"line":37,"column":23},"end":{"line":37,"column":56}},"15":{"start":{"line":39,"column":39},"end":{"line":42,"column":2}},"16":{"start":{"line":44,"column":54},"end":{"line":44,"column":63}},"17":{"start":{"line":46,"column":2},"end":{"line":46,"column":33}},"18":{"start":{"line":50,"column":2},"end":{"line":50,"column":31}},"19":{"start":{"line":54,"column":2},"end":{"line":54,"column":40}},"20":{"start":{"line":58,"column":2},"end":{"line":58,"column":56}},"21":{"start":{"line":62,"column":17},"end":{"line":62,"column":47}},"22":{"start":{"line":63,"column":14},"end":{"line":63,"column":38}},"23":{"start":{"line":64,"column":14},"end":{"line":64,"column":24}},"24":{"start":{"line":66,"column":14},"end":{"line":66,"column":37}},"25":{"start":{"line":68,"column":2},"end":{"line":74,"column":3}},"26":{"start":{"line":69,"column":4},"end":{"line":72,"column":6}},"27":{"start":{"line":73,"column":4},"end":{"line":73,"column":35}},"28":{"start":{"line":76,"column":20},"end":{"line":76,"column":65}},"29":{"start":{"line":78,"column":2},"end":{"line":87,"column":3}},"30":{"start":{"line":79,"column":23},"end":{"line":79,"column":64}},"31":{"start":{"line":81,"column":4},"end":{"line":86,"column":6}},"32":{"start":{"line":89,"column":2},"end":{"line":89,"column":16}},"33":{"start":{"line":91,"column":2},"end":{"line":95,"column":4}},"34":{"start":{"line":99,"column":2},"end":{"line":104,"column":5}},"35":{"start":{"line":106,"column":2},"end":{"line":106,"column":37}},"36":{"start":{"line":110,"column":14},"end":{"line":110,"column":38}},"37":{"start":{"line":111,"column":2},"end":{"line":111,"column":29}},"38":{"start":{"line":115,"column":14},"end":{"line":115,"column":24}},"39":{"start":{"line":116,"column":36},"end":{"line":116,"column":38}},"40":{"start":{"line":118,"column":2},"end":{"line":122,"column":5}},"41":{"start":{"line":119,"column":4},"end":{"line":121,"column":5}},"42":{"start":{"line":120,"column":6},"end":{"line":120,"column":32}},"43":{"start":{"line":124,"column":2},"end":{"line":124,"column":63}},"44":{"start":{"line":124,"column":35},"end":{"line":124,"column":61}},"45":{"start":{"line":126,"column":2},"end":{"line":126,"column":46}},"46":{"start":{"line":129,"column":0},"end":{"line":129,"column":42}},"47":{"start":{"line":135,"column":24},"end":{"line":135,"column":54}},"48":{"start":{"line":137,"column":2},"end":{"line":145,"column":5}},"49":{"start":{"line":138,"column":25},"end":{"line":138,"column":39}},"50":{"start":{"line":139,"column":19},"end":{"line":139,"column":36}},"51":{"start":{"line":141,"column":4},"end":{"line":143,"column":5}},"52":{"start":{"line":142,"column":6},"end":{"line":142,"column":45}},"53":{"start":{"line":144,"column":4},"end":{"line":144,"column":45}},"54":{"start":{"line":147,"column":2},"end":{"line":153,"column":4}},"55":{"start":{"line":149,"column":79},"end":{"line":152,"column":6}},"56":{"start":{"line":170,"column":2},"end":{"line":195,"column":4}},"57":{"start":{"line":176,"column":19},"end":{"line":176,"column":44}},"58":{"start":{"line":178,"column":28},"end":{"line":178,"column":60}},"59":{"start":{"line":180,"column":4},"end":{"line":192,"column":5}},"60":{"start":{"line":181,"column":6},"end":{"line":181,"column":79}},"61":{"start":{"line":183,"column":6},"end":{"line":191,"column":9}},"62":{"start":{"line":194,"column":4},"end":{"line":194,"column":50}}},"fnMap":{"0":{"name":"(anonymous_0)","decl":{"start":{"line":4,"column":59},"end":{"line":4,"column":62}},"loc":{"start":{"line":4,"column":64},"end":{"line":4,"column":67}}},"1":{"name":"(anonymous_1)","decl":{"start":{"line":5,"column":54},"end":{"line":5,"column":57}},"loc":{"start":{"line":5,"column":59},"end":{"line":5,"column":62}}},"2":{"name":"setMetricsCallbacks","decl":{"start":{"line":7,"column":16},"end":{"line":7,"column":35}},"loc":{"start":{"line":9,"column":38},"end":{"line":13,"column":1}}},"3":{"name":"getKey","decl":{"start":{"line":45,"column":9},"end":{"line":45,"column":15}},"loc":{"start":{"line":45,"column":48},"end":{"line":47,"column":1}}},"4":{"name":"getCurrentWindowResetTime","decl":{"start":{"line":49,"column":9},"end":{"line":49,"column":34}},"loc":{"start":{"line":49,"column":51},"end":{"line":51,"column":1}}},"5":{"name":"setEndpointRateLimit","decl":{"start":{"line":53,"column":16},"end":{"line":53,"column":36}},"loc":{"start":{"line":53,"column":78},"end":{"line":55,"column":1}}},"6":{"name":"getEndpointRateLimit","decl":{"start":{"line":57,"column":16},"end":{"line":57,"column":36}},"loc":{"start":{"line":57,"column":53},"end":{"line":59,"column":1}}},"7":{"name":"checkRateLimit","decl":{"start":{"line":61,"column":16},"end":{"line":61,"column":30}},"loc":{"start":{"line":61,"column":63},"end":{"line":96,"column":1}}},"8":{"name":"logRateLimitViolation","decl":{"start":{"line":98,"column":16},"end":{"line":98,"column":37}},"loc":{"start":{"line":98,"column":90},"end":{"line":107,"column":1}}},"9":{"name":"resetUserRateLimit","decl":{"start":{"line":109,"column":16},"end":{"line":109,"column":34}},"loc":{"start":{"line":109,"column":67},"end":{"line":112,"column":1}}},"10":{"name":"cleanupExpiredEntries","decl":{"start":{"line":114,"column":16},"end":{"line":114,"column":37}},"loc":{"start":{"line":114,"column":37},"end":{"line":127,"column":1}}},"11":{"name":"(anonymous_11)","decl":{"start":{"line":118,"column":25},"end":{"line":118,"column":26}},"loc":{"start":{"line":118,"column":40},"end":{"line":122,"column":3}}},"12":{"name":"(anonymous_12)","decl":{"start":{"line":124,"column":26},"end":{"line":124,"column":27}},"loc":{"start":{"line":124,"column":35},"end":{"line":124,"column":61}}},"13":{"name":"getRateLimitStats","decl":{"start":{"line":131,"column":16},"end":{"line":131,"column":33}},"loc":{"start":{"line":131,"column":33},"end":{"line":154,"column":1}}},"14":{"name":"(anonymous_14)","decl":{"start":{"line":137,"column":25},"end":{"line":137,"column":26}},"loc":{"start":{"line":137,"column":36},"end":{"line":145,"column":3}}},"15":{"name":"(anonymous_15)","decl":{"start":{"line":149,"column":55},"end":{"line":149,"column":56}},"loc":{"start":{"line":149,"column":79},"end":{"line":152,"column":6}}},"16":{"name":"createRateLimitedRpcHandler","decl":{"start":{"line":156,"column":16},"end":{"line":156,"column":43}},"loc":{"start":{"line":163,"column":31},"end":{"line":196,"column":1}}},"17":{"name":"(anonymous_17)","decl":{"start":{"line":170,"column":9},"end":{"line":170,"column":14}},"loc":{"start":{"line":174,"column":19},"end":{"line":195,"column":3}}}},"branchMap":{"0":{"loc":{"start":{"line":58,"column":9},"end":{"line":58,"column":55}},"type":"binary-expr","locations":[{"start":{"line":58,"column":9},"end":{"line":58,"column":38}},{"start":{"line":58,"column":42},"end":{"line":58,"column":55}}]},"1":{"loc":{"start":{"line":68,"column":2},"end":{"line":74,"column":3}},"type":"if","locations":[{"start":{"line":68,"column":2},"end":{"line":74,"column":3}},{"start":{},"end":{}}]},"2":{"loc":{"start":{"line":68,"column":6},"end":{"line":68,"column":38}},"type":"binary-expr","locations":[{"start":{"line":68,"column":6},"end":{"line":68,"column":12}},{"start":{"line":68,"column":16},"end":{"line":68,"column":38}}]},"3":{"loc":{"start":{"line":78,"column":2},"end":{"line":87,"column":3}},"type":"if","locations":[{"start":{"line":78,"column":2},"end":{"line":87,"column":3}},{"start":{},"end":{}}]},"4":{"loc":{"start":{"line":119,"column":4},"end":{"line":121,"column":5}},"type":"if","locations":[{"start":{"line":119,"column":4},"end":{"line":121,"column":5}},{"start":{},"end":{}}]},"5":{"loc":{"start":{"line":141,"column":4},"end":{"line":143,"column":5}},"type":"if","locations":[{"start":{"line":141,"column":4},"end":{"line":143,"column":5}},{"start":{},"end":{}}]},"6":{"loc":{"start":{"line":176,"column":19},"end":{"line":176,"column":44}},"type":"binary-expr","locations":[{"start":{"line":176,"column":19},"end":{"line":176,"column":29}},{"start":{"line":176,"column":33},"end":{"line":176,"column":44}}]},"7":{"loc":{"start":{"line":180,"column":4},"end":{"line":192,"column":5}},"type":"if","locations":[{"start":{"line":180,"column":4},"end":{"line":192,"column":5}},{"start":{},"end":{}}]},"8":{"loc":{"start":{"line":181,"column":46},"end":{"line":181,"column":77}},"type":"binary-expr","locations":[{"start":{"line":181,"column":46},"end":{"line":181,"column":72}},{"start":{"line":181,"column":76},"end":{"line":181,"column":77}}]}},"s":{"0":5,"1":5,"2":5,"3":5,"4":5,"5":5,"6":5,"7":5,"8":5,"9":5,"10":5,"11":5,"12":4,"13":4,"14":5,"15":5,"16":5,"17":20,"18":6,"19":4,"20":15,"21":15,"22":15,"23":15,"24":15,"25":15,"26":6,"27":6,"28":15,"29":15,"30":2,"31":2,"32":13,"33":13,"34":0,"35":0,"36":5,"37":5,"38":0,"39":0,"40":0,"41":0,"42":0,"43":0,"44":0,"45":0,"46":5,"47":1,"48":1,"49":2,"50":2,"51":2,"52":1,"53":2,"54":1,"55":1,"56":0,"57":0,"58":0,"59":0,"60":0,"61":0,"62":0},"f":{"0":0,"1":0,"2":4,"3":20,"4":6,"5":4,"6":15,"7":15,"8":0,"9":5,"10":0,"11":0,"12":0,"13":1,"14":2,"15":1,"16":0,"17":0},"b":{"0":[15,0],"1":[6,9],"2":[15,9],"3":[2,13],"4":[0,0],"5":[1,1],"6":[0,0],"7":[0,0],"8":[0,0]}}
,"/home/alex/armored-archer/backend/src/utils/rpcWrapper.ts": {"path":"/home/alex/armored-archer/backend/src/utils/rpcWrapper.ts","statementMap":{"0":{"start":{"line":16,"column":0},"end":{"line":16,"column":16}},"1":{"start":{"line":79,"column":0},"end":{"line":79,"column":16}},"2":{"start":{"line":89,"column":0},"end":{"line":89,"column":16}},"3":{"start":{"line":1,"column":0},"end":{"line":1,"column":89}},"4":{"start":{"line":17,"column":2},"end":{"line":72,"column":4}},"5":{"start":{"line":23,"column":22},"end":{"line":23,"column":32}},"6":{"start":{"line":24,"column":22},"end":{"line":24,"column":41}},"7":{"start":{"line":26,"column":4},"end":{"line":71,"column":5}},"8":{"start":{"line":27,"column":35},"end":{"line":27,"column":44}},"9":{"start":{"line":29,"column":6},"end":{"line":47,"column":7}},"10":{"start":{"line":30,"column":8},"end":{"line":46,"column":9}},"11":{"start":{"line":31,"column":10},"end":{"line":31,"column":46}},"12":{"start":{"line":32,"column":10},"end":{"line":34,"column":11}},"13":{"start":{"line":33,"column":12},"end":{"line":33,"column":47}},"14":{"start":{"line":36,"column":24},"end":{"line":36,"column":43}},"15":{"start":{"line":37,"column":10},"end":{"line":37,"column":90}},"16":{"start":{"line":38,"column":10},"end":{"line":38,"column":68}},"17":{"start":{"line":39,"column":10},"end":{"line":45,"column":13}},"18":{"start":{"line":49,"column":6},"end":{"line":49,"column":70}},"19":{"start":{"line":51,"column":21},"end":{"line":51,"column":59}},"20":{"start":{"line":53,"column":25},"end":{"line":53,"column":47}},"21":{"start":{"line":54,"column":6},"end":{"line":54,"column":66}},"22":{"start":{"line":56,"column":6},"end":{"line":56,"column":20}},"23":{"start":{"line":58,"column":25},"end":{"line":58,"column":47}},"24":{"start":{"line":59,"column":18},"end":{"line":59,"column":32}},"25":{"start":{"line":61,"column":6},"end":{"line":61,"column":72}},"26":{"start":{"line":62,"column":6},"end":{"line":62,"column":62}},"27":{"start":{"line":64,"column":6},"end":{"line":70,"column":9}},"28":{"start":{"line":76,"column":2},"end":{"line":76,"column":72}},"29":{"start":{"line":80,"column":2},"end":{"line":86,"column":5}},"30":{"start":{"line":90,"column":2},"end":{"line":93,"column":5}}},"fnMap":{"0":{"name":"wrapRpc","decl":{"start":{"line":16,"column":16},"end":{"line":16,"column":23}},"loc":{"start":{"line":16,"column":71},"end":{"line":73,"column":1}}},"1":{"name":"(anonymous_1)","decl":{"start":{"line":17,"column":9},"end":{"line":17,"column":null}},"loc":{"start":{"line":22,"column":14},"end":{"line":72,"column":3}}},"2":{"name":"generateRequestId","decl":{"start":{"line":75,"column":9},"end":{"line":75,"column":26}},"loc":{"start":{"line":75,"column":26},"end":{"line":77,"column":1}}},"3":{"name":"createErrorResponse","decl":{"start":{"line":79,"column":16},"end":{"line":79,"column":35}},"loc":{"start":{"line":79,"column":65},"end":{"line":87,"column":1}}},"4":{"name":"createSuccessResponse","decl":{"start":{"line":89,"column":16},"end":{"line":89,"column":37}},"loc":{"start":{"line":89,"column":51},"end":{"line":94,"column":1}}}},"branchMap":{"0":{"loc":{"start":{"line":29,"column":6},"end":{"line":47,"column":7}},"type":"if","locations":[{"start":{"line":29,"column":6},"end":{"line":47,"column":7}},{"start":{},"end":{}}]},"1":{"loc":{"start":{"line":32,"column":10},"end":{"line":34,"column":11}},"type":"if","locations":[{"start":{"line":32,"column":10},"end":{"line":34,"column":11}},{"start":{},"end":{}}]},"2":{"loc":{"start":{"line":32,"column":14},"end":{"line":32,"column":80}},"type":"binary-expr","locations":[{"start":{"line":32,"column":14},"end":{"line":32,"column":37}},{"start":{"line":32,"column":41},"end":{"line":32,"column":80}}]},"3":{"loc":{"start":{"line":68,"column":19},"end":{"line":68,"column":64}},"type":"binary-expr","locations":[{"start":{"line":68,"column":19},"end":{"line":68,"column":30}},{"start":{"line":68,"column":34},"end":{"line":68,"column":64}}]}},"s":{"0":1,"1":1,"2":1,"3":1,"4":6,"5":6,"6":6,"7":6,"8":6,"9":6,"10":5,"11":5,"12":4,"13":1,"14":2,"15":2,"16":2,"17":2,"18":4,"19":4,"20":3,"21":3,"22":3,"23":1,"24":1,"25":1,"26":1,"27":1,"28":6,"29":1,"30":2},"f":{"0":6,"1":6,"2":6,"3":1,"4":2},"b":{"0":[5,1],"1":[1,3],"2":[4,1],"3":[1,0]}}
,"/home/alex/armored-archer/backend/src/utils/safeParse.ts": {"path":"/home/alex/armored-archer/backend/src/utils/safeParse.ts","statementMap":{"0":{"start":{"line":8,"column":0},"end":{"line":8,"column":16}},"1":{"start":{"line":28,"column":0},"end":{"line":28,"column":16}},"2":{"start":{"line":46,"column":0},"end":{"line":46,"column":16}},"3":{"start":{"line":14,"column":2},"end":{"line":25,"column":3}},"4":{"start":{"line":15,"column":4},"end":{"line":17,"column":5}},"5":{"start":{"line":16,"column":6},"end":{"line":16,"column":32}},"6":{"start":{"line":18,"column":17},"end":{"line":18,"column":44}},"7":{"start":{"line":19,"column":4},"end":{"line":19,"column":35}},"8":{"start":{"line":21,"column":4},"end":{"line":23,"column":5}},"9":{"start":{"line":22,"column":6},"end":{"line":22,"column":72}},"10":{"start":{"line":24,"column":4},"end":{"line":24,"column":30}},"11":{"start":{"line":33,"column":2},"end":{"line":43,"column":3}},"12":{"start":{"line":34,"column":4},"end":{"line":36,"column":5}},"13":{"start":{"line":35,"column":6},"end":{"line":35,"column":18}},"14":{"start":{"line":37,"column":4},"end":{"line":37,"column":36}},"15":{"start":{"line":39,"column":4},"end":{"line":41,"column":5}},"16":{"start":{"line":40,"column":6},"end":{"line":40,"column":80}},"17":{"start":{"line":42,"column":4},"end":{"line":42,"column":16}},"18":{"start":{"line":47,"column":2},"end":{"line":50,"column":5}}},"fnMap":{"0":{"name":"safeParse","decl":{"start":{"line":8,"column":16},"end":{"line":8,"column":25}},"loc":{"start":{"line":12,"column":19},"end":{"line":26,"column":1}}},"1":{"name":"safeParsePayload","decl":{"start":{"line":28,"column":16},"end":{"line":28,"column":32}},"loc":{"start":{"line":31,"column":19},"end":{"line":44,"column":1}}},"2":{"name":"createErrorResponse","decl":{"start":{"line":46,"column":16},"end":{"line":46,"column":35}},"loc":{"start":{"line":46,"column":65},"end":{"line":51,"column":1}}}},"branchMap":{"0":{"loc":{"start":{"line":15,"column":4},"end":{"line":17,"column":5}},"type":"if","locations":[{"start":{"line":15,"column":4},"end":{"line":17,"column":5}},{"start":{},"end":{}}]},"1":{"loc":{"start":{"line":21,"column":4},"end":{"line":23,"column":5}},"type":"if","locations":[{"start":{"line":21,"column":4},"end":{"line":23,"column":5}},{"start":{},"end":{}}]},"2":{"loc":{"start":{"line":34,"column":4},"end":{"line":36,"column":5}},"type":"if","locations":[{"start":{"line":34,"column":4},"end":{"line":36,"column":5}},{"start":{},"end":{}}]},"3":{"loc":{"start":{"line":39,"column":4},"end":{"line":41,"column":5}},"type":"if","locations":[{"start":{"line":39,"column":4},"end":{"line":41,"column":5}},{"start":{},"end":{}}]}},"s":{"0":5,"1":5,"2":5,"3":20,"4":20,"5":0,"6":20,"7":19,"8":1,"9":1,"10":1,"11":3,"12":3,"13":1,"14":2,"15":1,"16":1,"17":1,"18":1},"f":{"0":20,"1":3,"2":1},"b":{"0":[0,20],"1":[1,0],"2":[1,2],"3":[1,0]}}
}
