{"/home/alex/armored-archer/backend/src/config.ts": {"path":"/home/alex/armored-archer/backend/src/config.ts","statementMap":{"0":{"start":{"line":1,"column":0},"end":{"line":1,"column":9}},"1":{"start":{"line":1,"column":9},"end":{"line":1,"column":26}},"2":{"start":{"line":1,"column":28},"end":{"line":1,"column":52}},"3":{"start":{"line":1,"column":52},"end":{"line":1,"column":64}},"4":{"start":{"line":1,"column":64},"end":{"line":1,"column":105}}},"fnMap":{"0":{"name":"(anonymous_1)","decl":{"start":{"line":1,"column":9},"end":{"line":1,"column":16}},"loc":{"start":{"line":1,"column":9},"end":{"line":1,"column":26}}},"1":{"name":"(anonymous_2)","decl":{"start":{"line":1,"column":28},"end":{"line":1,"column":50}},"loc":{"start":{"line":1,"column":28},"end":{"line":1,"column":52}}},"2":{"name":"(anonymous_3)","decl":{"start":{"line":1,"column":52},"end":{"line":1,"column":62}},"loc":{"start":{"line":1,"column":52},"end":{"line":1,"column":64}}},"3":{"name":"(anonymous_4)","decl":{"start":{"line":1,"column":64},"end":{"line":1,"column":80}},"loc":{"start":{"line":1,"column":64},"end":{"line":1,"column":105}}}},"branchMap":{},"s":{"0":1,"1":4,"2":1,"3":1,"4":1},"f":{"0":3,"1":0,"2":0,"3":0},"b":{}}
,"/home/alex/armored-archer/backend/src/index.ts": {"path":"/home/alex/armored-archer/backend/src/index.ts","statementMap":{"0":{"start":{"line":2,"column":0},"end":{"line":2,"column":18}},"1":{"start":{"line":3,"column":0},"end":{"line":3,"column":58}},"2":{"start":{"line":4,"column":0},"end":{"line":4,"column":49}},"3":{"start":{"line":5,"column":0},"end":{"line":5,"column":62}},"4":{"start":{"line":6,"column":0},"end":{"line":6,"column":110}},"5":{"start":{"line":7,"column":0},"end":{"line":7,"column":null}},"6":{"start":{"line":13,"column":0},"end":{"line":13,"column":null}},"7":{"start":{"line":17,"column":0},"end":{"line":17,"column":null}},"8":{"start":{"line":25,"column":0},"end":{"line":25,"column":108}},"9":{"start":{"line":26,"column":0},"end":{"line":26,"column":null}},"10":{"start":{"line":33,"column":0},"end":{"line":33,"column":81}},"11":{"start":{"line":34,"column":0},"end":{"line":34,"column":58}},"12":{"start":{"line":35,"column":0},"end":{"line":35,"column":57}},"13":{"start":{"line":37,"column":31},"end":{"line":100,"column":1}},"14":{"start":{"line":38,"column":2},"end":{"line":38,"column":21}},"15":{"start":{"line":39,"column":2},"end":{"line":39,"column":58}},"16":{"start":{"line":41,"column":2},"end":{"line":41,"column":27}},"17":{"start":{"line":42,"column":2},"end":{"line":42,"column":32}},"18":{"start":{"line":44,"column":2},"end":{"line":52,"column":3}},"19":{"start":{"line":45,"column":4},"end":{"line":49,"column":7}},"20":{"start":{"line":51,"column":4},"end":{"line":51,"column":53}},"21":{"start":{"line":54,"column":2},"end":{"line":54,"column":53}},"22":{"start":{"line":56,"column":2},"end":{"line":56,"column":34}},"23":{"start":{"line":58,"column":2},"end":{"line":97,"column":3}},"24":{"start":{"line":59,"column":4},"end":{"line":59,"column":112}},"25":{"start":{"line":60,"column":4},"end":{"line":60,"column":123}},"26":{"start":{"line":61,"column":4},"end":{"line":61,"column":97}},"27":{"start":{"line":62,"column":4},"end":{"line":62,"column":118}},"28":{"start":{"line":63,"column":4},"end":{"line":63,"column":135}},"29":{"start":{"line":64,"column":4},"end":{"line":64,"column":120}},"30":{"start":{"line":65,"column":4},"end":{"line":65,"column":112}},"31":{"start":{"line":66,"column":4},"end":{"line":66,"column":112}},"32":{"start":{"line":67,"column":4},"end":{"line":67,"column":121}},"33":{"start":{"line":68,"column":4},"end":{"line":68,"column":127}},"34":{"start":{"line":69,"column":4},"end":{"line":69,"column":106}},"35":{"start":{"line":70,"column":4},"end":{"line":70,"column":115}},"36":{"start":{"line":71,"column":4},"end":{"line":71,"column":106}},"37":{"start":{"line":73,"column":4},"end":{"line":73,"column":40}},"38":{"start":{"line":74,"column":4},"end":{"line":74,"column":35}},"39":{"start":{"line":75,"column":4},"end":{"line":75,"column":42}},"40":{"start":{"line":76,"column":4},"end":{"line":76,"column":43}},"41":{"start":{"line":77,"column":4},"end":{"line":77,"column":40}},"42":{"start":{"line":78,"column":4},"end":{"line":78,"column":40}},"43":{"start":{"line":79,"column":4},"end":{"line":79,"column":40}},"44":{"start":{"line":80,"column":4},"end":{"line":80,"column":42}},"45":{"start":{"line":81,"column":4},"end":{"line":81,"column":47}},"46":{"start":{"line":82,"column":4},"end":{"line":82,"column":42}},"47":{"start":{"line":83,"column":4},"end":{"line":83,"column":42}},"48":{"start":{"line":84,"column":4},"end":{"line":84,"column":43}},"49":{"start":{"line":85,"column":4},"end":{"line":85,"column":39}},"50":{"start":{"line":86,"column":4},"end":{"line":86,"column":45}},"51":{"start":{"line":87,"column":4},"end":{"line":87,"column":47}},"52":{"start":{"line":88,"column":4},"end":{"line":88,"column":38}},"53":{"start":{"line":89,"column":4},"end":{"line":89,"column":45}},"54":{"start":{"line":90,"column":4},"end":{"line":90,"column":40}},"55":{"start":{"line":91,"column":4},"end":{"line":91,"column":38}},"56":{"start":{"line":92,"column":4},"end":{"line":92,"column":41}},"57":{"start":{"line":93,"column":4},"end":{"line":93,"column":38}},"58":{"start":{"line":94,"column":4},"end":{"line":94,"column":40}},"59":{"start":{"line":95,"column":4},"end":{"line":95,"column":41}},"60":{"start":{"line":96,"column":4},"end":{"line":96,"column":47}},"61":{"start":{"line":99,"column":2},"end":{"line":99,"column":69}},"62":{"start":{"line":103,"column":29},"end":{"line":103,"column":60}},"63":{"start":{"line":104,"column":2},"end":{"line":104,"column":50}},"64":{"start":{"line":108,"column":32},"end":{"line":108,"column":63}},"65":{"start":{"line":109,"column":2},"end":{"line":109,"column":53}},"66":{"start":{"line":113,"column":24},"end":{"line":113,"column":55}},"67":{"start":{"line":114,"column":2},"end":{"line":114,"column":45}},"68":{"start":{"line":118,"column":31},"end":{"line":118,"column":62}},"69":{"start":{"line":119,"column":2},"end":{"line":119,"column":52}},"70":{"start":{"line":123,"column":36},"end":{"line":123,"column":70}},"71":{"start":{"line":124,"column":2},"end":{"line":124,"column":57}},"72":{"start":{"line":128,"column":31},"end":{"line":128,"column":65}},"73":{"start":{"line":129,"column":2},"end":{"line":129,"column":52}},"74":{"start":{"line":133,"column":29},"end":{"line":133,"column":60}},"75":{"start":{"line":134,"column":2},"end":{"line":134,"column":50}},"76":{"start":{"line":138,"column":29},"end":{"line":138,"column":60}},"77":{"start":{"line":139,"column":2},"end":{"line":139,"column":50}},"78":{"start":{"line":143,"column":32},"end":{"line":143,"column":66}},"79":{"start":{"line":144,"column":2},"end":{"line":144,"column":53}},"80":{"start":{"line":148,"column":34},"end":{"line":148,"column":60}},"81":{"start":{"line":149,"column":2},"end":{"line":149,"column":55}},"82":{"start":{"line":153,"column":27},"end":{"line":153,"column":53}},"83":{"start":{"line":154,"column":2},"end":{"line":154,"column":48}},"84":{"start":{"line":158,"column":30},"end":{"line":158,"column":62}},"85":{"start":{"line":159,"column":2},"end":{"line":159,"column":51}},"86":{"start":{"line":163,"column":27},"end":{"line":163,"column":59}},"87":{"start":{"line":164,"column":2},"end":{"line":164,"column":48}},"88":{"start":{"line":167,"column":0},"end":{"line":167,"column":26}}},"fnMap":{"0":{"name":"(anonymous_0)","decl":{"start":{"line":37,"column":31},"end":{"line":37,"column":40}},"loc":{"start":{"line":37,"column":143},"end":{"line":100,"column":1}}},"1":{"name":"rpcHealthCheckWrapper","decl":{"start":{"line":102,"column":9},"end":{"line":102,"column":30}},"loc":{"start":{"line":102,"column":112},"end":{"line":105,"column":1}}},"2":{"name":"rpcGetPlayerStatsWrapper","decl":{"start":{"line":107,"column":9},"end":{"line":107,"column":33}},"loc":{"start":{"line":107,"column":115},"end":{"line":110,"column":1}}},"3":{"name":"rpcGainXPWrapper","decl":{"start":{"line":112,"column":9},"end":{"line":112,"column":25}},"loc":{"start":{"line":112,"column":107},"end":{"line":115,"column":1}}},"4":{"name":"rpcAllocateStatsWrapper","decl":{"start":{"line":117,"column":9},"end":{"line":117,"column":32}},"loc":{"start":{"line":117,"column":114},"end":{"line":120,"column":1}}},"5":{"name":"rpcSubmitCombatActionWrapper","decl":{"start":{"line":122,"column":9},"end":{"line":122,"column":37}},"loc":{"start":{"line":122,"column":119},"end":{"line":125,"column":1}}},"6":{"name":"rpcGetMatchStateWrapper","decl":{"start":{"line":127,"column":9},"end":{"line":127,"column":32}},"loc":{"start":{"line":127,"column":114},"end":{"line":130,"column":1}}},"7":{"name":"rpcCreateMatchWrapper","decl":{"start":{"line":132,"column":9},"end":{"line":132,"column":30}},"loc":{"start":{"line":132,"column":112},"end":{"line":135,"column":1}}},"8":{"name":"rpcAcceptMatchWrapper","decl":{"start":{"line":137,"column":9},"end":{"line":137,"column":30}},"loc":{"start":{"line":137,"column":112},"end":{"line":140,"column":1}}},"9":{"name":"rpcGetLeaderboardWrapper","decl":{"start":{"line":142,"column":9},"end":{"line":142,"column":33}},"loc":{"start":{"line":142,"column":115},"end":{"line":145,"column":1}}},"10":{"name":"rpcValidatePurchaseWrapper","decl":{"start":{"line":147,"column":9},"end":{"line":147,"column":35}},"loc":{"start":{"line":147,"column":117},"end":{"line":150,"column":1}}},"11":{"name":"rpcSpendGemsWrapper","decl":{"start":{"line":152,"column":9},"end":{"line":152,"column":28}},"loc":{"start":{"line":152,"column":110},"end":{"line":155,"column":1}}},"12":{"name":"rpcGenerateGearWrapper","decl":{"start":{"line":157,"column":9},"end":{"line":157,"column":31}},"loc":{"start":{"line":157,"column":113},"end":{"line":160,"column":1}}},"13":{"name":"rpcEquipGearWrapper","decl":{"start":{"line":162,"column":9},"end":{"line":162,"column":28}},"loc":{"start":{"line":162,"column":110},"end":{"line":165,"column":1}}}},"branchMap":{"0":{"loc":{"start":{"line":44,"column":2},"end":{"line":52,"column":3}},"type":"if","locations":[{"start":{"line":44,"column":2},"end":{"line":52,"column":3}},{"start":{"line":50,"column":9},"end":{"line":52,"column":3}}]},"1":{"loc":{"start":{"line":58,"column":2},"end":{"line":97,"column":3}},"type":"if","locations":[{"start":{"line":58,"column":2},"end":{"line":97,"column":3}},{"start":{"line":72,"column":9},"end":{"line":97,"column":3}}]}},"s":{"0":0,"1":0,"2":0,"3":0,"4":0,"5":0,"6":0,"7":0,"8":0,"9":0,"10":0,"11":0,"12":0,"13":0,"14":0,"15":0,"16":0,"17":0,"18":0,"19":0,"20":0,"21":0,"22":0,"23":0,"24":0,"25":0,"26":0,"27":0,"28":0,"29":0,"30":0,"31":0,"32":0,"33":0,"34":0,"35":0,"36":0,"37":0,"38":0,"39":0,"40":0,"41":0,"42":0,"43":0,"44":0,"45":0,"46":0,"47":0,"48":0,"49":0,"50":0,"51":0,"52":0,"53":0,"54":0,"55":0,"56":0,"57":0,"58":0,"59":0,"60":0,"61":0,"62":0,"63":0,"64":0,"65":0,"66":0,"67":0,"68":0,"69":0,"70":0,"71":0,"72":0,"73":0,"74":0,"75":0,"76":0,"77":0,"78":0,"79":0,"80":0,"81":0,"82":0,"83":0,"84":0,"85":0,"86":0,"87":0,"88":0},"f":{"0":0,"1":0,"2":0,"3":0,"4":0,"5":0,"6":0,"7":0,"8":0,"9":0,"10":0,"11":0,"12":0,"13":0},"b":{"0":[0,0],"1":[0,0]}}
,"/home/alex/armored-archer/backend/src/config/errorTracking.ts": {"path":"/home/alex/armored-archer/backend/src/config/errorTracking.ts","statementMap":{"0":{"start":{"line":19,"column":0},"end":{"line":19,"column":16}},"1":{"start":{"line":42,"column":0},"end":{"line":42,"column":16}},"2":{"start":{"line":71,"column":0},"end":{"line":71,"column":16}},"3":{"start":{"line":102,"column":0},"end":{"line":102,"column":16}},"4":{"start":{"line":1,"column":0},"end":{"line":1,"column":39}},"5":{"start":{"line":3,"column":0},"end":{"line":3,"column":35}},"6":{"start":{"line":12,"column":13},"end":{"line":17,"column":2}},"7":{"start":{"line":20,"column":2},"end":{"line":23,"column":3}},"8":{"start":{"line":21,"column":4},"end":{"line":21,"column":90}},"9":{"start":{"line":22,"column":4},"end":{"line":22,"column":11}},"10":{"start":{"line":25,"column":2},"end":{"line":35,"column":5}},"11":{"start":{"line":30,"column":6},"end":{"line":32,"column":7}},"12":{"start":{"line":31,"column":8},"end":{"line":31,"column":42}},"13":{"start":{"line":33,"column":6},"end":{"line":33,"column":19}},"14":{"start":{"line":37,"column":2},"end":{"line":39,"column":4}},"15":{"start":{"line":50,"column":2},"end":{"line":52,"column":3}},"16":{"start":{"line":51,"column":4},"end":{"line":51,"column":11}},"17":{"start":{"line":54,"column":39},"end":{"line":54,"column":41}},"18":{"start":{"line":55,"column":2},"end":{"line":57,"column":3}},"19":{"start":{"line":56,"column":4},"end":{"line":56,"column":33}},"20":{"start":{"line":58,"column":2},"end":{"line":60,"column":3}},"21":{"start":{"line":59,"column":4},"end":{"line":59,"column":27}},"22":{"start":{"line":62,"column":2},"end":{"line":68,"column":5}},"23":{"start":{"line":80,"column":2},"end":{"line":82,"column":3}},"24":{"start":{"line":81,"column":4},"end":{"line":81,"column":11}},"25":{"start":{"line":84,"column":39},"end":{"line":84,"column":41}},"26":{"start":{"line":85,"column":2},"end":{"line":87,"column":3}},"27":{"start":{"line":86,"column":4},"end":{"line":86,"column":33}},"28":{"start":{"line":88,"column":2},"end":{"line":90,"column":3}},"29":{"start":{"line":89,"column":4},"end":{"line":89,"column":27}},"30":{"start":{"line":92,"column":2},"end":{"line":99,"column":5}},"31":{"start":{"line":108,"column":2},"end":{"line":112,"column":5}}},"fnMap":{"0":{"name":"initializeSentry","decl":{"start":{"line":19,"column":16},"end":{"line":19,"column":32}},"loc":{"start":{"line":19,"column":32},"end":{"line":40,"column":1}}},"1":{"name":"(anonymous_10)","decl":{"start":{"line":29,"column":4},"end":{"line":29,"column":14}},"loc":{"start":{"line":29,"column":50},"end":{"line":34,"column":5}}},"2":{"name":"captureException","decl":{"start":{"line":42,"column":16},"end":{"line":42,"column":32}},"loc":{"start":{"line":48,"column":8},"end":{"line":69,"column":1}}},"3":{"name":"captureMessage","decl":{"start":{"line":71,"column":16},"end":{"line":71,"column":30}},"loc":{"start":{"line":78,"column":8},"end":{"line":100,"column":1}}},"4":{"name":"captureRpcError","decl":{"start":{"line":102,"column":16},"end":{"line":102,"column":31}},"loc":{"start":{"line":106,"column":18},"end":{"line":113,"column":1}}}},"branchMap":{"0":{"loc":{"start":{"line":13,"column":7},"end":{"line":13,"column":35}},"type":"binary-expr","locations":[{"start":{"line":13,"column":7},"end":{"line":13,"column":29}},{"start":{"line":13,"column":33},"end":{"line":13,"column":35}}]},"1":{"loc":{"start":{"line":14,"column":15},"end":{"line":14,"column":57}},"type":"binary-expr","locations":[{"start":{"line":14,"column":15},"end":{"line":14,"column":35}},{"start":{"line":14,"column":39},"end":{"line":14,"column":57}}]},"2":{"loc":{"start":{"line":15,"column":31},"end":{"line":15,"column":77}},"type":"binary-expr","locations":[{"start":{"line":15,"column":31},"end":{"line":15,"column":68}},{"start":{"line":15,"column":72},"end":{"line":15,"column":77}}]},"3":{"loc":{"start":{"line":16,"column":11},"end":{"line":16,"column":87}},"type":"binary-expr","locations":[{"start":{"line":16,"column":11},"end":{"line":16,"column":48}},{"start":{"line":16,"column":52},"end":{"line":16,"column":87}}]},"4":{"loc":{"start":{"line":20,"column":2},"end":{"line":23,"column":3}},"type":"if","locations":[{"start":{"line":20,"column":2},"end":{"line":23,"column":3}},{"start":{},"end":{}}]},"5":{"loc":{"start":{"line":20,"column":6},"end":{"line":20,"column":62}},"type":"binary-expr","locations":[{"start":{"line":20,"column":6},"end":{"line":20,"column":34}},{"start":{"line":20,"column":38},"end":{"line":20,"column":62}}]},"6":{"loc":{"start":{"line":30,"column":6},"end":{"line":32,"column":7}},"type":"if","locations":[{"start":{"line":30,"column":6},"end":{"line":32,"column":7}},{"start":{},"end":{}}]},"7":{"loc":{"start":{"line":44,"column":2},"end":{"line":48,"column":8}},"type":"default-arg","locations":[{"start":{"line":48,"column":6},"end":{"line":48,"column":8}}]},"8":{"loc":{"start":{"line":50,"column":2},"end":{"line":52,"column":3}},"type":"if","locations":[{"start":{"line":50,"column":2},"end":{"line":52,"column":3}},{"start":{},"end":{}}]},"9":{"loc":{"start":{"line":55,"column":2},"end":{"line":57,"column":3}},"type":"if","locations":[{"start":{"line":55,"column":2},"end":{"line":57,"column":3}},{"start":{},"end":{}}]},"10":{"loc":{"start":{"line":58,"column":2},"end":{"line":60,"column":3}},"type":"if","locations":[{"start":{"line":58,"column":2},"end":{"line":60,"column":3}},{"start":{},"end":{}}]},"11":{"loc":{"start":{"line":73,"column":2},"end":{"line":73,"column":46}},"type":"default-arg","locations":[{"start":{"line":73,"column":40},"end":{"line":73,"column":46}}]},"12":{"loc":{"start":{"line":74,"column":2},"end":{"line":78,"column":8}},"type":"default-arg","locations":[{"start":{"line":78,"column":6},"end":{"line":78,"column":8}}]},"13":{"loc":{"start":{"line":80,"column":2},"end":{"line":82,"column":3}},"type":"if","locations":[{"start":{"line":80,"column":2},"end":{"line":82,"column":3}},{"start":{},"end":{}}]},"14":{"loc":{"start":{"line":85,"column":2},"end":{"line":87,"column":3}},"type":"if","locations":[{"start":{"line":85,"column":2},"end":{"line":87,"column":3}},{"start":{},"end":{}}]},"15":{"loc":{"start":{"line":88,"column":2},"end":{"line":90,"column":3}},"type":"if","locations":[{"start":{"line":88,"column":2},"end":{"line":90,"column":3}},{"start":{},"end":{}}]},"16":{"loc":{"start":{"line":111,"column":11},"end":{"line":111,"column":44}},"type":"cond-expr","locations":[{"start":{"line":111,"column":21},"end":{"line":111,"column":32}},{"start":{"line":111,"column":35},"end":{"line":111,"column":44}}]}},"s":{"0":0,"1":0,"2":0,"3":0,"4":0,"5":0,"6":0,"7":0,"8":0,"9":0,"10":0,"11":0,"12":0,"13":0,"14":0,"15":0,"16":0,"17":0,"18":0,"19":0,"20":0,"21":0,"22":0,"23":0,"24":0,"25":0,"26":0,"27":0,"28":0,"29":0,"30":0,"31":0},"f":{"0":0,"1":0,"2":0,"3":0,"4":0},"b":{"0":[0,0],"1":[0,0],"2":[0,0],"3":[0,0],"4":[0,0],"5":[0,0],"6":[0,0],"7":[0],"8":[0,0],"9":[0,0],"10":[0,0],"11":[0],"12":[0],"13":[0,0],"14":[0,0],"15":[0,0],"16":[0,0]}}
,"/home/alex/armored-archer/backend/src/config/index.ts": {"path":"/home/alex/armored-archer/backend/src/config/index.ts","statementMap":{"0":{"start":{"line":242,"column":0},"end":{"line":242,"column":16}},"1":{"start":{"line":296,"column":0},"end":{"line":296,"column":16}},"2":{"start":{"line":302,"column":0},"end":{"line":302,"column":16}},"3":{"start":{"line":1,"column":0},"end":{"line":1,"column":25}},"4":{"start":{"line":2,"column":0},"end":{"line":2,"column":29}},"5":{"start":{"line":5,"column":18},"end":{"line":5,"column":55}},"6":{"start":{"line":6,"column":19},"end":{"line":6,"column":71}},"7":{"start":{"line":8,"column":2},"end":{"line":36,"column":3}},"8":{"start":{"line":9,"column":20},"end":{"line":9,"column":50}},"9":{"start":{"line":10,"column":4},"end":{"line":35,"column":5}},"10":{"start":{"line":11,"column":25},"end":{"line":11,"column":58}},"11":{"start":{"line":13,"column":6},"end":{"line":34,"column":7}},"12":{"start":{"line":14,"column":28},"end":{"line":14,"column":39}},"13":{"start":{"line":16,"column":8},"end":{"line":33,"column":9}},"14":{"start":{"line":17,"column":30},"end":{"line":17,"column":54}},"15":{"start":{"line":19,"column":10},"end":{"line":32,"column":11}},"16":{"start":{"line":20,"column":24},"end":{"line":20,"column":68}},"17":{"start":{"line":21,"column":24},"end":{"line":21,"column":69}},"18":{"start":{"line":23,"column":12},"end":{"line":27,"column":13}},"19":{"start":{"line":24,"column":14},"end":{"line":24,"column":41}},"20":{"start":{"line":25,"column":19},"end":{"line":27,"column":13}},"21":{"start":{"line":26,"column":14},"end":{"line":26,"column":41}},"22":{"start":{"line":29,"column":12},"end":{"line":31,"column":13}},"23":{"start":{"line":30,"column":14},"end":{"line":30,"column":39}},"24":{"start":{"line":39,"column":0},"end":{"line":39,"column":18}},"25":{"start":{"line":112,"column":18},"end":{"line":112,"column":56}},"26":{"start":{"line":113,"column":16},"end":{"line":113,"column":38}},"27":{"start":{"line":115,"column":2},"end":{"line":124,"column":3}},"28":{"start":{"line":116,"column":4},"end":{"line":123,"column":6}},"29":{"start":{"line":126,"column":51},"end":{"line":126,"column":56}},"30":{"start":{"line":127,"column":2},"end":{"line":134,"column":4}},"31":{"start":{"line":137,"column":18},"end":{"line":137,"column":91}},"32":{"start":{"line":139,"column":26},"end":{"line":240,"column":2}},"33":{"start":{"line":243,"column":27},"end":{"line":243,"column":29}},"34":{"start":{"line":245,"column":2},"end":{"line":249,"column":3}},"35":{"start":{"line":246,"column":4},"end":{"line":248,"column":5}},"36":{"start":{"line":247,"column":6},"end":{"line":247,"column":65}},"37":{"start":{"line":251,"column":2},"end":{"line":253,"column":3}},"38":{"start":{"line":252,"column":4},"end":{"line":252,"column":53}},"39":{"start":{"line":255,"column":2},"end":{"line":257,"column":3}},"40":{"start":{"line":256,"column":4},"end":{"line":256,"column":75}},"41":{"start":{"line":259,"column":56},"end":{"line":263,"column":4}},"42":{"start":{"line":265,"column":2},"end":{"line":275,"column":3}},"43":{"start":{"line":266,"column":18},"end":{"line":269,"column":14}},"44":{"start":{"line":267,"column":6},"end":{"line":267,"column":68}},"45":{"start":{"line":267,"column":51},"end":{"line":267,"column":68}},"46":{"start":{"line":268,"column":6},"end":{"line":268,"column":49}},"47":{"start":{"line":270,"column":4},"end":{"line":274,"column":5}},"48":{"start":{"line":271,"column":6},"end":{"line":273,"column":7}},"49":{"start":{"line":272,"column":8},"end":{"line":272,"column":63}},"50":{"start":{"line":277,"column":2},"end":{"line":279,"column":3}},"51":{"start":{"line":278,"column":4},"end":{"line":278,"column":91}},"52":{"start":{"line":281,"column":2},"end":{"line":283,"column":3}},"53":{"start":{"line":282,"column":4},"end":{"line":282,"column":99}},"54":{"start":{"line":285,"column":2},"end":{"line":287,"column":3}},"55":{"start":{"line":286,"column":4},"end":{"line":286,"column":95}},"56":{"start":{"line":289,"column":2},"end":{"line":293,"column":3}},"57":{"start":{"line":290,"column":4},"end":{"line":292,"column":6}},"58":{"start":{"line":291,"column":61},"end":{"line":291,"column":71}},"59":{"start":{"line":297,"column":2},"end":{"line":297,"column":24}},"60":{"start":{"line":297,"column":14},"end":{"line":297,"column":24}},"61":{"start":{"line":298,"column":2},"end":{"line":298,"column":38}},"62":{"start":{"line":298,"column":25},"end":{"line":298,"column":38}},"63":{"start":{"line":299,"column":2},"end":{"line":299,"column":75}},"64":{"start":{"line":305,"column":2},"end":{"line":305,"column":39}},"65":{"start":{"line":306,"column":2},"end":{"line":306,"column":53}},"66":{"start":{"line":307,"column":2},"end":{"line":312,"column":4}},"67":{"start":{"line":313,"column":2},"end":{"line":318,"column":4}},"68":{"start":{"line":319,"column":2},"end":{"line":319,"column":84}},"69":{"start":{"line":320,"column":2},"end":{"line":320,"column":66}},"70":{"start":{"line":321,"column":2},"end":{"line":326,"column":4}},"71":{"start":{"line":327,"column":2},"end":{"line":327,"column":79}},"72":{"start":{"line":328,"column":2},"end":{"line":332,"column":4}},"73":{"start":{"line":333,"column":2},"end":{"line":333,"column":38}},"74":{"start":{"line":336,"column":0},"end":{"line":336,"column":22}}},"fnMap":{"0":{"name":"loadEnvironment","decl":{"start":{"line":4,"column":9},"end":{"line":4,"column":24}},"loc":{"start":{"line":4,"column":24},"end":{"line":37,"column":1}}},"1":{"name":"parseDatabaseAddress","decl":{"start":{"line":111,"column":9},"end":{"line":111,"column":29}},"loc":{"start":{"line":111,"column":45},"end":{"line":135,"column":1}}},"2":{"name":"validateRequiredConfig","decl":{"start":{"line":242,"column":16},"end":{"line":242,"column":38}},"loc":{"start":{"line":242,"column":38},"end":{"line":294,"column":1}}},"3":{"name":"(anonymous_12)","decl":{"start":{"line":266,"column":40},"end":{"line":266,"column":41}},"loc":{"start":{"line":266,"column":60},"end":{"line":269,"column":5}}},"4":{"name":"(anonymous_13)","decl":{"start":{"line":291,"column":54},"end":{"line":291,"column":55}},"loc":{"start":{"line":291,"column":61},"end":{"line":291,"column":71}}},"5":{"name":"maskSecret","decl":{"start":{"line":296,"column":16},"end":{"line":296,"column":26}},"loc":{"start":{"line":296,"column":40},"end":{"line":300,"column":1}}},"6":{"name":"logConfiguration","decl":{"start":{"line":302,"column":16},"end":{"line":302,"column":32}},"loc":{"start":{"line":304,"column":1},"end":{"line":334,"column":1}}}},"branchMap":{"0":{"loc":{"start":{"line":5,"column":18},"end":{"line":5,"column":55}},"type":"binary-expr","locations":[{"start":{"line":5,"column":18},"end":{"line":5,"column":38}},{"start":{"line":5,"column":42},"end":{"line":5,"column":55}}]},"1":{"loc":{"start":{"line":10,"column":4},"end":{"line":35,"column":5}},"type":"if","locations":[{"start":{"line":10,"column":4},"end":{"line":35,"column":5}},{"start":{},"end":{}}]},"2":{"loc":{"start":{"line":16,"column":8},"end":{"line":33,"column":9}},"type":"if","locations":[{"start":{"line":16,"column":8},"end":{"line":33,"column":9}},{"start":{},"end":{}}]},"3":{"loc":{"start":{"line":16,"column":12},"end":{"line":16,"column":55}},"type":"binary-expr","locations":[{"start":{"line":16,"column":12},"end":{"line":16,"column":23}},{"start":{"line":16,"column":27},"end":{"line":16,"column":55}}]},"4":{"loc":{"start":{"line":19,"column":10},"end":{"line":32,"column":11}},"type":"if","locations":[{"start":{"line":19,"column":10},"end":{"line":32,"column":11}},{"start":{},"end":{}}]},"5":{"loc":{"start":{"line":23,"column":12},"end":{"line":27,"column":13}},"type":"if","locations":[{"start":{"line":23,"column":12},"end":{"line":27,"column":13}},{"start":{"line":25,"column":19},"end":{"line":27,"column":13}}]},"6":{"loc":{"start":{"line":23,"column":16},"end":{"line":23,"column":60}},"type":"binary-expr","locations":[{"start":{"line":23,"column":16},"end":{"line":23,"column":37}},{"start":{"line":23,"column":41},"end":{"line":23,"column":60}}]},"7":{"loc":{"start":{"line":25,"column":19},"end":{"line":27,"column":13}},"type":"if","locations":[{"start":{"line":25,"column":19},"end":{"line":27,"column":13}},{"start":{},"end":{}}]},"8":{"loc":{"start":{"line":25,"column":23},"end":{"line":25,"column":67}},"type":"binary-expr","locations":[{"start":{"line":25,"column":23},"end":{"line":25,"column":44}},{"start":{"line":25,"column":48},"end":{"line":25,"column":67}}]},"9":{"loc":{"start":{"line":29,"column":12},"end":{"line":31,"column":13}},"type":"if","locations":[{"start":{"line":29,"column":12},"end":{"line":31,"column":13}},{"start":{},"end":{}}]},"10":{"loc":{"start":{"line":115,"column":2},"end":{"line":124,"column":3}},"type":"if","locations":[{"start":{"line":115,"column":2},"end":{"line":124,"column":3}},{"start":{},"end":{}}]},"11":{"loc":{"start":{"line":118,"column":12},"end":{"line":118,"column":46}},"type":"binary-expr","locations":[{"start":{"line":118,"column":12},"end":{"line":118,"column":31}},{"start":{"line":118,"column":35},"end":{"line":118,"column":46}}]},"12":{"loc":{"start":{"line":119,"column":21},"end":{"line":119,"column":50}},"type":"binary-expr","locations":[{"start":{"line":119,"column":21},"end":{"line":119,"column":40}},{"start":{"line":119,"column":44},"end":{"line":119,"column":50}}]},"13":{"loc":{"start":{"line":120,"column":12},"end":{"line":120,"column":45}},"type":"binary-expr","locations":[{"start":{"line":120,"column":12},"end":{"line":120,"column":31}},{"start":{"line":120,"column":35},"end":{"line":120,"column":45}}]},"14":{"loc":{"start":{"line":121,"column":16},"end":{"line":121,"column":45}},"type":"binary-expr","locations":[{"start":{"line":121,"column":16},"end":{"line":121,"column":39}},{"start":{"line":121,"column":43},"end":{"line":121,"column":45}}]},"15":{"loc":{"start":{"line":122,"column":16},"end":{"line":122,"column":47}},"type":"binary-expr","locations":[{"start":{"line":122,"column":16},"end":{"line":122,"column":35}},{"start":{"line":122,"column":39},"end":{"line":122,"column":47}}]},"16":{"loc":{"start":{"line":137,"column":18},"end":{"line":137,"column":91}},"type":"binary-expr","locations":[{"start":{"line":137,"column":18},"end":{"line":137,"column":46}},{"start":{"line":137,"column":50},"end":{"line":137,"column":85}},{"start":{"line":137,"column":89},"end":{"line":137,"column":91}}]},"17":{"loc":{"start":{"line":140,"column":16},"end":{"line":140,"column":53}},"type":"binary-expr","locations":[{"start":{"line":140,"column":16},"end":{"line":140,"column":36}},{"start":{"line":140,"column":40},"end":{"line":140,"column":53}}]},"18":{"loc":{"start":{"line":143,"column":19},"end":{"line":143,"column":86}},"type":"binary-expr","locations":[{"start":{"line":143,"column":19},"end":{"line":143,"column":42}},{"start":{"line":143,"column":46},"end":{"line":143,"column":76}},{"start":{"line":143,"column":80},"end":{"line":143,"column":86}}]},"19":{"loc":{"start":{"line":144,"column":26},"end":{"line":144,"column":67}},"type":"binary-expr","locations":[{"start":{"line":144,"column":26},"end":{"line":144,"column":57}},{"start":{"line":144,"column":61},"end":{"line":144,"column":67}}]},"20":{"loc":{"start":{"line":145,"column":10},"end":{"line":145,"column":48}},"type":"binary-expr","locations":[{"start":{"line":145,"column":10},"end":{"line":145,"column":33}},{"start":{"line":145,"column":37},"end":{"line":145,"column":48}}]},"21":{"loc":{"start":{"line":146,"column":9},"end":{"line":146,"column":94}},"type":"binary-expr","locations":[{"start":{"line":146,"column":9},"end":{"line":146,"column":38}},{"start":{"line":146,"column":42},"end":{"line":146,"column":78}},{"start":{"line":146,"column":82},"end":{"line":146,"column":94}}]},"22":{"loc":{"start":{"line":147,"column":21},"end":{"line":147,"column":67}},"type":"binary-expr","locations":[{"start":{"line":147,"column":21},"end":{"line":147,"column":56}},{"start":{"line":147,"column":60},"end":{"line":147,"column":67}}]},"23":{"loc":{"start":{"line":148,"column":21},"end":{"line":148,"column":70}},"type":"binary-expr","locations":[{"start":{"line":148,"column":21},"end":{"line":148,"column":56}},{"start":{"line":148,"column":60},"end":{"line":148,"column":70}}]},"24":{"loc":{"start":{"line":154,"column":15},"end":{"line":154,"column":54}},"type":"binary-expr","locations":[{"start":{"line":154,"column":15},"end":{"line":154,"column":48}},{"start":{"line":154,"column":52},"end":{"line":154,"column":54}}]},"25":{"loc":{"start":{"line":155,"column":15},"end":{"line":155,"column":54}},"type":"binary-expr","locations":[{"start":{"line":155,"column":15},"end":{"line":155,"column":48}},{"start":{"line":155,"column":52},"end":{"line":155,"column":54}}]},"26":{"loc":{"start":{"line":159,"column":19},"end":{"line":159,"column":76}},"type":"binary-expr","locations":[{"start":{"line":159,"column":19},"end":{"line":159,"column":53}},{"start":{"line":159,"column":57},"end":{"line":159,"column":76}}]},"27":{"loc":{"start":{"line":160,"column":26},"end":{"line":160,"column":85}},"type":"binary-expr","locations":[{"start":{"line":160,"column":26},"end":{"line":160,"column":60}},{"start":{"line":160,"column":64},"end":{"line":160,"column":85}}]},"28":{"loc":{"start":{"line":161,"column":24},"end":{"line":161,"column":79}},"type":"binary-expr","locations":[{"start":{"line":161,"column":24},"end":{"line":161,"column":56}},{"start":{"line":161,"column":60},"end":{"line":161,"column":79}}]},"29":{"loc":{"start":{"line":162,"column":24},"end":{"line":162,"column":64}},"type":"binary-expr","locations":[{"start":{"line":162,"column":24},"end":{"line":162,"column":54}},{"start":{"line":162,"column":58},"end":{"line":162,"column":64}}]},"30":{"loc":{"start":{"line":166,"column":11},"end":{"line":166,"column":42}},"type":"binary-expr","locations":[{"start":{"line":166,"column":11},"end":{"line":166,"column":32}},{"start":{"line":166,"column":36},"end":{"line":166,"column":42}}]},"31":{"loc":{"start":{"line":167,"column":12},"end":{"line":167,"column":44}},"type":"binary-expr","locations":[{"start":{"line":167,"column":12},"end":{"line":167,"column":34}},{"start":{"line":167,"column":38},"end":{"line":167,"column":44}}]},"32":{"loc":{"start":{"line":168,"column":12},"end":{"line":168,"column":46}},"type":"binary-expr","locations":[{"start":{"line":168,"column":12},"end":{"line":168,"column":34}},{"start":{"line":168,"column":38},"end":{"line":168,"column":46}}]},"33":{"loc":{"start":{"line":176,"column":15},"end":{"line":176,"column":56}},"type":"binary-expr","locations":[{"start":{"line":176,"column":15},"end":{"line":176,"column":44}},{"start":{"line":176,"column":48},"end":{"line":176,"column":56}}]},"34":{"loc":{"start":{"line":177,"column":12},"end":{"line":177,"column":50}},"type":"binary-expr","locations":[{"start":{"line":177,"column":12},"end":{"line":177,"column":38}},{"start":{"line":177,"column":42},"end":{"line":177,"column":50}}]},"35":{"loc":{"start":{"line":178,"column":29},"end":{"line":178,"column":66}},"type":"binary-expr","locations":[{"start":{"line":178,"column":29},"end":{"line":178,"column":56}},{"start":{"line":178,"column":60},"end":{"line":178,"column":66}}]},"36":{"loc":{"start":{"line":183,"column":33},"end":{"line":183,"column":85}},"type":"binary-expr","locations":[{"start":{"line":183,"column":33},"end":{"line":183,"column":76}},{"start":{"line":183,"column":80},"end":{"line":183,"column":85}}]},"37":{"loc":{"start":{"line":184,"column":30},"end":{"line":184,"column":81}},"type":"binary-expr","locations":[{"start":{"line":184,"column":30},"end":{"line":184,"column":70}},{"start":{"line":184,"column":74},"end":{"line":184,"column":81}}]},"38":{"loc":{"start":{"line":187,"column":30},"end":{"line":187,"column":78}},"type":"binary-expr","locations":[{"start":{"line":187,"column":30},"end":{"line":187,"column":69}},{"start":{"line":187,"column":73},"end":{"line":187,"column":78}}]},"39":{"loc":{"start":{"line":188,"column":27},"end":{"line":188,"column":83}},"type":"binary-expr","locations":[{"start":{"line":188,"column":27},"end":{"line":188,"column":72}},{"start":{"line":188,"column":76},"end":{"line":188,"column":83}}]},"40":{"loc":{"start":{"line":191,"column":30},"end":{"line":191,"column":81}},"type":"binary-expr","locations":[{"start":{"line":191,"column":30},"end":{"line":191,"column":73}},{"start":{"line":191,"column":77},"end":{"line":191,"column":81}}]},"41":{"loc":{"start":{"line":192,"column":27},"end":{"line":192,"column":87}},"type":"binary-expr","locations":[{"start":{"line":192,"column":27},"end":{"line":192,"column":76}},{"start":{"line":192,"column":80},"end":{"line":192,"column":87}}]},"42":{"loc":{"start":{"line":195,"column":30},"end":{"line":195,"column":72}},"type":"binary-expr","locations":[{"start":{"line":195,"column":30},"end":{"line":195,"column":64}},{"start":{"line":195,"column":68},"end":{"line":195,"column":72}}]},"43":{"loc":{"start":{"line":196,"column":27},"end":{"line":196,"column":78}},"type":"binary-expr","locations":[{"start":{"line":196,"column":27},"end":{"line":196,"column":67}},{"start":{"line":196,"column":71},"end":{"line":196,"column":78}}]},"44":{"loc":{"start":{"line":199,"column":30},"end":{"line":199,"column":79}},"type":"binary-expr","locations":[{"start":{"line":199,"column":30},"end":{"line":199,"column":71}},{"start":{"line":199,"column":75},"end":{"line":199,"column":79}}]},"45":{"loc":{"start":{"line":200,"column":27},"end":{"line":200,"column":85}},"type":"binary-expr","locations":[{"start":{"line":200,"column":27},"end":{"line":200,"column":74}},{"start":{"line":200,"column":78},"end":{"line":200,"column":85}}]},"46":{"loc":{"start":{"line":203,"column":30},"end":{"line":203,"column":85}},"type":"binary-expr","locations":[{"start":{"line":203,"column":30},"end":{"line":203,"column":77}},{"start":{"line":203,"column":81},"end":{"line":203,"column":85}}]},"47":{"loc":{"start":{"line":204,"column":27},"end":{"line":204,"column":91}},"type":"binary-expr","locations":[{"start":{"line":204,"column":27},"end":{"line":204,"column":80}},{"start":{"line":204,"column":84},"end":{"line":204,"column":91}}]},"48":{"loc":{"start":{"line":207,"column":30},"end":{"line":207,"column":80}},"type":"binary-expr","locations":[{"start":{"line":207,"column":30},"end":{"line":207,"column":72}},{"start":{"line":207,"column":76},"end":{"line":207,"column":80}}]},"49":{"loc":{"start":{"line":208,"column":27},"end":{"line":208,"column":86}},"type":"binary-expr","locations":[{"start":{"line":208,"column":27},"end":{"line":208,"column":75}},{"start":{"line":208,"column":79},"end":{"line":208,"column":86}}]},"50":{"loc":{"start":{"line":211,"column":30},"end":{"line":211,"column":77}},"type":"binary-expr","locations":[{"start":{"line":211,"column":30},"end":{"line":211,"column":69}},{"start":{"line":211,"column":73},"end":{"line":211,"column":77}}]},"51":{"loc":{"start":{"line":212,"column":27},"end":{"line":212,"column":83}},"type":"binary-expr","locations":[{"start":{"line":212,"column":27},"end":{"line":212,"column":72}},{"start":{"line":212,"column":76},"end":{"line":212,"column":83}}]},"52":{"loc":{"start":{"line":215,"column":30},"end":{"line":215,"column":77}},"type":"binary-expr","locations":[{"start":{"line":215,"column":30},"end":{"line":215,"column":69}},{"start":{"line":215,"column":73},"end":{"line":215,"column":77}}]},"53":{"loc":{"start":{"line":216,"column":27},"end":{"line":216,"column":83}},"type":"binary-expr","locations":[{"start":{"line":216,"column":27},"end":{"line":216,"column":72}},{"start":{"line":216,"column":76},"end":{"line":216,"column":83}}]},"54":{"loc":{"start":{"line":219,"column":30},"end":{"line":219,"column":80}},"type":"binary-expr","locations":[{"start":{"line":219,"column":30},"end":{"line":219,"column":72}},{"start":{"line":219,"column":76},"end":{"line":219,"column":80}}]},"55":{"loc":{"start":{"line":220,"column":27},"end":{"line":220,"column":86}},"type":"binary-expr","locations":[{"start":{"line":220,"column":27},"end":{"line":220,"column":75}},{"start":{"line":220,"column":79},"end":{"line":220,"column":86}}]},"56":{"loc":{"start":{"line":223,"column":30},"end":{"line":223,"column":82}},"type":"binary-expr","locations":[{"start":{"line":223,"column":30},"end":{"line":223,"column":74}},{"start":{"line":223,"column":78},"end":{"line":223,"column":82}}]},"57":{"loc":{"start":{"line":224,"column":27},"end":{"line":224,"column":88}},"type":"binary-expr","locations":[{"start":{"line":224,"column":27},"end":{"line":224,"column":77}},{"start":{"line":224,"column":81},"end":{"line":224,"column":88}}]},"58":{"loc":{"start":{"line":227,"column":30},"end":{"line":227,"column":75}},"type":"binary-expr","locations":[{"start":{"line":227,"column":30},"end":{"line":227,"column":67}},{"start":{"line":227,"column":71},"end":{"line":227,"column":75}}]},"59":{"loc":{"start":{"line":228,"column":27},"end":{"line":228,"column":81}},"type":"binary-expr","locations":[{"start":{"line":228,"column":27},"end":{"line":228,"column":70}},{"start":{"line":228,"column":74},"end":{"line":228,"column":81}}]},"60":{"loc":{"start":{"line":231,"column":30},"end":{"line":231,"column":78}},"type":"binary-expr","locations":[{"start":{"line":231,"column":30},"end":{"line":231,"column":70}},{"start":{"line":231,"column":74},"end":{"line":231,"column":78}}]},"61":{"loc":{"start":{"line":232,"column":27},"end":{"line":232,"column":84}},"type":"binary-expr","locations":[{"start":{"line":232,"column":27},"end":{"line":232,"column":73}},{"start":{"line":232,"column":77},"end":{"line":232,"column":84}}]},"62":{"loc":{"start":{"line":235,"column":30},"end":{"line":235,"column":75}},"type":"binary-expr","locations":[{"start":{"line":235,"column":30},"end":{"line":235,"column":67}},{"start":{"line":235,"column":71},"end":{"line":235,"column":75}}]},"63":{"loc":{"start":{"line":236,"column":27},"end":{"line":236,"column":81}},"type":"binary-expr","locations":[{"start":{"line":236,"column":27},"end":{"line":236,"column":70}},{"start":{"line":236,"column":74},"end":{"line":236,"column":81}}]},"64":{"loc":{"start":{"line":245,"column":2},"end":{"line":249,"column":3}},"type":"if","locations":[{"start":{"line":245,"column":2},"end":{"line":249,"column":3}},{"start":{},"end":{}}]},"65":{"loc":{"start":{"line":245,"column":6},"end":{"line":245,"column":62}},"type":"binary-expr","locations":[{"start":{"line":245,"column":6},"end":{"line":245,"column":24}},{"start":{"line":245,"column":28},"end":{"line":245,"column":62}}]},"66":{"loc":{"start":{"line":246,"column":4},"end":{"line":248,"column":5}},"type":"if","locations":[{"start":{"line":246,"column":4},"end":{"line":248,"column":5}},{"start":{},"end":{}}]},"67":{"loc":{"start":{"line":251,"column":2},"end":{"line":253,"column":3}},"type":"if","locations":[{"start":{"line":251,"column":2},"end":{"line":253,"column":3}},{"start":{},"end":{}}]},"68":{"loc":{"start":{"line":255,"column":2},"end":{"line":257,"column":3}},"type":"if","locations":[{"start":{"line":255,"column":2},"end":{"line":257,"column":3}},{"start":{},"end":{}}]},"69":{"loc":{"start":{"line":267,"column":6},"end":{"line":267,"column":68}},"type":"if","locations":[{"start":{"line":267,"column":6},"end":{"line":267,"column":68}},{"start":{},"end":{}}]},"70":{"loc":{"start":{"line":267,"column":10},"end":{"line":267,"column":49}},"type":"binary-expr","locations":[{"start":{"line":267,"column":10},"end":{"line":267,"column":33}},{"start":{"line":267,"column":37},"end":{"line":267,"column":49}}]},"71":{"loc":{"start":{"line":270,"column":4},"end":{"line":274,"column":5}},"type":"if","locations":[{"start":{"line":270,"column":4},"end":{"line":274,"column":5}},{"start":{},"end":{}}]},"72":{"loc":{"start":{"line":270,"column":8},"end":{"line":270,"column":82}},"type":"binary-expr","locations":[{"start":{"line":270,"column":8},"end":{"line":270,"column":14}},{"start":{"line":270,"column":18},"end":{"line":270,"column":47}},{"start":{"line":270,"column":51},"end":{"line":270,"column":82}}]},"73":{"loc":{"start":{"line":271,"column":6},"end":{"line":273,"column":7}},"type":"if","locations":[{"start":{"line":271,"column":6},"end":{"line":273,"column":7}},{"start":{},"end":{}}]},"74":{"loc":{"start":{"line":277,"column":2},"end":{"line":279,"column":3}},"type":"if","locations":[{"start":{"line":277,"column":2},"end":{"line":279,"column":3}},{"start":{},"end":{}}]},"75":{"loc":{"start":{"line":277,"column":6},"end":{"line":277,"column":58}},"type":"binary-expr","locations":[{"start":{"line":277,"column":6},"end":{"line":277,"column":28}},{"start":{"line":277,"column":32},"end":{"line":277,"column":58}}]},"76":{"loc":{"start":{"line":281,"column":2},"end":{"line":283,"column":3}},"type":"if","locations":[{"start":{"line":281,"column":2},"end":{"line":283,"column":3}},{"start":{},"end":{}}]},"77":{"loc":{"start":{"line":281,"column":6},"end":{"line":281,"column":72}},"type":"binary-expr","locations":[{"start":{"line":281,"column":6},"end":{"line":281,"column":35}},{"start":{"line":281,"column":39},"end":{"line":281,"column":72}}]},"78":{"loc":{"start":{"line":285,"column":2},"end":{"line":287,"column":3}},"type":"if","locations":[{"start":{"line":285,"column":2},"end":{"line":287,"column":3}},{"start":{},"end":{}}]},"79":{"loc":{"start":{"line":285,"column":6},"end":{"line":285,"column":62}},"type":"binary-expr","locations":[{"start":{"line":285,"column":6},"end":{"line":285,"column":30}},{"start":{"line":285,"column":34},"end":{"line":285,"column":62}}]},"80":{"loc":{"start":{"line":289,"column":2},"end":{"line":293,"column":3}},"type":"if","locations":[{"start":{"line":289,"column":2},"end":{"line":293,"column":3}},{"start":{},"end":{}}]},"81":{"loc":{"start":{"line":297,"column":2},"end":{"line":297,"column":24}},"type":"if","locations":[{"start":{"line":297,"column":2},"end":{"line":297,"column":24}},{"start":{},"end":{}}]},"82":{"loc":{"start":{"line":298,"column":2},"end":{"line":298,"column":38}},"type":"if","locations":[{"start":{"line":298,"column":2},"end":{"line":298,"column":38}},{"start":{},"end":{}}]}},"s":{"0":2,"1":2,"2":2,"3":2,"4":2,"5":2,"6":2,"7":2,"8":6,"9":6,"10":0,"11":0,"12":0,"13":0,"14":0,"15":0,"16":0,"17":0,"18":0,"19":0,"20":0,"21":0,"22":0,"23":0,"24":2,"25":2,"26":2,"27":2,"28":2,"29":0,"30":0,"31":2,"32":2,"33":1,"34":1,"35":1,"36":0,"37":1,"38":1,"39":1,"40":1,"41":1,"42":1,"43":3,"44":6,"45":0,"46":6,"47":3,"48":3,"49":0,"50":1,"51":0,"52":1,"53":0,"54":1,"55":0,"56":1,"57":1,"58":2,"59":0,"60":0,"61":0,"62":0,"63":0,"64":0,"65":0,"66":0,"67":0,"68":0,"69":0,"70":0,"71":0,"72":0,"73":0,"74":2},"f":{"0":2,"1":2,"2":1,"3":6,"4":2,"5":0,"6":0},"b":{"0":[2,0],"1":[0,6],"2":[0,0],"3":[0,0],"4":[0,0],"5":[0,0],"6":[0,0],"7":[0,0],"8":[0,0],"9":[0,0],"10":[2,0],"11":[2,2],"12":[2,2],"13":[2,2],"14":[2,2],"15":[2,2],"16":[2,2,2],"17":[2,0],"18":[2,2,2],"19":[2,2],"20":[2,2],"21":[2,2,2],"22":[2,2],"23":[2,2],"24":[2,2],"25":[2,2],"26":[2,2],"27":[2,2],"28":[2,2],"29":[2,2],"30":[2,2],"31":[2,2],"32":[2,2],"33":[2,2],"34":[2,2],"35":[2,2],"36":[2,2],"37":[2,2],"38":[2,2],"39":[2,2],"40":[2,2],"41":[2,2],"42":[2,2],"43":[2,2],"44":[2,2],"45":[2,2],"46":[2,2],"47":[2,2],"48":[2,2],"49":[2,2],"50":[2,2],"51":[2,2],"52":[2,2],"53":[2,2],"54":[2,2],"55":[2,2],"56":[2,2],"57":[2,2],"58":[2,2],"59":[2,2],"60":[2,2],"61":[2,2],"62":[2,2],"63":[2,2],"64":[1,0],"65":[1,1],"66":[0,1],"67":[1,0],"68":[1,0],"69":[0,6],"70":[6,6],"71":[3,0],"72":[3,3,1],"73":[0,3],"74":[0,1],"75":[1,1],"76":[0,1],"77":[1,1],"78":[0,1],"79":[1,1],"80":[1,0],"81":[0,0],"82":[0,0]}}
,"/home/alex/armored-archer/backend/src/config/logger.ts": {"path":"/home/alex/armored-archer/backend/src/config/logger.ts","statementMap":{"0":{"start":{"line":77,"column":0},"end":{"line":77,"column":16}},"1":{"start":{"line":91,"column":0},"end":{"line":91,"column":16}},"2":{"start":{"line":105,"column":0},"end":{"line":105,"column":16}},"3":{"start":{"line":122,"column":0},"end":{"line":122,"column":16}},"4":{"start":{"line":133,"column":0},"end":{"line":133,"column":16}},"5":{"start":{"line":1,"column":0},"end":{"line":1,"column":30}},"6":{"start":{"line":2,"column":0},"end":{"line":2,"column":35}},"7":{"start":{"line":4,"column":18},"end":{"line":9,"column":2}},"8":{"start":{"line":11,"column":18},"end":{"line":16,"column":2}},"9":{"start":{"line":18,"column":0},"end":{"line":18,"column":29}},"10":{"start":{"line":20,"column":15},"end":{"line":26,"column":null}},"11":{"start":{"line":29,"column":22},"end":{"line":42,"column":null}},"12":{"start":{"line":36,"column":16},"end":{"line":36,"column":53}},"13":{"start":{"line":37,"column":6},"end":{"line":39,"column":7}},"14":{"start":{"line":38,"column":8},"end":{"line":38,"column":42}},"15":{"start":{"line":40,"column":6},"end":{"line":40,"column":17}},"16":{"start":{"line":45,"column":40},"end":{"line":49,"column":2}},"17":{"start":{"line":51,"column":0},"end":{"line":65,"column":1}},"18":{"start":{"line":52,"column":22},"end":{"line":52,"column":67}},"19":{"start":{"line":53,"column":2},"end":{"line":64,"column":4}},"20":{"start":{"line":67,"column":13},"end":{"line":73,"column":3}},"21":{"start":{"line":83,"column":2},"end":{"line":88,"column":5}},"22":{"start":{"line":97,"column":2},"end":{"line":102,"column":5}},"23":{"start":{"line":112,"column":2},"end":{"line":119,"column":5}},"24":{"start":{"line":127,"column":2},"end":{"line":130,"column":5}},"25":{"start":{"line":139,"column":2},"end":{"line":139,"column":52}}},"fnMap":{"0":{"name":"(anonymous_1)","decl":{"start":{"line":35,"column":4},"end":{"line":35,"column":5}},"loc":{"start":{"line":35,"column":82},"end":{"line":41,"column":5}}},"1":{"name":"logRpcEntry","decl":{"start":{"line":77,"column":16},"end":{"line":77,"column":27}},"loc":{"start":{"line":81,"column":19},"end":{"line":89,"column":1}}},"2":{"name":"logRpcExit","decl":{"start":{"line":91,"column":16},"end":{"line":91,"column":26}},"loc":{"start":{"line":95,"column":20},"end":{"line":103,"column":1}}},"3":{"name":"logRpcError","decl":{"start":{"line":105,"column":16},"end":{"line":105,"column":27}},"loc":{"start":{"line":110,"column":20},"end":{"line":120,"column":1}}},"4":{"name":"logSystemEvent","decl":{"start":{"line":122,"column":16},"end":{"line":122,"column":30}},"loc":{"start":{"line":125,"column":36},"end":{"line":131,"column":1}}},"5":{"name":"captureRpcError","decl":{"start":{"line":133,"column":16},"end":{"line":133,"column":31}},"loc":{"start":{"line":137,"column":19},"end":{"line":140,"column":1}}}},"branchMap":{"0":{"loc":{"start":{"line":37,"column":6},"end":{"line":39,"column":7}},"type":"if","locations":[{"start":{"line":37,"column":6},"end":{"line":39,"column":7}},{"start":{},"end":{}}]},"1":{"loc":{"start":{"line":47,"column":12},"end":{"line":47,"column":68}},"type":"cond-expr","locations":[{"start":{"line":47,"column":46},"end":{"line":47,"column":52}},{"start":{"line":47,"column":55},"end":{"line":47,"column":68}}]},"2":{"loc":{"start":{"line":51,"column":0},"end":{"line":65,"column":1}},"type":"if","locations":[{"start":{"line":51,"column":0},"end":{"line":65,"column":1}},{"start":{},"end":{}}]},"3":{"loc":{"start":{"line":51,"column":4},"end":{"line":51,"column":64}},"type":"binary-expr","locations":[{"start":{"line":51,"column":4},"end":{"line":51,"column":35}},{"start":{"line":51,"column":39},"end":{"line":51,"column":64}}]},"4":{"loc":{"start":{"line":52,"column":22},"end":{"line":52,"column":67}},"type":"binary-expr","locations":[{"start":{"line":52,"column":22},"end":{"line":52,"column":47}},{"start":{"line":52,"column":51},"end":{"line":52,"column":67}}]},"5":{"loc":{"start":{"line":87,"column":13},"end":{"line":87,"column":58}},"type":"cond-expr","locations":[{"start":{"line":87,"column":23},"end":{"line":87,"column":46}},{"start":{"line":87,"column":49},"end":{"line":87,"column":58}}]},"6":{"loc":{"start":{"line":125,"column":2},"end":{"line":125,"column":36}},"type":"default-arg","locations":[{"start":{"line":125,"column":34},"end":{"line":125,"column":36}}]}},"s":{"0":1,"1":1,"2":1,"3":1,"4":1,"5":1,"6":1,"7":1,"8":1,"9":1,"10":1,"11":1,"12":0,"13":0,"14":0,"15":0,"16":1,"17":1,"18":0,"19":0,"20":1,"21":2,"22":1,"23":3,"24":0,"25":1},"f":{"0":0,"1":2,"2":1,"3":3,"4":0,"5":1},"b":{"0":[0,0],"1":[1,0],"2":[0,1],"3":[1,1],"4":[0,0],"5":[1,1],"6":[0]}}
,"/home/alex/armored-archer/backend/src/modules/combat_system.ts": {"path":"/home/alex/armored-archer/backend/src/modules/combat_system.ts","statementMap":{"0":{"start":{"line":101,"column":0},"end":{"line":101,"column":16}},"1":{"start":{"line":129,"column":0},"end":{"line":129,"column":16}},"2":{"start":{"line":203,"column":0},"end":{"line":203,"column":16}},"3":{"start":{"line":230,"column":0},"end":{"line":230,"column":16}},"4":{"start":{"line":4,"column":0},"end":{"line":4,"column":90}},"5":{"start":{"line":102,"column":2},"end":{"line":102,"column":88}},"6":{"start":{"line":135,"column":2},"end":{"line":135,"column":70}},"7":{"start":{"line":137,"column":21},"end":{"line":140,"column":null}},"8":{"start":{"line":142,"column":2},"end":{"line":144,"column":3}},"9":{"start":{"line":143,"column":4},"end":{"line":143,"column":83}},"10":{"start":{"line":146,"column":17},"end":{"line":146,"column":32}},"11":{"start":{"line":148,"column":23},"end":{"line":154,"column":4}},"12":{"start":{"line":156,"column":2},"end":{"line":160,"column":3}},"13":{"start":{"line":157,"column":4},"end":{"line":159,"column":7}},"14":{"start":{"line":162,"column":16},"end":{"line":162,"column":49}},"15":{"start":{"line":164,"column":2},"end":{"line":168,"column":3}},"16":{"start":{"line":165,"column":4},"end":{"line":167,"column":7}},"17":{"start":{"line":170,"column":2},"end":{"line":174,"column":3}},"18":{"start":{"line":171,"column":4},"end":{"line":173,"column":7}},"19":{"start":{"line":176,"column":21},"end":{"line":176,"column":78}},"20":{"start":{"line":178,"column":2},"end":{"line":182,"column":3}},"21":{"start":{"line":179,"column":4},"end":{"line":181,"column":7}},"22":{"start":{"line":184,"column":17},"end":{"line":184,"column":87}},"23":{"start":{"line":186,"column":2},"end":{"line":186,"column":33}},"24":{"start":{"line":188,"column":2},"end":{"line":190,"column":3}},"25":{"start":{"line":189,"column":4},"end":{"line":189,"column":48}},"26":{"start":{"line":192,"column":2},"end":{"line":195,"column":5}},"27":{"start":{"line":204,"column":2},"end":{"line":204,"column":78}},"28":{"start":{"line":236,"column":2},"end":{"line":236,"column":65}},"29":{"start":{"line":238,"column":21},"end":{"line":238,"column":92}},"30":{"start":{"line":239,"column":2},"end":{"line":241,"column":3}},"31":{"start":{"line":240,"column":4},"end":{"line":240,"column":78}},"32":{"start":{"line":243,"column":18},"end":{"line":243,"column":33}},"33":{"start":{"line":245,"column":23},"end":{"line":251,"column":4}},"34":{"start":{"line":253,"column":2},"end":{"line":257,"column":3}},"35":{"start":{"line":254,"column":4},"end":{"line":256,"column":7}},"36":{"start":{"line":259,"column":2},"end":{"line":259,"column":31}},"37":{"start":{"line":277,"column":23},"end":{"line":283,"column":4}},"38":{"start":{"line":285,"column":2},"end":{"line":287,"column":3}},"39":{"start":{"line":286,"column":4},"end":{"line":286,"column":45}},"40":{"start":{"line":289,"column":23},"end":{"line":289,"column":67}},"41":{"start":{"line":290,"column":24},"end":{"line":290,"column":69}},"42":{"start":{"line":292,"column":21},"end":{"line":292,"column":24}},"43":{"start":{"line":293,"column":20},"end":{"line":293,"column":56}},"44":{"start":{"line":295,"column":33},"end":{"line":307,"column":4}},"45":{"start":{"line":309,"column":2},"end":{"line":309,"column":20}},"46":{"start":{"line":331,"column":20},"end":{"line":331,"column":52}},"47":{"start":{"line":332,"column":24},"end":{"line":332,"column":88}},"48":{"start":{"line":333,"column":24},"end":{"line":333,"column":88}},"49":{"start":{"line":335,"column":31},"end":{"line":343,"column":4}},"50":{"start":{"line":345,"column":2},"end":{"line":399,"column":3}},"51":{"start":{"line":346,"column":16},"end":{"line":346,"column":58}},"52":{"start":{"line":348,"column":4},"end":{"line":398,"column":5}},"53":{"start":{"line":349,"column":21},"end":{"line":349,"column":66}},"54":{"start":{"line":350,"column":21},"end":{"line":350,"column":65}},"55":{"start":{"line":351,"column":26},"end":{"line":351,"column":54}},"56":{"start":{"line":353,"column":6},"end":{"line":353,"column":24}},"57":{"start":{"line":354,"column":6},"end":{"line":354,"column":34}},"58":{"start":{"line":355,"column":6},"end":{"line":355,"column":30}},"59":{"start":{"line":357,"column":6},"end":{"line":361,"column":7}},"60":{"start":{"line":358,"column":8},"end":{"line":358,"column":91}},"61":{"start":{"line":360,"column":8},"end":{"line":360,"column":89}},"62":{"start":{"line":363,"column":39},"end":{"line":371,"column":8}},"63":{"start":{"line":373,"column":6},"end":{"line":373,"column":36}},"64":{"start":{"line":375,"column":6},"end":{"line":385,"column":7}},"65":{"start":{"line":376,"column":8},"end":{"line":376,"column":47}},"66":{"start":{"line":377,"column":8},"end":{"line":377,"column":42}},"67":{"start":{"line":378,"column":8},"end":{"line":378,"column":40}},"68":{"start":{"line":379,"column":8},"end":{"line":379,"column":51}},"69":{"start":{"line":380,"column":13},"end":{"line":385,"column":7}},"70":{"start":{"line":381,"column":8},"end":{"line":381,"column":46}},"71":{"start":{"line":382,"column":8},"end":{"line":382,"column":42}},"72":{"start":{"line":383,"column":8},"end":{"line":383,"column":40}},"73":{"start":{"line":384,"column":8},"end":{"line":384,"column":50}},"74":{"start":{"line":387,"column":39},"end":{"line":395,"column":8}},"75":{"start":{"line":397,"column":6},"end":{"line":397,"column":36}},"76":{"start":{"line":401,"column":2},"end":{"line":401,"column":20}},"77":{"start":{"line":402,"column":2},"end":{"line":402,"column":95}},"78":{"start":{"line":404,"column":2},"end":{"line":404,"column":16}},"79":{"start":{"line":415,"column":22},"end":{"line":415,"column":55}},"80":{"start":{"line":416,"column":20},"end":{"line":416,"column":37}},"81":{"start":{"line":417,"column":15},"end":{"line":417,"column":28}},"82":{"start":{"line":419,"column":2},"end":{"line":419,"column":27}},"83":{"start":{"line":430,"column":21},"end":{"line":430,"column":58}},"84":{"start":{"line":431,"column":27},"end":{"line":431,"column":60}},"85":{"start":{"line":432,"column":22},"end":{"line":432,"column":64}},"86":{"start":{"line":434,"column":2},"end":{"line":434,"column":33}},"87":{"start":{"line":444,"column":21},"end":{"line":444,"column":37}},"88":{"start":{"line":445,"column":15},"end":{"line":445,"column":28}},"89":{"start":{"line":447,"column":2},"end":{"line":447,"column":28}},"90":{"start":{"line":459,"column":18},"end":{"line":465,"column":4}},"91":{"start":{"line":467,"column":2},"end":{"line":478,"column":3}},"92":{"start":{"line":468,"column":4},"end":{"line":477,"column":6}},"93":{"start":{"line":480,"column":2},"end":{"line":480,"column":38}},"94":{"start":{"line":490,"column":2},"end":{"line":497,"column":5}},"95":{"start":{"line":508,"column":2},"end":{"line":508,"column":29}},"96":{"start":{"line":509,"column":2},"end":{"line":509,"column":24}},"97":{"start":{"line":510,"column":2},"end":{"line":510,"column":32}},"98":{"start":{"line":512,"column":2},"end":{"line":519,"column":5}}},"fnMap":{"0":{"name":"registerRpcSubmitCombatAction","decl":{"start":{"line":101,"column":16},"end":{"line":101,"column":45}},"loc":{"start":{"line":101,"column":78},"end":{"line":103,"column":1}}},"1":{"name":"rpcSubmitCombatAction","decl":{"start":{"line":129,"column":16},"end":{"line":129,"column":37}},"loc":{"start":{"line":133,"column":17},"end":{"line":196,"column":1}}},"2":{"name":"registerRpcGetMatchState","decl":{"start":{"line":203,"column":16},"end":{"line":203,"column":40}},"loc":{"start":{"line":203,"column":73},"end":{"line":205,"column":1}}},"3":{"name":"rpcGetMatchState","decl":{"start":{"line":230,"column":16},"end":{"line":230,"column":32}},"loc":{"start":{"line":234,"column":17},"end":{"line":260,"column":1}}},"4":{"name":"getOrCreateMatchState","decl":{"start":{"line":271,"column":9},"end":{"line":271,"column":30}},"loc":{"start":{"line":275,"column":24},"end":{"line":310,"column":1}}},"5":{"name":"processCombatAction","decl":{"start":{"line":323,"column":9},"end":{"line":323,"column":28}},"loc":{"start":{"line":329,"column":25},"end":{"line":405,"column":1}}},"6":{"name":"calculateHit","decl":{"start":{"line":414,"column":9},"end":{"line":414,"column":21}},"loc":{"start":{"line":414,"column":76},"end":{"line":420,"column":1}}},"7":{"name":"calculateDamage","decl":{"start":{"line":429,"column":9},"end":{"line":429,"column":24}},"loc":{"start":{"line":429,"column":79},"end":{"line":435,"column":1}}},"8":{"name":"calculateCrit","decl":{"start":{"line":443,"column":9},"end":{"line":443,"column":22}},"loc":{"start":{"line":443,"column":39},"end":{"line":448,"column":1}}},"9":{"name":"getPlayerStats","decl":{"start":{"line":458,"column":9},"end":{"line":458,"column":23}},"loc":{"start":{"line":458,"column":83},"end":{"line":481,"column":1}}},"10":{"name":"saveMatchState","decl":{"start":{"line":489,"column":9},"end":{"line":489,"column":23}},"loc":{"start":{"line":489,"column":66},"end":{"line":498,"column":1}}},"11":{"name":"updateMatchStatus","decl":{"start":{"line":507,"column":9},"end":{"line":507,"column":26}},"loc":{"start":{"line":507,"column":78},"end":{"line":520,"column":1}}}},"branchMap":{"0":{"loc":{"start":{"line":142,"column":2},"end":{"line":144,"column":3}},"type":"if","locations":[{"start":{"line":142,"column":2},"end":{"line":144,"column":3}},{"start":{},"end":{}}]},"1":{"loc":{"start":{"line":156,"column":2},"end":{"line":160,"column":3}},"type":"if","locations":[{"start":{"line":156,"column":2},"end":{"line":160,"column":3}},{"start":{},"end":{}}]},"2":{"loc":{"start":{"line":164,"column":2},"end":{"line":168,"column":3}},"type":"if","locations":[{"start":{"line":164,"column":2},"end":{"line":168,"column":3}},{"start":{},"end":{}}]},"3":{"loc":{"start":{"line":170,"column":2},"end":{"line":174,"column":3}},"type":"if","locations":[{"start":{"line":170,"column":2},"end":{"line":174,"column":3}},{"start":{},"end":{}}]},"4":{"loc":{"start":{"line":170,"column":6},"end":{"line":170,"column":73}},"type":"binary-expr","locations":[{"start":{"line":170,"column":6},"end":{"line":170,"column":37}},{"start":{"line":170,"column":41},"end":{"line":170,"column":73}}]},"5":{"loc":{"start":{"line":178,"column":2},"end":{"line":182,"column":3}},"type":"if","locations":[{"start":{"line":178,"column":2},"end":{"line":182,"column":3}},{"start":{},"end":{}}]},"6":{"loc":{"start":{"line":188,"column":2},"end":{"line":190,"column":3}},"type":"if","locations":[{"start":{"line":188,"column":2},"end":{"line":190,"column":3}},{"start":{},"end":{}}]},"7":{"loc":{"start":{"line":239,"column":2},"end":{"line":241,"column":3}},"type":"if","locations":[{"start":{"line":239,"column":2},"end":{"line":241,"column":3}},{"start":{},"end":{}}]},"8":{"loc":{"start":{"line":253,"column":2},"end":{"line":257,"column":3}},"type":"if","locations":[{"start":{"line":253,"column":2},"end":{"line":257,"column":3}},{"start":{},"end":{}}]},"9":{"loc":{"start":{"line":285,"column":2},"end":{"line":287,"column":3}},"type":"if","locations":[{"start":{"line":285,"column":2},"end":{"line":287,"column":3}},{"start":{},"end":{}}]},"10":{"loc":{"start":{"line":332,"column":24},"end":{"line":332,"column":88}},"type":"cond-expr","locations":[{"start":{"line":332,"column":36},"end":{"line":332,"column":60}},{"start":{"line":332,"column":63},"end":{"line":332,"column":88}}]},"11":{"loc":{"start":{"line":333,"column":24},"end":{"line":333,"column":88}},"type":"cond-expr","locations":[{"start":{"line":333,"column":36},"end":{"line":333,"column":61}},{"start":{"line":333,"column":64},"end":{"line":333,"column":88}}]},"12":{"loc":{"start":{"line":345,"column":2},"end":{"line":399,"column":3}},"type":"if","locations":[{"start":{"line":345,"column":2},"end":{"line":399,"column":3}},{"start":{},"end":{}}]},"13":{"loc":{"start":{"line":348,"column":4},"end":{"line":398,"column":5}},"type":"if","locations":[{"start":{"line":348,"column":4},"end":{"line":398,"column":5}},{"start":{"line":386,"column":11},"end":{"line":398,"column":5}}]},"14":{"loc":{"start":{"line":351,"column":26},"end":{"line":351,"column":54}},"type":"cond-expr","locations":[{"start":{"line":351,"column":35},"end":{"line":351,"column":45}},{"start":{"line":351,"column":48},"end":{"line":351,"column":54}}]},"15":{"loc":{"start":{"line":357,"column":6},"end":{"line":361,"column":7}},"type":"if","locations":[{"start":{"line":357,"column":6},"end":{"line":361,"column":7}},{"start":{"line":359,"column":13},"end":{"line":361,"column":7}}]},"16":{"loc":{"start":{"line":375,"column":6},"end":{"line":385,"column":7}},"type":"if","locations":[{"start":{"line":375,"column":6},"end":{"line":385,"column":7}},{"start":{"line":380,"column":13},"end":{"line":385,"column":7}}]},"17":{"loc":{"start":{"line":380,"column":13},"end":{"line":385,"column":7}},"type":"if","locations":[{"start":{"line":380,"column":13},"end":{"line":385,"column":7}},{"start":{},"end":{}}]},"18":{"loc":{"start":{"line":402,"column":36},"end":{"line":402,"column":94}},"type":"cond-expr","locations":[{"start":{"line":402,"column":48},"end":{"line":402,"column":70}},{"start":{"line":402,"column":73},"end":{"line":402,"column":94}}]},"19":{"loc":{"start":{"line":467,"column":2},"end":{"line":478,"column":3}},"type":"if","locations":[{"start":{"line":467,"column":2},"end":{"line":478,"column":3}},{"start":{},"end":{}}]}},"s":{"0":1,"1":1,"2":1,"3":1,"4":1,"5":0,"6":6,"7":6,"8":6,"9":1,"10":5,"11":5,"12":5,"13":1,"14":4,"15":4,"16":1,"17":3,"18":1,"19":2,"20":2,"21":1,"22":1,"23":1,"24":1,"25":0,"26":1,"27":0,"28":2,"29":2,"30":2,"31":0,"32":2,"33":2,"34":2,"35":1,"36":1,"37":2,"38":2,"39":2,"40":0,"41":0,"42":0,"43":0,"44":0,"45":0,"46":1,"47":1,"48":1,"49":1,"50":1,"51":1,"52":1,"53":1,"54":1,"55":1,"56":1,"57":1,"58":1,"59":1,"60":1,"61":0,"62":1,"63":1,"64":1,"65":0,"66":0,"67":0,"68":0,"69":1,"70":0,"71":0,"72":0,"73":0,"74":0,"75":0,"76":1,"77":1,"78":1,"79":1,"80":1,"81":1,"82":1,"83":1,"84":1,"85":1,"86":1,"87":1,"88":1,"89":1,"90":0,"91":0,"92":0,"93":0,"94":1,"95":0,"96":0,"97":0,"98":0},"f":{"0":0,"1":6,"2":0,"3":2,"4":2,"5":1,"6":1,"7":1,"8":1,"9":0,"10":1,"11":0},"b":{"0":[1,5],"1":[1,4],"2":[1,3],"3":[1,2],"4":[3,1],"5":[1,1],"6":[0,1],"7":[0,2],"8":[1,1],"9":[2,0],"10":[1,0],"11":[1,0],"12":[1,0],"13":[1,0],"14":[0,1],"15":[1,0],"16":[0,1],"17":[0,1],"18":[1,0],"19":[0,0]}}
,"/home/alex/armored-archer/backend/src/modules/config_validation.ts": {"path":"/home/alex/armored-archer/backend/src/modules/config_validation.ts","statementMap":{"0":{"start":{"line":4,"column":0},"end":{"line":4,"column":16}},"1":{"start":{"line":2,"column":0},"end":{"line":2,"column":35}},"2":{"start":{"line":5,"column":2},"end":{"line":7,"column":3}},"3":{"start":{"line":6,"column":4},"end":{"line":6,"column":63}},"4":{"start":{"line":8,"column":2},"end":{"line":10,"column":3}},"5":{"start":{"line":9,"column":4},"end":{"line":9,"column":71}},"6":{"start":{"line":11,"column":2},"end":{"line":11,"column":54}}},"fnMap":{"0":{"name":"validateConfiguration","decl":{"start":{"line":4,"column":16},"end":{"line":4,"column":37}},"loc":{"start":{"line":4,"column":60},"end":{"line":12,"column":1}}}},"branchMap":{"0":{"loc":{"start":{"line":5,"column":2},"end":{"line":7,"column":3}},"type":"if","locations":[{"start":{"line":5,"column":2},"end":{"line":7,"column":3}},{"start":{},"end":{}}]},"1":{"loc":{"start":{"line":5,"column":6},"end":{"line":5,"column":58}},"type":"binary-expr","locations":[{"start":{"line":5,"column":6},"end":{"line":5,"column":28}},{"start":{"line":5,"column":32},"end":{"line":5,"column":58}}]},"2":{"loc":{"start":{"line":8,"column":2},"end":{"line":10,"column":3}},"type":"if","locations":[{"start":{"line":8,"column":2},"end":{"line":10,"column":3}},{"start":{},"end":{}}]},"3":{"loc":{"start":{"line":8,"column":6},"end":{"line":8,"column":72}},"type":"binary-expr","locations":[{"start":{"line":8,"column":6},"end":{"line":8,"column":35}},{"start":{"line":8,"column":39},"end":{"line":8,"column":72}}]}},"s":{"0":0,"1":0,"2":0,"3":0,"4":0,"5":0,"6":0},"f":{"0":0},"b":{"0":[0,0],"1":[0,0],"2":[0,0],"3":[0,0]}}
,"/home/alex/armored-archer/backend/src/modules/gear_system.ts": {"path":"/home/alex/armored-archer/backend/src/modules/gear_system.ts","statementMap":{"0":{"start":{"line":412,"column":0},"end":{"line":412,"column":16}},"1":{"start":{"line":436,"column":0},"end":{"line":436,"column":16}},"2":{"start":{"line":516,"column":0},"end":{"line":516,"column":16}},"3":{"start":{"line":540,"column":0},"end":{"line":540,"column":16}},"4":{"start":{"line":621,"column":0},"end":{"line":621,"column":16}},"5":{"start":{"line":644,"column":0},"end":{"line":644,"column":16}},"6":{"start":{"line":715,"column":0},"end":{"line":715,"column":16}},"7":{"start":{"line":739,"column":0},"end":{"line":739,"column":16}},"8":{"start":{"line":785,"column":0},"end":{"line":785,"column":16}},"9":{"start":{"line":808,"column":0},"end":{"line":808,"column":16}},"10":{"start":{"line":2,"column":0},"end":{"line":2,"column":68}},"11":{"start":{"line":3,"column":0},"end":{"line":3,"column":49}},"12":{"start":{"line":4,"column":0},"end":{"line":4,"column":90}},"13":{"start":{"line":124,"column":48},"end":{"line":143,"column":2}},"14":{"start":{"line":145,"column":19},"end":{"line":145,"column":51}},"15":{"start":{"line":147,"column":19},"end":{"line":160,"column":2}},"16":{"start":{"line":162,"column":39},"end":{"line":208,"column":2}},"17":{"start":{"line":210,"column":19},"end":{"line":214,"column":2}},"18":{"start":{"line":222,"column":2},"end":{"line":222,"column":73}},"19":{"start":{"line":231,"column":15},"end":{"line":231,"column":28}},"20":{"start":{"line":233,"column":2},"end":{"line":239,"column":3}},"21":{"start":{"line":234,"column":4},"end":{"line":234,"column":23}},"22":{"start":{"line":235,"column":9},"end":{"line":239,"column":3}},"23":{"start":{"line":236,"column":4},"end":{"line":236,"column":18}},"24":{"start":{"line":238,"column":4},"end":{"line":238,"column":20}},"25":{"start":{"line":249,"column":2},"end":{"line":249,"column":57}},"26":{"start":{"line":267,"column":23},"end":{"line":267,"column":46}},"27":{"start":{"line":268,"column":28},"end":{"line":268,"column":88}},"28":{"start":{"line":270,"column":2},"end":{"line":272,"column":3}},"29":{"start":{"line":271,"column":4},"end":{"line":271,"column":29}},"30":{"start":{"line":274,"column":39},"end":{"line":280,"column":4}},"31":{"start":{"line":282,"column":2},"end":{"line":282,"column":59}},"32":{"start":{"line":283,"column":2},"end":{"line":283,"column":21}},"33":{"start":{"line":295,"column":22},"end":{"line":295,"column":48}},"34":{"start":{"line":296,"column":16},"end":{"line":296,"column":70}},"35":{"start":{"line":297,"column":19},"end":{"line":297,"column":39}},"36":{"start":{"line":299,"column":2},"end":{"line":303,"column":3}},"37":{"start":{"line":300,"column":4},"end":{"line":300,"column":35}},"38":{"start":{"line":301,"column":9},"end":{"line":303,"column":3}},"39":{"start":{"line":302,"column":4},"end":{"line":302,"column":68}},"40":{"start":{"line":305,"column":2},"end":{"line":305,"column":18}},"41":{"start":{"line":317,"column":22},"end":{"line":317,"column":48}},"42":{"start":{"line":318,"column":27},"end":{"line":318,"column":71}},"43":{"start":{"line":319,"column":20},"end":{"line":319,"column":85}},"44":{"start":{"line":321,"column":2},"end":{"line":325,"column":6}},"45":{"start":{"line":321,"column":34},"end":{"line":325,"column":4}},"46":{"start":{"line":341,"column":22},"end":{"line":341,"column":48}},"47":{"start":{"line":342,"column":29},"end":{"line":350,"column":4}},"48":{"start":{"line":343,"column":4},"end":{"line":345,"column":5}},"49":{"start":{"line":344,"column":6},"end":{"line":344,"column":19}},"50":{"start":{"line":346,"column":4},"end":{"line":348,"column":5}},"51":{"start":{"line":347,"column":6},"end":{"line":347,"column":19}},"52":{"start":{"line":349,"column":4},"end":{"line":349,"column":16}},"53":{"start":{"line":352,"column":2},"end":{"line":354,"column":3}},"54":{"start":{"line":353,"column":4},"end":{"line":353,"column":14}},"55":{"start":{"line":356,"column":23},"end":{"line":356,"column":77}},"56":{"start":{"line":357,"column":36},"end":{"line":357,"column":38}},"57":{"start":{"line":359,"column":2},"end":{"line":370,"column":3}},"58":{"start":{"line":359,"column":15},"end":{"line":359,"column":16}},"59":{"start":{"line":360,"column":16},"end":{"line":360,"column":49}},"60":{"start":{"line":361,"column":4},"end":{"line":369,"column":5}},"61":{"start":{"line":361,"column":31},"end":{"line":361,"column":46}},"62":{"start":{"line":362,"column":25},"end":{"line":362,"column":40}},"63":{"start":{"line":363,"column":20},"end":{"line":363,"column":99}},"64":{"start":{"line":365,"column":6},"end":{"line":368,"column":9}},"65":{"start":{"line":372,"column":2},"end":{"line":372,"column":19}},"66":{"start":{"line":388,"column":22},"end":{"line":388,"column":48}},"67":{"start":{"line":389,"column":17},"end":{"line":389,"column":29}},"68":{"start":{"line":390,"column":15},"end":{"line":390,"column":51}},"69":{"start":{"line":391,"column":15},"end":{"line":391,"column":48}},"70":{"start":{"line":393,"column":25},"end":{"line":402,"column":4}},"71":{"start":{"line":404,"column":2},"end":{"line":404,"column":14}},"72":{"start":{"line":413,"column":2},"end":{"line":413,"column":75}},"73":{"start":{"line":442,"column":2},"end":{"line":442,"column":63}},"74":{"start":{"line":444,"column":21},"end":{"line":444,"column":88}},"75":{"start":{"line":445,"column":2},"end":{"line":447,"column":3}},"76":{"start":{"line":446,"column":4},"end":{"line":446,"column":76}},"77":{"start":{"line":449,"column":18},"end":{"line":449,"column":33}},"78":{"start":{"line":451,"column":27},"end":{"line":457,"column":4}},"79":{"start":{"line":461,"column":2},"end":{"line":485,"column":3}},"80":{"start":{"line":462,"column":4},"end":{"line":467,"column":6}},"81":{"start":{"line":469,"column":18},"end":{"line":469,"column":43}},"82":{"start":{"line":470,"column":4},"end":{"line":484,"column":5}},"83":{"start":{"line":471,"column":26},"end":{"line":471,"column":89}},"84":{"start":{"line":472,"column":6},"end":{"line":475,"column":7}},"85":{"start":{"line":473,"column":8},"end":{"line":473,"column":45}},"86":{"start":{"line":474,"column":8},"end":{"line":474,"column":75}},"87":{"start":{"line":476,"column":6},"end":{"line":476,"column":35}},"88":{"start":{"line":478,"column":6},"end":{"line":483,"column":8}},"89":{"start":{"line":487,"column":15},"end":{"line":487,"column":92}},"90":{"start":{"line":488,"column":2},"end":{"line":488,"column":28}},"91":{"start":{"line":490,"column":2},"end":{"line":497,"column":5}},"92":{"start":{"line":499,"column":2},"end":{"line":499,"column":88}},"93":{"start":{"line":501,"column":2},"end":{"line":508,"column":5}},"94":{"start":{"line":517,"column":2},"end":{"line":517,"column":69}},"95":{"start":{"line":546,"column":2},"end":{"line":546,"column":60}},"96":{"start":{"line":548,"column":21},"end":{"line":548,"column":82}},"97":{"start":{"line":549,"column":2},"end":{"line":551,"column":3}},"98":{"start":{"line":550,"column":4},"end":{"line":550,"column":73}},"99":{"start":{"line":553,"column":18},"end":{"line":553,"column":33}},"100":{"start":{"line":555,"column":27},"end":{"line":561,"column":4}},"101":{"start":{"line":563,"column":2},"end":{"line":567,"column":3}},"102":{"start":{"line":564,"column":4},"end":{"line":566,"column":7}},"103":{"start":{"line":569,"column":16},"end":{"line":569,"column":41}},"104":{"start":{"line":570,"column":2},"end":{"line":574,"column":3}},"105":{"start":{"line":571,"column":4},"end":{"line":573,"column":7}},"106":{"start":{"line":576,"column":22},"end":{"line":576,"column":85}},"107":{"start":{"line":577,"column":2},"end":{"line":580,"column":3}},"108":{"start":{"line":578,"column":4},"end":{"line":578,"column":41}},"109":{"start":{"line":579,"column":4},"end":{"line":579,"column":71}},"110":{"start":{"line":581,"column":37},"end":{"line":581,"column":53}},"111":{"start":{"line":583,"column":20},"end":{"line":583,"column":77}},"112":{"start":{"line":583,"column":52},"end":{"line":583,"column":76}},"113":{"start":{"line":584,"column":2},"end":{"line":588,"column":3}},"114":{"start":{"line":585,"column":4},"end":{"line":587,"column":7}},"115":{"start":{"line":590,"column":15},"end":{"line":590,"column":40}},"116":{"start":{"line":592,"column":2},"end":{"line":596,"column":3}},"117":{"start":{"line":593,"column":4},"end":{"line":595,"column":7}},"118":{"start":{"line":598,"column":2},"end":{"line":598,"column":50}},"119":{"start":{"line":600,"column":2},"end":{"line":607,"column":5}},"120":{"start":{"line":609,"column":2},"end":{"line":613,"column":5}},"121":{"start":{"line":622,"column":2},"end":{"line":622,"column":73}},"122":{"start":{"line":650,"column":2},"end":{"line":650,"column":62}},"123":{"start":{"line":652,"column":21},"end":{"line":652,"column":86}},"124":{"start":{"line":653,"column":2},"end":{"line":655,"column":3}},"125":{"start":{"line":654,"column":4},"end":{"line":654,"column":75}},"126":{"start":{"line":657,"column":18},"end":{"line":657,"column":33}},"127":{"start":{"line":659,"column":27},"end":{"line":665,"column":4}},"128":{"start":{"line":667,"column":2},"end":{"line":671,"column":3}},"129":{"start":{"line":668,"column":4},"end":{"line":670,"column":7}},"130":{"start":{"line":673,"column":16},"end":{"line":673,"column":41}},"131":{"start":{"line":674,"column":2},"end":{"line":678,"column":3}},"132":{"start":{"line":675,"column":4},"end":{"line":677,"column":7}},"133":{"start":{"line":680,"column":22},"end":{"line":680,"column":85}},"134":{"start":{"line":681,"column":2},"end":{"line":684,"column":3}},"135":{"start":{"line":682,"column":4},"end":{"line":682,"column":41}},"136":{"start":{"line":683,"column":4},"end":{"line":683,"column":71}},"137":{"start":{"line":685,"column":37},"end":{"line":685,"column":53}},"138":{"start":{"line":687,"column":2},"end":{"line":691,"column":3}},"139":{"start":{"line":688,"column":4},"end":{"line":690,"column":7}},"140":{"start":{"line":693,"column":2},"end":{"line":693,"column":47}},"141":{"start":{"line":695,"column":2},"end":{"line":702,"column":5}},"142":{"start":{"line":704,"column":2},"end":{"line":707,"column":5}},"143":{"start":{"line":716,"column":2},"end":{"line":716,"column":75}},"144":{"start":{"line":745,"column":2},"end":{"line":745,"column":63}},"145":{"start":{"line":747,"column":21},"end":{"line":747,"column":88}},"146":{"start":{"line":748,"column":2},"end":{"line":750,"column":3}},"147":{"start":{"line":749,"column":4},"end":{"line":749,"column":76}},"148":{"start":{"line":752,"column":27},"end":{"line":758,"column":4}},"149":{"start":{"line":760,"column":2},"end":{"line":766,"column":3}},"150":{"start":{"line":761,"column":4},"end":{"line":765,"column":7}},"151":{"start":{"line":768,"column":16},"end":{"line":768,"column":41}},"152":{"start":{"line":769,"column":2},"end":{"line":771,"column":3}},"153":{"start":{"line":770,"column":4},"end":{"line":770,"column":17}},"154":{"start":{"line":773,"column":2},"end":{"line":777,"column":5}},"155":{"start":{"line":786,"column":2},"end":{"line":786,"column":88}},"156":{"start":{"line":814,"column":2},"end":{"line":814,"column":70}},"157":{"start":{"line":816,"column":21},"end":{"line":819,"column":null}},"158":{"start":{"line":821,"column":2},"end":{"line":823,"column":3}},"159":{"start":{"line":822,"column":4},"end":{"line":822,"column":83}},"160":{"start":{"line":825,"column":21},"end":{"line":825,"column":48}},"161":{"start":{"line":827,"column":27},"end":{"line":833,"column":4}},"162":{"start":{"line":837,"column":2},"end":{"line":861,"column":3}},"163":{"start":{"line":838,"column":4},"end":{"line":843,"column":6}},"164":{"start":{"line":845,"column":18},"end":{"line":845,"column":43}},"165":{"start":{"line":846,"column":4},"end":{"line":860,"column":5}},"166":{"start":{"line":847,"column":26},"end":{"line":847,"column":89}},"167":{"start":{"line":848,"column":6},"end":{"line":851,"column":7}},"168":{"start":{"line":849,"column":8},"end":{"line":849,"column":45}},"169":{"start":{"line":850,"column":8},"end":{"line":850,"column":75}},"170":{"start":{"line":852,"column":6},"end":{"line":852,"column":35}},"171":{"start":{"line":854,"column":6},"end":{"line":859,"column":8}},"172":{"start":{"line":863,"column":2},"end":{"line":865,"column":3}},"173":{"start":{"line":864,"column":4},"end":{"line":864,"column":55}},"174":{"start":{"line":867,"column":2},"end":{"line":874,"column":5}},"175":{"start":{"line":876,"column":2},"end":{"line":876,"column":79}},"176":{"start":{"line":878,"column":2},"end":{"line":881,"column":5}}},"fnMap":{"0":{"name":"generateGearId","decl":{"start":{"line":221,"column":9},"end":{"line":221,"column":23}},"loc":{"start":{"line":221,"column":23},"end":{"line":223,"column":1}}},"1":{"name":"rollRarity","decl":{"start":{"line":230,"column":9},"end":{"line":230,"column":19}},"loc":{"start":{"line":230,"column":19},"end":{"line":240,"column":1}}},"2":{"name":"getRandomItem","decl":{"start":{"line":248,"column":9},"end":{"line":248,"column":22}},"loc":{"start":{"line":248,"column":36},"end":{"line":250,"column":1}}},"3":{"name":"getGearDefinitions","decl":{"start":{"line":266,"column":9},"end":{"line":266,"column":27}},"loc":{"start":{"line":266,"column":50},
[...]
},"7":{"name":"(anonymous_7)","decl":{"start":{"line":125,"column":2},"end":{"line":125,"column":15}},"loc":{"start":{"line":125,"column":15},"end":{"line":133,"column":3}}},"8":{"name":"(anonymous_8)","decl":{"start":{"line":135,"column":2},"end":{"line":135,"column":14}},"loc":{"start":{"line":135,"column":32},"end":{"line":147,"column":3}}},"9":{"name":"getCacheManager","decl":{"start":{"line":164,"column":16},"end":{"line":164,"column":31}},"loc":{"start":{"line":164,"column":55},"end":{"line":169,"column":1}}},"10":{"name":"initializeCaches","decl":{"start":{"line":171,"column":16},"end":{"line":171,"column":32}},"loc":{"start":{"line":171,"column":56},"end":{"line":185,"column":1}}}},"branchMap":{"0":{"loc":{"start":{"line":17,"column":14},"end":{"line":17,"column":50}},"type":"default-arg","locations":[{"start":{"line":17,"column":46},"end":{"line":17,"column":50}}]},"1":{"loc":{"start":{"line":32,"column":4},"end":{"line":34,"column":5}},"type":"if","locations":[{"start":{"line":32,"column":4},"end":{"line":34,"column":5}},{"start":{},"end":{}}]},"2":{"loc":{"start":{"line":43,"column":4},"end":{"line":48,"column":5}},"type":"if","locations":[{"start":{"line":43,"column":4},"end":{"line":48,"column":5}},{"start":{},"end":{}}]},"3":{"loc":{"start":{"line":43,"column":8},"end":{"line":43,"column":26}},"type":"binary-expr","locations":[{"start":{"line":43,"column":8},"end":{"line":43,"column":14}},{"start":{"line":43,"column":18},"end":{"line":43,"column":26}}]},"4":{"loc":{"start":{"line":44,"column":6},"end":{"line":46,"column":7}},"type":"if","locations":[{"start":{"line":44,"column":6},"end":{"line":46,"column":7}},{"start":{},"end":{}}]},"5":{"loc":{"start":{"line":52,"column":4},"end":{"line":62,"column":5}},"type":"if","locations":[{"start":{"line":52,"column":4},"end":{"line":62,"column":5}},{"start":{"line":57,"column":11},"end":{"line":62,"column":5}}]},"6":{"loc":{"start":{"line":54,"column":6},"end":{"line":56,"column":7}},"type":"if","locations":[{"start":{"line":54,"column":6},"end":{"line":56,"column":7}},{"start":{},"end":{}}]},"7":{"loc":{"start":{"line":59,"column":6},"end":{"line":61,"column":7}},"type":"if","locations":[{"start":{"line":59,"column":6},"end":{"line":61,"column":7}},{"start":{},"end":{}}]},"8":{"loc":{"start":{"line":70,"column":4},"end":{"line":75,"column":5}},"type":"if","locations":[{"start":{"line":70,"column":4},"end":{"line":75,"column":5}},{"start":{},"end":{}}]},"9":{"loc":{"start":{"line":71,"column":6},"end":{"line":73,"column":7}},"type":"if","locations":[{"start":{"line":71,"column":6},"end":{"line":73,"column":7}},{"start":{},"end":{}}]},"10":{"loc":{"start":{"line":79,"column":4},"end":{"line":81,"column":5}},"type":"if","locations":[{"start":{"line":79,"column":4},"end":{"line":81,"column":5}},{"start":{},"end":{}}]},"11":{"loc":{"start":{"line":87,"column":4},"end":{"line":92,"column":5}},"type":"if","locations":[{"start":{"line":87,"column":4},"end":{"line":92,"column":5}},{"start":{},"end":{}}]},"12":{"loc":{"start":{"line":88,"column":6},"end":{"line":90,"column":7}},"type":"if","locations":[{"start":{"line":88,"column":6},"end":{"line":90,"column":7}},{"start":{},"end":{}}]},"13":{"loc":{"start":{"line":96,"column":4},"end":{"line":98,"column":5}},"type":"if","locations":[{"start":{"line":96,"column":4},"end":{"line":98,"column":5}},{"start":{},"end":{}}]},"14":{"loc":{"start":{"line":105,"column":4},"end":{"line":110,"column":5}},"type":"if","locations":[{"start":{"line":105,"column":4},"end":{"line":110,"column":5}},{"start":{},"end":{}}]},"15":{"loc":{"start":{"line":105,"column":8},"end":{"line":105,"column":26}},"type":"binary-expr","locations":[{"start":{"line":105,"column":8},"end":{"line":105,"column":14}},{"start":{"line":105,"column":18},"end":{"line":105,"column":26}}]},"16":{"loc":{"start":{"line":106,"column":6},"end":{"line":108,"column":7}},"type":"if","locations":[{"start":{"line":106,"column":6},"end":{"line":108,"column":7}},{"start":{},"end":{}}]},"17":{"loc":{"start":{"line":116,"column":4},"end":{"line":118,"column":5}},"type":"if","locations":[{"start":{"line":116,"column":4},"end":{"line":118,"column":5}},{"start":{},"end":{}}]},"18":{"loc":{"start":{"line":138,"column":4},"end":{"line":140,"column":5}},"type":"if","locations":[{"start":{"line":138,"column":4},"end":{"line":140,"column":5}},{"start":{},"end":{}}]},"19":{"loc":{"start":{"line":145,"column":11},"end":{"line":145,"column":25}},"type":"binary-expr","locations":[{"start":{"line":145,"column":11},"end":{"line":145,"column":20}},{"start":{"line":145,"column":24},"end":{"line":145,"column":25}}]},"20":{"loc":{"start":{"line":165,"column":2},"end":{"line":167,"column":3}},"type":"if","locations":[{"start":{"line":165,"column":2},"end":{"line":167,"column":3}},{"start":{},"end":{}}]},"21":{"loc":{"start":{"line":166,"column":44},"end":{"line":166,"column":58}},"type":"binary-expr","locations":[{"start":{"line":166,"column":44},"end":{"line":166,"column":50}},{"start":{"line":166,"column":54},"end":{"line":166,"column":58}}]},"22":{"loc":{"start":{"line":180,"column":2},"end":{"line":182,"column":3}},"type":"if","locations":[{"start":{"line":180,"column":2},"end":{"line":182,"column":3}},{"start":{},"end":{}}]}},"s":{"0":3,"1":3,"2":3,"3":19,"4":19,"5":19,"6":21,"7":5,"8":5,"9":5,"10":0,"11":5,"12":14,"13":14,"14":14,"15":14,"16":14,"17":14,"18":0,"19":0,"20":0,"21":0,"22":0,"23":0,"24":0,"25":0,"26":0,"27":14,"28":14,"29":14,"30":14,"31":14,"32":0,"33":0,"34":0,"35":2,"36":2,"37":2,"38":2,"39":2,"40":0,"41":0,"42":0,"43":0,"44":0,"45":0,"46":0,"47":0,"48":0,"49":0,"50":0,"51":0,"52":0,"53":0,"54":0,"55":0,"56":0,"57":0,"58":0,"59":2,"60":2,"61":1,"62":1,"63":3,"64":3,"65":3,"66":3,"67":3,"68":3,"69":19,"70":3,"71":19,"72":1,"73":1,"74":1,"75":1,"76":1,"77":1,"78":1,"79":0,"80":1},"f":{"0":19,"1":21,"2":14,"3":14,"4":2,"5":0,"6":0,"7":0,"8":2,"9":19,"10":1},"b":{"0":[0],"1":[0,5],"2":[14,0],"3":[14,0],"4":[14,0],"5":[0,0],"6":[0,0],"7":[0,0],"8":[14,0],"9":[14,0],"10":[0,0],"11":[2,0],"12":[2,0],"13":[0,0],"14":[0,0],"15":[0,0],"16":[0,0],"17":[0,0],"18":[1,1],"19":[1,0],"20":[3,16],"21":[3,1],"22":[0,1]}}
,"/home/alex/armored-archer/backend/src/utils/db_optimizer.ts": {"path":"/home/alex/armored-archer/backend/src/utils/db_optimizer.ts","statementMap":{"0":{"start":{"line":24,"column":0},"end":{"line":24,"column":16}},"1":{"start":{"line":84,"column":0},"end":{"line":84,"column":16}},"2":{"start":{"line":129,"column":0},"end":{"line":129,"column":16}},"3":{"start":{"line":2,"column":0},"end":{"line":2,"column":40}},"4":{"start":{"line":3,"column":0},"end":{"line":3,"column":42}},"5":{"start":{"line":29,"column":23},"end":{"line":29,"column":46}},"6":{"start":{"line":30,"column":17},"end":{"line":30,"column":47}},"7":{"start":{"line":31,"column":36},"end":{"line":31,"column":38}},"8":{"start":{"line":33,"column":2},"end":{"line":40,"column":3}},"9":{"start":{"line":34,"column":24},"end":{"line":34,"column":77}},"10":{"start":{"line":35,"column":4},"end":{"line":39,"column":5}},"11":{"start":{"line":36,"column":6},"end":{"line":36,"column":38}},"12":{"start":{"line":38,"column":6},"end":{"line":38,"column":35}},"13":{"start":{"line":42,"column":2},"end":{"line":79,"column":3}},"14":{"start":{"line":43,"column":47},"end":{"line":47,"column":7}},"15":{"start":{"line":43,"column":80},"end":{"line":47,"column":6}},"16":{"start":{"line":49,"column":20},"end":{"line":49,"column":48}},"17":{"start":{"line":51,"column":4},"end":{"line":60,"column":5}},"18":{"start":{"line":52,"column":6},"end":{"line":59,"column":7}},"19":{"start":{"line":53,"column":28},"end":{"line":53,"column":91}},"20":{"start":{"line":54,"column":8},"end":{"line":58,"column":9}},"21":{"start":{"line":55,"column":24},"end":{"line":55,"column":40}},"22":{"start":{"line":56,"column":10},"end":{"line":56,"column":40}},"23":{"start":{"line":57,"column":10},"end":{"line":57,"column":62}},"24":{"start":{"line":62,"column":4},"end":{"line":78,"column":5}},"25":{"start":{"line":63,"column":6},"end":{"line":77,"column":7}},"26":{"start":{"line":64,"column":42},"end":{"line":75,"column":10}},"27":{"start":{"line":76,"column":8},"end":{"line":76,"column":41}},"28":{"start":{"line":81,"column":2},"end":{"line":81,"column":16}},"29":{"start":{"line":89,"column":23},"end":{"line":89,"column":46}},"30":{"start":{"line":90,"column":22},"end":{"line":90,"column":75}},"31":{"start":{"line":92,"column":2},"end":{"line":94,"column":3}},"32":{"start":{"line":93,"column":4},"end":{"line":93,"column":23}},"33":{"start":{"line":96,"column":18},"end":{"line":102,"column":4}},"34":{"start":{"line":104,"column":2},"end":{"line":111,"column":3}},"35":{"start":{"line":105,"column":24},"end":{"line":105,"column":94}},"36":{"start":{"line":106,"column":4},"end":{"line":110,"column":5}},"37":{"start":{"line":107,"column":20},"end":{"line":107,"column":36}},"38":{"start":{"line":108,"column":6},"end":{"line":108,"column":54}},"39":{"start":{"line":109,"column":6},"end":{"line":109,"column":19}},"40":{"start":{"line":113,"column":36},"end":{"line":124,"column":4}},"41":{"start":{"line":125,"column":2},"end":{"line":125,"column":57}},"42":{"start":{"line":126,"column":2},"end":{"line":126,"column":22}},"43":{"start":{"line":130,"column":23},"end":{"line":130,"column":46}},"44":{"start":{"line":131,"column":2},"end":{"line":131,"column":46}}},"fnMap":{"0":{"name":"batchGetPlayerStats","decl":{"start":{"line":24,"column":16},"end":{"line":24,"column":35}},"loc":{"start":{"line":27,"column":24},"end":{"line":82,"column":1}}},"1":{"name":"(anonymous_1)","decl":{"start":{"line":43,"column":67},"end":{"line":43,"column":68}},"loc":{"start":{"line":43,"column":80},"end":{"line":47,"column":6}}},"2":{"name":"getPlayerStatsWithCache","decl":{"start":{"line":84,"column":16},"end":{"line":84,"column":39}},"loc":{"start":{"line":87,"column":24},"end":{"line":127,"column":1}}},"3":{"name":"invalidatePlayerStatsCache","decl":{"start":{"line":129,"column":16},"end":{"line":129,"column":42}},"loc":{"start":{"line":129,"column":81},"end":{"line":132,"column":1}}}},"branchMap":{"0":{"loc":{"start":{"line":35,"column":4},"end":{"line":39,"column":5}},"type":"if","locations":[{"start":{"line":35,"column":4},"end":{"line":39,"column":5}},{"start":{"line":37,"column":11},"end":{"line":39,"column":5}}]},"1":{"loc":{"start":{"line":42,"column":2},"end":{"line":79,"column":3}},"type":"if","locations":[{"start":{"line":42,"column":2},"end":{"line":79,"column":3}},{"start":{},"end":{}}]},"2":{"loc":{"start":{"line":52,"column":6},"end":{"line":59,"column":7}},"type":"if","locations":[{"start":{"line":52,"column":6},"end":{"line":59,"column":7}},{"start":{},"end":{}}]},"3":{"loc":{"start":{"line":54,"column":8},"end":{"line":58,"column":9}},"type":"if","locations":[{"start":{"line":54,"column":8},"end":{"line":58,"column":9}},{"start":{},"end":{}}]},"4":{"loc":{"start":{"line":54,"column":12},"end":{"line":54,"column":51}},"type":"binary-expr","locations":[{"start":{"line":54,"column":12},"end":{"line":54,"column":31}},{"start":{"line":54,"column":35},"end":{"line":54,"column":51}}]},"5":{"loc":{"start":{"line":63,"column":6},"end":{"line":77,"column":7}},"type":"if","locations":[{"start":{"line":63,"column":6},"end":{"line":77,"column":7}},{"start":{},"end":{}}]},"6":{"loc":{"start":{"line":92,"column":2},"end":{"line":94,"column":3}},"type":"if","locations":[{"start":{"line":92,"column":2},"end":{"line":94,"column":3}},{"start":{},"end":{}}]},"7":{"loc":{"start":{"line":104,"column":2},"end":{"line":111,"column":3}},"type":"if","locations":[{"start":{"line":104,"column":2},"end":{"line":111,"column":3}},{"start":{},"end":{}}]},"8":{"loc":{"start":{"line":104,"column":6},"end":{"line":104,"column":44}},"type":"binary-expr","locations":[{"start":{"line":104,"column":6},"end":{"line":104,"column":24}},{"start":{"line":104,"column":28},"end":{"line":104,"column":44}}]},"9":{"loc":{"start":{"line":106,"column":4},"end":{"line":110,"column":5}},"type":"if","locations":[{"start":{"line":106,"column":4},"end":{"line":110,"column":5}},{"start":{},"end":{}}]},"10":{"loc":{"start":{"line":106,"column":8},"end":{"line":106,"column":47}},"type":"binary-expr","locations":[{"start":{"line":106,"column":8},"end":{"line":106,"column":27}},{"start":{"line":106,"column":31},"end":{"line":106,"column":47}}]}},"s":{"0":1,"1":1,"2":1,"3":1,"4":1,"5":4,"6":4,"7":4,"8":4,"9":3,"10":3,"11":0,"12":3,"13":4,"14":3,"15":3,"16":3,"17":3,"18":2,"19":2,"20":2,"21":1,"22":1,"23":1,"24":2,"25":2,"26":1,"27":1,"28":3,"29":3,"30":3,"31":3,"32":0,"33":3,"34":3,"35":2,"36":2,"37":1,"38":1,"39":1,"40":2,"41":2,"42":2,"43":1,"44":1},"f":{"0":4,"1":3,"2":3,"3":1},"b":{"0":[0,3],"1":[3,1],"2":[2,0],"3":[1,1],"4":[2,1],"5":[1,1],"6":[0,3],"7":[2,1],"8":[3,2],"9":[1,1],"10":[2,1]}}
,"/home/alex/armored-archer/backend/src/utils/rpcWrapper.ts": {"path":"/home/alex/armored-archer/backend/src/utils/rpcWrapper.ts","statementMap":{"0":{"start":{"line":16,"column":0},"end":{"line":16,"column":16}},"1":{"start":{"line":79,"column":0},"end":{"line":79,"column":16}},"2":{"start":{"line":89,"column":0},"end":{"line":89,"column":16}},"3":{"start":{"line":2,"column":0},"end":{"line":2,"column":89}},"4":{"start":{"line":17,"column":2},"end":{"line":72,"column":4}},"5":{"start":{"line":23,"column":22},"end":{"line":23,"column":32}},"6":{"start":{"line":24,"column":22},"end":{"line":24,"column":41}},"7":{"start":{"line":26,"column":4},"end":{"line":71,"column":5}},"8":{"start":{"line":27,"column":35},"end":{"line":27,"column":44}},"9":{"start":{"line":29,"column":6},"end":{"line":47,"column":7}},"10":{"start":{"line":30,"column":8},"end":{"line":46,"column":9}},"11":{"start":{"line":31,"column":10},"end":{"line":31,"column":46}},"12":{"start":{"line":32,"column":10},"end":{"line":34,"column":11}},"13":{"start":{"line":33,"column":12},"end":{"line":33,"column":47}},"14":{"start":{"line":36,"column":24},"end":{"line":36,"column":43}},"15":{"start":{"line":37,"column":10},"end":{"line":37,"column":90}},"16":{"start":{"line":38,"column":10},"end":{"line":38,"column":68}},"17":{"start":{"line":39,"column":10},"end":{"line":45,"column":13}},"18":{"start":{"line":49,"column":6},"end":{"line":49,"column":70}},"19":{"start":{"line":51,"column":21},"end":{"line":51,"column":59}},"20":{"start":{"line":53,"column":25},"end":{"line":53,"column":47}},"21":{"start":{"line":54,"column":6},"end":{"line":54,"column":66}},"22":{"start":{"line":56,"column":6},"end":{"line":56,"column":20}},"23":{"start":{"line":58,"column":25},"end":{"line":58,"column":47}},"24":{"start":{"line":59,"column":18},"end":{"line":59,"column":32}},"25":{"start":{"line":61,"column":6},"end":{"line":61,"column":72}},"26":{"start":{"line":62,"column":6},"end":{"line":62,"column":62}},"27":{"start":{"line":64,"column":6},"end":{"line":70,"column":9}},"28":{"start":{"line":76,"column":2},"end":{"line":76,"column":72}},"29":{"start":{"line":80,"column":2},"end":{"line":86,"column":5}},"30":{"start":{"line":90,"column":2},"end":{"line":93,"column":5}}},"fnMap":{"0":{"name":"wrapRpc","decl":{"start":{"line":16,"column":16},"end":{"line":16,"column":23}},"loc":{"start":{"line":16,"column":71},"end":{"line":73,"column":1}}},"1":{"name":"(anonymous_1)","decl":{"start":{"line":17,"column":9},"end":{"line":17,"column":null}},"loc":{"start":{"line":22,"column":14},"end":{"line":72,"column":3}}},"2":{"name":"generateRequestId","decl":{"start":{"line":75,"column":9},"end":{"line":75,"column":26}},"loc":{"start":{"line":75,"column":26},"end":{"line":77,"column":1}}},"3":{"name":"createErrorResponse","decl":{"start":{"line":79,"column":16},"end":{"line":79,"column":35}},"loc":{"start":{"line":79,"column":65},"end":{"line":87,"column":1}}},"4":{"name":"createSuccessResponse","decl":{"start":{"line":89,"column":16},"end":{"line":89,"column":37}},"loc":{"start":{"line":89,"column":51},"end":{"line":94,"column":1}}}},"branchMap":{"0":{"loc":{"start":{"line":29,"column":6},"end":{"line":47,"column":7}},"type":"if","locations":[{"start":{"line":29,"column":6},"end":{"line":47,"column":7}},{"start":{},"end":{}}]},"1":{"loc":{"start":{"line":32,"column":10},"end":{"line":34,"column":11}},"type":"if","locations":[{"start":{"line":32,"column":10},"end":{"line":34,"column":11}},{"start":{},"end":{}}]},"2":{"loc":{"start":{"line":32,"column":14},"end":{"line":32,"column":80}},"type":"binary-expr","locations":[{"start":{"line":32,"column":14},"end":{"line":32,"column":37}},{"start":{"line":32,"column":41},"end":{"line":32,"column":80}}]},"3":{"loc":{"start":{"line":68,"column":19},"end":{"line":68,"column":64}},"type":"binary-expr","locations":[{"start":{"line":68,"column":19},"end":{"line":68,"column":30}},{"start":{"line":68,"column":34},"end":{"line":68,"column":64}}]}},"s":{"0":1,"1":1,"2":1,"3":1,"4":6,"5":6,"6":6,"7":6,"8":6,"9":6,"10":5,"11":5,"12":4,"13":1,"14":2,"15":2,"16":2,"17":2,"18":4,"19":4,"20":3,"21":3,"22":3,"23":1,"24":1,"25":1,"26":1,"27":1,"28":6,"29":1,"30":2},"f":{"0":6,"1":6,"2":6,"3":1,"4":2},"b":{"0":[5,1],"1":[1,3],"2":[4,1],"3":[1,0]}}
,"/home/alex/armored-archer/backend/src/utils/safeParse.ts": {"path":"/home/alex/armored-archer/backend/src/utils/safeParse.ts","statementMap":{"0":{"start":{"line":8,"column":0},"end":{"line":8,"column":16}},"1":{"start":{"line":28,"column":0},"end":{"line":28,"column":16}},"2":{"start":{"line":46,"column":0},"end":{"line":46,"column":16}},"3":{"start":{"line":14,"column":2},"end":{"line":25,"column":3}},"4":{"start":{"line":15,"column":4},"end":{"line":17,"column":5}},"5":{"start":{"line":16,"column":6},"end":{"line":16,"column":32}},"6":{"start":{"line":18,"column":17},"end":{"line":18,"column":44}},"7":{"start":{"line":19,"column":4},"end":{"line":19,"column":35}},"8":{"start":{"line":21,"column":4},"end":{"line":23,"column":5}},"9":{"start":{"line":22,"column":6},"end":{"line":22,"column":72}},"10":{"start":{"line":24,"column":4},"end":{"line":24,"column":30}},"11":{"start":{"line":33,"column":2},"end":{"line":43,"column":3}},"12":{"start":{"line":34,"column":4},"end":{"line":36,"column":5}},"13":{"start":{"line":35,"column":6},"end":{"line":35,"column":18}},"14":{"start":{"line":37,"column":4},"end":{"line":37,"column":36}},"15":{"start":{"line":39,"column":4},"end":{"line":41,"column":5}},"16":{"start":{"line":40,"column":6},"end":{"line":40,"column":80}},"17":{"start":{"line":42,"column":4},"end":{"line":42,"column":16}},"18":{"start":{"line":47,"column":2},"end":{"line":50,"column":5}}},"fnMap":{"0":{"name":"safeParse","decl":{"start":{"line":8,"column":16},"end":{"line":8,"column":25}},"loc":{"start":{"line":12,"column":19},"end":{"line":26,"column":1}}},"1":{"name":"safeParsePayload","decl":{"start":{"line":28,"column":16},"end":{"line":28,"column":32}},"loc":{"start":{"line":31,"column":19},"end":{"line":44,"column":1}}},"2":{"name":"createErrorResponse","decl":{"start":{"line":46,"column":16},"end":{"line":46,"column":35}},"loc":{"start":{"line":46,"column":65},"end":{"line":51,"column":1}}}},"branchMap":{"0":{"loc":{"start":{"line":15,"column":4},"end":{"line":17,"column":5}},"type":"if","locations":[{"start":{"line":15,"column":4},"end":{"line":17,"column":5}},{"start":{},"end":{}}]},"1":{"loc":{"start":{"line":21,"column":4},"end":{"line":23,"column":5}},"type":"if","locations":[{"start":{"line":21,"column":4},"end":{"line":23,"column":5}},{"start":{},"end":{}}]},"2":{"loc":{"start":{"line":34,"column":4},"end":{"line":36,"column":5}},"type":"if","locations":[{"start":{"line":34,"column":4},"end":{"line":36,"column":5}},{"start":{},"end":{}}]},"3":{"loc":{"start":{"line":39,"column":4},"end":{"line":41,"column":5}},"type":"if","locations":[{"start":{"line":39,"column":4},"end":{"line":41,"column":5}},{"start":{},"end":{}}]}},"s":{"0":3,"1":3,"2":3,"3":15,"4":15,"5":0,"6":15,"7":14,"8":1,"9":1,"10":0,"11":3,"12":3,"13":1,"14":2,"15":1,"16":1,"17":1,"18":1},"f":{"0":15,"1":3,"2":1},"b":{"0":[0,15],"1":[1,0],"2":[1,2],"3":[1,0]}}
}
