TN:
SF:src/config.ts
FN:2,(anonymous_1)
FN:3,(anonymous_2)
FN:4,(anonymous_3)
FN:5,(anonymous_4)
FNF:4
FNH:1
FNDA:106,(anonymous_1)
FNDA:0,(anonymous_2)
FNDA:0,(anonymous_3)
FNDA:0,(anonymous_4)
DA:1,13
DA:2,119
DA:3,13
DA:4,13
DA:5,13
LF:5
LH:5
BRF:0
BRH:0
end_of_record
TN:
SF:src/index.ts
FN:60,(anonymous_0)
FN:258,rpcHealthCheckWrapper
FN:268,rpcGetPlayerStatsWrapper
FN:278,rpcGainXPWrapper
FN:288,rpcAllocateStatsWrapper
FN:298,rpcSubmitCombatActionWrapper
FN:308,rpcGetMatchStateWrapper
FN:318,rpcCreateMatchWrapper
FN:328,rpcAcceptMatchWrapper
FN:338,rpcGetLeaderboardWrapper
FN:348,rpcValidatePurchaseWrapper
FN:358,rpcSpendGemsWrapper
FN:368,rpcGenerateGearWrapper
FN:378,rpcEquipGearWrapper
FN:388,rpcReportPlayerWrapper
FN:398,rpcGetPlayerReportsWrapper
FN:408,rpcTrackEventWrapper
FN:418,rpcGetAnalyticsSummaryWrapper
FN:428,rpcTrackRevenueWrapper
FNF:19
FNH:0
FNDA:0,(anonymous_0)
FNDA:0,rpcHealthCheckWrapper
FNDA:0,rpcGetPlayerStatsWrapper
FNDA:0,rpcGainXPWrapper
FNDA:0,rpcAllocateStatsWrapper
FNDA:0,rpcSubmitCombatActionWrapper
FNDA:0,rpcGetMatchStateWrapper
FNDA:0,rpcCreateMatchWrapper
FNDA:0,rpcAcceptMatchWrapper
FNDA:0,rpcGetLeaderboardWrapper
FNDA:0,rpcValidatePurchaseWrapper
FNDA:0,rpcSpendGemsWrapper
FNDA:0,rpcGenerateGearWrapper
FNDA:0,rpcEquipGearWrapper
FNDA:0,rpcReportPlayerWrapper
FNDA:0,rpcGetPlayerReportsWrapper
FNDA:0,rpcTrackEventWrapper
FNDA:0,rpcGetAnalyticsSummaryWrapper
FNDA:0,rpcTrackRevenueWrapper
DA:2,0
DA:3,0
DA:4,0
DA:5,0
DA:10,0
DA:15,0
DA:21,0
DA:22,0
DA:30,0
DA:43,0
DA:50,0
DA:51,0
DA:52,0
DA:53,0
DA:54,0
DA:55,0
DA:56,0
DA:57,0
DA:58,0
DA:60,0
DA:66,0
DA:67,0
DA:68,0
DA:69,0
DA:71,0
DA:72,0
DA:73,0
DA:74,0
DA:75,0
DA:77,0
DA:78,0
DA:84,0
DA:87,0
DA:89,0
DA:90,0
DA:91,0
DA:92,0
DA:94,0
DA:95,0
DA:101,0
DA:107,0
DA:108,0
DA:114,0
DA:120,0
DA:126,0
DA:132,0
DA:138,0
DA:144,0
DA:150,0
DA:156,0
DA:162,0
DA:168,0
DA:174,0
DA:180,0
DA:186,0
DA:192,0
DA:198,0
DA:204,0
DA:210,0
DA:216,0
DA:223,0
DA:224,0
DA:225,0
DA:226,0
DA:227,0
DA:228,0
DA:229,0
DA:230,0
DA:231,0
DA:232,0
DA:233,0
DA:234,0
DA:235,0
DA:236,0
DA:237,0
DA:238,0
DA:239,0
DA:240,0
DA:241,0
DA:242,0
DA:243,0
DA:244,0
DA:245,0
DA:246,0
DA:247,0
DA:248,0
DA:249,0
DA:250,0
DA:251,0
DA:252,0
DA:255,0
DA:264,0
DA:265,0
DA:274,0
DA:275,0
DA:284,0
DA:285,0
DA:294,0
DA:295,0
DA:304,0
DA:305,0
DA:314,0
DA:315,0
DA:324,0
DA:325,0
DA:334,0
DA:335,0
DA:344,0
DA:345,0
DA:354,0
DA:355,0
DA:364,0
DA:365,0
DA:374,0
DA:375,0
DA:384,0
DA:385,0
DA:394,0
DA:395,0
DA:404,0
DA:405,0
DA:414,0
DA:415,0
DA:424,0
DA:425,0
DA:434,0
DA:435,0
DA:438,0
LF:128
LH:0
BRDA:77,0,0,0
BRDA:77,0,1,0
BRDA:94,1,0,0
BRDA:94,1,1,0
BRF:4
BRH:0
end_of_record
TN:
SF:src/config/alerting.ts
FN:184,parseBoolean
FN:192,parseNumber
FN:201,parseStringArray
FN:203,(anonymous_3)
FN:307,isAlertingEnabled
FN:323,getAlertProvider
FN:330,getAlertCooldown
FN:337,shouldTriggerHealthAlert
FNF:8
FNH:0
FNDA:0,parseBoolean
FNDA:0,parseNumber
FNDA:0,parseStringArray
FNDA:0,(anonymous_3)
FNDA:0,isAlertingEnabled
FNDA:0,getAlertProvider
FNDA:0,getAlertCooldown
FNDA:0,shouldTriggerHealthAlert
DA:185,0
DA:186,0
DA:193,0
DA:194,0
DA:195,0
DA:202,0
DA:203,0
DA:209,0
DA:307,0
DA:308,0
DA:314,0
DA:315,0
DA:317,0
DA:323,0
DA:324,0
DA:330,0
DA:331,0
DA:337,0
DA:341,0
DA:342,0
DA:344,0
DA:345,0
DA:346,0
DA:349,0
DA:350,0
DA:351,0
DA:355,0
DA:358,0
LF:28
LH:0
BRDA:185,0,0,0
BRDA:185,0,1,0
BRDA:193,1,0,0
BRDA:193,1,1,0
BRDA:195,2,0,0
BRDA:195,2,1,0
BRDA:202,3,0,0
BRDA:202,3,1,0
BRDA:211,4,0,0
BRDA:211,4,1,0
BRDA:213,5,0,0
BRDA:213,5,1,0
BRDA:214,6,0,0
BRDA:214,6,1,0
BRDA:215,7,0,0
BRDA:215,7,1,0
BRDA:216,8,0,0
BRDA:216,8,1,0
BRDA:218,9,0,0
BRDA:218,9,1,0
BRDA:220,10,0,0
BRDA:220,10,1,0
BRDA:221,11,0,0
BRDA:221,11,1,0
BRDA:222,12,0,0
BRDA:222,12,1,0
BRDA:225,13,0,0
BRDA:225,13,1,0
BRDA:227,14,0,0
BRDA:227,14,1,0
BRDA:228,15,0,0
BRDA:228,15,1,0
BRDA:229,16,0,0
BRDA:229,16,1,0
BRDA:230,17,0,0
BRDA:230,17,1,0
BRDA:233,18,0,0
BRDA:233,18,1,0
BRDA:235,19,0,0
BRDA:235,19,1,0
BRDA:236,20,0,0
BRDA:236,20,1,0
BRDA:237,21,0,0
BRDA:237,21,1,0
BRDA:240,22,0,0
BRDA:240,22,1,0
BRDA:246,23,0,0
BRDA:246,23,1,0
BRDA:248,24,0,0
BRDA:248,24,1,0
BRDA:251,25,0,0
BRDA:251,25,1,0
BRDA:252,26,0,0
BRDA:252,26,1,0
BRDA:253,27,0,0
BRDA:253,27,1,0
BRDA:294,28,0,0
BRDA:294,28,1,0
BRDA:300,29,0,0
BRDA:300,29,1,0
BRDA:314,30,0,0
BRDA:314,30,1,0
BRDA:317,31,0,0
BRDA:317,31,1,0
BRDA:324,32,0,0
BRDA:324,32,1,0
BRDA:331,33,0,0
BRDA:331,33,1,0
BRDA:344,34,0,0
BRDA:344,34,1,0
BRDA:344,35,0,0
BRDA:344,35,1,0
BRDA:345,36,0,0
BRDA:345,36,1,0
BRDA:349,37,0,0
BRDA:349,37,1,0
BRDA:349,38,0,0
BRDA:349,38,1,0
BRDA:350,39,0,0
BRDA:350,39,1,0
BRF:80
BRH:0
end_of_record
TN:
SF:src/config/errorTracking.ts
FN:98,initializeSentry
FN:108,(anonymous_10)
FN:135,setSessionContext
FN:165,setGameStateContext
FN:193,clearContext
FN:209,setRequestContext
FN:229,captureException
FN:281,captureMessage
FN:341,captureRpcError
FN:404,createErrorBoundary
FN:411,(anonymous_19)
FN:425,(anonymous_20)
FN:443,withErrorTracking
FN:447,(anonymous_22)
FN:471,captureDatabaseError
FN:497,captureCacheError
FN:520,captureExceptionLegacy
FN:535,captureMessageLegacy
FNF:18
FNH:0
FNDA:0,initializeSentry
FNDA:0,(anonymous_10)
FNDA:0,setSessionContext
FNDA:0,setGameStateContext
FNDA:0,clearContext
FNDA:0,setRequestContext
FNDA:0,captureException
FNDA:0,captureMessage
FNDA:0,captureRpcError
FNDA:0,createErrorBoundary
FNDA:0,(anonymous_19)
FNDA:0,(anonymous_20)
FNDA:0,withErrorTracking
FNDA:0,(anonymous_22)
FNDA:0,captureDatabaseError
FNDA:0,captureCacheError
FNDA:0,captureExceptionLegacy
FNDA:0,captureMessageLegacy
DA:1,13
DA:3,13
DA:19,13
DA:98,13
DA:99,0
DA:100,0
DA:101,0
DA:104,0
DA:110,0
DA:111,0
DA:114,0
DA:115,0
DA:117,0
DA:118,0
DA:124,0
DA:135,13
DA:136,0
DA:137,0
DA:140,0
DA:152,0
DA:165,13
DA:166,0
DA:167,0
DA:170,0
DA:193,13
DA:194,0
DA:195,0
DA:198,0
DA:199,0
DA:200,0
DA:201,0
DA:209,13
DA:210,0
DA:211,0
DA:214,0
DA:229,13
DA:230,0
DA:231,0
DA:234,0
DA:235,0
DA:236,0
DA:238,0
DA:239,0
DA:242,0
DA:248,0
DA:249,0
DA:253,0
DA:254,0
DA:261,0
DA:281,13
DA:286,0
DA:287,0
DA:290,0
DA:291,0
DA:292,0
DA:294,0
DA:295,0
DA:298,0
DA:304,0
DA:305,0
DA:309,0
DA:310,0
DA:317,0
DA:341,13
DA:349,0
DA:350,0
DA:353,0
DA:356,0
DA:357,0
DA:360,0
DA:364,0
DA:365,0
DA:369,0
DA:370,0
DA:377,0
DA:383,0
DA:384,0
DA:385,0
DA:388,0
DA:394,0
DA:404,13
DA:405,0
DA:412,0
DA:413,0
DA:415,0
DA:416,0
DA:426,0
DA:427,0
DA:429,0
DA:430,0
DA:443,13
DA:447,0
DA:448,0
DA:449,0
DA:451,0
DA:458,0
DA:471,13
DA:477,0
DA:497,13
DA:504,0
DA:520,13
DA:528,0
DA:535,13
DA:544,0
LF:104
LH:17
BRDA:20,0,0,13
BRDA:20,0,1,13
BRDA:21,1,0,13
BRDA:21,1,1,0
BRDA:22,2,0,13
BRDA:22,2,1,13
BRDA:23,3,0,13
BRDA:23,3,1,13
BRDA:99,4,0,0
BRDA:99,4,1,0
BRDA:99,5,0,0
BRDA:99,5,1,0
BRDA:110,6,0,0
BRDA:110,6,1,0
BRDA:114,7,0,0
BRDA:114,7,1,0
BRDA:121,8,0,0
BRDA:121,8,1,0
BRDA:136,9,0,0
BRDA:136,9,1,0
BRDA:166,10,0,0
BRDA:166,10,1,0
BRDA:166,11,0,0
BRDA:166,11,1,0
BRDA:194,12,0,0
BRDA:194,12,1,0
BRDA:210,13,0,0
BRDA:210,13,1,0
BRDA:229,14,0,0
BRDA:230,15,0,0
BRDA:230,15,1,0
BRDA:235,16,0,0
BRDA:235,16,1,0
BRDA:238,17,0,0
BRDA:238,17,1,0
BRDA:248,18,0,0
BRDA:248,18,1,0
BRDA:248,19,0,0
BRDA:248,19,1,0
BRDA:253,20,0,0
BRDA:253,20,1,0
BRDA:265,21,0,0
BRDA:265,21,1,0
BRDA:283,22,0,0
BRDA:284,23,0,0
BRDA:286,24,0,0
BRDA:286,24,1,0
BRDA:291,25,0,0
BRDA:291,25,1,0
BRDA:294,26,0,0
BRDA:294,26,1,0
BRDA:304,27,0,0
BRDA:304,27,1,0
BRDA:304,28,0,0
BRDA:304,28,1,0
BRDA:309,29,0,0
BRDA:309,29,1,0
BRDA:321,30,0,0
BRDA:321,30,1,0
BRDA:349,31,0,0
BRDA:349,31,1,0
BRDA:356,32,0,0
BRDA:356,32,1,0
BRDA:364,33,0,0
BRDA:364,33,1,0
BRDA:369,34,0,0
BRDA:369,34,1,0
BRDA:383,35,0,0
BRDA:383,35,1,0
BRDA:383,36,0,0
BRDA:383,36,1,0
BRDA:475,37,0,0
BRDA:502,38,0,0
BRDA:522,39,0,0
BRDA:537,40,0,0
BRDA:538,41,0,0
BRF:76
BRH:7
end_of_record
TN:
SF:src/config/index.ts
FN:4,loadEnvironment
FN:244,parseDatabaseAddress
FN:304,(anonymous_11)
FN:404,(anonymous_12)
FN:556,validateRequiredConfig
FN:580,(anonymous_14)
FN:605,(anonymous_15)
FN:610,maskSecret
FN:616,logConfiguration
FNF:9
FNH:5
FNDA:22,loadEnvironment
FNDA:22,parseDatabaseAddress
FNDA:0,(anonymous_11)
FNDA:0,(anonymous_12)
FNDA:1,validateRequiredConfig
FNDA:6,(anonymous_14)
FNDA:4,(anonymous_15)
FNDA:0,maskSecret
FNDA:0,logConfiguration
DA:1,22
DA:2,22
DA:5,22
DA:6,22
DA:8,22
DA:9,66
DA:10,66
DA:11,22
DA:13,22
DA:14,924
DA:16,924
DA:17,594
DA:19,594
DA:20,594
DA:21,594
DA:23,594
DA:24,0
DA:25,594
DA:26,0
DA:29,594
DA:30,512
DA:39,22
DA:245,22
DA:246,22
DA:248,22
DA:249,1
DA:259,21
DA:260,21
DA:270,22
DA:272,22
DA:304,0
DA:404,0
DA:556,22
DA:557,1
DA:559,1
DA:560,1
DA:561,1
DA:565,1
DA:566,0
DA:569,1
DA:570,0
DA:573,1
DA:579,1
DA:580,3
DA:581,6
DA:582,6
DA:584,3
DA:585,3
DA:586,3
DA:591,1
DA:592,0
DA:595,1
DA:596,0
DA:599,1
DA:600,0
DA:603,1
DA:604,1
DA:605,4
DA:610,22
DA:611,0
DA:612,0
DA:613,0
DA:616,22
DA:619,0
DA:620,0
DA:621,0
DA:627,0
DA:633,0
DA:634,0
DA:635,0
DA:642,0
DA:643,0
DA:648,0
DA:654,0
DA:657,22
LF:75
LH:52
BRDA:5,0,0,22
BRDA:5,0,1,0
BRDA:10,1,0,22
BRDA:10,1,1,44
BRDA:16,2,0,594
BRDA:16,2,1,330
BRDA:16,3,0,924
BRDA:16,3,1,748
BRDA:19,4,0,594
BRDA:19,4,1,0
BRDA:23,5,0,0
BRDA:23,5,1,594
BRDA:23,6,0,594
BRDA:23,6,1,0
BRDA:25,7,0,0
BRDA:25,7,1,594
BRDA:25,8,0,594
BRDA:25,8,1,0
BRDA:29,9,0,512
BRDA:29,9,1,82
BRDA:248,10,0,1
BRDA:248,10,1,21
BRDA:251,11,0,1
BRDA:251,11,1,0
BRDA:252,12,0,1
BRDA:252,12,1,0
BRDA:253,13,0,1
BRDA:253,13,1,0
BRDA:254,14,0,1
BRDA:254,14,1,0
BRDA:255,15,0,1
BRDA:255,15,1,0
BRDA:270,16,0,22
BRDA:270,16,1,0
BRDA:270,16,2,0
BRDA:273,17,0,22
BRDA:273,17,1,0
BRDA:276,18,0,22
BRDA:276,18,1,22
BRDA:276,18,2,0
BRDA:277,19,0,22
BRDA:277,19,1,0
BRDA:278,20,0,22
BRDA:278,20,1,22
BRDA:279,21,0,22
BRDA:279,21,1,0
BRDA:279,21,2,0
BRDA:280,22,0,22
BRDA:280,22,1,0
BRDA:281,23,0,22
BRDA:281,23,1,0
BRDA:287,24,0,22
BRDA:287,24,1,0
BRDA:288,25,0,22
BRDA:288,25,1,22
BRDA:292,26,0,22
BRDA:292,26,1,0
BRDA:293,27,0,22
BRDA:293,27,1,0
BRDA:294,28,0,22
BRDA:294,28,1,0
BRDA:295,29,0,22
BRDA:295,29,1,0
BRDA:299,30,0,22
BRDA:299,30,1,0
BRDA:300,31,0,22
BRDA:300,31,1,0
BRDA:301,32,0,22
BRDA:301,32,1,0
BRDA:303,33,0,0
BRDA:303,33,1,22
BRDA:306,34,0,0
BRDA:306,34,1,22
BRDA:316,35,0,22
BRDA:316,35,1,0
BRDA:317,36,0,22
BRDA:317,36,1,0
BRDA:318,37,0,22
BRDA:318,37,1,0
BRDA:323,38,0,22
BRDA:323,38,1,22
BRDA:324,39,0,22
BRDA:324,39,1,22
BRDA:327,40,0,22
BRDA:327,40,1,22
BRDA:328,41,0,22
BRDA:328,41,1,22
BRDA:331,42,0,22
BRDA:331,42,1,22
BRDA:332,43,0,22
BRDA:332,43,1,22
BRDA:335,44,0,22
BRDA:335,44,1,22
BRDA:336,45,0,22
BRDA:336,45,1,22
BRDA:339,46,0,22
BRDA:339,46,1,22
BRDA:340,47,0,22
BRDA:340,47,1,22
BRDA:343,48,0,22
BRDA:343,48,1,22
BRDA:344,49,0,22
BRDA:344,49,1,22
BRDA:347,50,0,22
BRDA:347,50,1,22
BRDA:348,51,0,22
BRDA:348,51,1,22
BRDA:351,52,0,22
BRDA:351,52,1,22
BRDA:352,53,0,22
BRDA:352,53,1,22
BRDA:355,54,0,22
BRDA:355,54,1,22
BRDA:356,55,0,22
BRDA:356,55,1,22
BRDA:359,56,0,22
BRDA:359,56,1,22
BRDA:360,57,0,22
BRDA:360,57,1,22
BRDA:363,58,0,22
BRDA:363,58,1,22
BRDA:364,59,0,22
BRDA:364,59,1,22
BRDA:367,60,0,22
BRDA:367,60,1,22
BRDA:368,61,0,22
BRDA:368,61,1,22
BRDA:371,62,0,22
BRDA:371,62,1,22
BRDA:372,63,0,22
BRDA:372,63,1,22
BRDA:375,64,0,22
BRDA:375,64,1,22
BRDA:376,65,0,22
BRDA:376,65,1,22
BRDA:379,66,0,22
BRDA:379,66,1,22
BRDA:380,67,0,22
BRDA:380,67,1,22
BRDA:383,68,0,22
BRDA:383,68,1,22
BRDA:384,69,0,22
BRDA:384,69,1,22
BRDA:387,70,0,22
BRDA:387,70,1,22
BRDA:388,71,0,22
BRDA:388,71,1,22
BRDA:395,72,0,22
BRDA:395,72,1,22
BRDA:396,73,0,22
BRDA:396,73,1,22
BRDA:397,74,0,22
BRDA:397,74,1,22
BRDA:398,75,0,22
BRDA:398,75,1,22
BRDA:403,76,0,0
BRDA:403,76,1,22
BRDA:410,77,0,22
BRDA:410,77,1,22
BRDA:417,78,0,22
BRDA:417,78,1,22
BRDA:423,79,0,22
BRDA:423,79,1,22
BRDA:429,80,0,22
BRDA:429,80,1,22
BRDA:435,81,0,22
BRDA:435,81,1,22
BRDA:442,82,0,0
BRDA:442,82,1,22
BRDA:444,83,0,0
BRDA:444,83,1,0
BRDA:445,84,0,0
BRDA:445,84,1,0
BRDA:446,85,0,0
BRDA:446,85,1,0
BRDA:449,86,0,0
BRDA:449,86,1,22
BRDA:451,87,0,0
BRDA:451,87,1,0
BRDA:452,88,0,0
BRDA:452,88,1,0
BRDA:453,89,0,0
BRDA:453,89,1,0
BRDA:454,90,0,0
BRDA:454,90,1,0
BRDA:458,91,0,22
BRDA:458,91,1,22
BRDA:459,92,0,22
BRDA:459,92,1,22
BRDA:460,93,0,22
BRDA:460,93,1,22
BRDA:461,94,0,22
BRDA:461,94,1,22
BRDA:463,95,0,22
BRDA:463,95,1,22
BRDA:467,96,0,22
BRDA:467,96,1,22
BRDA:470,97,0,22
BRDA:470,97,1,22
BRDA:471,98,0,22
BRDA:471,98,1,22
BRDA:472,99,0,22
BRDA:472,99,1,22
BRDA:473,100,0,22
BRDA:473,100,1,22
BRDA:474,101,0,22
BRDA:474,101,1,22
BRDA:475,102,0,22
BRDA:475,102,1,22
BRDA:479,103,0,22
BRDA:479,103,1,22
BRDA:483,104,0,22
BRDA:483,104,1,22
BRDA:486,105,0,22
BRDA:486,105,1,22
BRDA:487,106,0,22
BRDA:487,106,1,22
BRDA:488,107,0,22
BRDA:488,107,1,22
BRDA:490,108,0,22
BRDA:490,108,1,22
BRDA:493,109,0,22
BRDA:493,109,1,22
BRDA:494,110,0,22
BRDA:494,110,1,22
BRDA:495,111,0,22
BRDA:495,111,1,22
BRDA:496,112,0,22
BRDA:496,112,1,22
BRDA:497,113,0,22
BRDA:497,113,1,22
BRDA:498,114,0,22
BRDA:498,114,1,22
BRDA:501,115,0,22
BRDA:501,115,1,22
BRDA:502,116,0,22
BRDA:502,116,1,22
BRDA:503,117,0,22
BRDA:503,117,1,22
BRDA:504,118,0,22
BRDA:504,118,1,22
BRDA:506,119,0,22
BRDA:506,119,1,22
BRDA:512,120,0,22
BRDA:512,120,1,22
BRDA:518,121,0,22
BRDA:518,121,1,22
BRDA:519,122,0,22
BRDA:519,122,1,22
BRDA:520,123,0,22
BRDA:520,123,1,22
BRDA:521,124,0,22
BRDA:521,124,1,22
BRDA:522,125,0,22
BRDA:522,125,1,22
BRDA:524,126,0,22
BRDA:524,126,1,22
BRDA:529,127,0,0
BRDA:529,127,1,22
BRDA:535,128,0,0
BRDA:535,128,1,22
BRDA:541,129,0,0
BRDA:541,129,1,22
BRDA:547,130,0,0
BRDA:547,130,1,22
BRDA:559,131,0,1
BRDA:559,131,1,0
BRDA:559,132,0,1
BRDA:559,132,1,1
BRDA:560,133,0,1
BRDA:560,133,1,0
BRDA:565,134,0,0
BRDA:565,134,1,1
BRDA:569,135,0,0
BRDA:569,135,1,1
BRDA:581,136,0,0
BRDA:581,136,1,6
BRDA:581,137,0,6
BRDA:581,137,1,6
BRDA:584,138,0,3
BRDA:584,138,1,0
BRDA:584,139,0,3
BRDA:584,139,1,3
BRDA:584,139,2,1
BRDA:585,140,0,3
BRDA:585,140,1,0
BRDA:591,141,0,0
BRDA:591,141,1,1
BRDA:591,142,0,1
BRDA:591,142,1,1
BRDA:595,143,0,0
BRDA:595,143,1,1
BRDA:595,144,0,1
BRDA:595,144,1,1
BRDA:599,145,0,0
BRDA:599,145,1,1
BRDA:599,146,0,1
BRDA:599,146,1,1
BRDA:603,147,0,1
BRDA:603,147,1,0
BRDA:611,148,0,0
BRDA:611,148,1,0
BRDA:612,149,0,0
BRDA:612,149,1,0
BRF:304
BRH:235
end_of_record
TN:
SF:src/config/logScrubber.ts
FN:119,buildSensitiveFieldSet
FN:123,(anonymous_1)
FN:148,isSensitiveKey
FN:163,scrubObject
FN:187,(anonymous_4)
FN:220,scrubString
FN:242,(anonymous_6)
FN:259,(anonymous_7)
FN:278,(anonymous_8)
FN:287,(anonymous_9)
FN:294,(anonymous_10)
FN:301,(anonymous_11)
FN:311,(anonymous_12)
FN:340,(anonymous_13)
FN:370,scrubSensitiveData
FNF:15
FNH:15
FNDA:55,buildSensitiveFieldSet
FNDA:1,(anonymous_1)
FNDA:607,isSensitiveKey
FNDA:767,scrubObject
FNDA:2,(anonymous_4)
FNDA:668,scrubString
FNDA:55,(anonymous_6)
FNDA:1,(anonymous_7)
FNDA:1,(anonymous_8)
FNDA:6,(anonymous_9)
FNDA:1,(anonymous_10)
FNDA:1,(anonymous_11)
FNDA:183,(anonymous_12)
FNDA:80,(anonymous_13)
FNDA:2,scrubSensitiveData
DA:13,13
DA:39,13
DA:103,13
DA:123,55
DA:124,55
DA:126,55
DA:127,1100
DA:128,1099
DA:132,55
DA:133,2
DA:134,2
DA:138,55
DA:149,607
DA:150,607
DA:170,767
DA:171,1
DA:174,766
DA:175,2
DA:178,764
DA:179,580
DA:182,184
DA:183,9
DA:186,175
DA:187,1
DA:188,2
DA:192,174
DA:193,174
DA:195,174
DA:196,607
DA:197,607
DA:199,607
DA:200,11
DA:203,607
DA:208,174
DA:211,0
DA:221,668
DA:223,668
DA:224,5344
DA:227,668
DA:233,13
DA:243,55
DA:248,55
DA:260,1
DA:265,1
DA:266,0
DA:279,1
DA:288,6
DA:295,1
DA:302,1
DA:312,183
DA:313,1
DA:316,182
DA:317,8
DA:320,174
DA:321,170
DA:330,4
DA:344,80
DA:346,80
DA:347,1
DA:350,79
DA:352,79
DA:362,13
DA:370,13
DA:371,2
LF:64
LH:62
BRDA:120,0,0,12
BRDA:121,1,0,0
BRDA:127,2,0,1099
BRDA:127,2,1,1
BRDA:133,3,0,2
BRDA:133,3,1,0
BRDA:170,4,0,1
BRDA:170,4,1,766
BRDA:174,5,0,2
BRDA:174,5,1,764
BRDA:174,6,0,766
BRDA:174,6,1,766
BRDA:178,7,0,580
BRDA:178,7,1,184
BRDA:182,8,0,9
BRDA:182,8,1,175
BRDA:182,9,0,184
BRDA:182,9,1,175
BRDA:186,10,0,1
BRDA:186,10,1,174
BRDA:192,11,0,174
BRDA:192,11,1,0
BRDA:199,12,0,11
BRDA:199,12,1,596
BRDA:199,13,0,607
BRDA:199,13,1,606
BRDA:203,14,0,12
BRDA:203,14,1,595
BRDA:242,15,0,14
BRDA:265,16,0,0
BRDA:265,16,1,1
BRDA:265,17,0,1
BRDA:265,17,1,1
BRDA:312,18,0,1
BRDA:312,18,1,182
BRDA:316,19,0,8
BRDA:316,19,1,174
BRDA:320,20,0,170
BRDA:320,20,1,4
BRDA:320,21,0,174
BRDA:320,21,1,171
BRDA:325,22,0,170
BRDA:325,22,1,156
BRDA:344,23,0,80
BRDA:344,23,1,0
BRDA:346,24,0,1
BRDA:346,24,1,79
BRF:47
BRH:42
end_of_record
TN:
SF:src/config/logger.ts
FN:13,initializeLogScrubber
FN:27,(anonymous_2)
FN:96,createRpcMetadata
FN:129,createSystemEventMetadata
FN:166,(anonymous_5)
FN:209,getFormat
FN:267,logRpcEntry
FN:295,logRpcExit
FN:320,logRpcError
FN:346,logSystemEvent
FN:366,logCacheOperation
FN:387,logDatabaseOperation
FN:403,captureRpcError
FN:425,captureRpcErrorWithContext
FNF:14
FNH:8
FNDA:12,initializeLogScrubber
FNDA:78,(anonymous_2)
FNDA:0,createRpcMetadata
FNDA:0,createSystemEventMetadata
FNDA:0,(anonymous_5)
FNDA:12,getFormat
FNDA:2,logRpcEntry
FNDA:1,logRpcExit
FNDA:3,logRpcError
FNDA:0,logSystemEvent
FNDA:33,logCacheOperation
FNDA:0,logDatabaseOperation
FNDA:1,captureRpcError
FNDA:0,captureRpcErrorWithContext
DA:1,12
DA:2,12
DA:3,12
DA:8,12
DA:14,12
DA:22,12
DA:27,12
DA:28,78
DA:31,78
DA:32,78
DA:33,78
DA:34,78
DA:38,78
DA:39,78
DA:40,78
DA:43,78
DA:54,12
DA:64,12
DA:71,12
DA:96,12
DA:102,0
DA:106,0
DA:107,0
DA:110,0
DA:111,0
DA:114,0
DA:115,0
DA:119,0
DA:129,12
DA:133,0
DA:144,12
DA:159,12
DA:168,0
DA:169,0
DA:170,0
DA:172,0
DA:173,0
DA:175,0
DA:176,0
DA:178,0
DA:179,0
DA:181,0
DA:182,0
DA:185,0
DA:186,0
DA:187,0
DA:189,0
DA:191,0
DA:192,0
DA:193,0
DA:194,0
DA:195,0
DA:196,0
DA:197,0
DA:198,0
DA:201,0
DA:210,12
DA:213,12
DA:219,12
DA:220,0
DA:221,0
DA:244,12
DA:267,12
DA:273,2
DA:295,12
DA:301,1
DA:320,12
DA:327,3
DA:346,12
DA:351,0
DA:366,12
DA:372,33
DA:387,12
DA:392,0
DA:403,12
DA:409,1
DA:425,12
DA:436,0
DA:439,0
LF:79
LH:40
BRDA:32,0,0,78
BRDA:32,0,1,0
BRDA:39,1,0,78
BRDA:39,1,1,0
BRDA:39,2,0,78
BRDA:39,2,1,78
BRDA:106,3,0,0
BRDA:106,3,1,0
BRDA:110,4,0,0
BRDA:110,4,1,0
BRDA:114,5,0,0
BRDA:114,5,1,0
BRDA:116,6,0,0
BRDA:116,6,1,0
BRDA:131,7,0,0
BRDA:169,8,0,0
BRDA:169,8,1,0
BRDA:172,9,0,0
BRDA:172,9,1,0
BRDA:175,10,0,0
BRDA:175,10,1,0
BRDA:178,11,0,0
BRDA:178,11,1,0
BRDA:181,12,0,0
BRDA:181,12,1,0
BRDA:186,13,0,0
BRDA:186,13,1,0
BRDA:189,14,0,0
BRDA:189,14,1,0
BRDA:197,15,0,0
BRDA:197,15,1,0
BRDA:210,16,0,12
BRDA:210,16,1,0
BRDA:219,17,0,0
BRDA:219,17,1,12
BRDA:219,18,0,12
BRDA:219,18,1,12
BRDA:220,19,0,0
BRDA:220,19,1,0
BRDA:277,20,0,1
BRDA:277,20,1,1
BRDA:278,21,0,0
BRDA:278,21,1,1
BRDA:349,22,0,0
BRF:44
BRH:11
end_of_record
TN:
SF:src/config/tracing.ts
FN:38,initializeTracing
FN:125,(anonymous_1)
FN:127,(anonymous_2)
FN:139,getTracingConfig
FN:146,isTracingEnabled
FN:153,shutdownTracing
FNF:6
FNH:0
FNDA:0,initializeTracing
FNDA:0,(anonymous_1)
FNDA:0,(anonymous_2)
FNDA:0,getTracingConfig
FNDA:0,isTracingEnabled
FNDA:0,shutdownTracing
DA:1,0
DA:2,0
DA:3,0
DA:4,0
DA:5,0
DA:6,0
DA:7,0
DA:13,0
DA:14,0
DA:32,0
DA:33,0
DA:38,0
DA:39,0
DA:41,0
DA:42,0
DA:43,0
DA:46,0
DA:47,0
DA:48,0
DA:51,0
DA:53,0
DA:61,0
DA:63,0
DA:66,0
DA:67,0
DA:69,0
DA:72,0
DA:73,0
DA:75,0
DA:78,0
DA:79,0
DA:81,0
DA:82,0
DA:84,0
DA:85,0
DA:89,0
DA:91,0
DA:92,0
DA:105,0
DA:109,0
DA:117,0
DA:118,0
DA:122,0
DA:125,0
DA:126,0
DA:127,0
DA:128,0
DA:132,0
DA:139,0
DA:140,0
DA:146,0
DA:147,0
DA:153,0
DA:154,0
DA:155,0
DA:156,0
DA:157,0
LF:57
LH:0
BRDA:41,0,0,0
BRDA:41,0,1,0
BRDA:46,1,0,0
BRDA:46,1,1,0
BRDA:61,2,0,0
BRDA:61,2,1,0
BRDA:61,2,2,0
BRDA:61,2,3,0
BRDA:61,2,4,0
BRDA:64,3,0,0
BRDA:64,3,1,0
BRDA:70,4,0,0
BRDA:70,4,1,0
BRDA:76,5,0,0
BRDA:76,5,1,0
BRDA:91,6,0,0
BRDA:91,6,1,0
BRDA:147,7,0,0
BRDA:147,7,1,0
BRDA:154,8,0,0
BRDA:154,8,1,0
BRF:21
BRH:0
end_of_record
TN:
SF:src/modules/alerting.ts
FN:50,initializeAlerting
FN:64,shouldSendAlert
FN:79,updateAlertState
FN:92,routeAlert
FN:120,sendSlackAlert
FN:155,(anonymous_5)
FN:185,sendWebhookAlert
FN:227,sendEmailAlert
FN:245,sendPagerDutyAlert
FN:295,sendAlert
FN:343,triggerHealthAlert
FN:361,(anonymous_11)
FN:369,triggerMetricAlert
FN:379,(anonymous_13)
FN:387,sendErrorAlert
FN:408,(anonymous_15)
FN:416,getAlertStats
FN:429,clearAlertState
FNF:18
FNH:11
FNDA:1,initializeAlerting
FNDA:8,shouldSendAlert
FNDA:8,updateAlertState
FNDA:8,routeAlert
FNDA:8,sendSlackAlert
FNDA:0,(anonymous_5)
FNDA:0,sendWebhookAlert
FNDA:0,sendEmailAlert
FNDA:0,sendPagerDutyAlert
FNDA:8,sendAlert
FNDA:8,triggerHealthAlert
FNDA:0,(anonymous_11)
FNDA:1,triggerMetricAlert
FNDA:0,(anonymous_13)
FNDA:1,sendErrorAlert
FNDA:0,(anonymous_15)
FNDA:3,getAlertStats
FNDA:11,clearAlertState
DA:12,2
DA:13,2
DA:23,2
DA:32,2
DA:50,2
DA:51,1
DA:52,0
DA:53,0
DA:56,1
DA:65,8
DA:66,8
DA:67,8
DA:69,8
DA:70,8
DA:73,0
DA:80,8
DA:81,8
DA:83,8
DA:93,8
DA:94,0
DA:97,8
DA:99,8
DA:101,8
DA:102,8
DA:104,0
DA:105,0
DA:107,0
DA:108,0
DA:110,0
DA:111,0
DA:113,0
DA:124,8
DA:125,8
DA:126,8
DA:129,0
DA:136,0
DA:143,0
DA:155,0
DA:167,0
DA:168,0
DA:174,0
DA:175,0
DA:178,0
DA:189,0
DA:190,0
DA:191,0
DA:194,0
DA:196,0
DA:197,0
DA:198,0
DA:203,0
DA:206,0
DA:209,0
DA:210,0
DA:216,0
DA:217,0
DA:220,0
DA:233,0
DA:234,0
DA:235,0
DA:238,0
DA:249,0
DA:250,0
DA:251,0
DA:254,0
DA:261,0
DA:277,0
DA:278,0
DA:284,0
DA:285,0
DA:288,0
DA:295,2
DA:302,8
DA:303,0
DA:306,8
DA:307,8
DA:309,8
DA:310,0
DA:311,0
DA:314,8
DA:327,8
DA:328,8
DA:331,8
DA:333,1
DA:334,1
DA:343,2
DA:348,8
DA:353,4
DA:354,0
DA:357,4
DA:358,4
DA:359,4
DA:361,4
DA:362,0
DA:369,2
DA:376,1
DA:377,1
DA:379,1
DA:380,0
DA:387,2
DA:395,1
DA:396,0
DA:399,1
DA:401,1
DA:402,1
DA:404,1
DA:409,0
DA:416,2
DA:417,3
DA:419,3
DA:420,0
DA:423,3
DA:429,2
DA:430,11
LF:114
LH:57
BRDA:51,0,0,0
BRDA:51,0,1,1
BRDA:69,1,0,8
BRDA:69,1,1,0
BRDA:81,2,0,8
BRDA:81,2,1,8
BRDA:93,3,0,0
BRDA:93,3,1,8
BRDA:99,4,0,8
BRDA:99,4,1,0
BRDA:99,4,2,0
BRDA:99,4,3,0
BRDA:99,4,4,0
BRDA:124,5,0,8
BRDA:124,5,1,0
BRDA:174,6,0,0
BRDA:174,6,1,0
BRDA:189,7,0,0
BRDA:189,7,1,0
BRDA:196,8,0,0
BRDA:196,8,1,0
BRDA:196,9,0,0
BRDA:196,9,1,0
BRDA:198,10,0,0
BRDA:198,10,1,0
BRDA:199,11,0,0
BRDA:199,11,1,0
BRDA:199,11,2,0
BRDA:216,12,0,0
BRDA:216,12,1,0
BRDA:233,13,0,0
BRDA:233,13,1,0
BRDA:249,14,0,0
BRDA:249,14,1,0
BRDA:284,15,0,0
BRDA:284,15,1,0
BRDA:299,16,0,2
BRDA:300,17,0,4
BRDA:302,18,0,0
BRDA:302,18,1,8
BRDA:309,19,0,0
BRDA:309,19,1,8
BRDA:331,20,0,1
BRDA:331,20,1,7
BRDA:331,21,0,8
BRDA:331,21,1,8
BRDA:333,22,0,0
BRDA:333,22,1,1
BRDA:353,23,0,0
BRDA:353,23,1,4
BRDA:374,24,0,1
BRDA:389,25,0,0
BRDA:395,26,0,0
BRDA:395,26,1,1
BRDA:402,27,0,1
BRDA:402,27,1,1
BRDA:406,28,0,1
BRDA:406,28,1,1
BRDA:407,29,0,1
BRDA:407,29,1,1
BRF:60
BRH:25
end_of_record
TN:
SF:src/modules/analytics.ts
FN:40,registerAnalyticsEndpoints
FN:61,validateEventPayload
FN:68,processEvent
FN:105,updateDailyMetrics
FN:126,forwardToExternalAnalytics
FN:170,rpcTrackEvent
FN:240,rpcGetAnalyticsSummary
FN:264,(anonymous_7)
FN:269,(anonymous_8)
FN:326,rpcTrackRevenue
FN:378,getRecentEvents
FN:385,getAllEvents
FN:392,getDailyMetrics
FNF:13
FNH:0
FNDA:0,registerAnalyticsEndpoints
FNDA:0,validateEventPayload
FNDA:0,processEvent
FNDA:0,updateDailyMetrics
FNDA:0,forwardToExternalAnalytics
FNDA:0,rpcTrackEvent
FNDA:0,rpcGetAnalyticsSummary
FNDA:0,(anonymous_7)
FNDA:0,(anonymous_8)
FNDA:0,rpcTrackRevenue
FNDA:0,getRecentEvents
FNDA:0,getAllEvents
FNDA:0,getDailyMetrics
DA:6,0
DA:8,0
DA:9,0
DA:31,0
DA:32,0
DA:33,0
DA:40,0
DA:41,0
DA:43,0
DA:50,0
DA:62,0
DA:75,0
DA:86,0
DA:89,0
DA:90,0
DA:94,0
DA:97,0
DA:99,0
DA:106,0
DA:107,0
DA:109,0
DA:110,0
DA:118,0
DA:119,0
DA:120,0
DA:127,0
DA:128,0
DA:132,0
DA:134,0
DA:138,0
DA:139,0
DA:143,0
DA:144,0
DA:170,0
DA:176,0
DA:178,0
DA:179,0
DA:180,0
DA:183,0
DA:185,0
DA:186,0
DA:194,0
DA:196,0
DA:202,0
DA:203,0
DA:240,0
DA:246,0
DA:248,0
DA:253,0
DA:254,0
DA:257,0
DA:260,0
DA:261,0
DA:263,0
DA:264,0
DA:268,0
DA:269,0
DA:273,0
DA:274,0
DA:276,0
DA:277,0
DA:279,0
DA:280,0
DA:282,0
DA:283,0
DA:286,0
DA:292,0
DA:293,0
DA:299,0
DA:326,0
DA:332,0
DA:334,0
DA:335,0
DA:336,0
DA:339,0
DA:342,0
DA:358,0
DA:361,0
DA:366,0
DA:368,0
DA:378,0
DA:379,0
DA:385,0
DA:386,0
DA:392,0
DA:393,0
DA:394,0
DA:396,0
DA:397,0
DA:398,0
DA:399,0
DA:400,0
DA:406,0
LF:93
LH:0
BRDA:89,0,0,0
BRDA:89,0,1,0
BRDA:109,1,0,0
BRDA:109,1,1,0
BRDA:127,2,0,0
BRDA:127,2,1,0
BRDA:132,3,0,0
BRDA:132,3,1,0
BRDA:132,4,0,0
BRDA:132,4,1,0
BRDA:138,5,0,0
BRDA:138,5,1,0
BRDA:138,6,0,0
BRDA:138,6,1,0
BRDA:143,7,0,0
BRDA:143,7,1,0
BRDA:143,8,0,0
BRDA:143,8,1,0
BRDA:179,9,0,0
BRDA:179,9,1,0
BRDA:189,10,0,0
BRDA:189,10,1,0
BRDA:190,11,0,0
BRDA:190,11,1,0
BRDA:191,12,0,0
BRDA:191,12,1,0
BRDA:253,13,0,0
BRDA:253,13,1,0
BRDA:264,14,0,0
BRDA:264,14,1,0
BRDA:268,15,0,0
BRDA:268,15,1,0
BRDA:279,16,0,0
BRDA:279,16,1,0
BRDA:335,17,0,0
BRDA:335,17,1,0
BRDA:354,18,0,0
BRDA:354,18,1,0
BRDA:378,19,0,0
BRDA:399,20,0,0
BRDA:399,20,1,0
BRDA:399,21,0,0
BRDA:399,21,1,0
BRF:43
BRH:0
end_of_record
TN:
SF:src/modules/anti_cheat.ts
FN:66,(anonymous_0)
FN:71,initializeAntiCheat
FN:88,generateRequestIdAndNonce
FN:101,computeSignature
FN:112,verifyRequestSignature
FN:180,(anonymous_5)
FN:198,validateCombatActionParameters
FN:258,(anonymous_7)
FN:276,detectTimingAttack
FN:288,(anonymous_9)
FN:304,(anonymous_10)
FN:334,cleanupExpiredRequests
FN:339,(anonymous_12)
FN:345,(anonymous_13)
FN:349,(anonymous_14)
FN:350,(anonymous_15)
FN:358,(anonymous_16)
FN:370,getAntiCheatStats
FN:438,initializeLeaderboardAntiCheat
FN:446,recordMatchResult
FN:478,recordAbandonment
FN:541,getPlayerMatchHistory
FN:548,isPlayerFlagged
FN:556,getFlagReason
FN:564,clearPlayerFlag
FN:574,getOrCreatePlayerHistory
FN:587,analyzePlayerForCheating
FN:591,(anonymous_27)
FN:599,(anonymous_28)
FN:642,getLeaderboardAntiCheatStats
FN:648,(anonymous_30)
FN:693,submitPlayerReport
FN:735,getReportsForUser
FN:738,(anonymous_33)
FN:745,(anonymous_34)
FNF:35
FNH:21
FNDA:3,(anonymous_0)
FNDA:15,initializeAntiCheat
FNDA:9,generateRequestIdAndNonce
FNDA:18,computeSignature
FNDA:8,verifyRequestSignature
FNDA:4,(anonymous_5)
FNDA:10,validateCombatActionParameters
FNDA:2,(anonymous_7)
FNDA:12,detectTimingAttack
FNDA:17,(anonymous_9)
FNDA:7,(anonymous_10)
FNDA:15,cleanupExpiredRequests
FNDA:41,(anonymous_12)
FNDA:0,(anonymous_13)
FNDA:6,(anonymous_14)
FNDA:18,(anonymous_15)
FNDA:0,(anonymous_16)
FNDA:1,getAntiCheatStats
FNDA:0,initializeLeaderboardAntiCheat
FNDA:4,recordMatchResult
FNDA:0,recordAbandonment
FNDA:0,getPlayerMatchHistory
FNDA:4,isPlayerFlagged
FNDA:0,getFlagReason
FNDA:0,clearPlayerFlag
FNDA:4,getOrCreatePlayerHistory
FNDA:4,analyzePlayerForCheating
FNDA:4,(anonymous_27)
FNDA:0,(anonymous_28)
FNDA:0,getLeaderboardAntiCheatStats
FNDA:0,(anonymous_30)
FNDA:0,submitPlayerReport
FNDA:0,getReportsForUser
FNDA:0,(anonymous_33)
FNDA:0,(anonymous_34)
DA:7,6
DA:8,6
DA:51,6
DA:52,6
DA:55,6
DA:56,6
DA:58,6
DA:66,6
DA:71,6
DA:75,15
DA:76,15
DA:77,15
DA:88,6
DA:89,9
DA:90,9
DA:91,9
DA:101,6
DA:102,18
DA:103,18
DA:104,18
DA:105,18
DA:112,6
DA:121,8
DA:122,8
DA:125,8
DA:126,8
DA:127,1
DA:143,8
DA:144,8
DA:145,8
DA:146,1
DA:161,8
DA:162,8
DA:163,2
DA:175,6
DA:180,8
DA:181,4
DA:182,4
DA:189,8
DA:198,6
DA:206,10
DA:207,10
DA:210,10
DA:211,1
DA:227,10
DA:228,0
DA:244,10
DA:245,1
DA:258,10
DA:259,2
DA:260,2
DA:266,10
DA:276,6
DA:277,12
DA:278,12
DA:280,12
DA:281,4
DA:282,4
DA:285,8
DA:288,17
DA:289,8
DA:291,8
DA:292,5
DA:293,5
DA:297,3
DA:298,3
DA:299,7
DA:304,7
DA:305,3
DA:307,3
DA:308,3
DA:321,3
DA:327,3
DA:328,3
DA:334,6
DA:335,15
DA:336,15
DA:339,15
DA:340,41
DA:341,0
DA:345,15
DA:348,15
DA:349,15
DA:350,18
DA:351,6
DA:352,0
DA:354,6
DA:358,15
DA:360,15
DA:370,6
DA:375,1
DA:398,6
DA:433,6
DA:438,6
DA:439,0
DA:440,0
DA:446,6
DA:455,4
DA:457,4
DA:468,4
DA:469,0
DA:472,4
DA:478,6
DA:485,0
DA:486,0
DA:489,0
DA:490,0
DA:491,0
DA:492,0
DA:496,0
DA:507,0
DA:509,0
DA:511,0
DA:513,0
DA:516,0
DA:520,0
DA:523,0
DA:524,0
DA:525,0
DA:528,0
DA:535,0
DA:541,6
DA:542,0
DA:548,6
DA:549,4
DA:550,4
DA:556,6
DA:557,0
DA:558,0
DA:564,6
DA:565,0
DA:566,0
DA:567,0
DA:568,0
DA:569,0
DA:570,0
DA:575,4
DA:576,4
DA:584,4
DA:591,4
DA:593,4
DA:594,4
DA:598,0
DA:599,0
DA:600,0
DA:603,0
DA:604,0
DA:605,0
DA:606,0
DA:611,0
DA:615,0
DA:616,0
DA:617,0
DA:618,0
DA:622,0
DA:623,0
DA:624,0
DA:625,0
DA:626,0
DA:632,0
DA:636,0
DA:642,6
DA:647,0
DA:648,0
DA:649,0
DA:652,0
DA:660,6
DA:686,6
DA:687,6
DA:688,6
DA:693,6
DA:701,0
DA:702,0
DA:706,0
DA:707,0
DA:708,0
DA:711,0
DA:713,0
DA:724,0
DA:725,0
DA:727,0
DA:729,0
DA:735,6
DA:736,0
DA:738,0
DA:739,0
DA:740,0
DA:745,0
LF:188
LH:116
BRDA:59,0,0,6
BRDA:59,0,1,6
BRDA:126,1,0,1
BRDA:126,1,1,7
BRDA:143,2,0,8
BRDA:143,2,1,0
BRDA:145,3,0,1
BRDA:145,3,1,7
BRDA:161,4,0,8
BRDA:161,4,1,0
BRDA:162,5,0,2
BRDA:162,5,1,6
BRDA:210,6,0,1
BRDA:210,6,1,9
BRDA:210,7,0,10
BRDA:210,7,1,9
BRDA:227,8,0,0
BRDA:227,8,1,10
BRDA:227,9,0,10
BRDA:227,9,1,8
BRDA:227,9,2,8
BRDA:244,10,0,1
BRDA:244,10,1,9
BRDA:280,11,0,4
BRDA:280,11,1,8
BRDA:285,12,0,8
BRDA:285,12,1,0
BRDA:291,13,0,5
BRDA:291,13,1,3
BRDA:307,14,0,3
BRDA:307,14,1,0
BRDA:340,15,0,0
BRDA:340,15,1,41
BRDA:351,16,0,0
BRDA:351,16,1,6
BRDA:468,17,0,0
BRDA:468,17,1,4
BRDA:489,18,0,0
BRDA:489,18,1,0
BRDA:491,19,0,0
BRDA:491,19,1,0
BRDA:507,20,0,0
BRDA:507,20,1,0
BRDA:523,21,0,0
BRDA:523,21,1,0
BRDA:542,22,0,0
BRDA:542,22,1,0
BRDA:550,23,0,4
BRDA:550,23,1,4
BRDA:566,24,0,0
BRDA:566,24,1,0
BRDA:575,25,0,4
BRDA:575,25,1,0
BRDA:593,26,0,4
BRDA:593,26,1,0
BRDA:603,27,0,0
BRDA:603,27,1,0
BRDA:617,28,0,0
BRDA:617,28,1,0
BRDA:618,29,0,0
BRDA:618,29,1,0
BRDA:623,30,0,0
BRDA:623,30,1,0
BRDA:649,31,0,0
BRDA:649,31,1,0
BRDA:701,32,0,0
BRDA:701,32,1,0
BRDA:707,33,0,0
BRDA:707,33,1,0
BRDA:707,34,0,0
BRDA:707,34,1,0
BRDA:739,35,0,0
BRDA:739,35,1,0
BRDA:739,36,0,0
BRDA:739,36,1,0
BRF:75
BRH:33
end_of_record
TN:
SF:src/modules/anti_cheat_audit.ts
FN:81,initializeAuditLogging
FN:99,recordViolation
FN:171,getSeverity
FN:193,getUserViolationSummary
FN:200,getTopViolators
FN:202,(anonymous_5)
FN:208,generateAuditReport
FN:294,isUserSuspended
FN:302,clearUserFlag
FN:317,suspendUser
FN:341,getAuditStats
FN:366,(anonymous_11)
FN:367,(anonymous_12)
FNF:13
FNH:0
FNDA:0,initializeAuditLogging
FNDA:0,recordViolation
FNDA:0,getSeverity
FNDA:0,getUserViolationSummary
FNDA:0,getTopViolators
FNDA:0,(anonymous_5)
FNDA:0,generateAuditReport
FNDA:0,isUserSuspended
FNDA:0,clearUserFlag
FNDA:0,suspendUser
FNDA:0,getAuditStats
FNDA:0,(anonymous_11)
FNDA:0,(anonymous_12)
DA:51,0
DA:59,0
DA:64,0
DA:67,0
DA:81,0
DA:86,0
DA:87,0
DA:88,0
DA:89,0
DA:99,0
DA:104,0
DA:105,0
DA:107,0
DA:115,0
DA:116,0
DA:117,0
DA:126,0
DA:129,0
DA:130,0
DA:131,0
DA:132,0
DA:135,0
DA:136,0
DA:137,0
DA:145,0
DA:146,0
DA:147,0
DA:148,0
DA:156,0
DA:160,0
DA:172,0
DA:183,0
DA:184,0
DA:185,0
DA:186,0
DA:187,0
DA:193,0
DA:194,0
DA:200,0
DA:201,0
DA:202,0
DA:208,0
DA:222,0
DA:223,0
DA:224,0
DA:227,0
DA:238,0
DA:239,0
DA:240,0
DA:241,0
DA:243,0
DA:244,0
DA:245,0
DA:247,0
DA:248,0
DA:250,0
DA:251,0
DA:253,0
DA:254,0
DA:256,0
DA:257,0
DA:261,0
DA:262,0
DA:264,0
DA:265,0
DA:266,0
DA:267,0
DA:268,0
DA:269,0
DA:270,0
DA:271,0
DA:272,0
DA:275,0
DA:294,0
DA:295,0
DA:296,0
DA:302,0
DA:303,0
DA:304,0
DA:305,0
DA:307,0
DA:308,0
DA:309,0
DA:310,0
DA:311,0
DA:317,0
DA:318,0
DA:319,0
DA:320,0
DA:330,0
DA:331,0
DA:334,0
DA:335,0
DA:341,0
DA:342,0
DA:343,0
DA:354,0
DA:356,0
DA:357,0
DA:358,0
DA:359,0
DA:363,0
DA:366,0
DA:367,0
LF:104
LH:0
BRDA:102,0,0,0
BRDA:116,1,0,0
BRDA:116,1,1,0
BRDA:130,2,0,0
BRDA:130,2,1,0
BRDA:135,3,0,0
BRDA:135,3,1,0
BRDA:135,4,0,0
BRDA:135,4,1,0
BRDA:145,5,0,0
BRDA:145,5,1,0
BRDA:145,6,0,0
BRDA:145,6,1,0
BRDA:183,7,0,0
BRDA:183,7,1,0
BRDA:184,8,0,0
BRDA:184,8,1,0
BRDA:185,9,0,0
BRDA:185,9,1,0
BRDA:186,10,0,0
BRDA:186,10,1,0
BRDA:194,11,0,0
BRDA:194,11,1,0
BRDA:200,12,0,0
BRDA:223,13,0,0
BRDA:223,13,1,0
BRDA:245,14,0,0
BRDA:245,14,1,0
BRDA:245,14,2,0
BRDA:245,14,3,0
BRDA:264,15,0,0
BRDA:264,15,1,0
BRDA:267,16,0,0
BRDA:267,16,1,0
BRDA:270,17,0,0
BRDA:270,17,1,0
BRDA:296,18,0,0
BRDA:296,18,1,0
BRDA:304,19,0,0
BRDA:304,19,1,0
BRDA:317,20,0,0
BRDA:319,21,0,0
BRDA:319,21,1,0
BRF:43
BRH:0
end_of_record
TN:
SF:src/modules/audit.ts
FN:30,logAudit
FNF:1
FNH:1
FNDA:33,logAudit
DA:30,8
DA:40,33
DA:51,33
DA:52,33
DA:62,1
LF:5
LH:5
BRF:0
BRH:0
end_of_record
TN:
SF:src/modules/combat_system.ts
FN:125,registerRpcSubmitCombatAction
FN:153,rpcSubmitCombatAction
FN:277,(anonymous_2)
FN:332,registerRpcGetMatchState
FN:359,rpcGetMatchState
FN:400,getOrCreateMatchState
FN:457,processCombatAction
FN:548,calculateHit
FN:563,calculateDamage
FN:577,calculateCrit
FN:592,getPlayerStats
FN:623,saveMatchState
FN:641,updateMatchStatus
FN:662,isMatchExpired
FN:672,isTurnTimedOut
FNF:15
FNH:14
FNDA:1,registerRpcSubmitCombatAction
FNDA:12,rpcSubmitCombatAction
FNDA:1,(anonymous_2)
FNDA:1,registerRpcGetMatchState
FNDA:2,rpcGetMatchState
FNDA:6,getOrCreateMatchState
FNDA:3,processCombatAction
FNDA:3,calculateHit
FNDA:3,calculateDamage
FNDA:3,calculateCrit
FNDA:0,getPlayerStats
FNDA:3,saveMatchState
FNDA:1,updateMatchStatus
FNDA:8,isMatchExpired
FNDA:6,isTurnTimedOut
DA:8,1
DA:15,1
DA:125,1
DA:126,1
DA:153,1
DA:159,12
DA:161,12
DA:166,12
DA:167,3
DA:170,9
DA:172,9
DA:180,9
DA:181,1
DA:186,8
DA:189,8
DA:190,0
DA:195,8
DA:196,1
DA:201,7
DA:202,1
DA:207,6
DA:210,6
DA:211,0
DA:217,0
DA:221,0
DA:222,0
DA:223,0
DA:231,6
DA:232,0
DA:240,0
DA:247,0
DA:253,0
DA:254,0
DA:255,0
DA:264,6
DA:265,6
DA:274,6
DA:276,1
DA:277,1
DA:279,1
DA:280,1
DA:281,1
DA:287,0
DA:288,0
DA:295,5
DA:296,5
DA:297,2
DA:298,2
DA:307,3
DA:308,0
DA:313,3
DA:315,3
DA:317,3
DA:318,1
DA:321,3
DA:332,1
DA:333,1
DA:359,1
DA:365,2
DA:367,2
DA:368,2
DA:369,0
DA:372,2
DA:374,2
DA:382,2
DA:383,1
DA:388,1
DA:406,6
DA:414,6
DA:415,6
DA:418,0
DA:419,0
DA:421,0
DA:422,0
DA:423,0
DA:425,0
DA:427,0
DA:443,0
DA:465,3
DA:466,3
DA:467,3
DA:469,3
DA:479,3
DA:480,3
DA:482,3
DA:483,3
DA:484,3
DA:485,3
DA:487,3
DA:488,3
DA:489,3
DA:491,3
DA:492,3
DA:494,0
DA:497,3
DA:507,3
DA:509,3
DA:510,0
DA:511,0
DA:512,0
DA:513,0
DA:514,3
DA:515,1
DA:516,1
DA:517,1
DA:518,1
DA:521,0
DA:531,0
DA:535,3
DA:536,3
DA:538,3
DA:549,3
DA:550,3
DA:551,3
DA:553,3
DA:564,3
DA:565,3
DA:566,3
DA:568,3
DA:578,3
DA:579,3
DA:581,3
DA:593,0
DA:601,0
DA:602,0
DA:614,0
DA:624,3
DA:642,1
DA:643,1
DA:644,1
DA:646,1
DA:663,8
DA:673,6
DA:674,6
LF:134
LH:99
BRDA:166,0,0,3
BRDA:166,0,1,9
BRDA:180,1,0,1
BRDA:180,1,1,8
BRDA:189,2,0,0
BRDA:189,2,1,8
BRDA:195,3,0,1
BRDA:195,3,1,7
BRDA:201,4,0,1
BRDA:201,4,1,6
BRDA:201,5,0,7
BRDA:201,5,1,1
BRDA:210,6,0,0
BRDA:210,6,1,6
BRDA:218,7,0,0
BRDA:218,7,1,0
BRDA:231,8,0,0
BRDA:231,8,1,6
BRDA:231,9,0,6
BRDA:231,9,1,0
BRDA:231,9,2,0
BRDA:231,9,3,0
BRDA:253,10,0,0
BRDA:253,10,1,0
BRDA:264,11,0,6
BRDA:264,11,1,6
BRDA:274,12,0,1
BRDA:274,12,1,5
BRDA:279,13,0,1
BRDA:279,13,1,0
BRDA:296,14,0,2
BRDA:296,14,1,3
BRDA:307,15,0,0
BRDA:307,15,1,3
BRDA:317,16,0,1
BRDA:317,16,1,2
BRDA:368,17,0,0
BRDA:368,17,1,2
BRDA:382,18,0,1
BRDA:382,18,1,1
BRDA:414,19,0,6
BRDA:414,19,1,0
BRDA:466,20,0,3
BRDA:466,20,1,0
BRDA:467,21,0,3
BRDA:467,21,1,0
BRDA:479,22,0,3
BRDA:479,22,1,0
BRDA:482,23,0,3
BRDA:482,23,1,0
BRDA:485,24,0,0
BRDA:485,24,1,3
BRDA:491,25,0,3
BRDA:491,25,1,0
BRDA:509,26,0,0
BRDA:509,26,1,3
BRDA:514,27,0,1
BRDA:514,27,1,2
BRDA:536,28,0,3
BRDA:536,28,1,0
BRDA:601,29,0,0
BRDA:601,29,1,0
BRF:62
BRH:38
end_of_record
TN:
SF:src/modules/config_validation.ts
FN:4,validateConfiguration
FNF:1
FNH:1
FNDA:3,validateConfiguration
DA:1,3
DA:4,3
DA:5,3
DA:6,1
DA:8,3
DA:9,1
DA:11,3
LF:7
LH:7
BRDA:5,0,0,1
BRDA:5,0,1,2
BRDA:5,1,0,3
BRDA:5,1,1,2
BRDA:8,2,0,1
BRDA:8,2,1,2
BRDA:8,3,0,3
BRDA:8,3,1,2
BRF:8
BRH:8
end_of_record
TN:
SF:src/modules/deployment_observability.ts
FN:88,getDeploymentRegistry
FN:95,recordDeployment
FN:136,recordDeploymentDuration
FN:147,updateDeploymentHealth
FN:158,registerDeploymentObservability
FN:168,rpcRecordDeployment
FN:219,rpcDeploymentHealth
FN:253,(anonymous_7)
FN:267,rpcDeploymentHistory
FN:288,(anonymous_9)
FN:302,rpcDeploymentMetrics
FN:325,initializeDeploymentObservability
FN:338,getDeploymentState
FNF:13
FNH:10
FNDA:2,getDeploymentRegistry
FNDA:3,recordDeployment
FNDA:1,recordDeploymentDuration
FNDA:3,updateDeploymentHealth
FNDA:10,registerDeploymentObservability
FNDA:2,rpcRecordDeployment
FNDA:1,rpcDeploymentHealth
FNDA:0,(anonymous_7)
FNDA:1,rpcDeploymentHistory
FNDA:0,(anonymous_9)
FNDA:1,rpcDeploymentMetrics
FNDA:0,initializeDeploymentObservability
FNDA:1,getDeploymentState
DA:11,6
DA:12,6
DA:14,6
DA:17,6
DA:23,6
DA:30,6
DA:38,6
DA:46,6
DA:52,6
DA:59,6
DA:79,6
DA:82,6
DA:83,6
DA:88,6
DA:89,2
DA:95,6
DA:101,3
DA:104,3
DA:107,3
DA:108,1
DA:109,1
DA:114,2
DA:115,2
DA:116,2
DA:122,2
DA:123,2
DA:128,3
DA:136,6
DA:141,1
DA:147,6
DA:152,3
DA:158,6
DA:159,10
DA:160,10
DA:161,10
DA:162,10
DA:174,2
DA:176,2
DA:177,2
DA:178,1
DA:181,1
DA:184,1
DA:187,1
DA:191,0
DA:192,0
DA:193,0
DA:197,1
DA:198,1
DA:199,0
DA:200,0
DA:203,1
DA:207,1
DA:225,1
DA:227,1
DA:228,1
DA:229,0
DA:233,1
DA:237,1
DA:242,1
DA:243,1
DA:244,1
DA:245,1
DA:246,0
DA:252,1
DA:253,1
DA:255,1
DA:273,1
DA:276,1
DA:277,1
DA:278,1
DA:279,1
DA:280,1
DA:287,1
DA:288,0
DA:291,1
DA:308,1
DA:310,1
DA:311,1
DA:312,0
DA:316,1
DA:318,1
DA:325,6
DA:327,0
DA:328,0
DA:330,0
DA:338,6
DA:343,1
LF:87
LH:75
BRDA:107,0,0,1
BRDA:107,0,1,2
BRDA:114,1,0,2
BRDA:114,1,1,0
BRDA:114,2,0,2
BRDA:114,2,1,0
BRDA:114,2,2,0
BRDA:122,3,0,2
BRDA:122,3,1,0
BRDA:152,4,0,2
BRDA:152,4,1,1
BRDA:177,5,0,1
BRDA:177,5,1,1
BRDA:187,6,0,0
BRDA:187,6,1,1
BRDA:188,7,0,1
BRDA:188,7,1,0
BRDA:188,7,2,0
BRDA:188,7,3,0
BRDA:197,8,0,1
BRDA:197,8,1,0
BRDA:199,9,0,0
BRDA:199,9,1,0
BRDA:228,10,0,0
BRDA:228,10,1,1
BRDA:243,11,0,1
BRDA:243,11,1,0
BRDA:243,12,0,1
BRDA:243,12,1,1
BRDA:245,13,0,0
BRDA:245,13,1,1
BRDA:253,14,0,1
BRDA:253,14,1,0
BRDA:256,15,0,1
BRDA:256,15,1,0
BRDA:277,16,0,1
BRDA:277,16,1,0
BRDA:280,17,0,1
BRDA:280,17,1,1
BRDA:311,18,0,0
BRDA:311,18,1,1
BRF:41
BRH:23
end_of_record
TN:
SF:src/modules/error_insight_pipeline.ts
FN:37,(anonymous_0)
FN:47,(anonymous_1)
FN:60,(anonymous_2)
FN:62,(anonymous_3)
FN:69,(anonymous_4)
FN:76,(anonymous_5)
FN:83,(anonymous_6)
FN:90,(anonymous_7)
FN:103,(anonymous_8)
FN:125,(anonymous_9)
FN:142,(anonymous_10)
FN:156,(anonymous_11)
FN:169,generateErrorSignature
FN:201,detectErrorSource
FN:231,determineSeverity
FN:265,analyzePatterns
FN:318,generateInsights
FN:339,createInsightFromPattern
FN:375,generateInsightTitle
FN:397,generateInsightDescription
FN:420,getTimeSpanDescription
FN:440,assessImpact
FN:467,generateRecommendations
FN:523,calculateTrendData
FN:553,(anonymous_24)
FN:559,getErrorSummary
FN:591,(anonymous_26)
FN:617,getDashboardData
FN:639,processErrors
FN:661,(anonymous_29)
FN:689,(anonymous_30)
FN:712,collectError
FN:754,determineSeverityFromError
FN:772,registerErrorInsightRpcs
FN:783,rpcGetErrorDashboard
FN:803,rpcGetErrorSummary
FN:842,rpcGetErrorPatterns
FN:853,(anonymous_37)
FN:863,rpcGetErrorStats
FN:878,rpcDismissInsight
FN:898,(anonymous_40)
FN:916,initializeErrorInsightsPipeline
FN:939,getErrorStore
FNF:43
FNH:21
FNDA:1,(anonymous_0)
FNDA:12,(anonymous_1)
FNDA:8,(anonymous_2)
FNDA:8,(anonymous_3)
FNDA:5,(anonymous_4)
FNDA:3,(anonymous_5)
FNDA:0,(anonymous_6)
FNDA:0,(anonymous_7)
FNDA:1,(anonymous_8)
FNDA:1,(anonymous_9)
FNDA:4,(anonymous_10)
FNDA:10,(anonymous_11)
FNDA:3,generateErrorSignature
FNDA:6,detectErrorSource
FNDA:6,determineSeverity
FNDA:3,analyzePatterns
FNDA:3,generateInsights
FNDA:0,createInsightFromPattern
FNDA:0,generateInsightTitle
FNDA:0,generateInsightDescription
FNDA:0,getTimeSpanDescription
FNDA:0,assessImpact
FNDA:0,generateRecommendations
FNDA:0,calculateTrendData
FNDA:0,(anonymous_24)
FNDA:0,getErrorSummary
FNDA:0,(anonymous_26)
FNDA:0,getDashboardData
FNDA:3,processErrors
FNDA:0,(anonymous_29)
FNDA:0,(anonymous_30)
FNDA:3,collectError
FNDA:3,determineSeverityFromError
FNDA:1,registerErrorInsightRpcs
FNDA:0,rpcGetErrorDashboard
FNDA:0,rpcGetErrorSummary
FNDA:0,rpcGetErrorPatterns
FNDA:0,(anonymous_37)
FNDA:0,rpcGetErrorStats
FNDA:0,rpcDismissInsight
FNDA:0,(anonymous_40)
FNDA:1,initializeErrorInsightsPipeline
FNDA:18,getErrorStore
DA:14,1
DA:15,1
DA:16,1
DA:32,1
DA:38,1
DA:39,1
DA:40,1
DA:41,1
DA:48,12
DA:49,12
DA:52,12
DA:53,0
DA:61,8
DA:62,8
DA:70,5
DA:77,3
DA:84,0
DA:91,0
DA:94,0
DA:95,0
DA:96,0
DA:104,1
DA:105,1
DA:106,1
DA:109,1
DA:110,1
DA:112,1
DA:126,1
DA:127,1
DA:128,1
DA:130,1
DA:131,0
DA:133,1
DA:134,0
DA:136,1
DA:143,4
DA:144,4
DA:146,4
DA:147,3
DA:148,0
DA:157,10
DA:158,10
DA:159,10
DA:164,1
DA:171,3
DA:174,3
DA:176,3
DA:181,3
DA:183,3
DA:185,3
DA:188,3
DA:189,3
DA:190,3
DA:191,125
DA:192,125
DA:193,125
DA:195,3
DA:202,6
DA:203,1
DA:206,5
DA:207,5
DA:209,5
DA:210,1
DA:212,4
DA:213,0
DA:215,4
DA:216,0
DA:218,4
DA:219,0
DA:221,4
DA:222,0
DA:225,4
DA:232,6
DA:233,4
DA:236,2
DA:237,2
DA:240,2
DA:246,0
DA:250,2
DA:251,0
DA:255,2
DA:256,0
DA:259,2
DA:266,3
DA:268,3
DA:269,3
DA:270,3
DA:272,3
DA:274,0
DA:275,0
DA:277,0
DA:278,0
DA:280,0
DA:281,0
DA:285,3
DA:300,3
DA:305,3
DA:306,3
DA:307,3
DA:308,3
DA:309,3
DA:312,3
DA:319,3
DA:320,3
DA:322,3
DA:323,3
DA:324,3
DA:327,0
DA:328,0
DA:329,0
DA:333,3
DA:340,0
DA:341,0
DA:345,0
DA:346,0
DA:347,0
DA:348,0
DA:349,0
DA:350,0
DA:352,0
DA:355,0
DA:369,0
DA:376,0
DA:378,0
DA:380,0
DA:382,0
DA:384,0
DA:386,0
DA:388,0
DA:390,0
DA:398,0
DA:399,0
DA:401,0
DA:403,0
DA:404,0
DA:407,0
DA:408,0
DA:411,0
DA:412,0
DA:414,0
DA:421,0
DA:422,0
DA:423,0
DA:424,0
DA:425,0
DA:426,0
DA:428,0
DA:429,0
DA:431,0
DA:432,0
DA:434,0
DA:441,0
DA:443,0
DA:444,0
DA:446,0
DA:447,0
DA:448,0
DA:449,0
DA:450,0
DA:451,0
DA:452,0
DA:453,0
DA:454,0
DA:457,0
DA:468,0
DA:470,0
DA:472,0
DA:473,0
DA:474,0
DA:475,0
DA:477,0
DA:480,0
DA:481,0
DA:482,0
DA:483,0
DA:485,0
DA:488,0
DA:489,0
DA:490,0
DA:491,0
DA:494,0
DA:495,0
DA:496,0
DA:497,0
DA:499,0
DA:502,0
DA:503,0
DA:504,0
DA:505,0
DA:508,0
DA:509,0
DA:513,0
DA:514,0
DA:517,0
DA:524,0
DA:525,0
DA:526,0
DA:529,0
DA:530,0
DA:531,0
DA:532,0
DA:536,0
DA:537,0
DA:538,0
DA:539,0
DA:540,0
DA:545,0
DA:546,0
DA:547,0
DA:553,0
DA:560,0
DA:561,0
DA:563,0
DA:564,0
DA:565,0
DA:568,0
DA:576,0
DA:585,0
DA:586,0
DA:587,0
DA:591,0
DA:594,0
DA:597,0
DA:601,0
DA:603,0
DA:618,0
DA:619,0
DA:620,0
DA:622,0
DA:627,0
DA:640,3
DA:641,0
DA:644,3
DA:645,3
DA:646,3
DA:649,3
DA:651,3
DA:652,0
DA:656,3
DA:659,3
DA:660,3
DA:661,3
DA:663,3
DA:665,0
DA:666,0
DA:667,0
DA:668,0
DA:669,0
DA:672,0
DA:673,0
DA:674,0
DA:677,0
DA:679,3
DA:684,3
DA:686,3
DA:688,0
DA:689,0
DA:691,0
DA:692,0
DA:695,0
DA:706,3
DA:712,1
DA:723,3
DA:724,0
DA:727,3
DA:742,3
DA:743,3
DA:745,3
DA:748,3
DA:755,3
DA:757,3
DA:758,1
DA:760,2
DA:761,1
DA:763,1
DA:764,0
DA:766,1
DA:772,1
DA:773,1
DA:774,1
DA:775,1
DA:776,1
DA:777,1
DA:789,0
DA:791,0
DA:792,0
DA:793,0
DA:796,0
DA:797,0
DA:809,0
DA:813,0
DA:814,0
DA:815,0
DA:816,0
DA:821,0
DA:822,0
DA:828,0
DA:829,0
DA:835,0
DA:836,0
DA:848,0
DA:850,0
DA:853,0
DA:856,0
DA:857,0
DA:869,0
DA:871,0
DA:872,0
DA:884,0
DA:886,0
DA:887,0
DA:890,0
DA:891,0
DA:893,0
DA:894,0
DA:897,0
DA:898,0
DA:900,0
DA:901,0
DA:905,0
DA:907,0
DA:909,0
DA:916,1
DA:917,1
DA:918,0
DA:919,0
DA:922,1
DA:931,1
DA:939,1
DA:940,18
LF:330
LH:127
BRDA:52,0,0,0
BRDA:52,0,1,12
BRDA:62,1,0,8
BRDA:62,1,1,8
BRDA:95,2,0,0
BRDA:95,2,1,0
BRDA:130,3,0,0
BRDA:130,3,1,1
BRDA:133,4,0,0
BRDA:133,4,1,1
BRDA:147,5,0,0
BRDA:147,5,1,3
BRDA:171,6,0,3
BRDA:171,6,1,2
BRDA:202,7,0,1
BRDA:202,7,1,5
BRDA:207,8,0,5
BRDA:207,8,1,0
BRDA:209,9,0,1
BRDA:209,9,1,4
BRDA:209,10,0,5
BRDA:209,10,1,4
BRDA:209,10,2,4
BRDA:212,11,0,0
BRDA:212,11,1,4
BRDA:212,12,0,4
BRDA:212,12,1,4
BRDA:215,13,0,0
BRDA:215,13,1,4
BRDA:215,14,0,4
BRDA:215,14,1,4
BRDA:218,15,0,0
BRDA:218,15,1,4
BRDA:218,16,0,4
BRDA:218,16,1,4
BRDA:221,17,0,0
BRDA:221,17,1,4
BRDA:221,18,0,4
BRDA:221,18,1,4
BRDA:232,19,0,4
BRDA:232,19,1,2
BRDA:237,20,0,2
BRDA:237,20,1,0
BRDA:240,21,0,0
BRDA:240,21,1,2
BRDA:241,22,0,2
BRDA:241,22,1,2
BRDA:241,22,2,2
BRDA:241,22,3,2
BRDA:250,23,0,0
BRDA:250,23,1,2
BRDA:250,24,0,2
BRDA:250,24,1,2
BRDA:250,24,2,2
BRDA:255,25,0,0
BRDA:255,25,1,2
BRDA:255,26,0,2
BRDA:255,26,1,2
BRDA:272,27,0,0
BRDA:272,27,1,3
BRDA:277,28,0,0
BRDA:277,28,1,0
BRDA:277,29,0,0
BRDA:277,29,1,0
BRDA:280,30,0,0
BRDA:280,30,1,0
BRDA:280,31,0,0
BRDA:280,31,1,0
BRDA:293,32,0,1
BRDA:293,32,1,2
BRDA:294,33,0,1
BRDA:294,33,1,2
BRDA:323,34,0,3
BRDA:323,34,1,0
BRDA:328,35,0,0
BRDA:328,35,1,0
BRDA:345,36,0,0
BRDA:345,36,1,0
BRDA:345,37,0,0
BRDA:345,37,1,0
BRDA:347,38,0,0
BRDA:347,38,1,0
BRDA:347,39,0,0
BRDA:347,39,1,0
BRDA:349,40,0,0
BRDA:349,40,1,0
BRDA:349,41,0,0
BRDA:349,41,1,0
BRDA:378,42,0,0
BRDA:378,42,1,0
BRDA:378,42,2,0
BRDA:378,42,3,0
BRDA:378,42,4,0
BRDA:378,42,5,0
BRDA:380,43,0,0
BRDA:380,43,1,0
BRDA:382,44,0,0
BRDA:382,44,1,0
BRDA:384,45,0,0
BRDA:384,45,1,0
BRDA:386,46,0,0
BRDA:386,46,1,0
BRDA:403,47,0,0
BRDA:403,47,1,0
BRDA:407,48,0,0
BRDA:407,48,1,0
BRDA:428,49,0,0
BRDA:428,49,1,0
BRDA:431,50,0,0
BRDA:431,50,1,0
BRDA:446,51,0,0
BRDA:446,51,1,0
BRDA:449,52,0,0
BRDA:449,52,1,0
BRDA:452,53,0,0
BRDA:452,53,1,0
BRDA:460,54,0,0
BRDA:460,54,1,0
BRDA:470,55,0,0
BRDA:470,55,1,0
BRDA:470,55,2,0
BRDA:470,55,3,0
BRDA:470,55,4,0
BRDA:470,55,5,0
BRDA:474,56,0,0
BRDA:474,56,1,0
BRDA:482,57,0,0
BRDA:482,57,1,0
BRDA:496,58,0,0
BRDA:496,58,1,0
BRDA:513,59,0,0
BRDA:513,59,1,0
BRDA:538,60,0,0
BRDA:538,60,1,0
BRDA:538,61,0,0
BRDA:538,61,1,0
BRDA:540,62,0,0
BRDA:540,62,1,0
BRDA:640,63,0,0
BRDA:640,63,1,3
BRDA:651,64,0,0
BRDA:651,64,1,3
BRDA:663,65,0,0
BRDA:663,65,1,3
BRDA:668,66,0,0
BRDA:668,66,1,0
BRDA:673,67,0,0
BRDA:673,67,1,0
BRDA:691,68,0,0
BRDA:691,68,1,0
BRDA:723,69,0,0
BRDA:723,69,1,3
BRDA:737,70,0,3
BRDA:737,70,1,3
BRDA:738,71,0,3
BRDA:738,71,1,3
BRDA:757,72,0,1
BRDA:757,72,1,2
BRDA:757,73,0,3
BRDA:757,73,1,2
BRDA:760,74,0,1
BRDA:760,74,1,1
BRDA:760,75,0,2
BRDA:760,75,1,1
BRDA:763,76,0,0
BRDA:763,76,1,1
BRDA:792,77,0,0
BRDA:792,77,1,0
BRDA:792,78,0,0
BRDA:792,78,1,0
BRDA:814,79,0,0
BRDA:814,79,1,0
BRDA:817,80,0,0
BRDA:817,80,1,0
BRDA:818,81,0,0
BRDA:818,81,1,0
BRDA:886,82,0,0
BRDA:886,82,1,0
BRDA:893,83,0,0
BRDA:893,83,1,0
BRDA:900,84,0,0
BRDA:900,84,1,0
BRDA:917,85,0,0
BRDA:917,85,1,1
BRF:184
BRH:67
end_of_record
TN:
SF:src/modules/gear_system.ts
FN:227,generateGearId
FN:236,rollRarity
FN:254,getRandomItem
FN:272,getGearDefinitions
FN:300,getGearName
FN:322,generateGearStats
FN:327,(anonymous_6)
FN:342,generateModifiers
FN:348,(anonymous_8)
FN:367,(anonymous_9)
FN:389,generateGearItem
FN:418,registerRpcGenerateGear
FN:442,rpcGenerateGear
FN:558,registerRpcEquipGear
FN:582,rpcEquipGear
FN:625,(anonymous_15)
FN:689,registerRpcUnequipGear
FN:712,rpcUnequipGear
FN:804,registerRpcGetInventory
FN:828,rpcGetInventory
FN:874,registerRpcUnlockModifierPool
FN:897,rpcUnlockModifierPool
FNF:22
FNH:16
FNDA:2,generateGearId
FNDA:2,rollRarity
FNDA:4,getRandomItem
FNDA:8,getGearDefinitions
FNDA:2,getGearName
FNDA:2,generateGearStats
FNDA:4,(anonymous_6)
FNDA:2,generateModifiers
FNDA:10,(anonymous_8)
FNDA:0,(anonymous_9)
FNDA:2,generateGearItem
FNDA:0,registerRpcGenerateGear
FNDA:3,rpcGenerateGear
FNDA:0,registerRpcEquipGear
FNDA:5,rpcEquipGear
FNDA:2,(anonymous_15)
FNDA:0,registerRpcUnequipGear
FNDA:3,rpcUnequipGear
FNDA:0,registerRpcGetInventory
FNDA:2,rpcGetInventory
FNDA:0,registerRpcUnlockModifierPool
FNDA:3,rpcUnlockModifierPool
DA:7,1
DA:8,1
DA:9,1
DA:10,1
DA:130,1
DA:151,1
DA:153,1
DA:168,1
DA:216,1
DA:228,2
DA:237,2
DA:239,2
DA:240,0
DA:241,2
DA:242,0
DA:244,2
DA:255,4
DA:273,8
DA:274,8
DA:276,8
DA:277,0
DA:280,8
DA:288,8
DA:289,8
DA:301,2
DA:302,2
DA:303,2
DA:305,2
DA:306,0
DA:307,2
DA:308,0
DA:311,2
DA:323,2
DA:324,2
DA:325,2
DA:327,4
DA:347,2
DA:348,2
DA:349,10
DA:350,6
DA:352,4
DA:353,0
DA:355,4
DA:358,2
DA:359,0
DA:362,2
DA:363,2
DA:365,2
DA:366,0
DA:367,0
DA:368,0
DA:369,0
DA:371,0
DA:378,2
DA:394,2
DA:395,2
DA:396,2
DA:397,2
DA:399,2
DA:410,2
DA:418,1
DA:419,0
DA:442,1
DA:448,3
DA:450,3
DA:451,3
DA:452,1
DA:462,1
DA:465,2
DA:467,2
DA:477,2
DA:478,1
DA:485,1
DA:486,1
DA:487,1
DA:488,1
DA:489,0
DA:490,0
DA:500,0
DA:502,1
DA:504,0
DA:513,2
DA:514,2
DA:516,2
DA:525,2
DA:527,2
DA:543,2
DA:558,1
DA:559,0
DA:582,1
DA:588,5
DA:590,5
DA:591,5
DA:592,1
DA:595,4
DA:597,4
DA:605,4
DA:606,1
DA:611,3
DA:612,3
DA:613,0
DA:618,3
DA:619,3
DA:620,0
DA:621,0
DA:623,3
DA:625,3
DA:626,3
DA:627,1
DA:632,2
DA:634,2
DA:635,1
DA:645,1
DA:650,1
DA:652,1
DA:661,1
DA:677,1
DA:689,1
DA:690,0
DA:712,1
DA:718,3
DA:720,3
DA:721,3
DA:722,0
DA:725,3
DA:727,3
DA:735,3
DA:736,1
DA:741,2
DA:742,2
DA:743,0
DA:748,2
DA:749,2
DA:750,0
DA:751,0
DA:753,2
DA:755,2
DA:756,1
DA:766,1
DA:771,1
DA:772,1
DA:774,1
DA:783,1
DA:793,1
DA:804,1
DA:805,0
DA:828,1
DA:834,2
DA:836,2
DA:837,2
DA:838,0
DA:841,2
DA:849,2
DA:850,1
DA:857,1
DA:858,1
DA:859,1
DA:862,0
DA:874,1
DA:875,0
DA:897,1
DA:903,3
DA:905,3
DA:910,3
DA:911,0
DA:921,0
DA:924,3
DA:926,3
DA:936,3
DA:937,1
DA:944,2
DA:945,2
DA:946,2
DA:947,2
DA:948,0
DA:949,0
DA:951,2
DA:953,0
DA:962,3
DA:963,1
DA:966,3
DA:975,3
DA:977,3
DA:987,3
LF:184
LH:149
BRDA:239,0,0,0
BRDA:239,0,1,2
BRDA:241,1,0,0
BRDA:241,1,1,2
BRDA:276,2,0,0
BRDA:276,2,1,8
BRDA:305,3,0,0
BRDA:305,3,1,2
BRDA:307,4,0,0
BRDA:307,4,1,2
BRDA:349,5,0,6
BRDA:349,5,1,4
BRDA:349,6,0,10
BRDA:349,6,1,6
BRDA:352,7,0,0
BRDA:352,7,1,4
BRDA:352,8,0,4
BRDA:352,8,1,0
BRDA:358,9,0,0
BRDA:358,9,1,2
BRDA:362,10,0,0
BRDA:362,10,1,2
BRDA:362,11,0,0
BRDA:362,11,1,2
BRDA:367,12,0,0
BRDA:367,12,1,0
BRDA:451,13,0,1
BRDA:451,13,1,2
BRDA:477,14,0,1
BRDA:477,14,1,1
BRDA:486,15,0,1
BRDA:486,15,1,0
BRDA:488,16,0,0
BRDA:488,16,1,1
BRDA:488,17,0,1
BRDA:488,17,1,1
BRDA:591,18,0,1
BRDA:591,18,1,4
BRDA:605,19,0,1
BRDA:605,19,1,3
BRDA:612,20,0,0
BRDA:612,20,1,3
BRDA:619,21,0,0
BRDA:619,21,1,3
BRDA:619,22,0,3
BRDA:619,22,1,3
BRDA:626,23,0,1
BRDA:626,23,1,2
BRDA:634,24,0,1
BRDA:634,24,1,1
BRDA:721,25,0,0
BRDA:721,25,1,3
BRDA:735,26,0,1
BRDA:735,26,1,2
BRDA:742,27,0,0
BRDA:742,27,1,2
BRDA:749,28,0,0
BRDA:749,28,1,2
BRDA:749,29,0,2
BRDA:749,29,1,2
BRDA:755,30,0,1
BRDA:755,30,1,1
BRDA:837,31,0,0
BRDA:837,31,1,2
BRDA:849,32,0,1
BRDA:849,32,1,1
BRDA:858,33,0,1
BRDA:858,33,1,0
BRDA:910,34,0,0
BRDA:910,34,1,3
BRDA:936,35,0,1
BRDA:936,35,1,2
BRDA:945,36,0,2
BRDA:945,36,1,0
BRDA:947,37,0,0
BRDA:947,37,1,2
BRDA:947,38,0,2
BRDA:947,38,1,2
BRDA:962,39,0,1
BRDA:962,39,1,2
BRF:80
BRH:56
end_of_record
TN:
SF:src/modules/health_monitor.ts
FN:86,getHealthRegistry
FN:93,getCpuUsage
FN:115,getMemoryUsage
FN:125,getDiskUsage
FN:134,getDbConnectionUsage
FN:143,getActiveConnections
FN:151,getMatchQueueSize
FN:159,getResponseTime
FN:167,getErrorRate
FN:175,performHealthCheck
FN:236,checkHealthThresholds
FN:290,checkMetricThresholds
FN:330,runHealthCheck
FN:343,startHealthMonitoring
FN:366,stopHealthMonitoring
FN:378,getHealthStatus
FN:402,initializeHealthMonitoring
FNF:17
FNH:16
FNDA:1,getHealthRegistry
FNDA:10,getCpuUsage
FNDA:10,getMemoryUsage
FNDA:10,getDiskUsage
FNDA:10,getDbConnectionUsage
FNDA:10,getActiveConnections
FNDA:10,getMatchQueueSize
FNDA:10,getResponseTime
FNDA:10,getErrorRate
FNDA:10,performHealthCheck
FNDA:4,checkHealthThresholds
FNDA:0,checkMetricThresholds
FNDA:4,runHealthCheck
FNDA:4,startHealthMonitoring
FNDA:14,stopHealthMonitoring
FNDA:2,getHealthStatus
FNDA:1,initializeHealthMonitoring
DA:12,1
DA:13,1
DA:14,1
DA:16,1
DA:19,1
DA:24,1
DA:30,1
DA:36,1
DA:42,1
DA:48,1
DA:54,1
DA:60,1
DA:66,1
DA:72,1
DA:80,1
DA:81,1
DA:86,1
DA:87,1
DA:94,10
DA:95,10
DA:96,10
DA:98,10
DA:99,120
DA:100,600
DA:102,120
DA:105,10
DA:106,10
DA:107,10
DA:109,10
DA:116,10
DA:117,10
DA:118,10
DA:119,10
DA:128,10
DA:137,10
DA:145,10
DA:153,10
DA:161,10
DA:169,10
DA:175,1
DA:176,10
DA:177,10
DA:178,10
DA:179,10
DA:180,10
DA:181,10
DA:182,10
DA:183,10
DA:186,10
DA:187,10
DA:188,10
DA:189,10
DA:190,10
DA:191,10
DA:192,10
DA:193,10
DA:196,10
DA:197,10
DA:199,10
DA:200,0
DA:201,10
DA:202,0
DA:203,10
DA:204,0
DA:205,10
DA:206,0
DA:209,10
DA:210,10
DA:211,10
DA:215,10
DA:216,10
DA:221,10
DA:237,4
DA:238,0
DA:241,4
DA:242,4
DA:245,4
DA:246,0
DA:247,4
DA:248,0
DA:252,4
DA:253,0
DA:254,4
DA:255,4
DA:259,0
DA:260,0
DA:261,0
DA:262,0
DA:266,0
DA:267,0
DA:268,0
DA:269,0
DA:273,0
DA:274,0
DA:275,0
DA:276,0
DA:280,0
DA:281,0
DA:282,0
DA:283,0
DA:291,0
DA:292,0
DA:295,0
DA:298,0
DA:299,0
DA:305,0
DA:306,0
DA:315,0
DA:316,0
DA:322,0
DA:323,0
DA:331,4
DA:332,4
DA:333,4
DA:334,0
DA:336,4
DA:343,1
DA:344,4
DA:345,0
DA:346,0
DA:349,4
DA:350,0
DA:351,0
DA:354,4
DA:355,4
DA:357,4
DA:360,4
DA:366,1
DA:367,14
DA:368,3
DA:369,3
DA:371,14
DA:372,14
DA:378,1
DA:383,2
DA:384,2
DA:387,2
DA:392,2
DA:402,1
DA:404,1
DA:405,1
DA:406,1
DA:407,1
DA:408,1
DA:410,1
DA:413,1
DA:415,1
LF:147
LH:107
BRDA:199,0,0,0
BRDA:199,0,1,10
BRDA:201,1,0,0
BRDA:201,1,1,10
BRDA:203,2,0,0
BRDA:203,2,1,10
BRDA:205,3,0,0
BRDA:205,3,1,10
BRDA:209,4,0,10
BRDA:209,4,1,0
BRDA:210,5,0,10
BRDA:210,5,1,0
BRDA:213,6,0,10
BRDA:213,6,1,0
BRDA:215,7,0,10
BRDA:215,7,1,0
BRDA:218,8,0,10
BRDA:218,8,1,0
BRDA:237,9,0,0
BRDA:237,9,1,4
BRDA:245,10,0,0
BRDA:245,10,1,4
BRDA:247,11,0,0
BRDA:247,11,1,4
BRDA:252,12,0,0
BRDA:252,12,1,4
BRDA:254,13,0,4
BRDA:254,13,1,0
BRDA:259,14,0,0
BRDA:259,14,1,0
BRDA:261,15,0,0
BRDA:261,15,1,0
BRDA:266,16,0,0
BRDA:266,16,1,0
BRDA:268,17,0,0
BRDA:268,17,1,0
BRDA:273,18,0,0
BRDA:273,18,1,0
BRDA:275,19,0,0
BRDA:275,19,1,0
BRDA:280,20,0,0
BRDA:280,20,1,0
BRDA:282,21,0,0
BRDA:282,21,1,0
BRDA:291,22,0,0
BRDA:291,22,1,0
BRDA:298,23,0,0
BRDA:298,23,1,0
BRDA:305,24,0,0
BRDA:305,24,1,0
BRDA:315,25,0,0
BRDA:315,25,1,0
BRDA:322,26,0,0
BRDA:322,26,1,0
BRDA:343,27,0,0
BRDA:344,28,0,0
BRDA:344,28,1,4
BRDA:349,29,0,0
BRDA:349,29,1,4
BRDA:367,30,0,3
BRDA:367,30,1,11
BRDA:387,31,0,2
BRDA:387,31,1,2
BRDA:387,31,2,2
BRDA:387,31,3,2
BRDA:413,32,0,1
BRDA:413,32,1,0
BRF:67
BRH:23
end_of_record
TN:
SF:src/modules/matchmaker.ts
FN:90,registerRpcListMatches
FN:115,rpcListMatches
FN:178,(anonymous_2)
FN:193,registerRpcCreateMatch
FN:216,rpcCreateMatch
FN:350,registerRpcAcceptMatch
FN:373,rpcAcceptMatch
FN:486,registerRpcGetPlayerRank
FN:511,rpcGetPlayerRank
FN:555,calculateRank
FN:571,generateMatchId
FNF:11
FNH:7
FNDA:0,registerRpcListMatches
FNDA:6,rpcListMatches
FNDA:5,(anonymous_2)
FNDA:0,registerRpcCreateMatch
FNDA:8,rpcCreateMatch
FNDA:0,registerRpcAcceptMatch
FNDA:5,rpcAcceptMatch
FNDA:0,registerRpcGetPlayerRank
FNDA:2,rpcGetPlayerRank
FNDA:27,calculateRank
FNDA:12,generateMatchId
DA:8,3
DA:9,3
DA:90,3
DA:91,0
DA:115,3
DA:121,6
DA:123,6
DA:124,6
DA:125,1
DA:128,5
DA:129,5
DA:131,5
DA:139,5
DA:140,1
DA:145,4
DA:146,4
DA:148,4
DA:150,4
DA:152,4
DA:153,13
DA:155,13
DA:156,0
DA:159,13
DA:160,1
DA:163,12
DA:164,1
DA:167,11
DA:168,1
DA:171,10
DA:172,1
DA:175,9
DA:178,5
DA:180,4
DA:193,3
DA:194,0
DA:216,3
DA:222,8
DA:224,8
DA:225,8
DA:226,1
DA:236,1
DA:239,7
DA:241,7
DA:249,7
DA:250,1
DA:255,6
DA:256,6
DA:258,6
DA:259,5
DA:267,5
DA:268,1
DA:273,4
DA:274,4
DA:276,4
DA:277,1
DA:282,3
DA:297,3
DA:306,3
DA:311,1
DA:313,1
DA:314,1
DA:329,1
DA:338,1
DA:350,3
DA:351,0
DA:373,3
DA:379,5
DA:381,5
DA:382,5
DA:383,0
DA:393,0
DA:396,5
DA:398,5
DA:406,5
DA:407,1
DA:412,4
DA:414,4
DA:415,1
DA:420,3
DA:421,1
DA:426,2
DA:434,2
DA:435,1
DA:440,1
DA:441,1
DA:443,1
DA:444,1
DA:445,1
DA:446,1
DA:447,1
DA:448,1
DA:449,1
DA:451,1
DA:460,1
DA:475,1
DA:486,3
DA:487,0
DA:511,3
DA:517,2
DA:519,2
DA:520,2
DA:521,0
DA:524,2
DA:532,2
DA:533,1
DA:538,1
DA:539,1
DA:541,1
DA:555,3
DA:556,27
DA:558,27
DA:563,27
DA:571,3
DA:572,12
LF:114
LH:106
BRDA:124,0,0,1
BRDA:124,0,1,5
BRDA:128,1,0,5
BRDA:128,1,1,0
BRDA:129,2,0,5
BRDA:129,2,1,4
BRDA:139,3,0,1
BRDA:139,3,1,4
BRDA:155,4,0,0
BRDA:155,4,1,13
BRDA:159,5,0,1
BRDA:159,5,1,12
BRDA:159,6,0,13
BRDA:159,6,1,2
BRDA:163,7,0,1
BRDA:163,7,1,11
BRDA:167,8,0,1
BRDA:167,8,1,10
BRDA:167,9,0,11
BRDA:167,9,1,3
BRDA:171,10,0,1
BRDA:171,10,1,9
BRDA:171,11,0,10
BRDA:171,11,1,2
BRDA:225,12,0,1
BRDA:225,12,1,7
BRDA:249,13,0,1
BRDA:249,13,1,6
BRDA:258,14,0,5
BRDA:258,14,1,1
BRDA:267,15,0,1
BRDA:267,15,1,4
BRDA:276,16,0,1
BRDA:276,16,1,3
BRDA:276,17,0,4
BRDA:276,17,1,3
BRDA:289,18,0,3
BRDA:289,18,1,2
BRDA:382,19,0,0
BRDA:382,19,1,5
BRDA:406,20,0,1
BRDA:406,20,1,4
BRDA:414,21,0,1
BRDA:414,21,1,3
BRDA:420,22,0,1
BRDA:420,22,1,2
BRDA:434,23,0,1
BRDA:434,23,1,1
BRDA:520,24,0,0
BRDA:520,24,1,2
BRDA:532,25,0,1
BRDA:532,25,1,1
BRF:52
BRH:48
end_of_record
TN:
SF:src/modules/metrics.ts
FN:49,registerRpcMetrics
FN:53,rpcGetMetrics
FN:84,wrapRpcWithMetrics
FN:85,(anonymous_12)
FN:108,registerRpcWithMetrics
FN:118,registerRpcWithRateLimit
FN:140,getMetricsRegistry
FN:144,recordRateLimitViolation
FN:148,updateActiveUsersCount
FNF:9
FNH:4
FNDA:1,registerRpcMetrics
FNDA:0,rpcGetMetrics
FNDA:0,wrapRpcWithMetrics
FNDA:0,(anonymous_12)
FNDA:0,registerRpcWithMetrics
FNDA:0,registerRpcWithRateLimit
FNDA:1,getMetricsRegistry
FNDA:1,recordRateLimitViolation
FNDA:1,updateActiveUsersCount
DA:1,5
DA:2,5
DA:4,5
DA:5,5
DA:6,5
DA:8,5
DA:10,5
DA:12,5
DA:19,5
DA:27,5
DA:34,5
DA:41,5
DA:47,5
DA:49,5
DA:50,1
DA:59,0
DA:61,0
DA:62,0
DA:63,0
DA:67,0
DA:70,0
DA:71,0
DA:74,0
DA:84,5
DA:85,0
DA:91,0
DA:93,0
DA:94,0
DA:95,0
DA:96,0
DA:98,0
DA:99,0
DA:100,0
DA:101,0
DA:103,0
DA:108,5
DA:114,0
DA:115,0
DA:118,5
DA:124,0
DA:125,0
DA:126,0
DA:129,0
DA:130,0
DA:131,0
DA:134,0
DA:135,0
DA:137,0
DA:140,5
DA:141,1
DA:144,5
DA:145,1
DA:148,5
DA:149,1
LF:54
LH:24
BRDA:62,0,0,0
BRDA:62,0,1,0
BRDA:98,1,0,0
BRDA:98,1,1,0
BRDA:124,2,0,0
BRDA:124,2,1,0
BRDA:130,3,0,0
BRDA:130,3,1,0
BRF:8
BRH:0
end_of_record
TN:
SF:src/modules/player_rpc.ts
FN:17,registerRpcHealthCheck
FN:46,rpcHealthCheck
FN:71,registerRpcGetPlayerStats
FN:100,rpcGetPlayerStats
FN:146,registerRpcReportPlayer
FN:164,rpcReportPlayer
FN:205,registerRpcGetPlayerReports
FN:223,rpcGetPlayerReports
FNF:8
FNH:2
FNDA:0,registerRpcHealthCheck
FNDA:10,rpcHealthCheck
FNDA:0,registerRpcGetPlayerStats
FNDA:4,rpcGetPlayerStats
FNDA:0,registerRpcReportPlayer
FNDA:0,rpcReportPlayer
FNDA:0,registerRpcGetPlayerReports
FNDA:0,rpcGetPlayerReports
DA:7,2
DA:8,2
DA:9,2
DA:10,2
DA:17,2
DA:18,0
DA:46,2
DA:52,10
DA:54,10
DA:55,10
DA:56,2
DA:59,8
DA:71,2
DA:72,0
DA:100,2
DA:106,4
DA:108,4
DA:109,4
DA:110,0
DA:113,4
DA:114,4
DA:116,4
DA:117,1
DA:120,3
DA:128,3
DA:129,1
DA:134,2
DA:135,2
DA:137,2
DA:146,2
DA:147,0
DA:164,2
DA:170,0
DA:172,0
DA:173,0
DA:174,0
DA:177,0
DA:179,0
DA:187,0
DA:188,0
DA:194,0
DA:205,2
DA:206,0
DA:223,2
DA:229,0
DA:231,0
DA:232,0
DA:233,0
DA:236,0
DA:240,0
DA:242,0
LF:51
LH:30
BRDA:55,0,0,2
BRDA:55,0,1,8
BRDA:109,1,0,0
BRDA:109,1,1,4
BRDA:116,2,0,1
BRDA:116,2,1,3
BRDA:128,3,0,1
BRDA:128,3,1,2
BRDA:134,4,0,2
BRDA:134,4,1,0
BRDA:173,5,0,0
BRDA:173,5,1,0
BRDA:187,6,0,0
BRDA:187,6,1,0
BRDA:232,7,0,0
BRDA:232,7,1,0
BRDA:240,8,0,0
BRDA:240,8,1,0
BRF:18
BRH:8
end_of_record
TN:
SF:src/modules/progression_validation.ts
FN:21,validatePlayerStats
FN:89,(anonymous_1)
FN:92,validateGearInventory
FN:96,(anonymous_3)
FN:110,(anonymous_4)
FN:111,(anonymous_5)
FN:127,(anonymous_6)
FN:137,(anonymous_7)
FN:140,recordStatMutation
FN:164,validateFullProgression
FN:191,(anonymous_10)
FN:198,calculateLevelFromXP
FNF:12
FNH:9
FNDA:4,validatePlayerStats
FNDA:3,(anonymous_1)
FNDA:2,validateGearInventory
FNDA:6,(anonymous_3)
FNDA:2,(anonymous_4)
FNDA:4,(anonymous_5)
FNDA:2,(anonymous_6)
FNDA:1,(anonymous_7)
FNDA:0,recordStatMutation
FNDA:0,validateFullProgression
FNDA:0,(anonymous_10)
FNDA:4,calculateLevelFromXP
DA:2,1
DA:18,1
DA:19,1
DA:21,1
DA:25,4
DA:28,4
DA:29,4
DA:30,1
DA:38,4
DA:39,0
DA:52,4
DA:53,1
DA:62,4
DA:63,4
DA:64,0
DA:77,4
DA:78,16
DA:79,16
DA:80,1
DA:89,4
DA:92,1
DA:93,2
DA:96,6
DA:97,2
DA:98,0
DA:107,2
DA:108,2
DA:109,6
DA:110,2
DA:111,4
DA:112,0
DA:116,2
DA:117,0
DA:126,2
DA:127,6
DA:128,1
DA:137,2
DA:140,1
DA:148,0
DA:149,0
DA:150,0
DA:153,0
DA:164,1
DA:172,0
DA:173,0
DA:175,0
DA:176,0
DA:178,0
DA:179,0
DA:188,0
DA:191,0
DA:195,0
DA:199,4
DA:202,1
LF:54
LH:36
BRDA:29,0,0,1
BRDA:29,0,1,3
BRDA:38,1,0,0
BRDA:38,1,1,4
BRDA:52,2,0,1
BRDA:52,2,1,3
BRDA:52,3,0,4
BRDA:52,3,1,1
BRDA:63,4,0,0
BRDA:63,4,1,4
BRDA:79,5,0,1
BRDA:79,5,1,15
BRDA:97,6,0,0
BRDA:97,6,1,2
BRDA:109,7,0,2
BRDA:109,7,1,4
BRDA:111,8,0,0
BRDA:111,8,1,2
BRDA:111,9,0,2
BRDA:111,9,1,1
BRDA:116,10,0,0
BRDA:116,10,1,2
BRDA:127,11,0,1
BRDA:127,11,1,5
BRDA:127,12,0,6
BRDA:127,12,1,2
BRDA:150,13,0,0
BRDA:150,13,1,0
BRDA:156,14,0,0
BRDA:156,14,1,0
BRDA:176,15,0,0
BRDA:176,15,1,0
BRDA:178,16,0,0
BRDA:178,16,1,0
BRDA:182,17,0,0
BRDA:182,17,1,0
BRF:36
BRH:21
end_of_record
TN:
SF:src/modules/rpg_system.ts
FN:63,registerRpcGainXP
FN:88,rpcGainXP
FN:229,registerRpcAllocateStats
FN:257,rpcAllocateStats
FN:388,registerRpcGetPlayerStats
FN:417,rpcGetPlayerStats
FN:466,calculateLevel
FNF:7
FNH:4
FNDA:0,registerRpcGainXP
FNDA:5,rpcGainXP
FNDA:0,registerRpcAllocateStats
FNDA:4,rpcAllocateStats
FNDA:0,registerRpcGetPlayerStats
FNDA:2,rpcGetPlayerStats
FNDA:14,calculateLevel
DA:7,2
DA:8,2
DA:9,2
DA:10,2
DA:11,2
DA:12,2
DA:63,2
DA:64,0
DA:88,2
DA:94,5
DA:96,5
DA:97,5
DA:98,1
DA:108,1
DA:111,4
DA:113,4
DA:123,4
DA:124,0
DA:137,4
DA:138,4
DA:139,3
DA:140,3
DA:141,0
DA:142,0
DA:152,0
DA:154,3
DA:156,1
DA:171,4
DA:172,4
DA:174,4
DA:175,4
DA:177,4
DA:178,3
DA:179,3
DA:180,3
DA:189,4
DA:198,4
DA:200,4
DA:216,4
DA:229,2
DA:230,0
DA:257,2
DA:263,4
DA:265,4
DA:266,4
DA:267,1
DA:277,1
DA:280,3
DA:282,3
DA:290,3
DA:291,1
DA:301,1
DA:306,2
DA:312,2
DA:313,0
DA:314,0
DA:324,0
DA:326,2
DA:328,2
DA:329,1
DA:343,1
DA:348,1
DA:349,1
DA:351,1
DA:360,1
DA:362,1
DA:377,1
DA:388,2
DA:389,0
DA:417,2
DA:423,2
DA:425,2
DA:426,2
DA:427,0
DA:430,2
DA:431,2
DA:433,2
DA:434,0
DA:437,2
DA:445,2
DA:446,1
DA:451,1
DA:452,1
DA:454,1
DA:466,2
DA:467,14
DA:468,14
DA:469,14
DA:470,14
DA:472,14
DA:473,27
DA:474,27
DA:475,27
DA:478,14
LF:94
LH:82
BRDA:97,0,0,1
BRDA:97,0,1,4
BRDA:123,1,0,0
BRDA:123,1,1,4
BRDA:138,2,0,3
BRDA:138,2,1,1
BRDA:140,3,0,0
BRDA:140,3,1,3
BRDA:140,4,0,3
BRDA:140,4,1,3
BRDA:177,5,0,3
BRDA:177,5,1,1
BRDA:266,6,0,1
BRDA:266,6,1,3
BRDA:290,7,0,1
BRDA:290,7,1,2
BRDA:307,8,0,2
BRDA:307,8,1,0
BRDA:312,9,0,0
BRDA:312,9,1,2
BRDA:312,10,0,2
BRDA:312,10,1,2
BRDA:328,11,0,1
BRDA:328,11,1,1
BRDA:426,12,0,0
BRDA:426,12,1,2
BRDA:433,13,0,0
BRDA:433,13,1,2
BRDA:445,14,0,1
BRDA:445,14,1,1
BRDA:451,15,0,1
BRDA:451,15,1,0
BRF:32
BRH:25
end_of_record
TN:
SF:src/modules/season_system.ts
FN:128,registerRpcGetSeasonInfo
FN:154,rpcGetSeasonInfo
FN:185,registerRpcGetLeaderboard
FN:210,rpcGetLeaderboard
FN:229,(anonymous_4)
FN:250,registerRpcUpdateRank
FN:275,rpcUpdateRank
FN:462,registerRpcGetSeasonRewards
FN:486,rpcGetSeasonRewards
FN:523,registerRpcClaimSeasonRewards
FN:547,rpcClaimSeasonRewards
FN:633,registerRpcEndSeason
FN:657,rpcEndSeason
FN:726,getCurrentSeason
FN:750,getLeaderboardEntry
FN:778,calculateRewards
FNF:16
FNH:10
FNDA:0,registerRpcGetSeasonInfo
FNDA:2,rpcGetSeasonInfo
FNDA:0,registerRpcGetLeaderboard
FNDA:2,rpcGetLeaderboard
FNDA:102,(anonymous_4)
FNDA:0,registerRpcUpdateRank
FNDA:3,rpcUpdateRank
FNDA:0,registerRpcGetSeasonRewards
FNDA:6,rpcGetSeasonRewards
FNDA:0,registerRpcClaimSeasonRewards
FNDA:3,rpcClaimSeasonRewards
FNDA:0,registerRpcEndSeason
FNDA:1,rpcEndSeason
FNDA:16,getCurrentSeason
FNDA:14,getLeaderboardEntry
FNDA:13,calculateRewards
DA:7,2
DA:15,2
DA:120,2
DA:121,2
DA:128,2
DA:129,0
DA:154,2
DA:160,2
DA:162,2
DA:163,2
DA:164,0
DA:167,2
DA:169,2
DA:171,2
DA:185,2
DA:186,0
DA:210,2
DA:216,2
DA:218,2
DA:219,2
DA:220,2
DA:221,0
DA:224,2
DA:225,2
DA:227,2
DA:229,102
DA:237,2
DA:250,2
DA:251,0
DA:275,2
DA:281,3
DA:283,3
DA:284,3
DA:285,1
DA:288,2
DA:291,2
DA:292,0
DA:297,0
DA:304,2
DA:305,0
DA:310,0
DA:318,2
DA:319,0
DA:327,0
DA:338,0
DA:339,0
DA:340,0
DA:341,0
DA:351,2
DA:352,0
DA:353,0
DA:360,2
DA:362,2
DA:363,2
DA:365,2
DA:366,2
DA:368,2
DA:369,2
DA:370,2
DA:372,2
DA:373,2
DA:376,2
DA:379,2
DA:380,2
DA:381,2
DA:383,2
DA:398,2
DA:401,2
DA:402,2
DA:404,2
DA:420,2
DA:429,2
DA:439,2
DA:462,2
DA:463,0
DA:486,2
DA:492,6
DA:494,6
DA:495,6
DA:496,0
DA:499,6
DA:500,6
DA:502,6
DA:503,1
DA:509,5
DA:511,5
DA:523,2
DA:524,0
DA:547,2
DA:553,3
DA:555,3
DA:560,3
DA:561,0
DA:564,3
DA:566,3
DA:574,3
DA:575,1
DA:580,2
DA:582,2
DA:583,1
DA:588,1
DA:591,1
DA:607,1
DA:609,1
DA:610,1
DA:613,1
DA:614,1
DA:617,1
DA:618,1
DA:621,1
DA:633,2
DA:634,0
DA:657,2
DA:663,1
DA:665,1
DA:666,1
DA:667,0
DA:670,1
DA:673,1
DA:674,1
DA:675,1
DA:677,1
DA:687,1
DA:697,1
DA:698,1
DA:700,1
DA:710,1
DA:714,1
DA:727,16
DA:728,16
DA:729,16
DA:730,16
DA:732,16
DA:755,14
DA:757,14
DA:758,7
DA:761,7
DA:762,7
DA:778,2
DA:779,13
DA:780,5
DA:789,8
DA:790,2
DA:799,6
DA:800,2
DA:809,4
DA:810,2
DA:816,2
LF:148
LH:125
BRDA:163,0,0,0
BRDA:163,0,1,2
BRDA:174,1,0,1
BRDA:174,1,1,1
BRDA:175,2,0,1
BRDA:175,2,1,1
BRDA:220,3,0,0
BRDA:220,3,1,2
BRDA:224,4,0,2
BRDA:224,4,1,0
BRDA:225,5,0,2
BRDA:225,5,1,0
BRDA:234,6,0,102
BRDA:234,6,1,0
BRDA:284,7,0,1
BRDA:284,7,1,2
BRDA:291,8,0,0
BRDA:291,8,1,2
BRDA:304,9,0,0
BRDA:304,9,1,2
BRDA:318,10,0,0
BRDA:318,10,1,2
BRDA:318,11,0,2
BRDA:318,11,1,0
BRDA:318,11,2,0
BRDA:318,11,3,0
BRDA:339,12,0,0
BRDA:339,12,1,0
BRDA:351,13,0,0
BRDA:351,13,1,2
BRDA:351,14,0,2
BRDA:351,14,1,2
BRDA:365,15,0,0
BRDA:365,15,1,2
BRDA:366,16,0,0
BRDA:366,16,1,2
BRDA:368,17,0,1
BRDA:368,17,1,1
BRDA:376,18,0,0
BRDA:376,18,1,2
BRDA:380,19,0,1
BRDA:380,19,1,1
BRDA:386,20,0,2
BRDA:386,20,1,0
BRDA:398,21,0,0
BRDA:398,21,1,2
BRDA:495,22,0,0
BRDA:495,22,1,6
BRDA:502,23,0,1
BRDA:502,23,1,5
BRDA:560,24,0,0
BRDA:560,24,1,3
BRDA:574,25,0,1
BRDA:574,25,1,2
BRDA:582,26,0,1
BRDA:582,26,1,1
BRDA:609,27,0,1
BRDA:609,27,1,0
BRDA:613,28,0,1
BRDA:613,28,1,0
BRDA:617,29,0,1
BRDA:617,29,1,0
BRDA:666,30,0,0
BRDA:666,30,1,1
BRDA:757,31,0,7
BRDA:757,31,1,7
BRDA:767,32,0,7
BRDA:767,32,1,0
BRDA:779,33,0,5
BRDA:779,33,1,8
BRDA:789,34,0,2
BRDA:789,34,1,6
BRDA:799,35,0,2
BRDA:799,35,1,4
BRDA:809,36,0,2
BRDA:809,36,1,2
BRF:76
BRH:50
end_of_record
TN:
SF:src/modules/store.ts
FN:32,(anonymous_0)
FN:61,cleanupOldReceipts
FN:70,(anonymous_2)
FN:85,isReceiptAlreadyUsed
FN:99,markReceiptAsUsed
FN:112,hashReceipt
FN:123,isRefundAlreadyProcessed
FN:137,markRefundAsProcessed
FN:156,validatePlatform
FN:180,wouldExceedMaxBalance
FN:196,processRefund
FN:307,getPlayerCurrencyWithCache
FN:361,invalidateCurrencyCache
FN:418,registerRpcValidatePurchase
FN:427,registerRpcGetCurrency
FN:436,registerRpcSpendGems
FN:446,getStoreCatalog
FN:479,rpcValidatePurchase
FN:706,rpcGetCurrency
FN:744,rpcSpendGems
FN:861,getRevenueCatApiKey
FN:886,validateWithRevenueCat
FN:985,addToPendingQueue
FN:1012,cleanupPendingPurchases
FN:1018,(anonymous_24)
FN:1032,rpcProcessPendingPurchases
FN:1141,(anonymous_26)
FN:1150,registerRpcProcessPendingPurchases
FN:1162,rpcCheckRefunds
FN:1284,registerRpcCheckRefunds
FN:1296,rpcCheckSubscriptions
FN:1409,registerRpcCheckSubscriptions
FN:1423,rpcAppLaunchCheck
FN:1453,registerRpcAppLaunchCheck
FNF:34
FNH:14
FNDA:1,(anonymous_0)
FNDA:0,cleanupOldReceipts
FNDA:0,(anonymous_2)
FNDA:1,isReceiptAlreadyUsed
FNDA:1,markReceiptAsUsed
FNDA:1,hashReceipt
FNDA:0,isRefundAlreadyProcessed
FNDA:0,markRefundAsProcessed
FNDA:1,validatePlatform
FNDA:1,wouldExceedMaxBalance
FNDA:0,processRefund
FNDA:5,getPlayerCurrencyWithCache
FNDA:2,invalidateCurrencyCache
FNDA:0,registerRpcValidatePurchase
FNDA:0,registerRpcGetCurrency
FNDA:0,registerRpcSpendGems
FNDA:1,getStoreCatalog
FNDA:3,rpcValidatePurchase
FNDA:2,rpcGetCurrency
FNDA:3,rpcSpendGems
FNDA:1,getRevenueCatApiKey
FNDA:1,validateWithRevenueCat
FNDA:0,addToPendingQueue
FNDA:0,cleanupPendingPurchases
FNDA:0,(anonymous_24)
FNDA:0,rpcProcessPendingPurchases
FNDA:0,(anonymous_26)
FNDA:0,registerRpcProcessPendingPurchases
FNDA:0,rpcCheckRefunds
FNDA:0,registerRpcCheckRefunds
FNDA:0,rpcCheckSubscriptions
FNDA:0,registerRpcCheckSubscriptions
FNDA:0,rpcAppLaunchCheck
FNDA:0,registerRpcAppLaunchCheck
DA:7,1
DA:9,1
DA:10,1
DA:11,1
DA:12,1
DA:17,1
DA:22,1
DA:27,1
DA:32,1
DA:33,1
DA:34,1
DA:35,1
DA:36,1
DA:37,1
DA:44,1
DA:50,1
DA:63,0
DA:66,0
DA:68,0
DA:69,0
DA:70,0
DA:76,1
DA:86,1
DA:87,1
DA:88,1
DA:90,0
DA:100,1
DA:101,1
DA:102,1
DA:103,1
DA:105,1
DA:113,1
DA:124,0
DA:125,0
DA:126,0
DA:128,0
DA:138,0
DA:139,0
DA:140,0
DA:141,0
DA:143,0
DA:158,1
DA:159,0
DA:160,0
DA:168,1
DA:170,1
DA:181,1
DA:196,1
DA:205,0
DA:206,0
DA:211,0
DA:215,0
DA:216,0
DA:217,0
DA:221,0
DA:224,0
DA:225,0
DA:228,0
DA:238,0
DA:243,0
DA:246,0
DA:249,0
DA:257,0
DA:259,0
DA:270,0
DA:279,0
DA:312,5
DA:313,5
DA:315,5
DA:316,0
DA:319,5
DA:328,5
DA:329,1
DA:335,4
DA:341,4
DA:351,5
DA:352,5
DA:362,2
DA:363,2
DA:395,1
DA:418,1
DA:419,0
DA:427,1
DA:428,0
DA:436,1
DA:437,0
DA:447,1
DA:448,1
DA:450,1
DA:451,0
DA:454,1
DA:455,1
DA:479,1
DA:485,3
DA:487,3
DA:488,3
DA:489,2
DA:499,2
DA:502,1
DA:505,1
DA:506,1
DA:507,0
DA:508,0
DA:518,0
DA:525,1
DA:526,0
DA:536,0
DA:546,1
DA:553,1
DA:554,0
DA:555,0
DA:565,0
DA:571,1
DA:573,1
DA:574,0
DA:584,0
DA:589,1
DA:592,1
DA:593,0
DA:598,0
DA:608,0
DA:615,1
DA:617,1
DA:620,1
DA:621,0
DA:628,0
DA:638,0
DA:644,1
DA:646,1
DA:655,1
DA:659,1
DA:661,1
DA:663,1
DA:678,1
DA:706,1
DA:712,2
DA:714,2
DA:715,2
DA:716,0
DA:719,2
DA:721,2
DA:744,1
DA:750,3
DA:752,3
DA:753,3
DA:754,1
DA:764,1
DA:767,2
DA:769,2
DA:771,2
DA:772,1
DA:782,1
DA:787,1
DA:789,1
DA:798,1
DA:800,1
DA:807,1
DA:817,1
DA:839,1
DA:844,1
DA:850,1
DA:855,1
DA:862,1
DA:892,1
DA:893,1
DA:894,1
DA:896,1
DA:899,0
DA:901,0
DA:904,0
DA:918,0
DA:919,0
DA:920,0
DA:921,0
DA:927,0
DA:930,0
DA:932,0
DA:933,0
DA:934,0
DA:941,0
DA:944,0
DA:945,0
DA:946,0
DA:947,0
DA:948,0
DA:949,0
DA:950,0
DA:956,0
DA:957,0
DA:958,0
DA:965,0
DA:966,0
DA:972,0
DA:973,0
DA:991,0
DA:992,0
DA:993,0
DA:994,0
DA:997,0
DA:1006,0
DA:1013,0
DA:1014,0
DA:1016,0
DA:1017,0
DA:1018,0
DA:1021,0
DA:1022,0
DA:1024,0
DA:1032,1
DA:1038,0
DA:1040,0
DA:1045,0
DA:1046,0
DA:1049,0
DA:1050,0
DA:1051,0
DA:1058,0
DA:1059,0
DA:1060,0
DA:1062,0
DA:1064,0
DA:1065,0
DA:1066,0
DA:1070,0
DA:1071,0
DA:1076,0
DA:1080,0
DA:1081,0
DA:1082,0
DA:1087,0
DA:1091,0
DA:1094,0
DA:1095,0
DA:1096,0
DA:1100,0
DA:1101,0
DA:1103,0
DA:1104,0
DA:1105,0
DA:1110,0
DA:1114,0
DA:1115,0
DA:1117,0
DA:1126,0
DA:1127,0
DA:1129,0
DA:1130,0
DA:1139,0
DA:1141,0
DA:1142,0
DA:1150,1
DA:1151,0
DA:1162,1
DA:1168,0
DA:1170,0
DA:1171,0
DA:1172,0
DA:1175,0
DA:1176,0
DA:1177,0
DA:1178,0
DA:1187,0
DA:1188,0
DA:1199,0
DA:1200,0
DA:1201,0
DA:1202,0
DA:1209,0
DA:1210,0
DA:1212,0
DA:1213,0
DA:1221,0
DA:1224,0
DA:1228,0
DA:1229,0
DA:1230,0
DA:1231,0
DA:1232,0
DA:1241,0
DA:1242,0
DA:1243,0
DA:1245,0
DA:1246,0
DA:1248,0
DA:1249,0
DA:1257,0
DA:1262,0
DA:1268,0
DA:1275,0
DA:1276,0
DA:1284,1
DA:1285,0
DA:1296,1
DA:1302,0
DA:1304,0
DA:1309,0
DA:1310,0
DA:1313,0
DA:1314,0
DA:1315,0
DA:1316,0
DA:1325,0
DA:1326,0
DA:1337,0
DA:1338,0
DA:1339,0
DA:1340,0
DA:1347,0
DA:1348,0
DA:1350,0
DA:1351,0
DA:1359,0
DA:1364,0
DA:1366,0
DA:1367,0
DA:1368,0
DA:1371,0
DA:1373,0
DA:1375,0
DA:1376,0
DA:1385,0
DA:1391,0
DA:1400,0
DA:1401,0
DA:1409,1
DA:1410,0
DA:1423,1
DA:1429,0
DA:1431,0
DA:1432,0
DA:1433,0
DA:1437,0
DA:1440,0
DA:1443,0
DA:1445,0
DA:1453,1
DA:1454,0
LF:337
LH:118
BRDA:32,0,0,1
BRDA:32,0,1,1
BRDA:66,1,0,0
BRDA:66,1,1,0
BRDA:87,2,0,1
BRDA:87,2,1,0
BRDA:101,3,0,1
BRDA:101,3,1,0
BRDA:125,4,0,0
BRDA:125,4,1,0
BRDA:139,5,0,0
BRDA:139,5,1,0
BRDA:158,6,0,0
BRDA:158,6,1,1
BRDA:205,7,0,0
BRDA:205,7,1,0
BRDA:215,8,0,0
BRDA:215,8,1,0
BRDA:257,9,0,0
BRDA:257,9,1,0
BRDA:281,10,0,0
BRDA:281,10,1,0
BRDA:315,11,0,0
BRDA:315,11,1,5
BRDA:328,12,0,1
BRDA:328,12,1,4
BRDA:328,13,0,5
BRDA:328,13,1,4
BRDA:342,14,0,4
BRDA:342,14,1,0
BRDA:342,15,0,4
BRDA:342,15,1,4
BRDA:450,16,0,0
BRDA:450,16,1,1
BRDA:488,17,0,2
BRDA:488,17,1,1
BRDA:492,18,0,2
BRDA:492,18,1,2
BRDA:506,19,0,0
BRDA:506,19,1,1
BRDA:511,20,0,0
BRDA:511,20,1,0
BRDA:525,21,0,0
BRDA:525,21,1,1
BRDA:529,22,0,0
BRDA:529,22,1,0
BRDA:553,23,0,0
BRDA:553,23,1,1
BRDA:558,24,0,0
BRDA:558,24,1,0
BRDA:573,25,0,0
BRDA:573,25,1,1
BRDA:577,26,0,0
BRDA:577,26,1,0
BRDA:592,27,0,0
BRDA:592,27,1,1
BRDA:601,28,0,0
BRDA:601,28,1,0
BRDA:620,29,0,0
BRDA:620,29,1,1
BRDA:631,30,0,0
BRDA:631,30,1,0
BRDA:666,31,0,1
BRDA:666,31,1,1
BRDA:715,32,0,0
BRDA:715,32,1,2
BRDA:753,33,0,1
BRDA:753,33,1,2
BRDA:757,34,0,1
BRDA:757,34,1,1
BRDA:771,35,0,1
BRDA:771,35,1,1
BRDA:775,36,0,1
BRDA:775,36,1,1
BRDA:810,37,0,1
BRDA:810,37,1,1
BRDA:862,38,0,1
BRDA:862,38,1,1
BRDA:893,39,0,1
BRDA:893,39,1,0
BRDA:901,40,0,0
BRDA:901,40,1,0
BRDA:918,41,0,0
BRDA:918,41,1,0
BRDA:930,42,0,0
BRDA:930,42,1,0
BRDA:930,42,2,0
BRDA:932,43,0,0
BRDA:932,43,1,0
BRDA:944,44,0,0
BRDA:944,44,1,0
BRDA:948,45,0,0
BRDA:948,45,1,0
BRDA:956,46,0,0
BRDA:956,46,1,0
BRDA:956,47,0,0
BRDA:956,47,1,0
BRDA:992,48,0,0
BRDA:992,48,1,0
BRDA:1014,49,0,0
BRDA:1014,49,1,0
BRDA:1018,50,0,0
BRDA:1018,50,1,0
BRDA:1021,51,0,0
BRDA:1021,51,1,0
BRDA:1045,52,0,0
BRDA:1045,52,1,0
BRDA:1050,53,0,0
BRDA:1050,53,1,0
BRDA:1050,54,0,0
BRDA:1050,54,1,0
BRDA:1064,55,0,0
BRDA:1064,55,1,0
BRDA:1070,56,0,0
BRDA:1070,56,1,0
BRDA:1080,57,0,0
BRDA:1080,57,1,0
BRDA:1094,58,0,0
BRDA:1094,58,1,0
BRDA:1103,59,0,0
BRDA:1103,59,1,0
BRDA:1171,60,0,0
BRDA:1171,60,1,0
BRDA:1176,61,0,0
BRDA:1176,61,1,0
BRDA:1199,62,0,0
BRDA:1199,62,1,0
BRDA:1212,63,0,0
BRDA:1212,63,1,0
BRDA:1228,64,0,0
BRDA:1228,64,1,0
BRDA:1231,65,0,0
BRDA:1231,65,1,0
BRDA:1231,66,0,0
BRDA:1231,66,1,0
BRDA:1234,67,0,0
BRDA:1234,67,1,0
BRDA:1243,68,0,0
BRDA:1243,68,1,0
BRDA:1248,69,0,0
BRDA:1248,69,1,0
BRDA:1272,70,0,0
BRDA:1272,70,1,0
BRDA:1309,71,0,0
BRDA:1309,71,1,0
BRDA:1314,72,0,0
BRDA:1314,72,1,0
BRDA:1337,73,0,0
BRDA:1337,73,1,0
BRDA:1350,74,0,0
BRDA:1350,74,1,0
BRDA:1366,75,0,0
BRDA:1366,75,1,0
BRDA:1371,76,0,0
BRDA:1371,76,1,0
BRDA:1373,77,0,0
BRDA:1373,77,1,0
BRDA:1373,77,2,0
BRDA:1375,78,0,0
BRDA:1375,78,1,0
BRDA:1375,79,0,0
BRDA:1375,79,1,0
BRDA:1377,80,0,0
BRDA:1377,80,1,0
BRDA:1395,81,0,0
BRDA:1395,81,1,0
BRDA:1432,82,0,0
BRDA:1432,82,1,0
BRF:168
BRH:40
end_of_record
TN:
SF:src/modules/validation.ts
FN:181,validatePayload
FN:197,(anonymous_1)
FN:208,createValidationErrorResponse
FNF:3
FNH:3
FNDA:105,validatePayload
FNDA:29,(anonymous_1)
FNDA:16,createValidationErrorResponse
DA:1,12
DA:3,12
DA:181,12
DA:186,105
DA:188,105
DA:189,2
DA:191,103
DA:193,104
DA:195,104
DA:196,15
DA:197,29
DA:199,15
DA:202,89
DA:204,1
DA:208,12
DA:209,16
LF:16
LH:16
BRDA:188,0,0,2
BRDA:188,0,1,103
BRDA:195,1,0,15
BRDA:195,1,1,89
BRF:4
BRH:4
end_of_record
TN:
SF:src/utils/cache.ts
FN:58,(anonymous_0)
FN:72,(anonymous_1)
FN:93,(anonymous_2)
FN:120,(anonymous_3)
FN:137,(anonymous_4)
FN:154,(anonymous_5)
FN:175,(anonymous_6)
FN:179,(anonymous_7)
FN:189,(anonymous_8)
FN:218,getCacheManager
FN:225,initializeCaches
FNF:11
FNH:11
FNDA:22,(anonymous_0)
FNDA:86,(anonymous_1)
FNDA:31,(anonymous_2)
FNDA:30,(anonymous_3)
FNDA:9,(anonymous_4)
FNDA:2,(anonymous_5)
FNDA:4,(anonymous_6)
FNDA:1,(anonymous_7)
FNDA:4,(anonymous_8)
FNDA:43,getCacheManager
FNDA:14,initializeCaches
DA:17,7
DA:18,7
DA:59,22
DA:60,22
DA:61,22
DA:73,86
DA:78,86
DA:79,86
DA:81,86
DA:82,81
DA:90,86
DA:94,31
DA:95,31
DA:97,31
DA:98,16
DA:99,16
DA:104,16
DA:107,15
DA:109,15
DA:110,7
DA:111,7
DA:113,8
DA:114,8
DA:117,15
DA:121,30
DA:123,30
DA:124,16
DA:125,16
DA:130,16
DA:133,14
DA:134,14
DA:138,9
DA:140,9
DA:141,7
DA:142,7
DA:147,7
DA:150,2
DA:151,2
DA:155,2
DA:156,2
DA:158,2
DA:159,0
DA:160,0
DA:165,0
DA:168,2
DA:169,2
DA:170,2
DA:172,2
DA:176,4
DA:180,1
DA:182,1
DA:183,1
DA:186,1
DA:190,4
DA:192,4
DA:193,0
DA:196,4
DA:204,7
DA:210,7
DA:216,7
DA:218,7
DA:219,43
DA:220,6
DA:222,43
DA:225,7
DA:226,14
DA:228,14
DA:229,14
DA:230,14
DA:231,14
DA:232,14
DA:234,14
DA:235,13
DA:238,14
DA:241,7
LF:75
LH:71
BRDA:58,0,0,0
BRDA:81,1,0,81
BRDA:81,1,1,5
BRDA:97,2,0,16
BRDA:97,2,1,15
BRDA:97,3,0,31
BRDA:97,3,1,15
BRDA:98,4,0,16
BRDA:98,4,1,0
BRDA:109,5,0,7
BRDA:109,5,1,8
BRDA:123,6,0,16
BRDA:123,6,1,14
BRDA:124,7,0,16
BRDA:124,7,1,0
BRDA:140,8,0,7
BRDA:140,8,1,2
BRDA:141,9,0,7
BRDA:141,9,1,0
BRDA:158,10,0,0
BRDA:158,10,1,2
BRDA:158,11,0,2
BRDA:158,11,1,2
BRDA:159,12,0,0
BRDA:159,12,1,0
BRDA:192,13,0,0
BRDA:192,13,1,4
BRDA:199,14,0,4
BRDA:199,14,1,0
BRDA:219,15,0,6
BRDA:219,15,1,37
BRDA:220,16,0,6
BRDA:220,16,1,1
BRDA:234,17,0,13
BRDA:234,17,1,1
BRF:35
BRH:26
end_of_record
TN:
SF:src/utils/db_optimizer.ts
FN:24,batchGetPlayerStats
FN:43,(anonymous_1)
FN:84,getPlayerStatsWithCache
FN:129,invalidatePlayerStatsCache
FNF:4
FNH:4
FNDA:4,batchGetPlayerStats
FNDA:2,(anonymous_1)
FNDA:3,getPlayerStatsWithCache
FNDA:6,invalidatePlayerStatsCache
DA:2,3
DA:3,3
DA:24,3
DA:29,4
DA:30,4
DA:31,4
DA:33,4
DA:34,3
DA:35,3
DA:36,1
DA:38,2
DA:42,4
DA:43,2
DA:49,2
DA:51,2
DA:52,2
DA:53,2
DA:54,2
DA:55,1
DA:56,1
DA:57,1
DA:62,2
DA:63,2
DA:64,1
DA:76,1
DA:81,4
DA:84,3
DA:89,3
DA:90,3
DA:92,3
DA:93,1
DA:96,2
DA:104,2
DA:105,1
DA:106,1
DA:107,1
DA:108,1
DA:109,1
DA:113,1
DA:125,1
DA:126,1
DA:129,3
DA:130,6
DA:131,6
LF:44
LH:44
BRDA:35,0,0,1
BRDA:35,0,1,2
BRDA:42,1,0,2
BRDA:42,1,1,2
BRDA:52,2,0,2
BRDA:52,2,1,0
BRDA:54,3,0,1
BRDA:54,3,1,1
BRDA:54,4,0,2
BRDA:54,4,1,1
BRDA:63,5,0,1
BRDA:63,5,1,1
BRDA:92,6,0,1
BRDA:92,6,1,2
BRDA:104,7,0,1
BRDA:104,7,1,1
BRDA:104,8,0,2
BRDA:104,8,1,1
BRDA:106,9,0,1
BRDA:106,9,1,0
BRDA:106,10,0,1
BRDA:106,10,1,1
BRF:22
BRH:20
end_of_record
TN:
SF:src/utils/rateLimiter.ts
FN:4,(anonymous_0)
FN:5,(anonymous_1)
FN:7,setMetricsCallbacks
FN:45,getKey
FN:49,getCurrentWindowResetTime
FN:53,setEndpointRateLimit
FN:57,getEndpointRateLimit
FN:61,checkRateLimit
FN:98,logRateLimitViolation
FN:109,resetUserRateLimit
FN:114,cleanupExpiredEntries
FN:118,(anonymous_11)
FN:124,(anonymous_12)
FN:131,getRateLimitStats
FN:137,(anonymous_14)
FN:149,(anonymous_15)
FN:156,createRateLimitedRpcHandler
FN:170,(anonymous_17)
FNF:18
FNH:10
FNDA:0,(anonymous_0)
FNDA:0,(anonymous_1)
FNDA:4,setMetricsCallbacks
FNDA:20,getKey
FNDA:6,getCurrentWindowResetTime
FNDA:4,setEndpointRateLimit
FNDA:15,getEndpointRateLimit
FNDA:15,checkRateLimit
FNDA:0,logRateLimitViolation
FNDA:5,resetUserRateLimit
FNDA:0,cleanupExpiredEntries
FNDA:0,(anonymous_11)
FNDA:0,(anonymous_12)
FNDA:1,getRateLimitStats
FNDA:2,(anonymous_14)
FNDA:1,(anonymous_15)
FNDA:0,createRateLimitedRpcHandler
FNDA:0,(anonymous_17)
DA:1,5
DA:4,5
DA:5,5
DA:7,5
DA:11,4
DA:12,4
DA:37,5
DA:39,5
DA:44,5
DA:46,20
DA:50,6
DA:53,5
DA:54,4
DA:57,5
DA:58,15
DA:61,5
DA:62,15
DA:63,15
DA:64,15
DA:66,15
DA:68,15
DA:69,6
DA:73,6
DA:76,15
DA:78,15
DA:79,2
DA:81,2
DA:89,13
DA:91,13
DA:98,5
DA:99,0
DA:106,0
DA:109,5
DA:110,5
DA:111,5
DA:114,5
DA:115,0
DA:116,0
DA:118,0
DA:119,0
DA:120,0
DA:124,0
DA:126,0
DA:129,5
DA:131,5
DA:135,1
DA:137,1
DA:138,2
DA:139,2
DA:141,2
DA:142,1
DA:144,2
DA:147,1
DA:149,1
DA:156,5
DA:170,0
DA:176,0
DA:178,0
DA:180,0
DA:181,0
DA:183,0
DA:194,0
LF:62
LH:46
BRDA:58,0,0,15
BRDA:58,0,1,0
BRDA:68,1,0,6
BRDA:68,1,1,9
BRDA:68,2,0,15
BRDA:68,2,1,9
BRDA:78,3,0,2
BRDA:78,3,1,13
BRDA:119,4,0,0
BRDA:119,4,1,0
BRDA:141,5,0,1
BRDA:141,5,1,1
BRDA:176,6,0,0
BRDA:176,6,1,0
BRDA:180,7,0,0
BRDA:180,7,1,0
BRDA:181,8,0,0
BRDA:181,8,1,0
BRF:18
BRH:9
end_of_record
TN:
SF:src/utils/rpcWrapper.ts
FN:16,wrapRpc
FN:17,(anonymous_1)
FN:75,generateRequestId
FN:79,createErrorResponse
FN:89,createSuccessResponse
FNF:5
FNH:5
FNDA:6,wrapRpc
FNDA:6,(anonymous_1)
FNDA:6,generateRequestId
FNDA:1,createErrorResponse
FNDA:2,createSuccessResponse
DA:1,1
DA:16,1
DA:17,6
DA:23,6
DA:24,6
DA:26,6
DA:27,6
DA:29,6
DA:30,5
DA:31,5
DA:32,4
DA:33,1
DA:36,2
DA:37,2
DA:38,2
DA:39,2
DA:49,4
DA:51,4
DA:53,3
DA:54,3
DA:56,3
DA:58,1
DA:59,1
DA:61,1
DA:62,1
DA:64,1
DA:76,6
DA:79,1
DA:80,1
DA:89,1
DA:90,2
LF:31
LH:31
BRDA:29,0,0,5
BRDA:29,0,1,1
BRDA:32,1,0,1
BRDA:32,1,1,3
BRDA:32,2,0,4
BRDA:32,2,1,1
BRDA:68,3,0,1
BRDA:68,3,1,0
BRF:8
BRH:7
end_of_record
TN:
SF:src/utils/safeParse.ts
FN:8,safeParse
FN:28,safeParsePayload
FN:46,createErrorResponse
FNF:3
FNH:3
FNDA:20,safeParse
FNDA:3,safeParsePayload
FNDA:1,createErrorResponse
DA:8,5
DA:14,20
DA:15,20
DA:16,0
DA:18,20
DA:19,19
DA:21,1
DA:22,1
DA:24,1
DA:28,5
DA:33,3
DA:34,3
DA:35,1
DA:37,2
DA:39,1
DA:40,1
DA:42,1
DA:46,5
DA:47,1
LF:19
LH:18
BRDA:15,0,0,0
BRDA:15,0,1,20
BRDA:21,1,0,1
BRDA:21,1,1,0
BRDA:34,2,0,1
BRDA:34,2,1,2
BRDA:39,3,0,1
BRDA:39,3,1,0
BRF:8
BRH:5
end_of_record
