TN:
SF:src/config.ts
FN:1,(anonymous_1)
FN:1,(anonymous_2)
FN:1,(anonymous_3)
FN:1,(anonymous_4)
FNF:4
FNH:1
FNDA:3,(anonymous_1)
FNDA:0,(anonymous_2)
FNDA:0,(anonymous_3)
FNDA:0,(anonymous_4)
DA:1,4
LF:1
LH:1
BRF:0
BRH:0
end_of_record
TN:
SF:src/index.ts
FN:37,(anonymous_0)
FN:102,rpcHealthCheckWrapper
FN:107,rpcGetPlayerStatsWrapper
FN:112,rpcGainXPWrapper
FN:117,rpcAllocateStatsWrapper
FN:122,rpcSubmitCombatActionWrapper
FN:127,rpcGetMatchStateWrapper
FN:132,rpcCreateMatchWrapper
FN:137,rpcAcceptMatchWrapper
FN:142,rpcGetLeaderboardWrapper
FN:147,rpcValidatePurchaseWrapper
FN:152,rpcSpendGemsWrapper
FN:157,rpcGenerateGearWrapper
FN:162,rpcEquipGearWrapper
FNF:14
FNH:0
FNDA:0,(anonymous_0)
FNDA:0,rpcHealthCheckWrapper
FNDA:0,rpcGetPlayerStatsWrapper
FNDA:0,rpcGainXPWrapper
FNDA:0,rpcAllocateStatsWrapper
FNDA:0,rpcSubmitCombatActionWrapper
FNDA:0,rpcGetMatchStateWrapper
FNDA:0,rpcCreateMatchWrapper
FNDA:0,rpcAcceptMatchWrapper
FNDA:0,rpcGetLeaderboardWrapper
FNDA:0,rpcValidatePurchaseWrapper
FNDA:0,rpcSpendGemsWrapper
FNDA:0,rpcGenerateGearWrapper
FNDA:0,rpcEquipGearWrapper
DA:2,0
DA:3,0
DA:4,0
DA:5,0
DA:6,0
DA:7,0
DA:13,0
DA:17,0
DA:25,0
DA:26,0
DA:33,0
DA:34,0
DA:35,0
DA:37,0
DA:38,0
DA:39,0
DA:41,0
DA:42,0
DA:44,0
DA:45,0
DA:51,0
DA:54,0
DA:56,0
DA:58,0
DA:59,0
DA:60,0
DA:61,0
DA:62,0
DA:63,0
DA:64,0
DA:65,0
DA:66,0
DA:67,0
DA:68,0
DA:69,0
DA:70,0
DA:71,0
DA:73,0
DA:74,0
DA:75,0
DA:76,0
DA:77,0
DA:78,0
DA:79,0
DA:80,0
DA:81,0
DA:82,0
DA:83,0
DA:84,0
DA:85,0
DA:86,0
DA:87,0
DA:88,0
DA:89,0
DA:90,0
DA:91,0
DA:92,0
DA:93,0
DA:94,0
DA:95,0
DA:96,0
DA:99,0
DA:103,0
DA:104,0
DA:108,0
DA:109,0
DA:113,0
DA:114,0
DA:118,0
DA:119,0
DA:123,0
DA:124,0
DA:128,0
DA:129,0
DA:133,0
DA:134,0
DA:138,0
DA:139,0
DA:143,0
DA:144,0
DA:148,0
DA:149,0
DA:153,0
DA:154,0
DA:158,0
DA:159,0
DA:163,0
DA:164,0
DA:167,0
LF:89
LH:0
BRDA:44,0,0,0
BRDA:44,0,1,0
BRDA:58,1,0,0
BRDA:58,1,1,0
BRF:4
BRH:0
end_of_record
TN:
SF:src/config/errorTracking.ts
FN:19,initializeSentry
FN:29,(anonymous_10)
FN:42,captureException
FN:71,captureMessage
FN:102,captureRpcError
FNF:5
FNH:0
FNDA:0,initializeSentry
FNDA:0,(anonymous_10)
FNDA:0,captureException
FNDA:0,captureMessage
FNDA:0,captureRpcError
DA:1,0
DA:3,0
DA:12,0
DA:19,0
DA:20,0
DA:21,0
DA:22,0
DA:25,0
DA:30,0
DA:31,0
DA:33,0
DA:37,0
DA:42,0
DA:50,0
DA:51,0
DA:54,0
DA:55,0
DA:56,0
DA:58,0
DA:59,0
DA:62,0
DA:71,0
DA:80,0
DA:81,0
DA:84,0
DA:85,0
DA:86,0
DA:88,0
DA:89,0
DA:92,0
DA:102,0
DA:108,0
LF:32
LH:0
BRDA:13,0,0,0
BRDA:13,0,1,0
BRDA:14,1,0,0
BRDA:14,1,1,0
BRDA:15,2,0,0
BRDA:15,2,1,0
BRDA:16,3,0,0
BRDA:16,3,1,0
BRDA:20,4,0,0
BRDA:20,4,1,0
BRDA:20,5,0,0
BRDA:20,5,1,0
BRDA:30,6,0,0
BRDA:30,6,1,0
BRDA:44,7,0,0
BRDA:50,8,0,0
BRDA:50,8,1,0
BRDA:55,9,0,0
BRDA:55,9,1,0
BRDA:58,10,0,0
BRDA:58,10,1,0
BRDA:73,11,0,0
BRDA:74,12,0,0
BRDA:80,13,0,0
BRDA:80,13,1,0
BRDA:85,14,0,0
BRDA:85,14,1,0
BRDA:88,15,0,0
BRDA:88,15,1,0
BRDA:111,16,0,0
BRDA:111,16,1,0
BRF:31
BRH:0
end_of_record
TN:
SF:src/config/index.ts
FN:4,loadEnvironment
FN:111,parseDatabaseAddress
FN:242,validateRequiredConfig
FN:266,(anonymous_12)
FN:291,(anonymous_13)
FN:296,maskSecret
FN:302,logConfiguration
FNF:7
FNH:5
FNDA:2,loadEnvironment
FNDA:2,parseDatabaseAddress
FNDA:1,validateRequiredConfig
FNDA:6,(anonymous_12)
FNDA:2,(anonymous_13)
FNDA:0,maskSecret
FNDA:0,logConfiguration
DA:1,2
DA:2,2
DA:5,2
DA:6,2
DA:8,2
DA:9,6
DA:10,6
DA:11,0
DA:13,0
DA:14,0
DA:16,0
DA:17,0
DA:19,0
DA:20,0
DA:21,0
DA:23,0
DA:24,0
DA:25,0
DA:26,0
DA:29,0
DA:30,0
DA:39,2
DA:112,2
DA:113,2
DA:115,2
DA:116,2
DA:126,0
DA:127,0
DA:137,2
DA:139,2
DA:242,2
DA:243,1
DA:245,1
DA:246,1
DA:247,0
DA:251,1
DA:252,1
DA:255,1
DA:256,1
DA:259,1
DA:265,1
DA:266,3
DA:267,6
DA:268,6
DA:270,3
DA:271,3
DA:272,0
DA:277,1
DA:278,0
DA:281,1
DA:282,0
DA:285,1
DA:286,0
DA:289,1
DA:290,1
DA:291,2
DA:296,2
DA:297,0
DA:298,0
DA:299,0
DA:302,2
DA:305,0
DA:306,0
DA:307,0
DA:313,0
DA:319,0
DA:320,0
DA:321,0
DA:327,0
DA:328,0
DA:333,0
DA:336,2
LF:72
LH:38
BRDA:5,0,0,2
BRDA:5,0,1,0
BRDA:10,1,0,0
BRDA:10,1,1,6
BRDA:16,2,0,0
BRDA:16,2,1,0
BRDA:16,3,0,0
BRDA:16,3,1,0
BRDA:19,4,0,0
BRDA:19,4,1,0
BRDA:23,5,0,0
BRDA:23,5,1,0
BRDA:23,6,0,0
BRDA:23,6,1,0
BRDA:25,7,0,0
BRDA:25,7,1,0
BRDA:25,8,0,0
BRDA:25,8,1,0
BRDA:29,9,0,0
BRDA:29,9,1,0
BRDA:115,10,0,2
BRDA:115,10,1,0
BRDA:118,11,0,2
BRDA:118,11,1,2
BRDA:119,12,0,2
BRDA:119,12,1,2
BRDA:120,13,0,2
BRDA:120,13,1,2
BRDA:121,14,0,2
BRDA:121,14,1,2
BRDA:122,15,0,2
BRDA:122,15,1,2
BRDA:137,16,0,2
BRDA:137,16,1,2
BRDA:137,16,2,2
BRDA:140,17,0,2
BRDA:140,17,1,0
BRDA:143,18,0,2
BRDA:143,18,1,2
BRDA:143,18,2,2
BRDA:144,19,0,2
BRDA:144,19,1,2
BRDA:145,20,0,2
BRDA:145,20,1,2
BRDA:146,21,0,2
BRDA:146,21,1,2
BRDA:146,21,2,2
BRDA:147,22,0,2
BRDA:147,22,1,2
BRDA:148,23,0,2
BRDA:148,23,1,2
BRDA:154,24,0,2
BRDA:154,24,1,2
BRDA:155,25,0,2
BRDA:155,25,1,2
BRDA:159,26,0,2
BRDA:159,26,1,2
BRDA:160,27,0,2
BRDA:160,27,1,2
BRDA:161,28,0,2
BRDA:161,28,1,2
BRDA:162,29,0,2
BRDA:162,29,1,2
BRDA:166,30,0,2
BRDA:166,30,1,2
BRDA:167,31,0,2
BRDA:167,31,1,2
BRDA:168,32,0,2
BRDA:168,32,1,2
BRDA:176,33,0,2
BRDA:176,33,1,2
BRDA:177,34,0,2
BRDA:177,34,1,2
BRDA:178,35,0,2
BRDA:178,35,1,2
BRDA:183,36,0,2
BRDA:183,36,1,2
BRDA:184,37,0,2
BRDA:184,37,1,2
BRDA:187,38,0,2
BRDA:187,38,1,2
BRDA:188,39,0,2
BRDA:188,39,1,2
BRDA:191,40,0,2
BRDA:191,40,1,2
BRDA:192,41,0,2
BRDA:192,41,1,2
BRDA:195,42,0,2
BRDA:195,42,1,2
BRDA:196,43,0,2
BRDA:196,43,1,2
BRDA:199,44,0,2
BRDA:199,44,1,2
BRDA:200,45,0,2
BRDA:200,45,1,2
BRDA:203,46,0,2
BRDA:203,46,1,2
BRDA:204,47,0,2
BRDA:204,47,1,2
BRDA:207,48,0,2
BRDA:207,48,1,2
BRDA:208,49,0,2
BRDA:208,49,1,2
BRDA:211,50,0,2
BRDA:211,50,1,2
BRDA:212,51,0,2
BRDA:212,51,1,2
BRDA:215,52,0,2
BRDA:215,52,1,2
BRDA:216,53,0,2
BRDA:216,53,1,2
BRDA:219,54,0,2
BRDA:219,54,1,2
BRDA:220,55,0,2
BRDA:220,55,1,2
BRDA:223,56,0,2
BRDA:223,56,1,2
BRDA:224,57,0,2
BRDA:224,57,1,2
BRDA:227,58,0,2
BRDA:227,58,1,2
BRDA:228,59,0,2
BRDA:228,59,1,2
BRDA:231,60,0,2
BRDA:231,60,1,2
BRDA:232,61,0,2
BRDA:232,61,1,2
BRDA:235,62,0,2
BRDA:235,62,1,2
BRDA:236,63,0,2
BRDA:236,63,1,2
BRDA:245,64,0,1
BRDA:245,64,1,0
BRDA:245,65,0,1
BRDA:245,65,1,1
BRDA:246,66,0,0
BRDA:246,66,1,1
BRDA:251,67,0,1
BRDA:251,67,1,0
BRDA:255,68,0,1
BRDA:255,68,1,0
BRDA:267,69,0,0
BRDA:267,69,1,6
BRDA:267,70,0,6
BRDA:267,70,1,6
BRDA:270,71,0,3
BRDA:270,71,1,0
BRDA:270,72,0,3
BRDA:270,72,1,3
BRDA:270,72,2,1
BRDA:271,73,0,0
BRDA:271,73,1,3
BRDA:277,74,0,0
BRDA:277,74,1,1
BRDA:277,75,0,1
BRDA:277,75,1,1
BRDA:281,76,0,0
BRDA:281,76,1,1
BRDA:281,77,0,1
BRDA:281,77,1,1
BRDA:285,78,0,0
BRDA:285,78,1,1
BRDA:285,79,0,1
BRDA:285,79,1,1
BRDA:289,80,0,1
BRDA:289,80,1,0
BRDA:297,81,0,0
BRDA:297,81,1,0
BRDA:298,82,0,0
BRDA:298,82,1,0
BRF:170
BRH:135
end_of_record
TN:
SF:src/config/logger.ts
FN:35,(anonymous_1)
FN:77,logRpcEntry
FN:91,logRpcExit
FN:105,logRpcError
FN:122,logSystemEvent
FN:133,captureRpcError
FNF:6
FNH:4
FNDA:0,(anonymous_1)
FNDA:2,logRpcEntry
FNDA:1,logRpcExit
FNDA:3,logRpcError
FNDA:0,logSystemEvent
FNDA:1,captureRpcError
DA:1,1
DA:2,1
DA:4,1
DA:11,1
DA:18,1
DA:20,1
DA:29,1
DA:36,0
DA:37,0
DA:38,0
DA:40,0
DA:45,1
DA:51,1
DA:52,0
DA:53,0
DA:67,1
DA:77,1
DA:83,2
DA:91,1
DA:97,1
DA:105,1
DA:112,3
DA:122,1
DA:127,0
DA:133,1
DA:139,1
LF:26
LH:19
BRDA:37,0,0,0
BRDA:37,0,1,0
BRDA:47,1,0,1
BRDA:47,1,1,0
BRDA:51,2,0,0
BRDA:51,2,1,1
BRDA:51,3,0,1
BRDA:51,3,1,1
BRDA:52,4,0,0
BRDA:52,4,1,0
BRDA:87,5,0,1
BRDA:87,5,1,1
BRDA:125,6,0,0
BRF:13
BRH:6
end_of_record
TN:
SF:src/modules/combat_system.ts
FN:101,registerRpcSubmitCombatAction
FN:129,rpcSubmitCombatAction
FN:203,registerRpcGetMatchState
FN:230,rpcGetMatchState
FN:271,getOrCreateMatchState
FN:323,processCombatAction
FN:414,calculateHit
FN:429,calculateDamage
FN:443,calculateCrit
FN:458,getPlayerStats
FN:489,saveMatchState
FN:507,updateMatchStatus
FNF:12
FNH:8
FNDA:0,registerRpcSubmitCombatAction
FNDA:6,rpcSubmitCombatAction
FNDA:0,registerRpcGetMatchState
FNDA:2,rpcGetMatchState
FNDA:2,getOrCreateMatchState
FNDA:1,processCombatAction
FNDA:1,calculateHit
FNDA:1,calculateDamage
FNDA:1,calculateCrit
FNDA:0,getPlayerStats
FNDA:1,saveMatchState
FNDA:0,updateMatchStatus
DA:4,1
DA:101,1
DA:102,0
DA:129,1
DA:135,6
DA:137,6
DA:142,6
DA:143,1
DA:146,5
DA:148,5
DA:156,5
DA:157,1
DA:162,4
DA:164,4
DA:165,1
DA:170,3
DA:171,1
DA:176,2
DA:178,2
DA:179,1
DA:184,1
DA:186,1
DA:188,1
DA:189,0
DA:192,1
DA:203,1
DA:204,0
DA:230,1
DA:236,2
DA:238,2
DA:239,2
DA:240,0
DA:243,2
DA:245,2
DA:253,2
DA:254,1
DA:259,1
DA:277,2
DA:285,2
DA:286,2
DA:289,0
DA:290,0
DA:292,0
DA:293,0
DA:295,0
DA:309,0
DA:331,1
DA:332,1
DA:333,1
DA:335,1
DA:345,1
DA:346,1
DA:348,1
DA:349,1
DA:350,1
DA:351,1
DA:353,1
DA:354,1
DA:355,1
DA:357,1
DA:358,1
DA:360,0
DA:363,1
DA:373,1
DA:375,1
DA:376,0
DA:377,0
DA:378,0
DA:379,0
DA:380,1
DA:381,0
DA:382,0
DA:383,0
DA:384,0
DA:387,0
DA:397,0
DA:401,1
DA:402,1
DA:404,1
DA:415,1
DA:416,1
DA:417,1
DA:419,1
DA:430,1
DA:431,1
DA:432,1
DA:434,1
DA:444,1
DA:445,1
DA:447,1
DA:459,0
DA:467,0
DA:468,0
DA:480,0
DA:490,1
DA:508,0
DA:509,0
DA:510,0
DA:512,0
LF:99
LH:70
BRDA:142,0,0,1
BRDA:142,0,1,5
BRDA:156,1,0,1
BRDA:156,1,1,4
BRDA:164,2,0,1
BRDA:164,2,1,3
BRDA:170,3,0,1
BRDA:170,3,1,2
BRDA:170,4,0,3
BRDA:170,4,1,1
BRDA:178,5,0,1
BRDA:178,5,1,1
BRDA:188,6,0,0
BRDA:188,6,1,1
BRDA:239,7,0,0
BRDA:239,7,1,2
BRDA:253,8,0,1
BRDA:253,8,1,1
BRDA:285,9,0,2
BRDA:285,9,1,0
BRDA:332,10,0,1
BRDA:332,10,1,0
BRDA:333,11,0,1
BRDA:333,11,1,0
BRDA:345,12,0,1
BRDA:345,12,1,0
BRDA:348,13,0,1
BRDA:348,13,1,0
BRDA:351,14,0,0
BRDA:351,14,1,1
BRDA:357,15,0,1
BRDA:357,15,1,0
BRDA:375,16,0,0
BRDA:375,16,1,1
BRDA:380,17,0,0
BRDA:380,17,1,1
BRDA:402,18,0,1
BRDA:402,18,1,0
BRDA:467,19,0,0
BRDA:467,19,1,0
BRF:40
BRH:26
end_of_record
TN:
SF:src/modules/config_validation.ts
FN:4,validateConfiguration
FNF:1
FNH:0
FNDA:0,validateConfiguration
DA:2,0
DA:4,0
DA:5,0
DA:6,0
DA:8,0
DA:9,0
DA:11,0
LF:7
LH:0
BRDA:5,0,0,0
BRDA:5,0,1,0
BRDA:5,1,0,0
BRDA:5,1,1,0
BRDA:8,2,0,0
BRDA:8,2,1,0
BRDA:8,3,0,0
BRDA:8,3,1,0
BRF:8
BRH:0
end_of_record
TN:
SF:src/modules/gear_system.ts
FN:221,generateGearId
FN:230,rollRarity
FN:248,getRandomItem
FN:266,getGearDefinitions
FN:294,getGearName
FN:316,generateGearStats
FN:321,(anonymous_6)
FN:336,generateModifiers
FN:342,(anonymous_8)
FN:361,(anonymous_9)
FN:383,generateGearItem
FN:412,registerRpcGenerateGear
FN:436,rpcGenerateGear
FN:516,registerRpcEquipGear
FN:540,rpcEquipGear
FN:583,(anonymous_15)
FN:621,registerRpcUnequipGear
FN:644,rpcUnequipGear
FN:715,registerRpcGetInventory
FN:739,rpcGetInventory
FN:785,registerRpcUnlockModifierPool
FN:808,rpcUnlockModifierPool
FNF:22
FNH:16
FNDA:2,generateGearId
FNDA:2,rollRarity
FNDA:4,getRandomItem
FNDA:8,getGearDefinitions
FNDA:2,getGearName
FNDA:2,generateGearStats
FNDA:4,(anonymous_6)
FNDA:2,generateModifiers
FNDA:10,(anonymous_8)
FNDA:0,(anonymous_9)
FNDA:2,generateGearItem
FNDA:0,registerRpcGenerateGear
FNDA:3,rpcGenerateGear
FNDA:0,registerRpcEquipGear
FNDA:5,rpcEquipGear
FNDA:2,(anonymous_15)
FNDA:0,registerRpcUnequipGear
FNDA:3,rpcUnequipGear
FNDA:0,registerRpcGetInventory
FNDA:2,rpcGetInventory
FNDA:0,registerRpcUnlockModifierPool
FNDA:3,rpcUnlockModifierPool
DA:2,1
DA:3,1
DA:4,1
DA:124,1
DA:145,1
DA:147,1
DA:162,1
DA:210,1
DA:222,2
DA:231,2
DA:233,2
DA:234,0
DA:235,2
DA:236,0
DA:238,2
DA:249,4
DA:267,8
DA:268,8
DA:270,8
DA:271,0
DA:274,8
DA:282,8
DA:283,8
DA:295,2
DA:296,2
DA:297,2
DA:299,2
DA:300,0
DA:301,2
DA:302,0
DA:305,2
DA:317,2
DA:318,2
DA:319,2
DA:321,4
DA:341,2
DA:342,2
DA:343,10
DA:344,6
DA:346,4
DA:347,0
DA:349,4
DA:352,2
DA:353,0
DA:356,2
DA:357,2
DA:359,2
DA:360,0
DA:361,0
DA:362,0
DA:363,0
DA:365,0
DA:372,2
DA:388,2
DA:389,2
DA:390,2
DA:391,2
DA:393,2
DA:404,2
DA:412,1
DA:413,0
DA:436,1
DA:442,3
DA:444,3
DA:445,3
DA:446,1
DA:449,2
DA:451,2
DA:461,2
DA:462,1
DA:469,1
DA:470,1
DA:471,1
DA:472,1
DA:473,0
DA:474,0
DA:476,1
DA:478,0
DA:487,2
DA:488,2
DA:490,2
DA:499,2
DA:501,2
DA:516,1
DA:517,0
DA:540,1
DA:546,5
DA:548,5
DA:549,5
DA:550,1
DA:553,4
DA:555,4
DA:563,4
DA:564,1
DA:569,3
DA:570,3
DA:571,0
DA:576,3
DA:577,3
DA:578,0
DA:579,0
DA:581,3
DA:583,3
DA:584,3
DA:585,1
DA:590,2
DA:592,2
DA:593,1
DA:598,1
DA:600,1
DA:609,1
DA:621,1
DA:622,0
DA:644,1
DA:650,3
DA:652,3
DA:653,3
DA:654,0
DA:657,3
DA:659,3
DA:667,3
DA:668,1
DA:673,2
DA:674,2
DA:675,0
DA:680,2
DA:681,2
DA:682,0
DA:683,0
DA:685,2
DA:687,2
DA:688,1
DA:693,1
DA:695,1
DA:704,1
DA:715,1
DA:716,0
DA:739,1
DA:745,2
DA:747,2
DA:748,2
DA:749,0
DA:752,2
DA:760,2
DA:761,1
DA:768,1
DA:769,1
DA:770,1
DA:773,0
DA:785,1
DA:786,0
DA:808,1
DA:814,3
DA:816,3
DA:821,3
DA:822,0
DA:825,3
DA:827,3
DA:837,3
DA:838,1
DA:845,2
DA:846,2
DA:847,2
DA:848,2
DA:849,0
DA:850,0
DA:852,2
DA:854,0
DA:863,3
DA:864,1
DA:867,3
DA:876,3
DA:878,3
LF:173
LH:140
BRDA:233,0,0,0
BRDA:233,0,1,2
BRDA:235,1,0,0
BRDA:235,1,1,2
BRDA:270,2,0,0
BRDA:270,2,1,8
BRDA:299,3,0,0
BRDA:299,3,1,2
BRDA:301,4,0,0
BRDA:301,4,1,2
BRDA:343,5,0,6
BRDA:343,5,1,4
BRDA:343,6,0,10
BRDA:343,6,1,6
BRDA:346,7,0,0
BRDA:346,7,1,4
BRDA:346,8,0,4
BRDA:346,8,1,0
BRDA:352,9,0,0
BRDA:352,9,1,2
BRDA:356,10,0,0
BRDA:356,10,1,2
BRDA:356,11,0,0
BRDA:356,11,1,2
BRDA:361,12,0,0
BRDA:361,12,1,0
BRDA:445,13,0,1
BRDA:445,13,1,2
BRDA:461,14,0,1
BRDA:461,14,1,1
BRDA:470,15,0,1
BRDA:470,15,1,0
BRDA:472,16,0,0
BRDA:472,16,1,1
BRDA:472,17,0,1
BRDA:472,17,1,1
BRDA:549,18,0,1
BRDA:549,18,1,4
BRDA:563,19,0,1
BRDA:563,19,1,3
BRDA:570,20,0,0
BRDA:570,20,1,3
BRDA:577,21,0,0
BRDA:577,21,1,3
BRDA:577,22,0,3
BRDA:577,22,1,3
BRDA:584,23,0,1
BRDA:584,23,1,2
BRDA:592,24,0,1
BRDA:592,24,1,1
BRDA:653,25,0,0
BRDA:653,25,1,3
BRDA:667,26,0,1
BRDA:667,26,1,2
BRDA:674,27,0,0
BRDA:674,27,1,2
BRDA:681,28,0,0
BRDA:681,28,1,2
BRDA:681,29,0,2
BRDA:681,29,1,2
BRDA:687,30,0,1
BRDA:687,30,1,1
BRDA:748,31,0,0
BRDA:748,31,1,2
BRDA:760,32,0,1
BRDA:760,32,1,1
BRDA:769,33,0,1
BRDA:769,33,1,0
BRDA:821,34,0,0
BRDA:821,34,1,3
BRDA:837,35,0,1
BRDA:837,35,1,2
BRDA:846,36,0,2
BRDA:846,36,1,0
BRDA:848,37,0,0
BRDA:848,37,1,2
BRDA:848,38,0,2
BRDA:848,38,1,2
BRDA:863,39,0,1
BRDA:863,39,1,2
BRF:80
BRH:56
end_of_record
TN:
SF:src/modules/matchmaker.ts
FN:80,registerRpcListMatches
FN:105,rpcListMatches
FN:168,(anonymous_2)
FN:183,registerRpcCreateMatch
FN:206,rpcCreateMatch
FN:323,registerRpcAcceptMatch
FN:346,rpcAcceptMatch
FN:429,registerRpcGetPlayerRank
FN:454,rpcGetPlayerRank
FN:498,calculateRank
FN:514,generateMatchId
FNF:11
FNH:7
FNDA:0,registerRpcListMatches
FNDA:6,rpcListMatches
FNDA:5,(anonymous_2)
FNDA:0,registerRpcCreateMatch
FNDA:8,rpcCreateMatch
FNDA:0,registerRpcAcceptMatch
FNDA:5,rpcAcceptMatch
FNDA:0,registerRpcGetPlayerRank
FNDA:2,rpcGetPlayerRank
FNDA:22,calculateRank
FNDA:8,generateMatchId
DA:3,2
DA:80,2
DA:81,0
DA:105,2
DA:111,6
DA:113,6
DA:114,6
DA:115,1
DA:118,5
DA:119,5
DA:121,5
DA:129,5
DA:130,1
DA:135,4
DA:136,4
DA:138,4
DA:140,4
DA:142,4
DA:143,13
DA:145,13
DA:146,0
DA:149,13
DA:150,1
DA:153,12
DA:154,1
DA:157,11
DA:158,1
DA:161,10
DA:162,1
DA:165,9
DA:168,5
DA:170,4
DA:183,2
DA:184,0
DA:206,2
DA:212,8
DA:214,8
DA:215,8
DA:216,1
DA:219,7
DA:221,7
DA:229,7
DA:230,1
DA:235,6
DA:236,6
DA:238,6
DA:239,5
DA:247,5
DA:248,1
DA:253,4
DA:254,4
DA:256,4
DA:257,1
DA:262,3
DA:275,3
DA:284,3
DA:289,1
DA:302,1
DA:311,1
DA:323,2
DA:324,0
DA:346,2
DA:352,5
DA:354,5
DA:355,5
DA:356,0
DA:359,5
DA:361,5
DA:369,5
DA:370,1
DA:375,4
DA:377,4
DA:378,1
DA:383,3
DA:384,1
DA:389,2
DA:397,2
DA:398,1
DA:403,1
DA:404,1
DA:405,1
DA:406,1
DA:407,1
DA:409,1
DA:418,1
DA:429,2
DA:430,0
DA:454,2
DA:460,2
DA:462,2
DA:463,2
DA:464,0
DA:467,2
DA:475,2
DA:476,1
DA:481,1
DA:482,1
DA:484,1
DA:498,2
DA:499,22
DA:501,22
DA:506,22
DA:514,2
DA:515,8
LF:104
LH:97
BRDA:114,0,0,1
BRDA:114,0,1,5
BRDA:118,1,0,5
BRDA:118,1,1,0
BRDA:119,2,0,5
BRDA:119,2,1,4
BRDA:129,3,0,1
BRDA:129,3,1,4
BRDA:145,4,0,0
BRDA:145,4,1,13
BRDA:149,5,0,1
BRDA:149,5,1,12
BRDA:149,6,0,13
BRDA:149,6,1,2
BRDA:153,7,0,1
BRDA:153,7,1,11
BRDA:157,8,0,1
BRDA:157,8,1,10
BRDA:157,9,0,11
BRDA:157,9,1,3
BRDA:161,10,0,1
BRDA:161,10,1,9
BRDA:161,11,0,10
BRDA:161,11,1,2
BRDA:215,12,0,1
BRDA:215,12,1,7
BRDA:229,13,0,1
BRDA:229,13,1,6
BRDA:238,14,0,5
BRDA:238,14,1,1
BRDA:247,15,0,1
BRDA:247,15,1,4
BRDA:256,16,0,1
BRDA:256,16,1,3
BRDA:256,17,0,4
BRDA:256,17,1,3
BRDA:269,18,0,3
BRDA:269,18,1,2
BRDA:355,19,0,0
BRDA:355,19,1,5
BRDA:369,20,0,1
BRDA:369,20,1,4
BRDA:377,21,0,1
BRDA:377,21,1,3
BRDA:383,22,0,1
BRDA:383,22,1,2
BRDA:397,23,0,1
BRDA:397,23,1,1
BRDA:463,24,0,0
BRDA:463,24,1,2
BRDA:475,25,0,1
BRDA:475,25,1,1
BRF:52
BRH:48
end_of_record
TN:
SF:src/modules/metrics.ts
FN:48,registerRpcMetrics
FN:52,rpcGetMetrics
FN:65,(anonymous_11)
FN:78,wrapRpcWithMetrics
FN:79,(anonymous_13)
FN:102,registerRpcWithMetrics
FN:112,registerRpcWithRateLimit
FN:134,getMetricsRegistry
FN:138,recordRateLimitViolation
FN:142,updateActiveUsersCount
FNF:10
FNH:0
FNDA:0,registerRpcMetrics
FNDA:0,rpcGetMetrics
FNDA:0,(anonymous_11)
FNDA:0,wrapRpcWithMetrics
FNDA:0,(anonymous_13)
FNDA:0,registerRpcWithMetrics
FNDA:0,registerRpcWithRateLimit
FNDA:0,getMetricsRegistry
FNDA:0,recordRateLimitViolation
FNDA:0,updateActiveUsersCount
DA:2,0
DA:3,0
DA:4,0
DA:5,0
DA:7,0
DA:9,0
DA:11,0
DA:18,0
DA:26,0
DA:33,0
DA:40,0
DA:46,0
DA:48,0
DA:49,0
DA:58,0
DA:60,0
DA:61,0
DA:62,0
DA:65,0
DA:66,0
DA:68,0
DA:78,0
DA:79,0
DA:85,0
DA:87,0
DA:88,0
DA:89,0
DA:90,0
DA:92,0
DA:93,0
DA:94,0
DA:95,0
DA:97,0
DA:102,0
DA:108,0
DA:109,0
DA:112,0
DA:118,0
DA:119,0
DA:120,0
DA:123,0
DA:124,0
DA:125,0
DA:128,0
DA:129,0
DA:131,0
DA:134,0
DA:135,0
DA:138,0
DA:139,0
DA:142,0
DA:143,0
LF:52
LH:0
BRDA:61,0,0,0
BRDA:61,0,1,0
BRDA:92,1,0,0
BRDA:92,1,1,0
BRDA:118,2,0,0
BRDA:118,2,1,0
BRDA:124,3,0,0
BRDA:124,3,1,0
BRF:8
BRH:0
end_of_record
TN:
SF:src/modules/player_rpc.ts
FN:11,registerRpcHealthCheck
FN:40,rpcHealthCheck
FN:65,registerRpcGetPlayerStats
FN:94,rpcGetPlayerStats
FNF:4
FNH:0
FNDA:0,registerRpcHealthCheck
FNDA:0,rpcHealthCheck
FNDA:0,registerRpcGetPlayerStats
FNDA:0,rpcGetPlayerStats
DA:2,0
DA:3,0
DA:4,0
DA:11,0
DA:12,0
DA:40,0
DA:46,0
DA:48,0
DA:49,0
DA:50,0
DA:53,0
DA:65,0
DA:66,0
DA:94,0
DA:100,0
DA:102,0
DA:103,0
DA:104,0
DA:107,0
DA:108,0
DA:110,0
DA:111,0
DA:114,0
DA:122,0
DA:123,0
DA:128,0
DA:129,0
DA:131,0
LF:28
LH:0
BRDA:49,0,0,0
BRDA:49,0,1,0
BRDA:103,1,0,0
BRDA:103,1,1,0
BRDA:110,2,0,0
BRDA:110,2,1,0
BRDA:122,3,0,0
BRDA:122,3,1,0
BRDA:128,4,0,0
BRDA:128,4,1,0
BRF:10
BRH:0
end_of_record
TN:
SF:src/modules/rpg_system.ts
FN:57,registerRpcGainXP
FN:82,rpcGainXP
FN:187,registerRpcAllocateStats
FN:215,rpcAllocateStats
FN:287,registerRpcGetPlayerStats
FN:316,rpcGetPlayerStats
FN:365,calculateLevel
FNF:7
FNH:0
FNDA:0,registerRpcGainXP
FNDA:0,rpcGainXP
FNDA:0,registerRpcAllocateStats
FNDA:0,rpcAllocateStats
FNDA:0,registerRpcGetPlayerStats
FNDA:0,rpcGetPlayerStats
FNDA:0,calculateLevel
DA:2,0
DA:3,0
DA:4,0
DA:5,0
DA:6,0
DA:57,0
DA:58,0
DA:82,0
DA:88,0
DA:90,0
DA:91,0
DA:92,0
DA:95,0
DA:97,0
DA:107,0
DA:108,0
DA:121,0
DA:122,0
DA:123,0
DA:124,0
DA:125,0
DA:126,0
DA:128,0
DA:130,0
DA:145,0
DA:146,0
DA:148,0
DA:149,0
DA:151,0
DA:152,0
DA:153,0
DA:154,0
DA:163,0
DA:172,0
DA:174,0
DA:187,0
DA:188,0
DA:215,0
DA:221,0
DA:223,0
DA:224,0
DA:225,0
DA:228,0
DA:230,0
DA:238,0
DA:239,0
DA:244,0
DA:250,0
DA:251,0
DA:252,0
DA:254,0
DA:256,0
DA:257,0
DA:262,0
DA:263,0
DA:265,0
DA:274,0
DA:276,0
DA:287,0
DA:288,0
DA:316,0
DA:322,0
DA:324,0
DA:325,0
DA:326,0
DA:329,0
DA:330,0
DA:332,0
DA:333,0
DA:336,0
DA:344,0
DA:345,0
DA:350,0
DA:351,0
DA:353,0
DA:365,0
DA:366,0
DA:367,0
DA:368,0
DA:369,0
DA:371,0
DA:372,0
DA:373,0
DA:374,0
DA:377,0
LF:85
LH:0
BRDA:91,0,0,0
BRDA:91,0,1,0
BRDA:107,1,0,0
BRDA:107,1,1,0
BRDA:122,2,0,0
BRDA:122,2,1,0
BRDA:124,3,0,0
BRDA:124,3,1,0
BRDA:124,4,0,0
BRDA:124,4,1,0
BRDA:151,5,0,0
BRDA:151,5,1,0
BRDA:224,6,0,0
BRDA:224,6,1,0
BRDA:238,7,0,0
BRDA:238,7,1,0
BRDA:245,8,0,0
BRDA:245,8,1,0
BRDA:250,9,0,0
BRDA:250,9,1,0
BRDA:250,10,0,0
BRDA:250,10,1,0
BRDA:256,11,0,0
BRDA:256,11,1,0
BRDA:325,12,0,0
BRDA:325,12,1,0
BRDA:332,13,0,0
BRDA:332,13,1,0
BRDA:344,14,0,0
BRDA:344,14,1,0
BRDA:350,15,0,0
BRDA:350,15,1,0
BRF:32
BRH:0
end_of_record
TN:
SF:src/modules/season_system.ts
FN:115,registerRpcGetSeasonInfo
FN:141,rpcGetSeasonInfo
FN:172,registerRpcGetLeaderboard
FN:197,rpcGetLeaderboard
FN:216,(anonymous_4)
FN:237,registerRpcUpdateRank
FN:262,rpcUpdateRank
FN:358,registerRpcGetSeasonRewards
FN:382,rpcGetSeasonRewards
FN:419,registerRpcClaimSeasonRewards
FN:443,rpcClaimSeasonRewards
FN:529,registerRpcEndSeason
FN:553,rpcEndSeason
FN:622,getCurrentSeason
FN:646,getLeaderboardEntry
FN:674,calculateRewards
FNF:16
FNH:10
FNDA:0,registerRpcGetSeasonInfo
FNDA:2,rpcGetSeasonInfo
FNDA:0,registerRpcGetLeaderboard
FNDA:2,rpcGetLeaderboard
FNDA:102,(anonymous_4)
FNDA:0,registerRpcUpdateRank
FNDA:3,rpcUpdateRank
FNDA:0,registerRpcGetSeasonRewards
FNDA:6,rpcGetSeasonRewards
FNDA:0,registerRpcClaimSeasonRewards
FNDA:3,rpcClaimSeasonRewards
FNDA:0,registerRpcEndSeason
FNDA:1,rpcEndSeason
FNDA:16,getCurrentSeason
FNDA:14,getLeaderboardEntry
FNDA:6,calculateRewards
DA:2,1
DA:107,1
DA:108,1
DA:115,1
DA:116,0
DA:141,1
DA:147,2
DA:149,2
DA:150,2
DA:151,0
DA:154,2
DA:156,2
DA:158,2
DA:172,1
DA:173,0
DA:197,1
DA:203,2
DA:205,2
DA:206,2
DA:207,2
DA:208,0
DA:211,2
DA:212,2
DA:214,2
DA:216,102
DA:224,2
DA:237,1
DA:238,0
DA:262,1
DA:268,3
DA:270,3
DA:271,3
DA:272,1
DA:275,2
DA:277,2
DA:279,2
DA:280,2
DA:282,2
DA:283,2
DA:285,2
DA:286,2
DA:287,2
DA:289,2
DA:290,2
DA:293,2
DA:296,2
DA:297,2
DA:298,2
DA:300,2
DA:315,2
DA:318,2
DA:319,2
DA:321,2
DA:335,2
DA:358,1
DA:359,0
DA:382,1
DA:388,6
DA:390,6
DA:391,6
DA:392,0
DA:395,6
DA:396,6
DA:398,6
DA:399,1
DA:405,5
DA:407,5
DA:419,1
DA:420,0
DA:443,1
DA:449,3
DA:451,3
DA:456,3
DA:457,0
DA:460,3
DA:462,3
DA:470,3
DA:471,1
DA:476,2
DA:478,2
DA:479,1
DA:484,1
DA:487,1
DA:503,1
DA:505,1
DA:506,1
DA:509,1
DA:510,1
DA:513,1
DA:514,1
DA:517,1
DA:529,1
DA:530,0
DA:553,1
DA:559,1
DA:561,1
DA:562,1
DA:563,0
DA:566,1
DA:569,1
DA:570,1
DA:571,1
DA:573,1
DA:583,1
DA:593,1
DA:594,1
DA:596,1
DA:606,1
DA:610,1
DA:623,16
DA:624,16
DA:625,16
DA:626,16
DA:628,16
DA:651,14
DA:653,14
DA:654,7
DA:657,7
DA:658,7
DA:674,1
DA:675,6
DA:676,2
DA:685,4
DA:686,1
DA:695,3
DA:696,1
DA:705,2
DA:706,1
DA:712,1
LF:129
LH:118
BRDA:150,0,0,0
BRDA:150,0,1,2
BRDA:161,1,0,1
BRDA:161,1,1,1
BRDA:162,2,0,1
BRDA:162,2,1,1
BRDA:207,3,0,0
BRDA:207,3,1,2
BRDA:211,4,0,2
BRDA:211,4,1,0
BRDA:212,5,0,2
BRDA:212,5,1,0
BRDA:221,6,0,102
BRDA:221,6,1,0
BRDA:271,7,0,1
BRDA:271,7,1,2
BRDA:282,8,0,0
BRDA:282,8,1,2
BRDA:283,9,0,0
BRDA:283,9,1,2
BRDA:285,10,0,1
BRDA:285,10,1,1
BRDA:293,11,0,0
BRDA:293,11,1,2
BRDA:297,12,0,1
BRDA:297,12,1,1
BRDA:303,13,0,2
BRDA:303,13,1,0
BRDA:315,14,0,0
BRDA:315,14,1,2
BRDA:391,15,0,0
BRDA:391,15,1,6
BRDA:398,16,0,1
BRDA:398,16,1,5
BRDA:456,17,0,0
BRDA:456,17,1,3
BRDA:470,18,0,1
BRDA:470,18,1,2
BRDA:478,19,0,1
BRDA:478,19,1,1
BRDA:505,20,0,1
BRDA:505,20,1,0
BRDA:509,21,0,1
BRDA:509,21,1,0
BRDA:513,22,0,1
BRDA:513,22,1,0
BRDA:562,23,0,0
BRDA:562,23,1,1
BRDA:653,24,0,7
BRDA:653,24,1,7
BRDA:663,25,0,7
BRDA:663,25,1,0
BRDA:675,26,0,2
BRDA:675,26,1,4
BRDA:685,27,0,1
BRDA:685,27,1,3
BRDA:695,28,0,1
BRDA:695,28,1,2
BRDA:705,29,0,1
BRDA:705,29,1,1
BRF:60
BRH:43
end_of_record
TN:
SF:src/modules/store.ts
FN:27,getPlayerCurrencyWithCache
FN:81,invalidateCurrencyCache
FN:138,registerRpcValidatePurchase
FN:147,registerRpcGetCurrency
FN:156,registerRpcSpendGems
FN:166,getStoreCatalog
FN:199,rpcValidatePurchase
FN:271,rpcGetCurrency
FN:309,rpcSpendGems
FNF:9
FNH:6
FNDA:5,getPlayerCurrencyWithCache
FNDA:2,invalidateCurrencyCache
FNDA:0,registerRpcValidatePurchase
FNDA:0,registerRpcGetCurrency
FNDA:0,registerRpcSpendGems
FNDA:1,getStoreCatalog
FNDA:3,rpcValidatePurchase
FNDA:2,rpcGetCurrency
FNDA:3,rpcSpendGems
DA:2,1
DA:3,1
DA:4,1
DA:32,5
DA:33,5
DA:35,5
DA:36,0
DA:39,5
DA:48,5
DA:49,1
DA:55,4
DA:61,4
DA:71,5
DA:72,5
DA:82,2
DA:83,2
DA:115,1
DA:138,1
DA:139,0
DA:147,1
DA:148,0
DA:156,1
DA:157,0
DA:167,1
DA:168,1
DA:170,1
DA:171,0
DA:174,1
DA:175,1
DA:199,1
DA:205,3
DA:207,3
DA:208,3
DA:209,2
DA:212,1
DA:214,1
DA:216,1
DA:217,0
DA:222,1
DA:223,1
DA:224,1
DA:226,1
DA:235,1
DA:239,1
DA:241,1
DA:243,1
DA:271,1
DA:277,2
DA:279,2
DA:280,2
DA:281,0
DA:284,2
DA:286,2
DA:309,1
DA:315,3
DA:317,3
DA:318,3
DA:319,1
DA:322,2
DA:324,2
DA:326,2
DA:327,1
DA:332,1
DA:334,1
DA:343,1
DA:345,1
DA:352,1
LF:67
LH:60
BRDA:35,0,0,0
BRDA:35,0,1,5
BRDA:48,1,0,1
BRDA:48,1,1,4
BRDA:48,2,0,5
BRDA:48,2,1,4
BRDA:62,3,0,4
BRDA:62,3,1,0
BRDA:62,4,0,4
BRDA:62,4,1,4
BRDA:170,5,0,0
BRDA:170,5,1,1
BRDA:208,6,0,2
BRDA:208,6,1,1
BRDA:216,7,0,0
BRDA:216,7,1,1
BRDA:280,8,0,0
BRDA:280,8,1,2
BRDA:318,9,0,1
BRDA:318,9,1,2
BRDA:326,10,0,1
BRDA:326,10,1,1
BRF:22
BRH:17
end_of_record
TN:
SF:src/modules/validation.ts
FN:115,validatePayload
FN:131,(anonymous_1)
FN:142,createValidationErrorResponse
FNF:3
FNH:3
FNDA:70,validatePayload
FNDA:19,(anonymous_1)
FNDA:9,createValidationErrorResponse
DA:1,6
DA:3,6
DA:115,6
DA:120,70
DA:122,70
DA:123,0
DA:125,70
DA:127,70
DA:129,70
DA:130,9
DA:131,19
DA:133,9
DA:136,61
DA:138,0
DA:142,6
DA:143,9
LF:16
LH:14
BRDA:122,0,0,0
BRDA:122,0,1,70
BRDA:129,1,0,9
BRDA:129,1,1,61
BRF:4
BRH:3
end_of_record
TN:
SF:src/utils/cache.ts
FN:17,(anonymous_0)
FN:23,(anonymous_1)
FN:39,(anonymous_2)
FN:67,(anonymous_3)
FN:84,(anonymous_4)
FN:101,(anonymous_5)
FN:121,(anonymous_6)
FN:125,(anonymous_7)
FN:135,(anonymous_8)
FN:164,getCacheManager
FN:171,initializeCaches
FNF:11
FNH:8
FNDA:19,(anonymous_0)
FNDA:21,(anonymous_1)
FNDA:14,(anonymous_2)
FNDA:14,(anonymous_3)
FNDA:2,(anonymous_4)
FNDA:0,(anonymous_5)
FNDA:0,(anonymous_6)
FNDA:0,(anonymous_7)
FNDA:2,(anonymous_8)
FNDA:19,getCacheManager
FNDA:1,initializeCaches
DA:2,3
DA:18,19
DA:19,19
DA:20,19
DA:24,21
DA:29,5
DA:30,5
DA:32,5
DA:33,0
DA:36,5
DA:40,14
DA:41,14
DA:43,14
DA:44,14
DA:45,14
DA:47,14
DA:50,0
DA:52,0
DA:53,0
DA:54,0
DA:55,0
DA:58,0
DA:59,0
DA:60,0
DA:64,0
DA:68,14
DA:70,14
DA:71,14
DA:72,14
DA:74,14
DA:77,0
DA:79,0
DA:80,0
DA:85,2
DA:87,2
DA:88,2
DA:89,2
DA:91,2
DA:94,0
DA:96,0
DA:97,0
DA:102,0
DA:103,0
DA:105,0
DA:106,0
DA:107,0
DA:109,0
DA:112,0
DA:113,0
DA:114,0
DA:116,0
DA:117,0
DA:122,0
DA:126,0
DA:128,0
DA:129,0
DA:132,0
DA:136,2
DA:138,2
DA:139,1
DA:142,1
DA:150,3
DA:156,3
DA:162,3
DA:164,3
DA:165,19
DA:166,3
DA:168,19
DA:171,3
DA:172,1
DA:174,1
DA:175,1
DA:176,1
DA:177,1
DA:178,1
DA:180,1
DA:181,0
DA:184,1
DA:187,3
LF:79
LH:46
BRDA:17,0,0,0
BRDA:32,1,0,0
BRDA:32,1,1,5
BRDA:43,2,0,14
BRDA:43,2,1,0
BRDA:43,3,0,14
BRDA:43,3,1,0
BRDA:44,4,0,14
BRDA:44,4,1,0
BRDA:52,5,0,0
BRDA:52,5,1,0
BRDA:54,6,0,0
BRDA:54,6,1,0
BRDA:59,7,0,0
BRDA:59,7,1,0
BRDA:70,8,0,14
BRDA:70,8,1,0
BRDA:71,9,0,14
BRDA:71,9,1,0
BRDA:79,10,0,0
BRDA:79,10,1,0
BRDA:87,11,0,2
BRDA:87,11,1,0
BRDA:88,12,0,2
BRDA:88,12,1,0
BRDA:96,13,0,0
BRDA:96,13,1,0
BRDA:105,14,0,0
BRDA:105,14,1,0
BRDA:105,15,0,0
BRDA:105,15,1,0
BRDA:106,16,0,0
BRDA:106,16,1,0
BRDA:116,17,0,0
BRDA:116,17,1,0
BRDA:138,18,0,1
BRDA:138,18,1,1
BRDA:145,19,0,1
BRDA:145,19,1,0
BRDA:165,20,0,3
BRDA:165,20,1,16
BRDA:166,21,0,3
BRDA:166,21,1,1
BRDA:180,22,0,0
BRDA:180,22,1,1
BRF:45
BRH:16
end_of_record
TN:
SF:src/utils/db_optimizer.ts
FN:24,batchGetPlayerStats
FN:43,(anonymous_1)
FN:84,getPlayerStatsWithCache
FN:129,invalidatePlayerStatsCache
FNF:4
FNH:4
FNDA:4,batchGetPlayerStats
FNDA:3,(anonymous_1)
FNDA:3,getPlayerStatsWithCache
FNDA:1,invalidatePlayerStatsCache
DA:2,1
DA:3,1
DA:24,1
DA:29,4
DA:30,4
DA:31,4
DA:33,4
DA:34,3
DA:35,3
DA:36,0
DA:38,3
DA:42,4
DA:43,3
DA:49,3
DA:51,3
DA:52,2
DA:53,2
DA:54,2
DA:55,1
DA:56,1
DA:57,1
DA:62,2
DA:63,2
DA:64,1
DA:76,1
DA:81,3
DA:84,1
DA:89,3
DA:90,3
DA:92,3
DA:93,0
DA:96,3
DA:104,3
DA:105,2
DA:106,2
DA:107,1
DA:108,1
DA:109,1
DA:113,2
DA:125,2
DA:126,2
DA:129,1
DA:130,1
DA:131,1
LF:44
LH:42
BRDA:35,0,0,0
BRDA:35,0,1,3
BRDA:42,1,0,3
BRDA:42,1,1,1
BRDA:52,2,0,2
BRDA:52,2,1,0
BRDA:54,3,0,1
BRDA:54,3,1,1
BRDA:54,4,0,2
BRDA:54,4,1,1
BRDA:63,5,0,1
BRDA:63,5,1,1
BRDA:92,6,0,0
BRDA:92,6,1,3
BRDA:104,7,0,2
BRDA:104,7,1,1
BRDA:104,8,0,3
BRDA:104,8,1,2
BRDA:106,9,0,1
BRDA:106,9,1,1
BRDA:106,10,0,2
BRDA:106,10,1,1
BRF:22
BRH:19
end_of_record
TN:
SF:src/utils/rpcWrapper.ts
FN:16,wrapRpc
FN:17,(anonymous_1)
FN:75,generateRequestId
FN:79,createErrorResponse
FN:89,createSuccessResponse
FNF:5
FNH:5
FNDA:6,wrapRpc
FNDA:6,(anonymous_1)
FNDA:6,generateRequestId
FNDA:1,createErrorResponse
FNDA:2,createSuccessResponse
DA:2,1
DA:16,1
DA:17,6
DA:23,6
DA:24,6
DA:26,6
DA:27,6
DA:29,6
DA:30,5
DA:31,5
DA:32,4
DA:33,1
DA:36,2
DA:37,2
DA:38,2
DA:39,2
DA:49,4
DA:51,4
DA:53,3
DA:54,3
DA:56,3
DA:58,1
DA:59,1
DA:61,1
DA:62,1
DA:64,1
DA:76,6
DA:79,1
DA:80,1
DA:89,1
DA:90,2
LF:31
LH:31
BRDA:29,0,0,5
BRDA:29,0,1,1
BRDA:32,1,0,1
BRDA:32,1,1,3
BRDA:32,2,0,4
BRDA:32,2,1,1
BRDA:68,3,0,1
BRDA:68,3,1,0
BRF:8
BRH:7
end_of_record
TN:
SF:src/utils/safeParse.ts
FN:8,safeParse
FN:28,safeParsePayload
FN:46,createErrorResponse
FNF:3
FNH:3
FNDA:15,safeParse
FNDA:3,safeParsePayload
FNDA:1,createErrorResponse
DA:8,3
DA:14,15
DA:15,15
DA:16,0
DA:18,15
DA:19,14
DA:21,1
DA:22,1
DA:24,0
DA:28,3
DA:33,3
DA:34,3
DA:35,1
DA:37,2
DA:39,1
DA:40,1
DA:42,1
DA:46,3
DA:47,1
LF:19
LH:17
BRDA:15,0,0,0
BRDA:15,0,1,15
BRDA:21,1,0,1
BRDA:21,1,1,0
BRDA:34,2,0,1
BRDA:34,2,1,2
BRDA:39,3,0,1
BRDA:39,3,1,0
BRF:8
BRH:5
end_of_record
