<?xml version="1.0" encoding="UTF-8"?>
<testsuites name="GutTests" failures="0" tests="13" >
  <testsuite name="test/suites/autoloads/test_shooting_manager.gd" tests="13" failures="0" skipped="0" time="0.004807" >
      <testcase name="test_shooting_manager_initializes" assertions="4" status="pass" classname="test/suites/autoloads/test_shooting_manager.gd" time="0.00061" >
      </testcase>
      <testcase name="test_shooting_mode_enum" assertions="2" status="pass" classname="test/suites/autoloads/test_shooting_manager.gd" time="0.000385" >
      </testcase>
      <testcase name="test_get_shooting_mode" assertions="1" status="pass" classname="test/suites/autoloads/test_shooting_manager.gd" time="0.000312" >
      </testcase>
      <testcase name="test_set_shooting_mode" assertions="1" status="pass" classname="test/suites/autoloads/test_shooting_manager.gd" time="0.000416" >
      </testcase>
      <testcase name="test_toggle_shooting_mode" assertions="3" status="pass" classname="test/suites/autoloads/test_shooting_manager.gd" time="0.000666" >
      </testcase>
      <testcase name="test_get_max_ammo" assertions="1" status="pass" classname="test/suites/autoloads/test_shooting_manager.gd" time="0.000325" >
      </testcase>
      <testcase name="test_add_ammo" assertions="1" status="pass" classname="test/suites/autoloads/test_shooting_manager.gd" time="0.000258" >
      </testcase>
      <testcase name="test_add_ammo_caps_at_max" assertions="1" status="pass" classname="test/suites/autoloads/test_shooting_manager.gd" time="0.000286" >
      </testcase>
      <testcase name="test_reload" assertions="1" status="pass" classname="test/suites/autoloads/test_shooting_manager.gd" time="0.000405" >
      </testcase>
      <testcase name="test_reload_progress" assertions="1" status="pass" classname="test/suites/autoloads/test_shooting_manager.gd" time="0.000278" >
      </testcase>
      <testcase name="test_cooldown_progress_ready" assertions="1" status="pass" classname="test/suites/autoloads/test_shooting_manager.gd" time="0.000288" >
      </testcase>
      <testcase name="test_handle_auto_shoot_updates_cooldown" assertions="1" status="pass" classname="test/suites/autoloads/test_shooting_manager.gd" time="0.000258" >
      </testcase>
      <testcase name="test_signals_exist" assertions="3" status="pass" classname="test/suites/autoloads/test_shooting_manager.gd" time="0.00032" >
      </testcase>
  </testsuite>
</testsuites>