<?xml version="1.0" encoding="UTF-8"?>
<testsuites name="GutTests" failures="173" tests="424" >
  <testsuite name="test/suites/autoloads/test_accessibility_manager.gd" tests="13" failures="13" skipped="0" time="0.004919" >
      <testcase name="test_fresh_instance_per_test" assertions="1" status="fail" classname="test/suites/autoloads/test_accessibility_manager.gd" time="0.000429" >
      <failure message="failed"><![CDATA[Unexpected Errors:
      [1] <engine-2>Invalid call. Nonexistent function 'get_font_scale' in base 'Nil'.
            at line -1]]></failure></testcase>
      <testcase name="test_multiple_instances_have_independent_state" assertions="1" status="fail" classname="test/suites/autoloads/test_accessibility_manager.gd" time="0.000354" >
      <failure message="failed"><![CDATA[Unexpected Errors:
      [1] <engine-2>Invalid call. Nonexistent function 'new' in base 'GDScript'.
            at line -1]]></failure></testcase>
      <testcase name="test_set_font_scale_emits_signal" assertions="1" status="fail" classname="test/suites/autoloads/test_accessibility_manager.gd" time="0.000444" >
      <failure message="failed"><![CDATA[Unexpected Errors:
      [1] <engine-2>Invalid call. Nonexistent function 'get_signal_list' in base 'Nil'.
      [2] <engine-2>Invalid call. Nonexistent function 'set_font_scale' in base 'Nil'.
            at line -1]]></failure></testcase>
      <testcase name="test_set_font_scale_clamps_to_max" assertions="1" status="fail" classname="test/suites/autoloads/test_accessibility_manager.gd" time="0.000314" >
      <failure message="failed"><![CDATA[Unexpected Errors:
      [1] <engine-2>Invalid call. Nonexistent function 'set_font_scale' in base 'Nil'.
            at line -1]]></failure></testcase>
      <testcase name="test_set_font_scale_clamps_to_min" assertions="1" status="fail" classname="test/suites/autoloads/test_accessibility_manager.gd" time="0.000442" >
      <failure message="failed"><![CDATA[Unexpected Errors:
      [1] <engine-2>Invalid call. Nonexistent function 'set_font_scale' in base 'Nil'.
            at line -1]]></failure></testcase>
      <testcase name="test_high_contrast_mode_default" assertions="1" status="fail" classname="test/suites/autoloads/test_accessibility_manager.gd" time="0.000346" >
      <failure message="failed"><![CDATA[Unexpected Errors:
      [1] <engine-2>Invalid call. Nonexistent function 'is_high_contrast_enabled' in base 'Nil'.
            at line -1]]></failure></testcase>
      <testcase name="test_toggle_high_contrast_mode" assertions="1" status="fail" classname="test/suites/autoloads/test_accessibility_manager.gd" time="0.000311" >
      <failure message="failed"><![CDATA[Unexpected Errors:
      [1] <engine-2>Invalid call. Nonexistent function 'set_high_contrast' in base 'Nil'.
            at line -1]]></failure></testcase>
      <testcase name="test_get_high_contrast_colors" assertions="1" status="fail" classname="test/suites/autoloads/test_accessibility_manager.gd" time="0.000398" >
      <failure message="failed"><![CDATA[Unexpected Errors:
      [1] <engine-2>Invalid call. Nonexistent function 'set_high_contrast' in base 'Nil'.
            at line -1]]></failure></testcase>
      <testcase name="test_reduced_motion_default" assertions="1" status="fail" classname="test/suites/autoloads/test_accessibility_manager.gd" time="0.000278" >
      <failure message="failed"><![CDATA[Unexpected Errors:
      [1] <engine-2>Invalid call. Nonexistent function 'is_reduced_motion_enabled' in base 'Nil'.
            at line -1]]></failure></testcase>
      <testcase name="test_toggle_reduced_motion" assertions="1" status="fail" classname="test/suites/autoloads/test_accessibility_manager.gd" time="0.000299" >
      <failure message="failed"><![CDATA[Unexpected Errors:
      [1] <engine-2>Invalid call. Nonexistent function 'set_reduced_motion' in base 'Nil'.
            at line -1]]></failure></testcase>
      <testcase name="test_screen_reader_default" assertions="1" status="fail" classname="test/suites/autoloads/test_accessibility_manager.gd" time="0.000423" >
      <failure message="failed"><![CDATA[Unexpected Errors:
      [1] <engine-2>Invalid call. Nonexistent function 'is_screen_reader_enabled' in base 'Nil'.
            at line -1]]></failure></testcase>
      <testcase name="test_toggle_screen_reader" assertions="1" status="fail" classname="test/suites/autoloads/test_accessibility_manager.gd" time="0.000418" >
      <failure message="failed"><![CDATA[Unexpected Errors:
      [1] <engine-2>Invalid call. Nonexistent function 'set_screen_reader_enabled' in base 'Nil'.
            at line -1]]></failure></testcase>
      <testcase name="test_reset_to_defaults" assertions="1" status="fail" classname="test/suites/autoloads/test_accessibility_manager.gd" time="0.000463" >
      <failure message="failed"><![CDATA[Unexpected Errors:
      [1] <engine-2>Invalid call. Nonexistent function 'set_font_scale' in base 'Nil'.
            at line -1]]></failure></testcase>
  </testsuite>
  <testsuite name="test/suites/autoloads/test_animation_utils.gd" tests="6" failures="0" skipped="0" time="0.001405" >
      <testcase name="test_animation_utils_class_type" assertions="3" status="pass" classname="test/suites/autoloads/test_animation_utils.gd" time="0.000322" >
      </testcase>
      <testcase name="test_static_fade_in_callable" assertions="1" status="pass" classname="test/suites/autoloads/test_animation_utils.gd" time="0.000271" >
      </testcase>
      <testcase name="test_static_fade_out_callable" assertions="1" status="pass" classname="test/suites/autoloads/test_animation_utils.gd" time="0.000211" >
      </testcase>
      <testcase name="test_static_scale_bounce_callable" assertions="1" status="pass" classname="test/suites/autoloads/test_animation_utils.gd" time="0.000201" >
      </testcase>
      <testcase name="test_static_pulse_callable" assertions="1" status="pass" classname="test/suites/autoloads/test_animation_utils.gd" time="0.000195" >
      </testcase>
      <testcase name="test_static_scale_down_callable" assertions="1" status="pass" classname="test/suites/autoloads/test_animation_utils.gd" time="0.000205" >
      </testcase>
  </testsuite>
  <testsuite name="test/suites/autoloads/test_archer_design_tokens.gd" tests="57" failures="0" skipped="0" time="0.021563" >
      <testcase name="test_primary_colors_exist" assertions="5" status="pass" classname="test/suites/autoloads/test_archer_design_tokens.gd" time="0.000738" >
      </testcase>
      <testcase name="test_secondary_colors_exist" assertions="5" status="pass" classname="test/suites/autoloads/test_archer_design_tokens.gd" time="0.00065" >
      </testcase>
      <testcase name="test_tertiary_colors_exist" assertions="5" status="pass" classname="test/suites/autoloads/test_archer_design_tokens.gd" time="0.000702" >
      </testcase>
      <testcase name="test_surface_colors" assertions="9" status="pass" classname="test/suites/autoloads/test_archer_design_tokens.gd" time="0.001203" >
      </testcase>
      <testcase name="test_content_colors" assertions="2" status="pass" classname="test/suites/autoloads/test_archer_design_tokens.gd" time="0.000429" >
      </testcase>
      <testcase name="test_ambient_glass_effects" assertions="3" status="pass" classname="test/suites/autoloads/test_archer_design_tokens.gd" time="0.00053" >
      </testcase>
      <testcase name="test_gradient_colors" assertions="2" status="pass" classname="test/suites/autoloads/test_archer_design_tokens.gd" time="0.000468" >
      </testcase>
      <testcase name="test_additional_surface_colors" assertions="3" status="pass" classname="test/suites/autoloads/test_archer_design_tokens.gd" time="0.000551" >
      </testcase>
      <testcase name="test_ra_surface_colors" assertions="6" status="pass" classname="test/suites/autoloads/test_archer_design_tokens.gd" time="0.00089" >
      </testcase>
      <testcase name="test_ra_content_colors" assertions="2" status="pass" classname="test/suites/autoloads/test_archer_design_tokens.gd" time="0.000286" >
      </testcase>
      <testcase name="test_ra_primary_colors" assertions="5" status="pass" classname="test/suites/autoloads/test_archer_design_tokens.gd" time="0.000446" >
      </testcase>
      <testcase name="test_ra_secondary_colors" assertions="4" status="pass" classname="test/suites/autoloads/test_archer_design_tokens.gd" time="0.000364" >
      </testcase>
      <testcase name="test_ra_accent_colors" assertions="5" status="pass" classname="test/suites/autoloads/test_archer_design_tokens.gd" time="0.000434" >
      </testcase>
      <testcase name="test_ra_ambient_effects" assertions="3" status="pass" classname="test/suites/autoloads/test_archer_design_tokens.gd" time="0.000293" >
      </testcase>
      <testcase name="test_rarity_colors" assertions="5" status="pass" classname="test/suites/autoloads/test_archer_design_tokens.gd" time="0.000412" >
      </testcase>
      <testcase name="test_health_colors" assertions="3" status="pass" classname="test/suites/autoloads/test_archer_design_tokens.gd" time="0.000368" >
      </testcase>
      <testcase name="test_ra_rarity_colors" assertions="4" status="pass" classname="test/suites/autoloads/test_archer_design_tokens.gd" time="0.000382" >
      </testcase>
      <testcase name="test_ra_health_colors" assertions="3" status="pass" classname="test/suites/autoloads/test_archer_design_tokens.gd" time="0.00047" >
      </testcase>
      <testcase name="test_font_paths" assertions="8" status="pass" classname="test/suites/autoloads/test_archer_design_tokens.gd" time="0.000948" >
      </testcase>
      <testcase name="test_spacing_constants" assertions="10" status="pass" classname="test/suites/autoloads/test_archer_design_tokens.gd" time="0.001091" >
      </testcase>
      <testcase name="test_corner_radius" assertions="7" status="pass" classname="test/suites/autoloads/test_archer_design_tokens.gd" time="0.000833" >
      </testcase>
      <testcase name="test_ra_roundness" assertions="4" status="pass" classname="test/suites/autoloads/test_archer_design_tokens.gd" time="0.000465" >
      </testcase>
      <testcase name="test_shadow_constants" assertions="9" status="pass" classname="test/suites/autoloads/test_archer_design_tokens.gd" time="0.00084" >
      </testcase>
      <testcase name="test_ambient_shadow_settings" assertions="3" status="pass" classname="test/suites/autoloads/test_archer_design_tokens.gd" time="0.000255" >
      </testcase>
      <testcase name="test_animation_durations" assertions="5" status="pass" classname="test/suites/autoloads/test_archer_design_tokens.gd" time="0.000354" >
      </testcase>
      <testcase name="test_animation_easing" assertions="2" status="pass" classname="test/suites/autoloads/test_archer_design_tokens.gd" time="0.000196" >
      </testcase>
      <testcase name="test_border_widths" assertions="4" status="pass" classname="test/suites/autoloads/test_archer_design_tokens.gd" time="0.000285" >
      </testcase>
      <testcase name="test_opacity_constants" assertions="4" status="pass" classname="test/suites/autoloads/test_archer_design_tokens.gd" time="0.000288" >
      </testcase>
      <testcase name="test_z_index_layers" assertions="6" status="pass" classname="test/suites/autoloads/test_archer_design_tokens.gd" time="0.000401" >
      </testcase>
      <testcase name="test_button_inset_shadow" assertions="3" status="pass" classname="test/suites/autoloads/test_archer_design_tokens.gd" time="0.000254" >
      </testcase>
      <testcase name="test_button_radius" assertions="3" status="pass" classname="test/suites/autoloads/test_archer_design_tokens.gd" time="0.00023" >
      </testcase>
      <testcase name="test_font_scale_constants" assertions="3" status="pass" classname="test/suites/autoloads/test_archer_design_tokens.gd" time="0.000231" >
      </testcase>
      <testcase name="test_get_primary_color_default" assertions="1" status="pass" classname="test/suites/autoloads/test_archer_design_tokens.gd" time="0.00016" >
      </testcase>
      <testcase name="test_get_primary_color_hover" assertions="1" status="pass" classname="test/suites/autoloads/test_archer_design_tokens.gd" time="0.00014" >
      </testcase>
      <testcase name="test_get_primary_color_pressed" assertions="1" status="pass" classname="test/suites/autoloads/test_archer_design_tokens.gd" time="0.000138" >
      </testcase>
      <testcase name="test_get_primary_color_disabled" assertions="1" status="pass" classname="test/suites/autoloads/test_archer_design_tokens.gd" time="0.000136" >
      </testcase>
      <testcase name="test_get_secondary_color_default" assertions="1" status="pass" classname="test/suites/autoloads/test_archer_design_tokens.gd" time="0.000138" >
      </testcase>
      <testcase name="test_get_secondary_color_hover" assertions="1" status="pass" classname="test/suites/autoloads/test_archer_design_tokens.gd" time="0.000138" >
      </testcase>
      <testcase name="test_get_secondary_color_pressed" assertions="1" status="pass" classname="test/suites/autoloads/test_archer_design_tokens.gd" time="0.00014" >
      </testcase>
      <testcase name="test_get_surface_tier_color" assertions="5" status="pass" classname="test/suites/autoloads/test_archer_design_tokens.gd" time="0.000417" >
      </testcase>
      <testcase name="test_get_ambient_shadow_color" assertions="1" status="pass" classname="test/suites/autoloads/test_archer_design_tokens.gd" time="0.000139" >
      </testcase>
      <testcase name="test_get_ambient_shadow_blur" assertions="2" status="pass" classname="test/suites/autoloads/test_archer_design_tokens.gd" time="0.000181" >
      </testcase>
      <testcase name="test_get_ghost_border_color" assertions="1" status="pass" classname="test/suites/autoloads/test_archer_design_tokens.gd" time="0.000139" >
      </testcase>
      <testcase name="test_get_button_depth_settings" assertions="3" status="pass" classname="test/suites/autoloads/test_archer_design_tokens.gd" time="0.000298" >
      </testcase>
      <testcase name="test_get_button_radius" assertions="3" status="pass" classname="test/suites/autoloads/test_archer_design_tokens.gd" time="0.000236" >
      </testcase>
      <testcase name="test_get_modal_radius" assertions="1" status="pass" classname="test/suites/autoloads/test_archer_design_tokens.gd" time="0.000156" >
      </testcase>
      <testcase name="test_is_color_light" assertions="2" status="pass" classname="test/suites/autoloads/test_archer_design_tokens.gd" time="0.000204" >
      </testcase>
      <testcase name="test_get_text_color_for_background" assertions="2" status="pass" classname="test/suites/autoloads/test_archer_design_tokens.gd" time="0.000259" >
      </testcase>
      <testcase name="test_get_gradient_colors" assertions="2" status="pass" classname="test/suites/autoloads/test_archer_design_tokens.gd" time="0.000291" >
      </testcase>
      <testcase name="test_get_scaled_font_size" assertions="3" status="pass" classname="test/suites/autoloads/test_archer_design_tokens.gd" time="0.000246" >
      </testcase>
      <testcase name="test_get_ra_surface_tier_color" assertions="4" status="pass" classname="test/suites/autoloads/test_archer_design_tokens.gd" time="0.000364" >
      </testcase>
      <testcase name="test_get_ra_primary_color" assertions="4" status="pass" classname="test/suites/autoloads/test_archer_design_tokens.gd" time="0.000458" >
      </testcase>
      <testcase name="test_get_ra_ambient_shadow_color" assertions="1" status="pass" classname="test/suites/autoloads/test_archer_design_tokens.gd" time="0.000171" >
      </testcase>
      <testcase name="test_get_ra_ambient_shadow_blur" assertions="1" status="pass" classname="test/suites/autoloads/test_archer_design_tokens.gd" time="0.000153" >
      </testcase>
      <testcase name="test_get_ra_ghost_border_color" assertions="1" status="pass" classname="test/suites/autoloads/test_archer_design_tokens.gd" time="0.000163" >
      </testcase>
      <testcase name="test_get_ra_gradient_colors" assertions="2" status="pass" classname="test/suites/autoloads/test_archer_design_tokens.gd" time="0.00026" >
      </testcase>
      <testcase name="test_get_ra_button_radius" assertions="1" status="pass" classname="test/suites/autoloads/test_archer_design_tokens.gd" time="0.000151" >
      </testcase>
  </testsuite>
  <testsuite name="test/suites/autoloads/test_audio_manager.gd" tests="2" failures="0" skipped="0" time="0.000506" >
      <testcase name="test_audio_manager_initializes" assertions="1" status="pass" classname="test/suites/autoloads/test_audio_manager.gd" time="0.000261" >
      </testcase>
      <testcase name="test_audio_manager_has_play_method" assertions="1" status="pass" classname="test/suites/autoloads/test_audio_manager.gd" time="0.000245" >
      </testcase>
  </testsuite>
  <testsuite name="test/suites/autoloads/test_auto_aim_manager.gd" tests="2" failures="1" skipped="0" time="0.000369" >
      <testcase name="test_auto_aim_manager_initializes" assertions="1" status="pass" classname="test/suites/autoloads/test_auto_aim_manager.gd" time="0.000177" >
      </testcase>
      <testcase name="test_auto_aim_manager_has_targeting_methods" assertions="1" status="fail" classname="test/suites/autoloads/test_auto_aim_manager.gd" time="0.000192" >
      <failure message="failed"><![CDATA[AutoAimManager should have targeting methods
            at line 13]]></failure></testcase>
  </testsuite>
  <testsuite name="test/suites/autoloads/test_campaign_manager.gd" tests="22" failures="6" skipped="0" time="0.614575" >
      <testcase name="test_initialization" assertions="5" status="fail" classname="test/suites/autoloads/test_campaign_manager.gd" time="0.034699" >
      <failure message="failed"><![CDATA[[1] expected to equal [0]:  
            at line 33]]></failure></testcase>
      <testcase name="test_signals_exist" assertions="4" status="pass" classname="test/suites/autoloads/test_campaign_manager.gd" time="0.028581" >
      </testcase>
      <testcase name="test_get_stage_data_not_found" assertions="1" status="pass" classname="test/suites/autoloads/test_campaign_manager.gd" time="0.027097" >
      </testcase>
      <testcase name="test_is_stage_unlocked_empty" assertions="1" status="fail" classname="test/suites/autoloads/test_campaign_manager.gd" time="0.025292" >
      <failure message="failed"><![CDATA[
            at line 49]]></failure></testcase>
      <testcase name="test_is_stage_completed_empty" assertions="1" status="pass" classname="test/suites/autoloads/test_campaign_manager.gd" time="0.025376" >
      </testcase>
      <testcase name="test_unlock_modifier_pool" assertions="2" status="pass" classname="test/suites/autoloads/test_campaign_manager.gd" time="0.026503" >
      </testcase>
      <testcase name="test_unlock_modifier_pool_duplicate" assertions="1" status="pass" classname="test/suites/autoloads/test_campaign_manager.gd" time="0.033809" >
      </testcase>
      <testcase name="test_get_unlocked_modifier_pools" assertions="3" status="pass" classname="test/suites/autoloads/test_campaign_manager.gd" time="0.024881" >
      </testcase>
      <testcase name="test_get_bosses_defeated_empty" assertions="1" status="pass" classname="test/suites/autoloads/test_campaign_manager.gd" time="0.025576" >
      </testcase>
      <testcase name="test_has_defeated_boss_false" assertions="1" status="pass" classname="test/suites/autoloads/test_campaign_manager.gd" time="0.028102" >
      </testcase>
      <testcase name="test_complete_stage" assertions="2" status="pass" classname="test/suites/autoloads/test_campaign_manager.gd" time="0.026573" >
      </testcase>
      <testcase name="test_complete_stage_with_boss" assertions="3" status="fail" classname="test/suites/autoloads/test_campaign_manager.gd" time="0.025399" >
      <failure message="failed"><![CDATA[Unexpected Errors:
      [1] <engine-2>Invalid access to property or key 'id' on a base object of type 'Dictionary'.
            at line -1]]></failure></testcase>
      <testcase name="test_stage_unlock_sequence" assertions="3" status="fail" classname="test/suites/autoloads/test_campaign_manager.gd" time="0.02412" >
      <failure message="failed"><![CDATA[Unexpected Errors:
      [1] <engine-2>Invalid access to property or key 'id' on a base object of type 'Dictionary'.
            at line -1]]></failure></testcase>
      <testcase name="test_stage_unlock_last_in_chapter" assertions="2" status="fail" classname="test/suites/autoloads/test_campaign_manager.gd" time="0.025312" >
      <failure message="failed"><![CDATA[Unexpected Errors:
      [1] <engine-2>Invalid access to property or key 'id' on a base object of type 'Dictionary'.
            at line -1]]></failure></testcase>
      <testcase name="test_handle_boss_defeat" assertions="2" status="pass" classname="test/suites/autoloads/test_campaign_manager.gd" time="0.034539" >
      </testcase>
      <testcase name="test_update_campaign_progress" assertions="1" status="pass" classname="test/suites/autoloads/test_campaign_manager.gd" time="0.024273" >
      </testcase>
      <testcase name="test_save_progress_creates_file" assertions="2" status="pass" classname="test/suites/autoloads/test_campaign_manager.gd" time="0.025383" >
      </testcase>
      <testcase name="test_load_progress" assertions="4" status="pass" classname="test/suites/autoloads/test_campaign_manager.gd" time="0.032126" >
      </testcase>
      <testcase name="test_notify_server_stage_complete" assertions="2" status="fail" classname="test/suites/autoloads/test_campaign_manager.gd" time="0.034615" >
      <failure message="failed"><![CDATA[Unexpected Errors:
      [1] <engine-2>Invalid type in function 'connect'. Cannot convert argument 3 from Nil to int.
      [2] <engine-2>Invalid type in function 'connect'. Cannot convert argument 3 from Nil to int.
      [3] <engine-2>Invalid type in function 'connect'. Cannot convert argument 3 from Nil to int.
      [4] <engine-2>Invalid type in function 'connect'. Cannot convert argument 3 from Nil to int.
      [5] <engine-2>Invalid type in function 'connect'. Cannot convert argument 3 from Nil to int.
      [6] <engine-2>Invalid type in function 'connect'. Cannot convert argument 3 from Nil to int.
      [7] <engine-2>Invalid type in function 'connect'. Cannot convert argument 3 from Nil to int.
      [8] <engine-2>Invalid type in function 'connect'. Cannot convert argument 3 from Nil to int.
      [9] <engine-2>Invalid type in function 'connect'. Cannot convert argument 3 from Nil to int.
      [10] <engine-2>Invalid type in function 'connect'. Cannot convert argument 3 from Nil to int.
      [11] <engine-2>Invalid type in function 'connect'. Cannot convert argument 3 from Nil to int.
      [12] <engine-2>Invalid type in function 'connect'. Cannot convert argument 3 from Nil to int.
      [13] <engine-2>Invalid type in function 'connect'. Cannot convert argument 3 from Nil to int.
            at line -1]]></failure></testcase>
      <testcase name="test_get_stage_with_boss" assertions="2" status="pass" classname="test/suites/autoloads/test_campaign_manager.gd" time="0.027032" >
      </testcase>
      <testcase name="test_get_stage_with_boss_not_found" assertions="1" status="pass" classname="test/suites/autoloads/test_campaign_manager.gd" time="0.026601" >
      </testcase>
      <testcase name="test_boss_defeat_all_types" assertions="5" status="pass" classname="test/suites/autoloads/test_campaign_manager.gd" time="0.028686" >
      </testcase>
  </testsuite>
  <testsuite name="test/suites/autoloads/test_combat_manager.gd" tests="29" failures="18" skipped="0" time="0.757874" >
      <testcase name="test_initial_state" assertions="4" status="pass" classname="test/suites/autoloads/test_combat_manager.gd" time="0.025377" >
      </testcase>
      <testcase name="test_rpc_constants_defined" assertions="2" status="pass" classname="test/suites/autoloads/test_combat_manager.gd" time="0.024941" >
      </testcase>
      <testcase name="test_get_current_match_state" assertions="1" status="pass" classname="test/suites/autoloads/test_combat_manager.gd" time="0.0268" >
      </testcase>
      <testcase name="test_get_my_health" assertions="1" status="pass" classname="test/suites/autoloads/test_combat_manager.gd" time="0.026048" >
      </testcase>
      <testcase name="test_get_opponent_health" assertions="1" status="pass" classname="test/suites/autoloads/test_combat_manager.gd" time="0.025586" >
      </testcase>
      <testcase name="test_is_my_turn_sync" assertions="2" status="pass" classname="test/suites/autoloads/test_combat_manager.gd" time="0.027536" >
      </testcase>
      <testcase name="test_get_combat_log" assertions="1" status="pass" classname="test/suites/autoloads/test_combat_manager.gd" time="0.026673" >
      </testcase>
      <testcase name="test_get_match_status" assertions="1" status="pass" classname="test/suites/autoloads/test_combat_manager.gd" time="0.026219" >
      </testcase>
      <testcase name="test_is_combat_active" assertions="3" status="pass" classname="test/suites/autoloads/test_combat_manager.gd" time="0.024815" >
      </testcase>
      <testcase name="test_calculate_damage_basic" assertions="1" status="fail" classname="test/suites/autoloads/test_combat_manager.gd" time="0.024249" >
      <failure message="failed"><![CDATA[Unexpected Errors:
      [1] <engine-2>Invalid call. Nonexistent function 'calculate_damage' in base 'Node (CombatManager.gd)'.
            at line -1]]></failure></testcase>
      <testcase name="test_calculate_damage_minimum_one" assertions="1" status="fail" classname="test/suites/autoloads/test_combat_manager.gd" time="0.026179" >
      <failure message="failed"><![CDATA[Unexpected Errors:
      [1] <engine-2>Invalid call. Nonexistent function 'calculate_damage' in base 'Node (CombatManager.gd)'.
            at line -1]]></failure></testcase>
      <testcase name="test_calculate_damage_zero_attack" assertions="1" status="fail" classname="test/suites/autoloads/test_combat_manager.gd" time="0.025414" >
      <failure message="failed"><![CDATA[Unexpected Errors:
      [1] <engine-2>Invalid call. Nonexistent function 'calculate_damage' in base 'Node (CombatManager.gd)'.
            at line -1]]></failure></testcase>
      <testcase name="test_calculate_damage_high_defense" assertions="1" status="fail" classname="test/suites/autoloads/test_combat_manager.gd" time="0.025374" >
      <failure message="failed"><![CDATA[Unexpected Errors:
      [1] <engine-2>Invalid call. Nonexistent function 'calculate_damage' in base 'Node (CombatManager.gd)'.
            at line -1]]></failure></testcase>
      <testcase name="test_calculate_damage_crit_hit" assertions="1" status="fail" classname="test/suites/autoloads/test_combat_manager.gd" time="0.02964" >
      <failure message="failed"><![CDATA[Unexpected Errors:
      [1] <engine-2>Invalid call. Nonexistent function 'calculate_damage' in base 'Node (CombatManager.gd)'.
            at line -1]]></failure></testcase>
      <testcase name="test_calculate_damage_crit_multiplier_2x" assertions="1" status="fail" classname="test/suites/autoloads/test_combat_manager.gd" time="0.026015" >
      <failure message="failed"><![CDATA[Unexpected Errors:
      [1] <engine-2>Invalid call. Nonexistent function 'calculate_damage' in base 'Node (CombatManager.gd)'.
            at line -1]]></failure></testcase>
      <testcase name="test_calculate_damage_crit_multiplier_3x" assertions="1" status="fail" classname="test/suites/autoloads/test_combat_manager.gd" time="0.023837" >
      <failure message="failed"><![CDATA[Unexpected Errors:
      [1] <engine-2>Invalid call. Nonexistent function 'calculate_damage' in base 'Node (CombatManager.gd)'.
            at line -1]]></failure></testcase>
      <testcase name="test_calculate_damage_dodge" assertions="1" status="fail" classname="test/suites/autoloads/test_combat_manager.gd" time="0.024959" >
      <failure message="failed"><![CDATA[Unexpected Errors:
      [1] <engine-2>Invalid call. Nonexistent function 'calculate_damage' in base 'Node (CombatManager.gd)'.
            at line -1]]></failure></testcase>
      <testcase name="test_calculate_damage_stats_with_defaults" assertions="1" status="fail" classname="test/suites/autoloads/test_combat_manager.gd" time="0.023923" >
      <failure message="failed"><![CDATA[Unexpected Errors:
      [1] <engine-2>Invalid call. Nonexistent function 'calculate_damage' in base 'Node (CombatManager.gd)'.
            at line -1]]></failure></testcase>
      <testcase name="test_calculate_damage_integer_result" assertions="1" status="fail" classname="test/suites/autoloads/test_combat_manager.gd" time="0.024431" >
      <failure message="failed"><![CDATA[Unexpected Errors:
      [1] <engine-2>Invalid call. Nonexistent function 'calculate_damage' in base 'Node (CombatManager.gd)'.
            at line -1]]></failure></testcase>
      <testcase name="test_signal_connections" assertions="4" status="pass" classname="test/suites/autoloads/test_combat_manager.gd" time="0.024281" >
      </testcase>
      <testcase name="test_combat_action_submitted_signal" assertions="2" status="fail" classname="test/suites/autoloads/test_combat_manager.gd" time="0.02745" >
      <failure message="failed"><![CDATA[Unexpected Errors:
      [1] <GUT>You cannot stub [send_rpc] because the method does not exist.  This can happen if the method is virtual and not overloaded (i.e. _ready) or you have mistyped the name of the method.
            at line -1]]></failure></testcase>
      <testcase name="test_match_state_updated_signal" assertions="1" status="pass" classname="test/suites/autoloads/test_combat_manager.gd" time="0.024704" >
      </testcase>
      <testcase name="test_turn_changed_signal" assertions="2" status="fail" classname="test/suites/autoloads/test_combat_manager.gd" time="0.025747" >
      <failure message="failed"><![CDATA[Unexpected Errors:
      [1] <engine-2>Invalid operands 'String' and 'int' in operator '=='.
      [2] <engine-2>Invalid call. Nonexistent function 'size' in base 'Nil'.
            at line -1]]></failure></testcase>
      <testcase name="test_combat_ended_signal" assertions="2" status="fail" classname="test/suites/autoloads/test_combat_manager.gd" time="0.033643" >
      <failure message="failed"><![CDATA[Unexpected Errors:
      [1] <engine-2>Invalid operands 'String' and 'int' in operator '=='.
      [2] <engine-2>Invalid call. Nonexistent function 'size' in base 'Nil'.
            at line -1]]></failure></testcase>
      <testcase name="test_submit_combat_action_no_network" assertions="2" status="fail" classname="test/suites/autoloads/test_combat_manager.gd" time="0.026509" >
      <failure message="failed"><![CDATA[Unexpected Errors:
      [1] <push_error>Not connected to server
            at line -1]]></failure></testcase>
      <testcase name="test_submit_combat_action_empty_match_id" assertions="2" status="fail" classname="test/suites/autoloads/test_combat_manager.gd" time="0.027599" >
      <failure message="failed"><![CDATA[Unexpected Errors:
      [1] <push_error>Invalid combat action parameters
            at line -1]]></failure></testcase>
      <testcase name="test_submit_combat_action_empty_action_type" assertions="2" status="fail" classname="test/suites/autoloads/test_combat_manager.gd" time="0.027426" >
      <failure message="failed"><![CDATA[Unexpected Errors:
      [1] <push_error>Invalid combat action parameters
            at line -1]]></failure></testcase>
      <testcase name="test_get_match_state_no_network" assertions="2" status="fail" classname="test/suites/autoloads/test_combat_manager.gd" time="0.029082" >
      <failure message="failed"><![CDATA[Unexpected Errors:
      [1] <push_error>Not connected to server
            at line -1]]></failure></testcase>
      <testcase name="test_get_match_state_empty_match_id" assertions="2" status="fail" classname="test/suites/autoloads/test_combat_manager.gd" time="0.023417" >
      <failure message="failed"><![CDATA[Unexpected Errors:
      [1] <push_error>Match ID required
            at line -1]]></failure></testcase>
  </testsuite>
  <testsuite name="test/suites/autoloads/test_combat_manager_coverage.gd" tests="7" failures="7" skipped="0" time="0.00249" >
      <testcase name="test_basic_damage_calculation_tracks_coverage" assertions="1" status="fail" classname="test/suites/autoloads/test_combat_manager_coverage.gd" time="0.000576" >
      <failure message="failed"><![CDATA[Unexpected Errors:
      [1] <engine-2>Invalid call. Nonexistent function 'calculate_damage' in base 'Nil'.
            at line -1]]></failure></testcase>
      <testcase name="test_dodge_branch_tracks_coverage" assertions="1" status="fail" classname="test/suites/autoloads/test_combat_manager_coverage.gd" time="0.000317" >
      <failure message="failed"><![CDATA[Unexpected Errors:
      [1] <engine-2>Invalid call. Nonexistent function 'calculate_damage' in base 'Nil'.
            at line -1]]></failure></testcase>
      <testcase name="test_critical_hit_branch_tracks_coverage" assertions="1" status="fail" classname="test/suites/autoloads/test_combat_manager_coverage.gd" time="0.000313" >
      <failure message="failed"><![CDATA[Unexpected Errors:
      [1] <engine-2>Invalid call. Nonexistent function 'calculate_damage' in base 'Nil'.
            at line -1]]></failure></testcase>
      <testcase name="test_defense_reduction_tracks_coverage" assertions="1" status="fail" classname="test/suites/autoloads/test_combat_manager_coverage.gd" time="0.000336" >
      <failure message="failed"><![CDATA[Unexpected Errors:
      [1] <engine-2>Invalid call. Nonexistent function 'calculate_damage' in base 'Nil'.
            at line -1]]></failure></testcase>
      <testcase name="test_get_my_health_tracks_coverage" assertions="1" status="fail" classname="test/suites/autoloads/test_combat_manager_coverage.gd" time="0.000306" >
      <failure message="failed"><![CDATA[Unexpected Errors:
      [1] <engine-2>Cannot call method 'set' on a null value.
            at line -1]]></failure></testcase>
      <testcase name="test_is_my_turn_sync_tracks_coverage" assertions="1" status="fail" classname="test/suites/autoloads/test_combat_manager_coverage.gd" time="0.000317" >
      <failure message="failed"><![CDATA[Unexpected Errors:
      [1] <engine-2>Cannot call method 'set' on a null value.
            at line -1]]></failure></testcase>
      <testcase name="test_is_combat_active_tracks_coverage" assertions="1" status="fail" classname="test/suites/autoloads/test_combat_manager_coverage.gd" time="0.000325" >
      <failure message="failed"><![CDATA[Unexpected Errors:
      [1] <engine-2>Cannot call method 'set' on a null value.
            at line -1]]></failure></testcase>
  </testsuite>
  <testsuite name="test/suites/autoloads/test_combat_sync_manager.gd" tests="12" failures="1" skipped="0" time="0.00395" >
      <testcase name="test_combat_sync_manager_initializes" assertions="6" status="pass" classname="test/suites/autoloads/test_combat_sync_manager.gd" time="0.000426" >
      </testcase>
      <testcase name="test_signals_exist" assertions="4" status="pass" classname="test/suites/autoloads/test_combat_sync_manager.gd" time="0.000326" >
      </testcase>
      <testcase name="test_initial_state" assertions="5" status="pass" classname="test/suites/autoloads/test_combat_sync_manager.gd" time="0.000403" >
      </testcase>
      <testcase name="test_start_combat" assertions="5" status="pass" classname="test/suites/autoloads/test_combat_sync_manager.gd" time="0.000418" >
      </testcase>
      <testcase name="test_get_current_turn" assertions="1" status="fail" classname="test/suites/autoloads/test_combat_sync_manager.gd" time="0.000291" >
      <failure message="failed"><![CDATA[["opponent"] expected to equal ["player"]:  Should be player's turn initially
            at line 51]]></failure></testcase>
      <testcase name="test_apply_opponent_damage" assertions="1" status="pass" classname="test/suites/autoloads/test_combat_sync_manager.gd" time="0.000233" >
      </testcase>
      <testcase name="test_apply_opponent_damage_to_zero" assertions="1" status="pass" classname="test/suites/autoloads/test_combat_sync_manager.gd" time="0.000211" >
      </testcase>
      <testcase name="test_apply_player_damage" assertions="1" status="pass" classname="test/suites/autoloads/test_combat_sync_manager.gd" time="0.000288" >
      </testcase>
      <testcase name="test_apply_player_damage_to_zero" assertions="1" status="pass" classname="test/suites/autoloads/test_combat_sync_manager.gd" time="0.000275" >
      </testcase>
      <testcase name="test_send_move_records_log" assertions="2" status="pass" classname="test/suites/autoloads/test_combat_sync_manager.gd" time="0.000425" >
      </testcase>
      <testcase name="test_update_opponent_state" assertions="3" status="pass" classname="test/suites/autoloads/test_combat_sync_manager.gd" time="0.000334" >
      </testcase>
      <testcase name="test_combat_log_entry_types" assertions="1" status="pass" classname="test/suites/autoloads/test_combat_sync_manager.gd" time="0.00032" >
      </testcase>
  </testsuite>
  <testsuite name="test/suites/autoloads/test_coverage_tracker.gd" tests="12" failures="5" skipped="0" time="0.004321" >
      <testcase name="test_track_execution_records_line" assertions="1" status="fail" classname="test/suites/autoloads/test_coverage_tracker.gd" time="0.000457" >
      <failure message="failed"><![CDATA[Unexpected Errors:
      [1] <engine-2>Invalid access to property or key 'res://test.gd' on a base object of type 'Dictionary'.
            at line -1]]></failure></testcase>
      <testcase name="test_track_execution_deduplicates" assertions="1" status="fail" classname="test/suites/autoloads/test_coverage_tracker.gd" time="0.000384" >
      <failure message="failed"><![CDATA[Unexpected Errors:
      [1] <engine-2>Invalid access to property or key 'res://test.gd' on a base object of type 'Dictionary'.
            at line -1]]></failure></testcase>
      <testcase name="test_get_coverage_data_calculates_percentage" assertions="1" status="pass" classname="test/suites/autoloads/test_coverage_tracker.gd" time="0.000308" >
      </testcase>
      <testcase name="test_before_all_clears_data" assertions="1" status="pass" classname="test/suites/autoloads/test_coverage_tracker.gd" time="0.000319" >
      </testcase>
      <testcase name="test_get_coverage_data_includes_executable_lines" assertions="1" status="pass" classname="test/suites/autoloads/test_coverage_tracker.gd" time="0.000296" >
      </testcase>
      <testcase name="test_get_coverage_data_includes_executed_lines" assertions="1" status="pass" classname="test/suites/autoloads/test_coverage_tracker.gd" time="0.00029" >
      </testcase>
      <testcase name="test_get_coverage_data_zero_coverage" assertions="1" status="fail" classname="test/suites/autoloads/test_coverage_tracker.gd" time="0.000405" >
      <failure message="failed"><![CDATA[Unexpected Errors:
      [1] <engine-2>Invalid access to property or key 'res://test.gd' on a base object of type 'Dictionary'.
            at line -1]]></failure></testcase>
      <testcase name="test_get_coverage_data_full_coverage" assertions="1" status="pass" classname="test/suites/autoloads/test_coverage_tracker.gd" time="0.000301" >
      </testcase>
      <testcase name="test_script_line_parser_skips_comments" assertions="2" status="fail" classname="test/suites/autoloads/test_coverage_tracker.gd" time="0.000514" >
      <failure message="failed"><![CDATA[[2] expected to equal [1]:  Should have 1 executable line (comment lines skipped)
            at line 90]]></failure></testcase>
      <testcase name="test_script_line_parser_skips_empty_lines" assertions="1" status="pass" classname="test/suites/autoloads/test_coverage_tracker.gd" time="0.000327" >
      </testcase>
      <testcase name="test_script_line_parser_skips_brace_only_lines" assertions="1" status="pass" classname="test/suites/autoloads/test_coverage_tracker.gd" time="0.000321" >
      </testcase>
      <testcase name="test_coverage_exporter_exports_json" assertions="2" status="pass" classname="test/suites/autoloads/test_coverage_tracker.gd" time="0.000399" >
      </testcase>
  </testsuite>
  <testsuite name="test/suites/autoloads/test_encounter_data.gd" tests="11" failures="0" skipped="0" time="0.004041" >
      <testcase name="test_encounter_data_initializes" assertions="3" status="pass" classname="test/suites/autoloads/test_encounter_data.gd" time="0.000343" >
      </testcase>
      <testcase name="test_encounters_dictionary_exists" assertions="2" status="pass" classname="test/suites/autoloads/test_encounter_data.gd" time="0.000297" >
      </testcase>
      <testcase name="test_get_all_encounters" assertions="2" status="pass" classname="test/suites/autoloads/test_encounter_data.gd" time="0.000276" >
      </testcase>
      <testcase name="test_get_encounter_by_id" assertions="2" status="pass" classname="test/suites/autoloads/test_encounter_data.gd" time="0.00031" >
      </testcase>
      <testcase name="test_get_encounter_not_found" assertions="1" status="pass" classname="test/suites/autoloads/test_encounter_data.gd" time="0.00045" >
      </testcase>
      <testcase name="test_get_encounters_by_difficulty" assertions="3" status="pass" classname="test/suites/autoloads/test_encounter_data.gd" time="0.000453" >
      </testcase>
      <testcase name="test_get_encounters_by_biome" assertions="3" status="pass" classname="test/suites/autoloads/test_encounter_data.gd" time="0.000396" >
      </testcase>
      <testcase name="test_is_boss_encounter" assertions="4" status="pass" classname="test/suites/autoloads/test_encounter_data.gd" time="0.000424" >
      </testcase>
      <testcase name="test_encounter_enemy_stats" assertions="4" status="pass" classname="test/suites/autoloads/test_encounter_data.gd" time="0.000393" >
      </testcase>
      <testcase name="test_encounter_loot" assertions="2" status="pass" classname="test/suites/autoloads/test_encounter_data.gd" time="0.000328" >
      </testcase>
      <testcase name="test_all_biomes_represented" assertions="3" status="pass" classname="test/suites/autoloads/test_encounter_data.gd" time="0.000371" >
      </testcase>
  </testsuite>
  <testsuite name="test/suites/autoloads/test_game_manager.gd" tests="30" failures="8" skipped="0" time="0.964874" >
      <testcase name="test_initial_state" assertions="4" status="pass" classname="test/suites/autoloads/test_game_manager.gd" time="0.026662" >
      </testcase>
      <testcase name="test_take_player_damage" assertions="2" status="fail" classname="test/suites/autoloads/test_game_manager.gd" time="0.031129" >
      <failure message="failed"><![CDATA[Unexpected Errors:
      [1] <engine-3>Expected valid type hint after ':'.
      [2] <engine-0>Condition "err != OK" is true.
      [3] <engine-2>Cannot call method 'add_child' on a null value.
      [4] <engine-2>Cannot call method 'add_child' on a null value.
      [5] <engine-0>Parameter "data.tree" is null.
            at line -1]]></failure></testcase>
      <testcase name="test_take_player_damage_excess" assertions="2" status="fail" classname="test/suites/autoloads/test_game_manager.gd" time="0.025846" >
      <failure message="failed"><![CDATA[Unexpected Errors:
      [1] <engine-0>Parameter "data.tree" is null.
            at line -1]]></failure></testcase>
      <testcase name="test_take_player_damage_inactive_game" assertions="1" status="pass" classname="test/suites/autoloads/test_game_manager.gd" time="0.030156" >
      </testcase>
      <testcase name="test_heal_player" assertions="1" status="pass" classname="test/suites/autoloads/test_game_manager.gd" time="0.027668" >
      </testcase>
      <testcase name="test_heal_player_excess" assertions="1" status="pass" classname="test/suites/autoloads/test_game_manager.gd" time="0.02795" >
      </testcase>
      <testcase name="test_heal_player_inactive_game" assertions="1" status="pass" classname="test/suites/autoloads/test_game_manager.gd" time="0.025299" >
      </testcase>
      <testcase name="test_health_min_boundary" assertions="2" status="fail" classname="test/suites/autoloads/test_game_manager.gd" time="0.025532" >
      <failure message="failed"><![CDATA[Unexpected Errors:
      [1] <engine-0>Parameter "data.tree" is null.
            at line -1]]></failure></testcase>
      <testcase name="test_health_max_boundary" assertions="1" status="pass" classname="test/suites/autoloads/test_game_manager.gd" time="0.026494" >
      </testcase>
      <testcase name="test_start_game" assertions="2" status="pass" classname="test/suites/autoloads/test_game_manager.gd" time="0.025911" >
      </testcase>
      <testcase name="test_start_game_sets_game_start_time" assertions="1" status="pass" classname="test/suites/autoloads/test_game_manager.gd" time="0.027885" >
      </testcase>
      <testcase name="test_end_game_won" assertions="2" status="pass" classname="test/suites/autoloads/test_game_manager.gd" time="0.039261" >
      </testcase>
      <testcase name="test_end_game_lost" assertions="2" status="pass" classname="test/suites/autoloads/test_game_manager.gd" time="0.029805" >
      </testcase>
      <testcase name="test_complete_stage" assertions="3" status="pass" classname="test/suites/autoloads/test_game_manager.gd" time="0.02743" >
      </testcase>
      <testcase name="test_reset_stage" assertions="3" status="pass" classname="test/suites/autoloads/test_game_manager.gd" time="0.028711" >
      </testcase>
      <testcase name="test_game_flow_complete_loop" assertions="5" status="fail" classname="test/suites/autoloads/test_game_manager.gd" time="0.034356" >
      <failure message="failed"><![CDATA[Unexpected Errors:
      [1] <engine-0>Parameter "data.tree" is null.
            at line -1]]></failure></testcase>
      <testcase name="test_complete_stage_increments" assertions="1" status="pass" classname="test/suites/autoloads/test_game_manager.gd" time="0.030726" >
      </testcase>
      <testcase name="test_health_changed_signal" assertions="2" status="fail" classname="test/suites/autoloads/test_game_manager.gd" time="0.033139" >
      <failure message="failed"><![CDATA[Unexpected Errors:
      [1] <engine-0>Parameter "data.tree" is null.
            at line -1]]></failure></testcase>
      <testcase name="test_health_changed_signal_on_damage" assertions="2" status="fail" classname="test/suites/autoloads/test_game_manager.gd" time="0.034882" >
      <failure message="failed"><![CDATA[Unexpected Errors:
      [1] <engine-0>Parameter "data.tree" is null.
            at line -1]]></failure></testcase>
      <testcase name="test_health_changed_signal_on_heal" assertions="1" status="pass" classname="test/suites/autoloads/test_game_manager.gd" time="0.032133" >
      </testcase>
      <testcase name="test_player_died_signal" assertions="2" status="fail" classname="test/suites/autoloads/test_game_manager.gd" time="0.032585" >
      <failure message="failed"><![CDATA[Unexpected Errors:
      [1] <engine-0>Parameter "data.tree" is null.
            at line -1]]></failure></testcase>
      <testcase name="test_game_won_signal" assertions="1" status="pass" classname="test/suites/autoloads/test_game_manager.gd" time="0.032393" >
      </testcase>
      <testcase name="test_stage_completed_signal" assertions="2" status="fail" classname="test/suites/autoloads/test_game_manager.gd" time="0.103645" >
      <failure message="failed"><![CDATA[Unexpected Errors:
      [1] <engine-1>res://scenes/main.tscn:7 - ext_resource, invalid UID: uid://game_over_scene - using text path instead: res://scenes/ui/game_over.tscn
            at line -1]]></failure></testcase>
      <testcase name="test_boss_spawned_signal" assertions="0" status="no asserts" classname="test/suites/autoloads/test_game_manager.gd" time="0.028619" >
      </testcase>
      <testcase name="test_spawn_boss_basic" assertions="1" status="pass" classname="test/suites/autoloads/test_game_manager.gd" time="0.029587" >
      </testcase>
      <testcase name="test_spawn_boss_wind" assertions="1" status="pass" classname="test/suites/autoloads/test_game_manager.gd" time="0.030027" >
      </testcase>
      <testcase name="test_spawn_boss_fire" assertions="1" status="pass" classname="test/suites/autoloads/test_game_manager.gd" time="0.028104" >
      </testcase>
      <testcase name="test_spawn_boss_ice" assertions="1" status="pass" classname="test/suites/autoloads/test_game_manager.gd" time="0.031819" >
      </testcase>
      <testcase name="test_spawn_boss_electric" assertions="1" status="pass" classname="test/suites/autoloads/test_game_manager.gd" time="0.027442" >
      </testcase>
      <testcase name="test_spawn_boss_placeholder" assertions="1" status="pass" classname="test/suites/autoloads/test_game_manager.gd" time="0.029678" >
      </testcase>
  </testsuite>
  <testsuite name="test/suites/autoloads/test_game_manager_coverage.gd" tests="8" failures="8" skipped="0" time="0.004827" >
      <testcase name="test_health_damage_tracks_coverage" assertions="1" status="fail" classname="test/suites/autoloads/test_game_manager_coverage.gd" time="0.000721" >
      <failure message="failed"><![CDATA[Unexpected Errors:
      [1] <engine-2>Invalid call. Nonexistent function 'get_signal_list' in base 'Nil'.
      [2] <engine-2>Invalid assignment of property or key 'is_game_active' with value of type 'bool' on a base object of type 'Nil'.
            at line -1]]></failure></testcase>
      <testcase name="test_player_death_tracks_coverage" assertions="1" status="fail" classname="test/suites/autoloads/test_game_manager_coverage.gd" time="0.000487" >
      <failure message="failed"><![CDATA[Unexpected Errors:
      [1] <engine-2>Invalid call. Nonexistent function 'get_signal_list' in base 'Nil'.
      [2] <engine-2>Invalid assignment of property or key 'is_game_active' with value of type 'bool' on a base object of type 'Nil'.
            at line -1]]></failure></testcase>
      <testcase name="test_healing_tracks_coverage" assertions="1" status="fail" classname="test/suites/autoloads/test_game_manager_coverage.gd" time="0.000459" >
      <failure message="failed"><![CDATA[Unexpected Errors:
      [1] <engine-2>Invalid call. Nonexistent function 'get_signal_list' in base 'Nil'.
      [2] <engine-2>Invalid assignment of property or key 'is_game_active' with value of type 'bool' on a base object of type 'Nil'.
            at line -1]]></failure></testcase>
      <testcase name="test_game_start_tracks_coverage" assertions="1" status="fail" classname="test/suites/autoloads/test_game_manager_coverage.gd" time="0.000479" >
      <failure message="failed"><![CDATA[Unexpected Errors:
      [1] <engine-2>Invalid call. Nonexistent function 'get_signal_list' in base 'Nil'.
      [2] <engine-2>Invalid assignment of property or key 'player_current_health' with value of type 'int' on a base object of type 'Nil'.
            at line -1]]></failure></testcase>
      <testcase name="test_boss_spawn_tracks_coverage" assertions="1" status="fail" classname="test/suites/autoloads/test_game_manager_coverage.gd" time="0.000494" >
      <failure message="failed"><![CDATA[Unexpected Errors:
      [1] <engine-2>Invalid call. Nonexistent function 'get_signal_list' in base 'Nil'.
      [2] <engine-2>Invalid call. Nonexistent function 'spawn_boss' in base 'Nil'.
            at line -1]]></failure></testcase>
      <testcase name="test_game_won_tracks_coverage" assertions="1" status="fail" classname="test/suites/autoloads/test_game_manager_coverage.gd" time="0.000698" >
      <failure message="failed"><![CDATA[Unexpected Errors:
      [1] <engine-2>Invalid call. Nonexistent function 'get_signal_list' in base 'Nil'.
      [2] <engine-2>Invalid assignment of property or key 'is_game_active' with value of type 'bool' on a base object of type 'Nil'.
            at line -1]]></failure></testcase>
      <testcase name="test_stage_completed_tracks_coverage" assertions="1" status="fail" classname="test/suites/autoloads/test_game_manager_coverage.gd" time="0.000745" >
      <failure message="failed"><![CDATA[Unexpected Errors:
      [1] <engine-2>Invalid call. Nonexistent function 'get_signal_list' in base 'Nil'.
      [2] <engine-2>Invalid assignment of property or key 'is_game_active' with value of type 'bool' on a base object of type 'Nil'.
            at line -1]]></failure></testcase>
      <testcase name="test_inactive_game_tracks_coverage" assertions="1" status="fail" classname="test/suites/autoloads/test_game_manager_coverage.gd" time="0.000744" >
      <failure message="failed"><![CDATA[Unexpected Errors:
      [1] <engine-2>Invalid call. Nonexistent function 'get_signal_list' in base 'Nil'.
      [2] <engine-2>Invalid assignment of property or key 'is_game_active' with value of type 'bool' on a base object of type 'Nil'.
            at line -1]]></failure></testcase>
  </testsuite>
  <testsuite name="test/suites/autoloads/test_gear_manager.gd" tests="3" failures="2" skipped="0" time="0.001268" >
      <testcase name="test_gear_manager_initializes" assertions="1" status="pass" classname="test/suites/autoloads/test_gear_manager.gd" time="0.000398" >
      </testcase>
      <testcase name="test_gear_manager_has_equipment_methods" assertions="1" status="fail" classname="test/suites/autoloads/test_gear_manager.gd" time="0.000414" >
      <failure message="failed"><![CDATA[GearManager should have equipment methods
            at line 13]]></failure></testcase>
      <testcase name="test_gear_manager_has_load_method" assertions="1" status="fail" classname="test/suites/autoloads/test_gear_manager.gd" time="0.000456" >
      <failure message="failed"><![CDATA[GearManager should have load method
            at line 21]]></failure></testcase>
  </testsuite>
  <testsuite name="test/suites/autoloads/test_inventory_manager.gd" tests="24" failures="18" skipped="24" time="0.571542" >
      <testcase name="test_initial_state" assertions="3" status="pending" classname="test/suites/autoloads/test_inventory_manager.gd" time="0.022398" >
      <skipped message="pending"><![CDATA[InventoryManager is deprecated — use GearManager]]></skipped></testcase>
      <testcase name="test_load_gear_already_loading" assertions="1" status="pending" classname="test/suites/autoloads/test_inventory_manager.gd" time="0.023496" >
      <skipped message="pending"><![CDATA[InventoryManager is deprecated — use GearManager]]></skipped></testcase>
      <testcase name="test_load_gear_not_authenticated" assertions="2" status="pending" classname="test/suites/autoloads/test_inventory_manager.gd" time="0.025597" >
      <skipped message="pending"><![CDATA[InventoryManager is deprecated — use GearManager]]></skipped></testcase>
      <testcase name="test_load_gear_success" assertions="4" status="pending" classname="test/suites/autoloads/test_inventory_manager.gd" time="0.026695" >
      <skipped message="pending"><![CDATA[InventoryManager is deprecated — use GearManager]]></skipped></testcase>
      <testcase name="test_load_gear_error" assertions="2" status="pending" classname="test/suites/autoloads/test_inventory_manager.gd" time="0.024948" >
      <skipped message="pending"><![CDATA[InventoryManager is deprecated — use GearManager]]></skipped></testcase>
      <testcase name="test_equip_gear_not_loaded" assertions="1" status="pending" classname="test/suites/autoloads/test_inventory_manager.gd" time="0.022516" >
      <skipped message="pending"><![CDATA[InventoryManager is deprecated — use GearManager]]></skipped></testcase>
      <testcase name="test_equip_gear_success" assertions="3" status="pending" classname="test/suites/autoloads/test_inventory_manager.gd" time="0.022889" >
      <skipped message="pending"><![CDATA[InventoryManager is deprecated — use GearManager]]></skipped></testcase>
      <testcase name="test_equip_gear_not_found" assertions="2" status="pending" classname="test/suites/autoloads/test_inventory_manager.gd" time="0.021769" >
      <skipped message="pending"><![CDATA[InventoryManager is deprecated — use GearManager]]></skipped></testcase>
      <testcase name="test_equip_gear_invalid_slot" assertions="2" status="pending" classname="test/suites/autoloads/test_inventory_manager.gd" time="0.024923" >
      <skipped message="pending"><![CDATA[InventoryManager is deprecated — use GearManager]]></skipped></testcase>
      <testcase name="test_unequip_gear_success" assertions="1" status="pending" classname="test/suites/autoloads/test_inventory_manager.gd" time="0.025428" >
      <skipped message="pending"><![CDATA[InventoryManager is deprecated — use GearManager]]></skipped></testcase>
      <testcase name="test_unequip_gear_already_empty" assertions="1" status="pending" classname="test/suites/autoloads/test_inventory_manager.gd" time="0.024794" >
      <skipped message="pending"><![CDATA[InventoryManager is deprecated — use GearManager]]></skipped></testcase>
      <testcase name="test_unequip_gear_invalid_slot" assertions="2" status="pending" classname="test/suites/autoloads/test_inventory_manager.gd" time="0.02445" >
      <skipped message="pending"><![CDATA[InventoryManager is deprecated — use GearManager]]></skipped></testcase>
      <testcase name="test_get_total_stats_empty" assertions="3" status="pending" classname="test/suites/autoloads/test_inventory_manager.gd" time="0.022609" >
      <skipped message="pending"><![CDATA[InventoryManager is deprecated — use GearManager]]></skipped></testcase>
      <testcase name="test_get_total_stats_with_equipped" assertions="1" status="pending" classname="test/suites/autoloads/test_inventory_manager.gd" time="0.026616" >
      <skipped message="pending"><![CDATA[InventoryManager is deprecated — use GearManager]]></skipped></testcase>
      <testcase name="test_get_gear_info_exists" assertions="1" status="pending" classname="test/suites/autoloads/test_inventory_manager.gd" time="0.022519" >
      <skipped message="pending"><![CDATA[InventoryManager is deprecated — use GearManager]]></skipped></testcase>
      <testcase name="test_get_gear_info_not_exists" assertions="1" status="pending" classname="test/suites/autoloads/test_inventory_manager.gd" time="0.021883" >
      <skipped message="pending"><![CDATA[InventoryManager is deprecated — use GearManager]]></skipped></testcase>
      <testcase name="test_get_equipped_gear_id" assertions="1" status="pending" classname="test/suites/autoloads/test_inventory_manager.gd" time="0.0241" >
      <skipped message="pending"><![CDATA[InventoryManager is deprecated — use GearManager]]></skipped></testcase>
      <testcase name="test_get_all_equipped_gear" assertions="1" status="pending" classname="test/suites/autoloads/test_inventory_manager.gd" time="0.023526" >
      <skipped message="pending"><![CDATA[InventoryManager is deprecated — use GearManager]]></skipped></testcase>
      <testcase name="test_get_inventory_size" assertions="1" status="pending" classname="test/suites/autoloads/test_inventory_manager.gd" time="0.02336" >
      <skipped message="pending"><![CDATA[InventoryManager is deprecated — use GearManager]]></skipped></testcase>
      <testcase name="test_is_gear_equipped" assertions="1" status="pending" classname="test/suites/autoloads/test_inventory_manager.gd" time="0.022604" >
      <skipped message="pending"><![CDATA[InventoryManager is deprecated — use GearManager]]></skipped></testcase>
      <testcase name="test_get_slot_name" assertions="6" status="pending" classname="test/suites/autoloads/test_inventory_manager.gd" time="0.023501" >
      <skipped message="pending"><![CDATA[InventoryManager is deprecated — use GearManager]]></skipped></testcase>
      <testcase name="test_gear_loaded_signal" assertions="1" status="pending" classname="test/suites/autoloads/test_inventory_manager.gd" time="0.023401" >
      <skipped message="pending"><![CDATA[InventoryManager is deprecated — use GearManager]]></skipped></testcase>
      <testcase name="test_gear_equipped_signal" assertions="2" status="pending" classname="test/suites/autoloads/test_inventory_manager.gd" time="0.024372" >
      <skipped message="pending"><![CDATA[InventoryManager is deprecated — use GearManager]]></skipped></testcase>
      <testcase name="test_stats_updated_signal" assertions="1" status="pending" classname="test/suites/autoloads/test_inventory_manager.gd" time="0.023148" >
      <skipped message="pending"><![CDATA[InventoryManager is deprecated — use GearManager]]></skipped></testcase>
  </testsuite>
  <testsuite name="test/suites/autoloads/test_matchmaking_manager.gd" tests="8" failures="0" skipped="0" time="0.003436" >
      <testcase name="test_matchmaking_manager_initializes" assertions="4" status="pass" classname="test/suites/autoloads/test_matchmaking_manager.gd" time="0.000764" >
      </testcase>
      <testcase name="test_signals_exist" assertions="3" status="pass" classname="test/suites/autoloads/test_matchmaking_manager.gd" time="0.00037" >
      </testcase>
      <testcase name="test_initial_state" assertions="4" status="pass" classname="test/suites/autoloads/test_matchmaking_manager.gd" time="0.000511" >
      </testcase>
      <testcase name="test_get_current_match" assertions="1" status="pass" classname="test/suites/autoloads/test_matchmaking_manager.gd" time="0.000417" >
      </testcase>
      <testcase name="test_get_match_info_empty" assertions="1" status="pass" classname="test/suites/autoloads/test_matchmaking_manager.gd" time="0.000365" >
      </testcase>
      <testcase name="test_get_available_match_count" assertions="1" status="pass" classname="test/suites/autoloads/test_matchmaking_manager.gd" time="0.000428" >
      </testcase>
      <testcase name="test_get_matches_by_type" assertions="1" status="pass" classname="test/suites/autoloads/test_matchmaking_manager.gd" time="0.000301" >
      </testcase>
      <testcase name="test_get_matches_by_rating" assertions="1" status="pass" classname="test/suites/autoloads/test_matchmaking_manager.gd" time="0.00028" >
      </testcase>
  </testsuite>
  <testsuite name="test/suites/autoloads/test_network_manager.gd" tests="30" failures="10" skipped="0" time="0.680891" >
      <testcase name="test_initial_state" assertions="5" status="fail" classname="test/suites/autoloads/test_network_manager.gd" time="0.025327" >
      <failure message="failed"><![CDATA[["test_save_token"] expected to equal [""]:  Session token should be empty on creation
            at line 33]]></failure></testcase>
      <testcase name="test_session_token_storage" assertions="5" status="pass" classname="test/suites/autoloads/test_network_manager.gd" time="0.022894" >
      </testcase>
      <testcase name="test_logout_clears_session" assertions="5" status="pass" classname="test/suites/autoloads/test_network_manager.gd" time="0.02347" >
      </testcase>
      <testcase name="test_get_auth_headers_empty_token" assertions="1" status="pass" classname="test/suites/autoloads/test_network_manager.gd" time="0.021544" >
      </testcase>
      <testcase name="test_get_auth_headers_with_token" assertions="2" status="pass" classname="test/suites/autoloads/test_network_manager.gd" time="0.023231" >
      </testcase>
      <testcase name="test_is_session_valid" assertions="4" status="pass" classname="test/suites/autoloads/test_network_manager.gd" time="0.022468" >
      </testcase>
      <testcase name="test_device_id_generation" assertions="2" status="pass" classname="test/suites/autoloads/test_network_manager.gd" time="0.021445" >
      </testcase>
      <testcase name="test_session_file_operations" assertions="5" status="pass" classname="test/suites/autoloads/test_network_manager.gd" time="0.023591" >
      </testcase>
      <testcase name="test_authenticate_device_offline" assertions="1" status="fail" classname="test/suites/autoloads/test_network_manager.gd" time="0.022975" >
      <failure message="failed"><![CDATA[Expected object @Node@285:<Node#852903335964>(NetworkManager.gd) to NOT emit signal [session_created]:  Should not emit session_created when offline
            at line 152]]></failure></testcase>
      <testcase name="test_signal_emission" assertions="5" status="pass" classname="test/suites/autoloads/test_network_manager.gd" time="0.023465" >
      </testcase>
      <testcase name="test_session_created_signal" assertions="2" status="pass" classname="test/suites/autoloads/test_network_manager.gd" time="0.023831" >
      </testcase>
      <testcase name="test_session_refreshed_signal" assertions="2" status="pass" classname="test/suites/autoloads/test_network_manager.gd" time="0.021757" >
      </testcase>
      <testcase name="test_connection_status_signals" assertions="4" status="pass" classname="test/suites/autoloads/test_network_manager.gd" time="0.024542" >
      </testcase>
      <testcase name="test_send_rpc_not_authenticated" assertions="4" status="pass" classname="test/suites/autoloads/test_network_manager.gd" time="0.021715" >
      </testcase>
      <testcase name="test_send_rpc_timeout" assertions="0" status="no asserts" classname="test/suites/autoloads/test_network_manager.gd" time="0.02231" >
      </testcase>
      <testcase name="test_send_rpc_auth_error" assertions="0" status="no asserts" classname="test/suites/autoloads/test_network_manager.gd" time="0.022046" >
      </testcase>
      <testcase name="test_send_rpc_async_fire_and_forget" assertions="2" status="fail" classname="test/suites/autoloads/test_network_manager.gd" time="0.02132" >
      <failure message="failed"><![CDATA[Unexpected Errors:
      [1] <engine-0>Condition "requesting" is true. Returning: ERR_BUSY
            at line -1]]></failure></testcase>
      <testcase name="test_reconnection_attempts" assertions="4" status="fail" classname="test/suites/autoloads/test_network_manager.gd" time="0.022085" >
      <failure message="failed"><![CDATA[[1] expected to equal [2]:  Should increment retry attempts on second call
            at line 265]]></failure></testcase>
      <testcase name="test_reconnection_max_attempts" assertions="2" status="fail" classname="test/suites/autoloads/test_network_manager.gd" time="0.022315" >
      <failure message="failed"><![CDATA[[1] expected to equal [3]:  Should not exceed MAX_RETRY_ATTEMPTS
            at line 276]]></failure></testcase>
      <testcase name="test_handle_connection_lost" assertions="4" status="pass" classname="test/suites/autoloads/test_network_manager.gd" time="0.021755" >
      </testcase>
      <testcase name="test_reconnection_exponential_backoff" assertions="2" status="pass" classname="test/suites/autoloads/test_network_manager.gd" time="0.022101" >
      </testcase>
      <testcase name="test_detect_environment_development" assertions="1" status="pass" classname="test/suites/autoloads/test_network_manager.gd" time="0.022232" >
      </testcase>
      <testcase name="test_environment_variable_loading" assertions="1" status="pass" classname="test/suites/autoloads/test_network_manager.gd" time="0.022903" >
      </testcase>
      <testcase name="test_get_environment" assertions="1" status="pass" classname="test/suites/autoloads/test_network_manager.gd" time="0.022582" >
      </testcase>
      <testcase name="test_get_environment_name" assertions="2" status="pass" classname="test/suites/autoloads/test_network_manager.gd" time="0.023188" >
      </testcase>
      <testcase name="test_is_production" assertions="2" status="pass" classname="test/suites/autoloads/test_network_manager.gd" time="0.022497" >
      </testcase>
      <testcase name="test_is_development" assertions="2" status="pass" classname="test/suites/autoloads/test_network_manager.gd" time="0.025639" >
      </testcase>
      <testcase name="test_is_staging" assertions="2" status="pass" classname="test/suites/autoloads/test_network_manager.gd" time="0.021464" >
      </testcase>
      <testcase name="test_base_url_construction" assertions="1" status="pass" classname="test/suites/autoloads/test_network_manager.gd" time="0.022218" >
      </testcase>
      <testcase name="test_validate_required_config" assertions="2" status="fail" classname="test/suites/autoloads/test_network_manager.gd" time="0.021981" >
      <failure message="failed"><![CDATA[Unexpected Errors:
      [1] <push_error>PRODUCTION SECURITY ERROR: Environment: PRODUCTION | Missing required config: NAKAMA_SERVER_URL, NAKAMA_SERVER_PORT, NAKAMA_SERVER_KEY (CRITICAL: Using default key in production is insecure!)
            at line -1]]></failure></testcase>
  </testsuite>
  <testsuite name="test/suites/autoloads/test_object_pool.gd" tests="2" failures="2" skipped="0" time="0.002837" >
      <testcase name="test_object_pool_initializes" assertions="1" status="pass" classname="test/suites/autoloads/test_object_pool.gd" time="0.001512" >
      </testcase>
      <testcase name="test_object_pool_has_acquire_release" assertions="2" status="fail" classname="test/suites/autoloads/test_object_pool.gd" time="0.001325" >
      <failure message="failed"><![CDATA[ObjectPool should have acquire method
            at line 13]]></failure></testcase>
  </testsuite>
  <testsuite name="test/suites/autoloads/test_safe_area_manager.gd" tests="6" failures="0" skipped="0" time="0.002917" >
      <testcase name="test_initial_safe_margins" assertions="4" status="pass" classname="test/suites/autoloads/test_safe_area_manager.gd" time="0.000523" >
      </testcase>
      <testcase name="test_safe_area_changed_signal" assertions="1" status="pass" classname="test/suites/autoloads/test_safe_area_manager.gd" time="0.000481" >
      </testcase>
      <testcase name="test_update_safe_area" assertions="4" status="pass" classname="test/suites/autoloads/test_safe_area_manager.gd" time="0.000407" >
      </testcase>
      <testcase name="test_on_screen_size_changed" assertions="1" status="pass" classname="test/suites/autoloads/test_safe_area_manager.gd" time="0.000439" >
      </testcase>
      <testcase name="test_apply_to_control" assertions="4" status="pass" classname="test/suites/autoloads/test_safe_area_manager.gd" time="0.000556" >
      </testcase>
      <testcase name="test_apply_to_control_zero_margins" assertions="4" status="pass" classname="test/suites/autoloads/test_safe_area_manager.gd" time="0.000511" >
      </testcase>
  </testsuite>
  <testsuite name="test/suites/autoloads/test_season_manager_coverage.gd" tests="10" failures="22" skipped="0" time="0.466241" >
      <testcase name="test_get_season_info_tracks_coverage" assertions="4" status="fail" classname="test/suites/autoloads/test_season_manager_coverage.gd" time="0.04434" >
      <failure message="failed"><![CDATA[Expected object @Node@434:<Node#1005609555832>(SeasonManager.gd) to have emitted signal [season_info_loaded]:   (Signals emitted: [])
            at line 51]]></failure></testcase>
      <testcase name="test_get_leaderboard_tracks_coverage" assertions="3" status="fail" classname="test/suites/autoloads/test_season_manager_coverage.gd" time="0.042684" >
      <failure message="failed"><![CDATA[Expected object @Node@435:<Node#1016984508281>(SeasonManager.gd) to have emitted signal [leaderboard_loaded]:   (Signals emitted: [])
            at line 73]]></failure></testcase>
      <testcase name="test_update_rank_tracks_coverage" assertions="2" status="fail" classname="test/suites/autoloads/test_season_manager_coverage.gd" time="0.061649" >
      <failure message="failed"><![CDATA[Expected object @Node@436:<Node#1028309129690>(SeasonManager.gd) to have emitted signal [rank_updated]:   (Signals emitted: [])
            at line 99]]></failure></testcase>
      <testcase name="test_get_season_rewards_tracks_coverage" assertions="3" status="fail" classname="test/suites/autoloads/test_season_manager_coverage.gd" time="0.042149" >
      <failure message="failed"><![CDATA[Expected object @Node@437:<Node#1045052791212>(SeasonManager.gd) to have emitted signal [rewards_loaded]:   (Signals emitted: [])
            at line 118]]></failure></testcase>
      <testcase name="test_claim_season_rewards_tracks_coverage" assertions="3" status="fail" classname="test/suites/autoloads/test_season_manager_coverage.gd" time="0.060645" >
      <failure message="failed"><![CDATA[Expected object @Node@438:<Node#1056377411533>(SeasonManager.gd) to have emitted signal [rewards_claimed_signal]:   (Signals emitted: [])
            at line 146]]></failure></testcase>
      <testcase name="test_network_error_handling_tracks_coverage" assertions="3" status="fail" classname="test/suites/autoloads/test_season_manager_coverage.gd" time="0.041726" >
      <failure message="failed"><![CDATA[Unexpected Errors:
      [1] <GUT>You cannot stub [send_rpc] because the method does not exist.  This can happen if the method is virtual and not overloaded (i.e. _ready) or you have mistyped the name of the method.
      [2] <engine-2>Invalid call. Nonexistent function 'send_rpc' in base 'Node (gut_dynamic_script_149.gd)'.
            at line -1]]></failure></testcase>
      <testcase name="test_disconnected_state_tracks_coverage" assertions="3" status="fail" classname="test/suites/autoloads/test_season_manager_coverage.gd" time="0.04319" >
      <failure message="failed"><![CDATA[Unexpected Errors:
      [1] <engine-2>Invalid call. Nonexistent function 'send_rpc' in base 'Node (gut_dynamic_script_151.gd)'.
            at line -1]]></failure></testcase>
      <testcase name="test_analytics_tracking_tracks_coverage" assertions="2" status="fail" classname="test/suites/autoloads/test_season_manager_coverage.gd" time="0.04481" >
      <failure message="failed"><![CDATA[Expected object @Node@441:<Node#1095669651441>(SeasonManager.gd) to have emitted signal [season_info_loaded]:   (Signals emitted: [])
            at line 202]]></failure></testcase>
      <testcase name="test_leaderboard_limit_parameter_tracks_coverage" assertions="2" status="fail" classname="test/suites/autoloads/test_season_manager_coverage.gd" time="0.043862" >
      <failure message="failed"><![CDATA[Expected object @Node@442:<Node#1106943941360>(SeasonManager.gd) to have emitted signal [leaderboard_loaded]:   (Signals emitted: [])
            at line 219]]></failure></testcase>
      <testcase name="test_update_rank_validation_tracks_coverage" assertions="2" status="fail" classname="test/suites/autoloads/test_season_manager_coverage.gd" time="0.041186" >
      <failure message="failed"><![CDATA[Unexpected Errors:
      [1] <push_error>Winner and loser IDs required
            at line -1]]></failure></testcase>
  </testsuite>
  <testsuite name="test/suites/autoloads/test_shooting_manager.gd" tests="13" failures="6" skipped="0" time="0.007179" >
      <testcase name="test_shooting_manager_initializes" assertions="4" status="pass" classname="test/suites/autoloads/test_shooting_manager.gd" time="0.000906" >
      </testcase>
      <testcase name="test_shooting_mode_enum" assertions="2" status="pass" classname="test/suites/autoloads/test_shooting_manager.gd" time="0.000567" >
      </testcase>
      <testcase name="test_get_shooting_mode" assertions="1" status="fail" classname="test/suites/autoloads/test_shooting_manager.gd" time="0.000539" >
      <failure message="failed"><![CDATA[[1] expected to equal [0]:  Default mode should be MANUAL
            at line 30]]></failure></testcase>
      <testcase name="test_set_shooting_mode" assertions="1" status="pass" classname="test/suites/autoloads/test_shooting_manager.gd" time="0.000464" >
      </testcase>
      <testcase name="test_toggle_shooting_mode" assertions="3" status="fail" classname="test/suites/autoloads/test_shooting_manager.gd" time="0.00093" >
      <failure message="failed"><![CDATA[[1] expected to equal [0]:  
            at line 42]]></failure></testcase>
      <testcase name="test_get_max_ammo" assertions="1" status="pass" classname="test/suites/autoloads/test_shooting_manager.gd" time="0.000442" >
      </testcase>
      <testcase name="test_add_ammo" assertions="1" status="fail" classname="test/suites/autoloads/test_shooting_manager.gd" time="0.000495" >
      <failure message="failed"><![CDATA[Ammo should increase after add
            at line 59]]></failure></testcase>
      <testcase name="test_add_ammo_caps_at_max" assertions="1" status="pass" classname="test/suites/autoloads/test_shooting_manager.gd" time="0.000459" >
      </testcase>
      <testcase name="test_reload" assertions="1" status="fail" classname="test/suites/autoloads/test_shooting_manager.gd" time="0.000494" >
      <failure message="failed"><![CDATA[Should be reloading after reload()
            at line 71]]></failure></testcase>
      <testcase name="test_reload_progress" assertions="1" status="pass" classname="test/suites/autoloads/test_shooting_manager.gd" time="0.000454" >
      </testcase>
      <testcase name="test_cooldown_progress_ready" assertions="1" status="pass" classname="test/suites/autoloads/test_shooting_manager.gd" time="0.000468" >
      </testcase>
      <testcase name="test_handle_auto_shoot_updates_cooldown" assertions="1" status="pass" classname="test/suites/autoloads/test_shooting_manager.gd" time="0.00043" >
      </testcase>
      <testcase name="test_signals_exist" assertions="3" status="pass" classname="test/suites/autoloads/test_shooting_manager.gd" time="0.000531" >
      </testcase>
  </testsuite>
  <testsuite name="test/suites/autoloads/test_theme_manager.gd" tests="7" failures="7" skipped="0" time="0.004006" >
      <testcase name="test_fresh_instance_per_test" assertions="1" status="fail" classname="test/suites/autoloads/test_theme_manager.gd" time="0.000531" >
      <failure message="failed"><![CDATA[Unexpected Errors:
      [1] <engine-2>Invalid call. Nonexistent function 'get_theme_name' in base 'Node (ThemeManager.gd)'.
            at line -1]]></failure></testcase>
      <testcase name="test_multiple_instances_have_independent_state" assertions="1" status="fail" classname="test/suites/autoloads/test_theme_manager.gd" time="0.000672" >
      <failure message="failed"><![CDATA[Unexpected Errors:
      [1] <engine-2>Invalid call. Nonexistent function 'set_theme' in base 'Node (ThemeManager.gd)'.
            at line -1]]></failure></testcase>
      <testcase name="test_set_theme_emits_signal_with_parameters" assertions="1" status="fail" classname="test/suites/autoloads/test_theme_manager.gd" time="0.000687" >
      <failure message="failed"><![CDATA[Unexpected Errors:
      [1] <engine-2>Invalid call. Nonexistent function 'set_theme' in base 'Node (ThemeManager.gd)'.
            at line -1]]></failure></testcase>
      <testcase name="test_async_theme_change" assertions="1" status="fail" classname="test/suites/autoloads/test_theme_manager.gd" time="0.000643" >
      <failure message="failed"><![CDATA[Unexpected Errors:
      [1] <engine-2>Invalid call. Nonexistent function 'set_theme' in base 'Node (ThemeManager.gd)'.
            at line -1]]></failure></testcase>
      <testcase name="test_config_file_injection" assertions="1" status="fail" classname="test/suites/autoloads/test_theme_manager.gd" time="0.000483" >
      <failure message="failed"><![CDATA[Unexpected Errors:
      [1] <engine-2>Invalid call. Nonexistent function 'set_theme' in base 'Node (ThemeManager.gd)'.
            at line -1]]></failure></testcase>
      <testcase name="test_set_theme_with_invalid_name_defaults_to_gilded" assertions="1" status="fail" classname="test/suites/autoloads/test_theme_manager.gd" time="0.000486" >
      <failure message="failed"><![CDATA[Unexpected Errors:
      [1] <engine-2>Invalid call. Nonexistent function 'set_theme' in base 'Node (ThemeManager.gd)'.
            at line -1]]></failure></testcase>
[...]
      </testcase>
      <testcase name="test_accept_match_success" assertions="3" status="pass" classname="test/suites/network/test_matchmaker_manager.gd" time="0.000984" >
      </testcase>
      <testcase name="test_get_player_rank_success" assertions="2" status="pass" classname="test/suites/network/test_matchmaker_manager.gd" time="0.000865" >
      </testcase>
      <testcase name="test_complete_match_win" assertions="5" status="fail" classname="test/suites/network/test_matchmaker_manager.gd" time="0.001298" >
      <failure message="failed"><![CDATA[[0] expected to equal [1100]:  
            at line 148]]></failure></testcase>
      <testcase name="test_complete_match_loss" assertions="4" status="fail" classname="test/suites/network/test_matchmaker_manager.gd" time="0.001173" >
      <failure message="failed"><![CDATA[[0] expected to equal [950]:  
            at line 170]]></failure></testcase>
      <testcase name="test_utilities" assertions="5" status="pass" classname="test/suites/network/test_matchmaker_manager.gd" time="0.000633" >
      </testcase>
      <testcase name="test_punch_up_stats_calc" assertions="5" status="pass" classname="test/suites/network/test_matchmaker_manager.gd" time="0.000676" >
      </testcase>
      <testcase name="test_error_cases" assertions="5" status="fail" classname="test/suites/network/test_matchmaker_manager.gd" time="0.001151" >
      <failure message="failed"><![CDATA[Unexpected Errors:
      [1] <push_error>Invalid match type
      [2] <push_error>Match ID required
      [3] <push_error>No active match to complete
      [4] <push_error>Winner and loser must be different
            at line -1]]></failure></testcase>
      <testcase name="test_no_network" assertions="2" status="fail" classname="test/suites/network/test_matchmaker_manager.gd" time="0.000796" >
      <failure message="failed"><![CDATA[Unexpected Errors:
      [1] <push_error>Not connected to server
      [2] <push_error>Not connected to server
      [3] <push_error>Not connected to server
      [4] <push_error>Not connected to server
      [5] <push_error>Not connected to server
            at line -1]]></failure></testcase>
  </testsuite>
  <testsuite name="test/suites/performance/test_60fps_gameplay_loops.gd" tests="4" failures="6" skipped="0" time="10.028806" >
      <testcase name="test_core_gameplay_60_fps" assertions="1" status="fail" classname="test/suites/performance/test_60fps_gameplay_loops.gd" time="0.000517" >
      <failure message="failed"><![CDATA[Unexpected Errors:
      [1] <engine-2>Invalid call. Nonexistent function 'new' in base 'Node (GameManager.gd)'.
            at line -1]]></failure></testcase>
      <testcase name="test_combat_calculations_performance" assertions="1" status="fail" classname="test/suites/performance/test_60fps_gameplay_loops.gd" time="0.000508" >
      <failure message="failed"><![CDATA[Unexpected Errors:
      [1] <engine-2>Invalid call. Nonexistent function 'new' in base 'Node (CombatManager.gd)'.
            at line -1]]></failure></testcase>
      <testcase name="test_ui_rendering_performance" assertions="3" status="fail" classname="test/suites/performance/test_60fps_gameplay_loops.gd" time="10.027365" >
      <failure message="failed"><![CDATA[[24.2] expected to be > than [55.0]:  Average FPS should be >= 55 during UI rendering
            at line 202]]></failure></testcase>
      <testcase name="test_multiple_enemies_performance" assertions="1" status="fail" classname="test/suites/performance/test_60fps_gameplay_loops.gd" time="0.000416" >
      <failure message="failed"><![CDATA[Unexpected Errors:
      [1] <engine-2>Invalid call. Nonexistent function 'new' in base 'Node (GameManager.gd)'.
            at line -1]]></failure></testcase>
  </testsuite>
  <testsuite name="test/suites/player/test_player_stats_manager.gd" tests="32" failures="32" skipped="0" time="0.015788" >
      <testcase name="test_initial_state" assertions="1" status="fail" classname="test/suites/player/test_player_stats_manager.gd" time="0.000491" >
      <failure message="failed"><![CDATA[Unexpected Errors:
      [1] <engine-2>Invalid access to property or key 'player_stats' on a base object of type 'Nil'.
            at line -1]]></failure></testcase>
      <testcase name="test_rpc_constants" assertions="1" status="fail" classname="test/suites/player/test_player_stats_manager.gd" time="0.000371" >
      <failure message="failed"><![CDATA[Unexpected Errors:
      [1] <engine-2>Invalid access to property or key 'RPC_GAIN_XP' on a base object of type 'Nil'.
            at line -1]]></failure></testcase>
      <testcase name="test_get_level_default" assertions="1" status="fail" classname="test/suites/player/test_player_stats_manager.gd" time="0.000397" >
      <failure message="failed"><![CDATA[Unexpected Errors:
      [1] <engine-2>Invalid call. Nonexistent function 'get_level' in base 'Nil'.
            at line -1]]></failure></testcase>
      <testcase name="test_get_level_with_stats" assertions="1" status="fail" classname="test/suites/player/test_player_stats_manager.gd" time="0.000344" >
      <failure message="failed"><![CDATA[Unexpected Errors:
      [1] <engine-2>Invalid assignment of property or key 'player_stats' with value of type 'Dictionary' on a base object of type 'Nil'.
            at line -1]]></failure></testcase>
      <testcase name="test_get_xp_default" assertions="1" status="fail" classname="test/suites/player/test_player_stats_manager.gd" time="0.000331" >
      <failure message="failed"><![CDATA[Unexpected Errors:
      [1] <engine-2>Invalid call. Nonexistent function 'get_xp' in base 'Nil'.
            at line -1]]></failure></testcase>
      <testcase name="test_get_xp_with_stats" assertions="1" status="fail" classname="test/suites/player/test_player_stats_manager.gd" time="0.000365" >
      <failure message="failed"><![CDATA[Unexpected Errors:
      [1] <engine-2>Invalid assignment of property or key 'player_stats' with value of type 'Dictionary' on a base object of type 'Nil'.
            at line -1]]></failure></testcase>
      <testcase name="test_get_ability_points_default" assertions="1" status="fail" classname="test/suites/player/test_player_stats_manager.gd" time="0.000337" >
      <failure message="failed"><![CDATA[Unexpected Errors:
      [1] <engine-2>Invalid call. Nonexistent function 'get_ability_points' in base 'Nil'.
            at line -1]]></failure></testcase>
      <testcase name="test_get_ability_points_with_stats" assertions="1" status="fail" classname="test/suites/player/test_player_stats_manager.gd" time="0.000329" >
      <failure message="failed"><![CDATA[Unexpected Errors:
      [1] <engine-2>Invalid assignment of property or key 'player_stats' with value of type 'Dictionary' on a base object of type 'Nil'.
            at line -1]]></failure></testcase>
      <testcase name="test_get_stat_default" assertions="1" status="fail" classname="test/suites/player/test_player_stats_manager.gd" time="0.000394" >
      <failure message="failed"><![CDATA[Unexpected Errors:
      [1] <engine-2>Invalid call. Nonexistent function 'get_stat' in base 'Nil'.
            at line -1]]></failure></testcase>
      <testcase name="test_get_stat_with_stats" assertions="1" status="fail" classname="test/suites/player/test_player_stats_manager.gd" time="0.000559" >
      <failure message="failed"><![CDATA[Unexpected Errors:
      [1] <engine-2>Invalid assignment of property or key 'player_stats' with value of type 'Dictionary' on a base object of type 'Nil'.
            at line -1]]></failure></testcase>
      <testcase name="test_get_attack_default" assertions="1" status="fail" classname="test/suites/player/test_player_stats_manager.gd" time="0.000587" >
      <failure message="failed"><![CDATA[Unexpected Errors:
      [1] <engine-2>Invalid call. Nonexistent function 'get_attack' in base 'Nil'.
            at line -1]]></failure></testcase>
      <testcase name="test_get_attack_with_stats" assertions="1" status="fail" classname="test/suites/player/test_player_stats_manager.gd" time="0.000537" >
      <failure message="failed"><![CDATA[Unexpected Errors:
      [1] <engine-2>Invalid assignment of property or key 'player_stats' with value of type 'Dictionary' on a base object of type 'Nil'.
            at line -1]]></failure></testcase>
      <testcase name="test_get_defense_default" assertions="1" status="fail" classname="test/suites/player/test_player_stats_manager.gd" time="0.000486" >
      <failure message="failed"><![CDATA[Unexpected Errors:
      [1] <engine-2>Invalid call. Nonexistent function 'get_defense' in base 'Nil'.
            at line -1]]></failure></testcase>
      <testcase name="test_get_defense_with_stats" assertions="1" status="fail" classname="test/suites/player/test_player_stats_manager.gd" time="0.000553" >
      <failure message="failed"><![CDATA[Unexpected Errors:
      [1] <engine-2>Invalid assignment of property or key 'player_stats' with value of type 'Dictionary' on a base object of type 'Nil'.
            at line -1]]></failure></testcase>
      <testcase name="test_get_dodge_default" assertions="1" status="fail" classname="test/suites/player/test_player_stats_manager.gd" time="0.000556" >
      <failure message="failed"><![CDATA[Unexpected Errors:
      [1] <engine-2>Invalid call. Nonexistent function 'get_dodge' in base 'Nil'.
            at line -1]]></failure></testcase>
      <testcase name="test_get_dodge_with_stats" assertions="1" status="fail" classname="test/suites/player/test_player_stats_manager.gd" time="0.000558" >
      <failure message="failed"><![CDATA[Unexpected Errors:
      [1] <engine-2>Invalid assignment of property or key 'player_stats' with value of type 'Dictionary' on a base object of type 'Nil'.
            at line -1]]></failure></testcase>
      <testcase name="test_get_crit_rate_default" assertions="1" status="fail" classname="test/suites/player/test_player_stats_manager.gd" time="0.000546" >
      <failure message="failed"><![CDATA[Unexpected Errors:
      [1] <engine-2>Invalid call. Nonexistent function 'get_crit_rate' in base 'Nil'.
            at line -1]]></failure></testcase>
      <testcase name="test_get_crit_rate_with_stats" assertions="1" status="fail" classname="test/suites/player/test_player_stats_manager.gd" time="0.000576" >
      <failure message="failed"><![CDATA[Unexpected Errors:
      [1] <engine-2>Invalid assignment of property or key 'player_stats' with value of type 'Dictionary' on a base object of type 'Nil'.
            at line -1]]></failure></testcase>
      <testcase name="test_gain_xp_invalid_amount" assertions="1" status="fail" classname="test/suites/player/test_player_stats_manager.gd" time="0.000741" >
      <failure message="failed"><![CDATA[Unexpected Errors:
      [1] <engine-2>Invalid assignment of property or key 'network_manager' with value of type 'Node (MockNetwork)' on a base object of type 'Nil'.
            at line -1]]></failure></testcase>
      <testcase name="test_gain_xp_no_network" assertions="1" status="fail" classname="test/suites/player/test_player_stats_manager.gd" time="0.000566" >
      <failure message="failed"><![CDATA[Unexpected Errors:
      [1] <engine-2>Invalid assignment of property or key 'network_manager' with value of type 'Nil' on a base object of type 'Nil'.
            at line -1]]></failure></testcase>
      <testcase name="test_allocate_stat_invalid_points" assertions="1" status="fail" classname="test/suites/player/test_player_stats_manager.gd" time="0.00076" >
      <failure message="failed"><![CDATA[Unexpected Errors:
      [1] <engine-2>Invalid assignment of property or key 'network_manager' with value of type 'Node (MockNetwork)' on a base object of type 'Nil'.
            at line -1]]></failure></testcase>
      <testcase name="test_allocate_stat_no_network" assertions="1" status="fail" classname="test/suites/player/test_player_stats_manager.gd" time="0.000531" >
      <failure message="failed"><![CDATA[Unexpected Errors:
      [1] <engine-2>Invalid assignment of property or key 'network_manager' with value of type 'Nil' on a base object of type 'Nil'.
            at line -1]]></failure></testcase>
      <testcase name="test_get_player_stats_no_network" assertions="1" status="fail" classname="test/suites/player/test_player_stats_manager.gd" time="0.000404" >
      <failure message="failed"><![CDATA[Unexpected Errors:
      [1] <engine-2>Invalid assignment of property or key 'network_manager' with value of type 'Nil' on a base object of type 'Nil'.
            at line -1]]></failure></testcase>
      <testcase name="test_stats_updated_signal" assertions="1" status="fail" classname="test/suites/player/test_player_stats_manager.gd" time="0.000423" >
      <failure message="failed"><![CDATA[Unexpected Errors:
      [1] <engine-2>Invalid call. Nonexistent function 'get_signal_list' in base 'Nil'.
      [2] <engine-2>Invalid assignment of property or key 'player_stats' with value of type 'Dictionary' on a base object of type 'Nil'.
            at line -1]]></failure></testcase>
      <testcase name="test_xp_gained_signal" assertions="1" status="fail" classname="test/suites/player/test_player_stats_manager.gd" time="0.000528" >
      <failure message="failed"><![CDATA[Unexpected Errors:
      [1] <engine-2>Invalid assignment of property or key 'network_manager' with value of type 'Node (MockNetwork)' on a base object of type 'Nil'.
            at line -1]]></failure></testcase>
      <testcase name="test_level_up_signal" assertions="1" status="fail" classname="test/suites/player/test_player_stats_manager.gd" time="0.000552" >
      <failure message="failed"><![CDATA[Unexpected Errors:
      [1] <engine-2>Invalid assignment of property or key 'network_manager' with value of type 'Node (MockNetwork)' on a base object of type 'Nil'.
            at line -1]]></failure></testcase>
      <testcase name="test_stat_allocated_signal" assertions="1" status="fail" classname="test/suites/player/test_player_stats_manager.gd" time="0.000685" >
      <failure message="failed"><![CDATA[Unexpected Errors:
      [1] <engine-2>Invalid assignment of property or key 'network_manager' with value of type 'Node (MockNetwork)' on a base object of type 'Nil'.
            at line -1]]></failure></testcase>
      <testcase name="test_is_initialized_default" assertions="1" status="fail" classname="test/suites/player/test_player_stats_manager.gd" time="0.000373" >
      <failure message="failed"><![CDATA[Unexpected Errors:
      [1] <engine-2>Invalid access to property or key 'is_initialized' on a base object of type 'Nil'.
            at line -1]]></failure></testcase>
      <testcase name="test_get_player_stats_success" assertions="1" status="fail" classname="test/suites/player/test_player_stats_manager.gd" time="0.000505" >
      <failure message="failed"><![CDATA[Unexpected Errors:
      [1] <engine-2>Invalid assignment of property or key 'network_manager' with value of type 'Node (MockNetwork)' on a base object of type 'Nil'.
            at line -1]]></failure></testcase>
      <testcase name="test_get_player_stats_error" assertions="1" status="fail" classname="test/suites/player/test_player_stats_manager.gd" time="0.000456" >
      <failure message="failed"><![CDATA[Unexpected Errors:
      [1] <engine-2>Invalid assignment of property or key 'network_manager' with value of type 'Node (MockNetwork)' on a base object of type 'Nil'.
            at line -1]]></failure></testcase>
      <testcase name="test_gain_xp_error" assertions="1" status="fail" classname="test/suites/player/test_player_stats_manager.gd" time="0.000473" >
      <failure message="failed"><![CDATA[Unexpected Errors:
      [1] <engine-2>Invalid assignment of property or key 'network_manager' with value of type 'Node (MockNetwork)' on a base object of type 'Nil'.
            at line -1]]></failure></testcase>
      <testcase name="test_allocate_stat_error" assertions="1" status="fail" classname="test/suites/player/test_player_stats_manager.gd" time="0.000474" >
      <failure message="failed"><![CDATA[Unexpected Errors:
      [1] <engine-2>Invalid assignment of property or key 'network_manager' with value of type 'Node (MockNetwork)' on a base object of type 'Nil'.
            at line -1]]></failure></testcase>
  </testsuite>
  <testsuite name="test/suites/signals/test_signal_patterns.gd" tests="3" failures="0" skipped="0" time="0.348996" >
      <testcase name="test_watch_signals_basic" assertions="0" status="no asserts" classname="test/suites/signals/test_signal_patterns.gd" time="0.082319" >
      </testcase>
      <testcase name="test_wait_for_signal_async" assertions="0" status="no asserts" classname="test/suites/signals/test_signal_patterns.gd" time="0.133208" >
      </testcase>
      <testcase name="test_signal_emission_with_parameters" assertions="0" status="no asserts" classname="test/suites/signals/test_signal_patterns.gd" time="0.133469" >
      </testcase>
  </testsuite>
  <testsuite name="test/suites/visual/test_theme_consistency.gd" tests="6" failures="1" skipped="1" time="0.003097" >
      <testcase name="test_theme_switching_layout_invariance" assertions="1" status="pending" classname="test/suites/visual/test_theme_consistency.gd" time="0.000694" >
      <skipped message="pending"><![CDATA[Main menu scene not found]]></skipped></testcase>
      <testcase name="test_color_contrast_accessibility" assertions="3" status="pass" classname="test/suites/visual/test_theme_consistency.gd" time="0.000393" >
      </testcase>
      <testcase name="test_button_contrast_accessibility" assertions="2" status="pass" classname="test/suites/visual/test_theme_consistency.gd" time="0.000361" >
      </testcase>
      <testcase name="test_design_token_usage" assertions="14" status="pass" classname="test/suites/visual/test_theme_consistency.gd" time="0.000816" >
      </testcase>
      <testcase name="test_design_token_theme_switching" assertions="2" status="pass" classname="test/suites/visual/test_theme_consistency.gd" time="0.00026" >
      </testcase>
      <testcase name="test_design_token_consistency" assertions="8" status="pass" classname="test/suites/visual/test_theme_consistency.gd" time="0.000573" >
      </testcase>
  </testsuite>
  <testsuite name="test/suites/visual/test_visual_regression.gd" tests="5" failures="0" skipped="5" time="0.001079" >
      <testcase name="test_base_button_visual_regression" assertions="0" status="pending" classname="test/suites/visual/test_visual_regression.gd" time="0.000219" >
      <skipped message="pending"><![CDATA[Base button scene not found - component needs to be created]]></skipped></testcase>
      <testcase name="test_base_panel_visual_regression" assertions="0" status="pending" classname="test/suites/visual/test_visual_regression.gd" time="0.000204" >
      <skipped message="pending"><![CDATA[Base panel scene not found - component needs to be created]]></skipped></testcase>
      <testcase name="test_base_progress_bar_visual_regression" assertions="0" status="pending" classname="test/suites/visual/test_visual_regression.gd" time="0.000212" >
      <skipped message="pending"><![CDATA[Base progress bar scene not found - component needs to be created]]></skipped></testcase>
      <testcase name="test_theme_toggle_visual_regression" assertions="0" status="pending" classname="test/suites/visual/test_visual_regression.gd" time="0.000205" >
      <skipped message="pending"><![CDATA[Theme toggle scene not found - component needs to be created]]></skipped></testcase>
      <testcase name="test_base_label_visual_regression" assertions="1" status="pending" classname="test/suites/visual/test_visual_regression.gd" time="0.000239" >
      <skipped message="pending"><![CDATA[Base label scene not found - component needs to be created]]></skipped></testcase>
  </testsuite>
</testsuites>