{"/var/tmp/vibe-kanban/worktrees/b9bb-armored-archer-a/armored-archer/backend/data/modules/config.js": {"path":"/var/tmp/vibe-kanban/worktrees/b9bb-armored-archer-a/armored-archer/backend/data/modules/config.js","statementMap":{"0":{"start":{"line":2,"column":0},"end":{"line":2,"column":62}},"1":{"start":{"line":3,"column":0},"end":{"line":3,"column":105}},"2":{"start":{"line":4,"column":14},"end":{"line":4,"column":30}},"3":{"start":{"line":5,"column":14},"end":{"line":5,"column":39}},"4":{"start":{"line":6,"column":0},"end":{"line":6,"column":134}},"5":{"start":{"line":6,"column":80},"end":{"line":6,"column":128}},"6":{"start":{"line":7,"column":0},"end":{"line":7,"column":140}},"7":{"start":{"line":7,"column":96},"end":{"line":7,"column":134}},"8":{"start":{"line":8,"column":0},"end":{"line":8,"column":116}},"9":{"start":{"line":8,"column":84},"end":{"line":8,"column":110}},"10":{"start":{"line":9,"column":0},"end":{"line":9,"column":128}},"11":{"start":{"line":9,"column":90},"end":{"line":9,"column":122}}},"fnMap":{"0":{"name":"(anonymous_0)","decl":{"start":{"line":6,"column":66},"end":{"line":6,"column":67}},"loc":{"start":{"line":6,"column":78},"end":{"line":6,"column":130}},"line":6},"1":{"name":"(anonymous_1)","decl":{"start":{"line":7,"column":82},"end":{"line":7,"column":83}},"loc":{"start":{"line":7,"column":94},"end":{"line":7,"column":136}},"line":7},"2":{"name":"(anonymous_2)","decl":{"start":{"line":8,"column":70},"end":{"line":8,"column":71}},"loc":{"start":{"line":8,"column":82},"end":{"line":8,"column":112}},"line":8},"3":{"name":"(anonymous_3)","decl":{"start":{"line":9,"column":76},"end":{"line":9,"column":77}},"loc":{"start":{"line":9,"column":88},"end":{"line":9,"column":124}},"line":9}},"branchMap":{},"s":{"0":1,"1":1,"2":1,"3":1,"4":1,"5":8,"6":1,"7":0,"8":1,"9":0,"10":1,"11":0},"f":{"0":8,"1":0,"2":0,"3":0},"b":{},"_coverageSchema":"1a1c01bbd47fc00a2c39e90264f33305004495a9","hash":"bfe1096be6a98e8d2fd67a34fd0678f62d180574"}
,"/var/tmp/vibe-kanban/worktrees/b9bb-armored-archer-a/armored-archer/backend/data/modules/config/errorTracking.js": {"path":"/var/tmp/vibe-kanban/worktrees/b9bb-armored-archer-a/armored-archer/backend/data/modules/config/errorTracking.js","statementMap":{"0":{"start":{"line":2,"column":0},"end":{"line":2,"column":62}},"1":{"start":{"line":3,"column":0},"end":{"line":3,"column":37}},"2":{"start":{"line":4,"column":0},"end":{"line":4,"column":44}},"3":{"start":{"line":5,"column":0},"end":{"line":5,"column":46}},"4":{"start":{"line":6,"column":0},"end":{"line":6,"column":50}},"5":{"start":{"line":7,"column":0},"end":{"line":7,"column":36}},"6":{"start":{"line":8,"column":0},"end":{"line":8,"column":46}},"7":{"start":{"line":9,"column":0},"end":{"line":9,"column":44}},"8":{"start":{"line":10,"column":0},"end":{"line":10,"column":40}},"9":{"start":{"line":11,"column":0},"end":{"line":11,"column":42}},"10":{"start":{"line":12,"column":0},"end":{"line":12,"column":50}},"11":{"start":{"line":13,"column":0},"end":{"line":13,"column":46}},"12":{"start":{"line":14,"column":0},"end":{"line":14,"column":52}},"13":{"start":{"line":15,"column":0},"end":{"line":15,"column":46}},"14":{"start":{"line":16,"column":14},"end":{"line":16,"column":30}},"15":{"start":{"line":17,"column":13},"end":{"line":17,"column":58}},"16":{"start":{"line":18,"column":15},"end":{"line":18,"column":35}},"17":{"start":{"line":19,"column":15},"end":{"line":19,"column":34}},"18":{"start":{"line":20,"column":0},"end":{"line":27,"column":2}},"19":{"start":{"line":29,"column":4},"end":{"line":32,"column":5}},"20":{"start":{"line":30,"column":8},"end":{"line":30,"column":87}},"21":{"start":{"line":31,"column":8},"end":{"line":31,"column":15}},"22":{"start":{"line":33,"column":4},"end":{"line":51,"column":7}},"23":{"start":{"line":39,"column":12},"end":{"line":41,"column":13}},"24":{"start":{"line":40,"column":16},"end":{"line":40,"column":50}},"25":{"start":{"line":43,"column":12},"end":{"line":45,"column":13}},"26":{"start":{"line":44,"column":16},"end":{"line":44,"column":32}},"27":{"start":{"line":46,"column":12},"end":{"line":46,"column":77}},"28":{"start":{"line":47,"column":12},"end":{"line":47,"column":25}},"29":{"start":{"line":52,"column":4},"end":{"line":52,"column":115}},"30":{"start":{"line":61,"column":4},"end":{"line":63,"column":5}},"31":{"start":{"line":62,"column":8},"end":{"line":62,"column":15}},"32":{"start":{"line":64,"column":4},"end":{"line":73,"column":7}},"33":{"start":{"line":75,"column":4},"end":{"line":79,"column":7}},"34":{"start":{"line":88,"column":4},"end":{"line":90,"column":5}},"35":{"start":{"line":89,"column":8},"end":{"line":89,"column":15}},"36":{"start":{"line":91,"column":4},"end":{"line":107,"column":7}},"37":{"start":{"line":114,"column":4},"end":{"line":116,"column":5}},"38":{"start":{"line":115,"column":8},"end":{"line":115,"column":15}},"39":{"start":{"line":117,"column":4},"end":{"line":117,"column":37}},"40":{"start":{"line":118,"column":4},"end":{"line":118,"column":39}},"41":{"start":{"line":119,"column":4},"end":{"line":119,"column":37}},"42":{"start":{"line":120,"column":4},"end":{"line":120,"column":25}},"43":{"start":{"line":128,"column":4},"end":{"line":130,"column":5}},"44":{"start":{"line":129,"column":8},"end":{"line":129,"column":15}},"45":{"start":{"line":131,"column":4},"end":{"line":137,"column":7}},"46":{"start":{"line":147,"column":4},"end":{"line":147,"column":45}},"47":{"start":{"line":147,"column":30},"end":{"line":147,"column":43}},"48":{"start":{"line":148,"column":4},"end":{"line":150,"column":5}},"49":{"start":{"line":149,"column":8},"end":{"line":149,"column":15}},"50":{"start":{"line":151,"column":15},"end":{"line":151,"column":17}},"51":{"start":{"line":152,"column":4},"end":{"line":154,"column":5}},"52":{"start":{"line":153,"column":8},"end":{"line":153,"column":37}},"53":{"start":{"line":155,"column":4},"end":{"line":157,"column":5}},"54":{"start":{"line":156,"column":8},"end":{"line":156,"column":31}},"55":{"start":{"line":158,"column":16},"end":{"line":158,"column":110}},"56":{"start":{"line":160,"column":4},"end":{"line":162,"column":5}},"57":{"start":{"line":161,"column":8},"end":{"line":161,"column":44}},"58":{"start":{"line":164,"column":4},"end":{"line":170,"column":5}},"59":{"start":{"line":165,"column":8},"end":{"line":169,"column":10}},"60":{"start":{"line":171,"column":4},"end":{"line":181,"column":7}},"61":{"start":{"line":192,"column":4},"end":{"line":192,"column":45}},"62":{"start":{"line":192,"column":28},"end":{"line":192,"column":43}},"63":{"start":{"line":193,"column":4},"end":{"line":193,"column":45}},"64":{"start":{"line":193,"column":30},"end":{"line":193,"column":43}},"65":{"start":{"line":194,"column":4},"end":{"line":196,"column":5}},"66":{"start":{"line":195,"column":8},"end":{"line":195,"column":15}},"67":{"start":{"line":197,"column":15},"end":{"line":197,"column":17}},"68":{"start":{"line":198,"column":4},"end":{"line":200,"column":5}},"69":{"start":{"line":199,"column":8},"end":{"line":199,"column":37}},"70":{"start":{"line":201,"column":4},"end":{"line":203,"column":5}},"71":{"start":{"line":202,"column":8},"end":{"line":202,"column":31}},"72":{"start":{"line":204,"column":16},"end":{"line":204,"column":110}},"73":{"start":{"line":206,"column":4},"end":{"line":208,"column":5}},"74":{"start":{"line":207,"column":8},"end":{"line":207,"column":44}},"75":{"start":{"line":210,"column":4},"end":{"line":216,"column":5}},"76":{"start":{"line":211,"column":8},"end":{"line":215,"column":10}},"77":{"start":{"line":217,"column":4},"end":{"line":227,"column":7}},"78":{"start":{"line":241,"column":4},"end":{"line":243,"column":5}},"79":{"start":{"line":242,"column":8},"end":{"line":242,"column":15}},"80":{"start":{"line":244,"column":15},"end":{"line":246,"column":5}},"81":{"start":{"line":247,"column":4},"end":{"line":249,"column":5}},"82":{"start":{"line":248,"column":8},"end":{"line":248,"column":29}},"83":{"start":{"line":250,"column":16},"end":{"line":252,"column":5}},"84":{"start":{"line":253,"column":4},"end":{"line":255,"column":5}},"85":{"start":{"line":254,"column":8},"end":{"line":254,"column":32}},"86":{"start":{"line":257,"column":4},"end":{"line":269,"column":5}},"87":{"start":{"line":258,"column":8},"end":{"line":264,"column":11}},"88":{"start":{"line":265,"column":8},"end":{"line":268,"column":11}},"89":{"start":{"line":270,"column":4},"end":{"line":273,"column":5}},"90":{"start":{"line":271,"column":8},"end":{"line":271,"column":57}},"91":{"start":{"line":272,"column":8},"end":{"line":272,"column":43}},"92":{"start":{"line":274,"column":4},"end":{"line":277,"column":7}},"93":{"start":{"line":279,"column":4},"end":{"line":279,"column":19}},"94":{"start":{"line":289,"column":4},"end":{"line":327,"column":6}},"95":{"start":{"line":296,"column":12},"end":{"line":311,"column":15}},"96":{"start":{"line":298,"column":16},"end":{"line":310,"column":19}},"97":{"start":{"line":299,"column":20},"end":{"line":309,"column":21}},"98":{"start":{"line":301,"column":28},"end":{"line":301,"column":54}},"99":{"start":{"line":302,"column":28},"end":{"line":302,"column":55}},"100":{"start":{"line":303,"column":32},"end":{"line":303,"column":65}},"101":{"start":{"line":305,"column":28},"end":{"line":305,"column":48}},"102":{"start":{"line":306,"column":28},"end":{"line":306,"column":63}},"103":{"start":{"line":307,"column":28},"end":{"line":307,"column":61}},"104":{"start":{"line":308,"column":32},"end":{"line":308,"column":54}},"105":{"start":{"line":319,"column":12},"end":{"line":325,"column":13}},"106":{"start":{"line":320,"column":16},"end":{"line":320,"column":28}},"107":{"start":{"line":323,"column":16},"end":{"line":323,"column":49}},"108":{"start":{"line":324,"column":16},"end":{"line":324,"column":33}},"109":{"start":{"line":337,"column":16},"end":{"line":337,"column":20}},"110":{"start":{"line":338,"column":4},"end":{"line":359,"column":7}},"111":{"start":{"line":339,"column":19},"end":{"line":339,"column":21}},"112":{"start":{"line":340,"column":8},"end":{"line":342,"column":9}},"113":{"start":{"line":340,"column":22},"end":{"line":340,"column":23}},"114":{"start":{"line":341,"column":12},"end":{"line":341,"column":37}},"115":{"start":{"line":343,"column":8},"end":{"line":358,"column":11}},"116":{"start":{"line":345,"column":12},"end":{"line":357,"column":15}},"117":{"start":{"line":346,"column":16},"end":{"line":356,"column":17}},"118":{"start":{"line":348,"column":24},"end":{"line":348,"column":50}},"119":{"start":{"line":349,"column":24},"end":{"line":349,"column":119}},"120":{"start":{"line":350,"column":28},"end":{"line":350,"column":61}},"121":{"start":{"line":352,"column":24},"end":{"line":352,"column":44}},"122":{"start":{"line":353,"column":24},"end":{"line":353,"column":205}},"123":{"start":{"line":354,"column":24},"end":{"line":354,"column":38}},"124":{"start":{"line":355,"column":28},"end":{"line":355,"column":50}},"125":{"start":{"line":370,"column":4},"end":{"line":370,"column":45}},"126":{"start":{"line":370,"column":30},"end":{"line":370,"column":43}},"127":{"start":{"line":371,"column":4},"end":{"line":371,"column":238}},"128":{"start":{"line":383,"column":4},"end":{"line":383,"column":45}},"129":{"start":{"line":383,"column":30},"end":{"line":383,"column":43}},"130":{"start":{"line":384,"column":4},"end":{"line":384,"column":248}}},"fnMap":{"0":{"name":"initializeSentry","decl":{"start":{"line":28,"column":9},"end":{"line":28,"column":25}},"loc":{"start":{"line":28,"column":28},"end":{"line":53,"column":1}},"line":28},"1":{"name":"(anonymous_1)","decl":{"start":{"line":37,"column":20},"end":{"line":37,"column":21}},"loc":{"start":{"line":37,"column":44},"end":{"line":48,"column":9}},"line":37},"2":{"name":"setSessionContext","decl":{"start":{"line":60,"column":9},"end":{"line":60,"column":26}},"loc":{"start":{"line":60,"column":36},"end":{"line":80,"column":1}},"line":60},"3":{"name":"setGameStateContext","decl":{"start":{"line":87,"column":9},"end":{"line":87,"column":28}},"loc":{"start":{"line":87,"column":40},"end":{"line":108,"column":1}},"line":87},"4":{"name":"clearContext","decl":{"start":{"line":113,"column":9},"end":{"line":113,"column":21}},"loc":{"start":{"line":113,"column":24},"end":{"line":121,"column":1}},"line":113},"5":{"name":"setRequestContext","decl":{"start":{"line":127,"column":9},"end":{"line":127,"column":26}},"loc":{"start":{"line":127,"column":36},"end":{"line":138,"column":1}},"line":127},"6":{"name":"captureException","decl":{"start":{"line":145,"column":9},"end":{"line":145,"column":25}},"loc":{"start":{"line":145,"column":42},"end":{"line":182,"column":1}},"line":145},"7":{"name":"captureMessage","decl":{"start":{"line":190,"column":9},"end":{"line":190,"column":23}},"loc":{"start":{"line":190,"column":49},"end":{"line":228,"column":1}},"line":190},"8":{"name":"captureRpcError","decl":{"start":{"line":240,"column":9},"end":{"line":240,"column":24}},"loc":{"start":{"line":240,"column":92},"end":{"line":280,"column":1}},"line":240},"9":{"name":"createErrorBoundary","decl":{"start":{"line":288,"column":9},"end":{"line":288,"column":28}},"loc":{"start":{"line":288,"column":38},"end":{"line":328,"column":1}},"line":288},"10":{"name":"(anonymous_10)","decl":{"start":{"line":295,"column":21},"end":{"line":295,"column":22}},"loc":{"start":{"line":295,"column":35},"end":{"line":312,"column":9}},"line":295},"11":{"name":"(anonymous_11)","decl":{"start":{"line":296,"column":59},"end":{"line":296,"column":60}},"loc":{"start":{"line":296,"column":71},"end":{"line":311,"column":13}},"line":296},"12":{"name":"(anonymous_12)","decl":{"start":{"line":298,"column":49},"end":{"line":298,"column":50}},"loc":{"start":{"line":298,"column":63},"end":{"line":310,"column":17}},"line":298},"13":{"name":"(anonymous_13)","decl":{"start":{"line":318,"column":25},"end":{"line":318,"column":26}},"loc":{"start":{"line":318,"column":39},"end":{"line":326,"column":9}},"line":318},"14":{"name":"withErrorTracking","decl":{"start":{"line":336,"column":9},"end":{"line":336,"column":26}},"loc":{"start":{"line":336,"column":40},"end":{"line":360,"column":1}},"line":336},"15":{"name":"(anonymous_15)","decl":{"start":{"line":338,"column":12},"end":{"line":338,"column":13}},"loc":{"start":{"line":338,"column":24},"end":{"line":359,"column":5}},"line":338},"16":{"name":"(anonymous_16)","decl":{"start":{"line":343,"column":56},"end":{"line":343,"column":57}},"loc":{"start":{"line":343,"column":68},"end":{"line":358,"column":9}},"line":343},"17":{"name":"(anonymous_17)","decl":{"start":{"line":345,"column":45},"end":{"line":345,"column":46}},"loc":{"start":{"line":345,"column":59},"end":{"line":357,"column":13}},"line":345},"18":{"name":"captureDatabaseError","decl":{"start":{"line":369,"column":9},"end":{"line":369,"column":29}},"loc":{"start":{"line":369,"column":69},"end":{"line":372,"column":1}},"line":369},"19":{"name":"captureCacheError","decl":{"start":{"line":382,"column":9},"end":{"line":382,"column":26}},"loc":{"start":{"line":382,"column":70},"end":{"line":385,"column":1}},"line":382}},"branchMap":{"0":{"loc":{"start":{"line":21,"column":9},"end":{"line":21,"column":37}},"type":"binary-expr","locations":[{"start":{"line":21,"column":9},"end":{"line":21,"column":31}},{"start":{"line":21,"column":35},"end":{"line":21,"column":37}}],"line":21},"1":{"loc":{"start":{"line":22,"column":17},"end":{"line":22,"column":68}},"type":"binary-expr","locations":[{"start":{"line":22,"column":17},"end":{"line":22,"column":37}},{"start":{"line":22,"column":41},"end":{"line":22,"column":68}}],"line":22},"2":{"loc":{"start":{"line":23,"column":33},"end":{"line":23,"column":79}},"type":"binary-expr","locations":[{"start":{"line":23,"column":33},"end":{"line":23,"column":70}},{"start":{"line":23,"column":74},"end":{"line":23,"column":79}}],"line":23},"3":{"loc":{"start":{"line":24,"column":13},"end":{"line":24,"column":98}},"type":"binary-expr","locations":[{"start":{"line":24,"column":13},"end":{"line":24,"column":50}},{"start":{"line":24,"column":54},"end":{"line":24,"column":98}}],"line":24},"4":{"loc":{"start":{"line":29,"column":4},"end":{"line":32,"column":5}},"type":"if","locations":[{"start":{"line":29,"column":4},"end":{"line":32,"column":5}},{"start":{},"end":{}}],"line":29},"5":{"loc":{"start":{"line":29,"column":8},"end":{"line":29,"column":80}},"type":"binary-expr","locations":[{"start":{"line":29,"column":8},"end":{"line":29,"column":44}},{"start":{"line":29,"column":48},"end":{"line":29,"column":80}}],"line":29},"6":{"loc":{"start":{"line":39,"column":12},"end":{"line":41,"column":13}},"type":"if","locations":[{"start":{"line":39,"column":12},"end":{"line":41,"column":13}},{"start":{},"end":{}}],"line":39},"7":{"loc":{"start":{"line":43,"column":12},"end":{"line":45,"column":13}},"type":"if","locations":[{"start":{"line":43,"column":12},"end":{"line":45,"column":13}},{"start":{},"end":{}}],"line":43},"8":{"loc":{"start":{"line":50,"column":17},"end":{"line":50,"column":53}},"type":"binary-expr","locations":[{"start":{"line":50,"column":17},"end":{"line":50,"column":40}},{"start":{"line":50,"column":44},"end":{"line":50,"column":53}}],"line":50},"9":{"loc":{"start":{"line":61,"column":4},"end":{"line":63,"column":5}},"type":"if","locations":[{"start":{"line":61,"column":4},"end":{"line":63,"column":5}},{"start":{},"end":{}}],"line":61},"10":{"loc":{"start":{"line":88,"column":4},"end":{"line":90,"column":5}},"type":"if","locations":[{"start":{"line":88,"column":4},"end":{"line":90,"column":5}},{"start":{},"end":{}}],"line":88},"11":{"loc":{"start":{"line":88,"column":8},"end":{"line":88,"column":93}},"type":"binary-expr","locations":[{"start":{"line":88,"column":8},"end":{"line":88,"column":44}},{"start":{"line":88,"column":48},"end":{"line":88,"column":93}}],"line":88},"12":{"loc":{"start":{"line":114,"column":4},"end":{"line":116,"column":5}},"type":"if","locations":[{"start":{"line":114,"column":4},"end":{"line":116,"column":5}},{"start":{},"end":{}}],"line":114},"13":{"loc":{"start":{"line":128,"column":4},"end":{"line":130,"column":5}},"type":"if","locations":[{"start":{"line":128,"column":4},"end":{"line":130,"column":5}},{"start":{},"end":{}}],"line":128},"14":{"loc":{"start":{"line":147,"column":4},"end":{"line":147,"column":45}},"type":"if","locations":[{"start":{"line":147,"column":4},"end":{"line":147,"column":45}},{"start":{},"end":{}}],"line":147},"15":{"loc":{"start":{"line":148,"column":4},"end":{"line":150,"column":5}},"type":"if","locations":[{"start":{"line":148,"column":4},"end":{"line":150,"column":5}},{"start":{},"end":{}}],"line":148},"16":{"loc":{"start":{"line":152,"column":4},"end":{"line":154,"column":5}},"type":"if","locations":[{"start":{"line":152,"column":4},"end":{"line":154,"column":5}},{"start":{},"end":{}}],"line":152},"17":{"loc":{"start":{"line":155,"column":4},"end":{"line":157,"column":5}},"type":"if","locations":[{"start":{"line":155,"column":4},"end":{"line":157,"column":5}},{"start":{},"end":{}}],"line":155},"18":{"loc":{"start":{"line":160,"column":4},"end":{"line":162,"column":5}},"type":"if","locations":[{"start":{"line":160,"column":4},"end":{"line":162,"column":5}},{"start":{},"end":{}}],"line":160},"19":{"loc":{"start":{"line":160,"column":8},"end":{"line":160,"column":73}},"type":"binary-expr","locations":[{"start":{"line":160,"column":8},"end":{"line":160,"column":25}},{"start":{"line":160,"column":29},"end":{"line":160,"column":73}}],"line":160},"20":{"loc":{"start":{"line":164,"column":4},"end":{"line":170,"column":5}},"type":"if","locations":[{"start":{"line":164,"column":4},"end":{"line":170,"column":5}},{"start":{},"end":{}}],"line":164},"21":{"loc":{"start":{"line":175,"column":14},"end":{"line":180,"column":23}},"type":"cond-expr","locations":[{"start":{"line":176,"column":14},"end":{"line":179,"column":13}},{"start":{"line":180,"column":14},"end":{"line":180,"column":23}}],"line":175},"22":{"loc":{"start":{"line":175,"column":15},"end":{"line":175,"column":81}},"type":"cond-expr","locations":[{"start":{"line":175,"column":63},"end":{"line":175,"column":69}},{"start":{"line":175,"column":72},"end":{"line":175,"column":81}}],"line":175},"23":{"loc":{"start":{"line":175,"column":15},"end":{"line":175,"column":60}},"type":"binary-expr","locations":[{"start":{"line":175,"column":15},"end":{"line":175,"column":43}},{"start":{"line":175,"column":47},"end":{"line":175,"column":60}}],"line":175},"24":{"loc":{"start":{"line":192,"column":4},"end":{"line":192,"column":45}},"type":"if","locations":[{"start":{"line":192,"column":4},"end":{"line":192,"column":45}},{"start":{},"end":{}}],"line":192},"25":{"loc":{"start":{"line":193,"column":4},"end":{"line":193,"column":45}},"type":"if","locations":[{"start":{"line":193,"column":4},"end":{"line":193,"column":45}},{"start":{},"end":{}}],"line":193},"26":{"loc":{"start":{"line":194,"column":4},"end":{"line":196,"column":5}},"type":"if","locations":[{"start":{"line":194,"column":4},"end":{"line":196,"column":5}},{"start":{},"end":{}}],"line":194},"27":{"loc":{"start":{"line":198,"column":4},"end":{"line":200,"column":5}},"type":"if","locations":[{"start":{"line":198,"column":4},"end":{"line":200,"column":5}},{"start":{},"end":{}}],"line":198},"28":{"loc":{"start":{"line":201,"column":4},"end":{"line":203,"column":5}},"type":"if","locations":[{"start":{"line":201,"column":4},"end":{"line":203,"column":5}},{"start":{},"end":{}}],"line":201},"29":{"loc":{"start":{"line":206,"column":4},"end":{"line":208,"column":5}},"type":"if","locations":[{"start":{"line":206,"column":4},"end":{"line":208,"column":5}},{"start":{},"end":{}}],"line":206},"30":{"loc":{"start":{"line":206,"column":8},"end":{"line":206,"column":73}},"type":"binary-expr","locations":[{"start":{"line":206,"column":8},"end":{"line":206,"column":25}},{"start":{"line":206,"column":29},"end":{"line":206,"column":73}}],"line":206},"31":{"loc":{"start":{"line":210,"column":4},"end":{"line":216,"column":5}},"type":"if","locations":[{"start":{"line":210,"column":4},"end":{"line":216,"column":5}},{"start":{},"end":{}}],"line":210},"32":{"loc":{"start":{"line":221,"column":14},"end":{"line":226,"column":23}},"type":"cond-expr","locations":[{"start":{"line":222,"column":14},"end":{"line":225,"column":13}},{"start":{"line":226,"column":14},"end":{"line":226,"column":23}}],"line":221},"33":{"loc":{"start":{"line":221,"column":15},"end":{"line":221,"column":81}},"type":"cond-expr","locations":[{"start":{"line":221,"column":63},"end":{"line":221,"column":69}},{"start":{"line":221,"column":72},"end":{"line":221,"column":81}}],"line":221},"34":{"loc":{"start":{"line":221,"column":15},"end":{"line":221,"column":60}},"type":"binary-expr","locations":[{"start":{"line":221,"column":15},"end":{"line":221,"column":43}},{"start":{"line":221,"column":47},"end":{"line":221,"column":60}}],"line":221},"35":{"loc":{"start":{"line":241,"column":4},"end":{"line":243,"column":5}},"type":"if","locations":[{"start":{"line":241,"column":4},"end":{"line":243,"column":5}},{"start":{},"end":{}}],"line":241},"36":{"loc":{"start":{"line":247,"column":4},"end":{"line":249,"column":5}},"type":"if","locations":[{"start":{"line":247,"column":4},"end":{"line":249,"column":5}},{"start":{},"end":{}}],"line":247},"37":{"loc":{"start":{"line":253,"column":4},"end":{"line":255,"column":5}},"type":"if","locations":[{"start":{"line":253,"column":4},"end":{"line":255,"column":5}},{"start":{},"end":{}}],"line":253},"38":{"loc":{"start":{"line":257,"column":4},"end":{"line":269,"column":5}},"type":"if","locations":[{"start":{"line":257,"column":4},"end":{"line":269,"column":5}},{"start":{},"end":{}}],"line":257},"39":{"loc":{"start":{"line":270,"column":4},"end":{"line":273,"column":5}},"type":"if","locations":[{"start":{"line":270,"column":4},"end":{"line":273,"column":5}},{"start":{},"end":{}}],"line":270},"40":{"loc":{"start":{"line":270,"column":8},"end":{"line":270,"column":72}},"type":"binary-expr","locations":[{"start":{"line":270,"column":8},"end":{"line":270,"column":24}},{"start":{"line":270,"column":28},"end":{"line":270,"column":72}}],"line":270},"41":{"loc":{"start":{"line":299,"column":20},"end":{"line":309,"column":21}},"type":"switch","locations":[{"start":{"line":300,"column":24},"end":{"line":302,"column":55}},{"start":{"line":303,"column":24},"end":{"line":303,"column":65}},{"start":{"line":304,"column":24},"end":{"line":307,"column":61}},{"start":{"line":308,"column":24},"end":{"line":308,"column":54}}],"line":299},"42":{"loc":{"start":{"line":346,"column":16},"end":{"line":356,"column":17}},"type":"switch","locations":[{"start":{"line":347,"column":20},"end":{"line":349,"column":119}},{"start":{"line":350,"column":20},"end":{"line":350,"column":61}},{"start":{"line":351,"column":20},"end":{"line":354,"column":38}},{"start":{"line":355,"column":20},"end":{"line":355,"column":50}}],"line":346},"43":{"loc":{"start":{"line":370,"column":4},"end":{"line":370,"column":45}},"type":"if","locations":[{"start":{"line":370,"column":4},"end":{"line":370,"column":45}},{"start":{},"end":{}}],"line":370},"44":{"loc":{"start":{"line":383,"column":4},"end":{"line":383,"column":45}},"type":"if","locations":[{"start":{"line":383,"column":4},"end":{"line":383,"column":45}},{"start":{},"end":{}}],"line":383}},"s":{"0":1,"1":1,"2":1,"3":1,"4":1,"5":1,"6":1,"7":1,"8":1,"9":1,"10":1,"11":1,"12":1,"13":1,"14":1,"15":1,"16":1,"17":1,"18":1,"19":0,"20":0,"21":0,"22":0,"23":0,"24":0,"25":0,"26":0,"27":0,"28":0,"29":0,"30":0,"31":0,"32":0,"33":0,"34":0,"35":0,"36":0,"37":0,"38":0,"39":0,"40":0,"41":0,"42":0,"43":0,"44":0,"45":0,"46":0,"47":0,"48":0,"49":0,"50":0,"51":0,"52":0,"53":0,"54":0,"55":0,"56":0,"57":0,"58":0,"59":0,"60":0,"61":0,"62":0,"63":0,"64":0,"65":0,"66":0,"67":0,"68":0,"69":0,"70":0,"71":0,"72":0,"73":0,"74":0,"75":0,"76":0,"77":0,"78":0,"79":0,"80":0,"81":0,"82":0,"83":0,"84":0,"85":0,"86":0,"87":0,"88":0,"89":0,"90":0,"91":0,"92":0,"93":0,"94":0,"95":0,"96":0,"97":0,"98":0,"99":0,"100":0,"101":0,"102":0,"103":0,"104":0,"105":0,"106":0,"107":0,"108":0,"109":0,"110":0,"111":0,"112":0,"113":0,"114":0,"115":0,"116":0,"117":0,"118":0,"119":0,"120":0,"121":0,"122":0,"123":0,"124":0,"125":0,"126":0,"127":0,"128":0,"129":0,"130":0},"f":{"0":0,"1":0,"2":0,"3":0,"4":0,"5":0,"6":0,"7":0,"8":0,"9":0,"10":0,"11":0,"12":0,"13":0,"14":0,"15":0,"16":0,"17":0,"18":0,"19":0},"b":{"0":[1,1],"1":[1,0],"2":[1,1],"3":[1,1],"4":[0,0],"5":[0,0],"6":[0,0],"7":[0,0],"8":[0,0],"9":[0,0],"10":[0,0],"11":[0,0],"12":[0,0],"13":[0,0],"14":[0,0],"15":[0,0],"16":[0,0],"17":[0,0],"18":[0,0],"19":[0,0],"20":[0,0],"21":[0,0],"22":[0,0],"23":[0,0],"24":[0,0],"25":[0,0],"26":[0,0],"27":[0,0],"28":[0,0],"29":[0,0],"30":[0,0],"31":[0,0],"32":[0,0],"33":[0,0],"34":[0,0],"35":[0,0],"36":[0,0],"37":[0,0],"38":[0,0],"39":[0,0],"40":[0,0],"41":[0,0,0,0],"42":[0,0,0,0],"43":[0,0],"44":[0,0]},"_coverageSchema":"1a1c01bbd47fc00a2c39e90264f33305004495a9","hash":"8eb6aef88198dda3155e6897e4043be4610d0a67"}
,"/var/tmp/vibe-kanban/worktrees/b9bb-armored-archer-a/armored-archer/backend/data/modules/config/index.js": {"path":"/var/tmp/vibe-kanban/worktrees/b9bb-armored-archer-a/armored-archer/backend/data/modules/config/index.js","statementMap":{"0":{"start":{"line":2,"column":0},"end":{"line":2,"column":62}},"1":{"start":{"line":3,"column":0},"end":{"line":3,"column":56}},"2":{"start":{"line":4,"column":0},"end":{"line":4,"column":32}},"3":{"start":{"line":5,"column":0},"end":{"line":5,"column":44}},"4":{"start":{"line":6,"column":14},"end":{"line":6,"column":30}},"5":{"start":{"line":7,"column":9},"end":{"line":7,"column":44}},"6":{"start":{"line":8,"column":11},"end":{"line":8,"column":48}},"7":{"start":{"line":11,"column":18},"end":{"line":11,"column":55}},"8":{"start":{"line":12,"column":19},"end":{"line":12,"column":87}},"9":{"start":{"line":13,"column":4},"end":{"line":57,"column":5}},"10":{"start":{"line":14,"column":8},"end":{"line":49,"column":9}},"11":{"start":{"line":14,"column":30},"end":{"line":14,"column":56}},"12":{"start":{"line":14,"column":73},"end":{"line":14,"column":90}},"13":{"start":{"line":15,"column":23},"end":{"line":15,"column":41}},"14":{"start":{"line":16,"column":26},"end":{"line":16,"column":56}},"15":{"start":{"line":17,"column":12},"end":{"line":48,"column":13}},"16":{"start":{"line":18,"column":33},"end":{"line":18,"column":66}},"17":{"start":{"line":19,"column":16},"end":{"line":47,"column":17}},"18":{"start":{"line":20,"column":20},"end":{"line":39,"column":21}},"19":{"start":{"line":20,"column":35},"end":{"line":20,"column":89}},"20":{"start":{"line":20,"column":97},"end":{"line":20,"column":106}},"21":{"start":{"line":21,"column":35},"end":{"line":21,"column":43}},"22":{"start":{"line":22,"column":42},"end":{"line":22,"column":53}},"23":{"start":{"line":23,"column":24},"end":{"line":38,"column":25}},"24":{"start":{"line":24,"column":46},"end":{"line":24,"column":70}},"25":{"start":{"line":25,"column":28},"end":{"line":37,"column":29}},"26":{"start":{"line":26,"column":42},"end":{"line":26,"column":86}},"27":{"start":{"line":27,"column":44},"end":{"line":27,"column":89}},"28":{"start":{"line":28,"column":32},"end":{"line":33,"column":33}},"29":{"start":{"line":29,"column":36},"end":{"line":29,"column":63}},"30":{"start":{"line":31,"column":37},"end":{"line":33,"column":33}},"31":{"start":{"line":32,"column":36},"end":{"line":32,"column":63}},"32":{"start":{"line":34,"column":32},"end":{"line":36,"column":33}},"33":{"start":{"line":35,"column":36},"end":{"line":35,"column":61}},"34":{"start":{"line":41,"column":32},"end":{"line":41,"column":55}},"35":{"start":{"line":43,"column":20},"end":{"line":46,"column":57}},"36":{"start":{"line":44,"column":24},"end":{"line":44,"column":76}},"37":{"start":{"line":44,"column":64},"end":{"line":44,"column":76}},"38":{"start":{"line":46,"column":30},"end":{"line":46,"column":55}},"39":{"start":{"line":46,"column":39},"end":{"line":46,"column":55}},"40":{"start":{"line":51,"column":20},"end":{"line":51,"column":43}},"41":{"start":{"line":53,"column":8},"end":{"line":56,"column":45}},"42":{"start":{"line":54,"column":12},"end":{"line":54,"column":100}},"43":{"start":{"line":54,"column":80},"end":{"line":54,"column":100}},"44":{"start":{"line":56,"column":18},"end":{"line":56,"column":43}},"45":{"start":{"line":56,"column":27},"end":{"line":56,"column":43}},"46":{"start":{"line":59,"column":0},"end":{"line":59,"column":18}},"47":{"start":{"line":64,"column":18},"end":{"line":64,"column":74}},"48":{"start":{"line":65,"column":16},"end":{"line":65,"column":38}},"49":{"start":{"line":66,"column":4},"end":{"line":75,"column":5}},"50":{"start":{"line":67,"column":8},"end":{"line":74,"column":10}},"51":{"start":{"line":76,"column":13},"end":{"line":76,"column":37}},"52":{"start":{"line":76,"column":46},"end":{"line":76,"column":51}},"53":{"start":{"line":76,"column":64},"end":{"line":76,"column":69}},"54":{"start":{"line":76,"column":78},"end":{"line":76,"column":83}},"55":{"start":{"line":76,"column":92},"end":{"line":76,"column":97}},"56":{"start":{"line":76,"column":110},"end":{"line":76,"column":115}},"57":{"start":{"line":77,"column":4},"end":{"line":84,"column":6}},"58":{"start":{"line":86,"column":16},"end":{"line":86,"column":89}},"59":{"start":{"line":87,"column":13},"end":{"line":367,"column":1}},"60":{"start":{"line":129,"column":84},"end":{"line":129,"column":100}},"61":{"start":{"line":143,"column":74},"end":{"line":143,"column":90}},"62":{"start":{"line":244,"column":81},"end":{"line":244,"column":97}},"63":{"start":{"line":372,"column":4},"end":{"line":372,"column":62}},"64":{"start":{"line":372,"column":37},"end":{"line":372,"column":60}},"65":{"start":{"line":373,"column":4},"end":{"line":374,"column":20}},"66":{"start":{"line":374,"column":8},"end":{"line":374,"column":20}},"67":{"start":{"line":375,"column":19},"end":{"line":375,"column":32}},"68":{"start":{"line":376,"column":20},"end":{"line":378,"column":42}},"69":{"start":{"line":379,"column":4},"end":{"line":380,"column":20}},"70":{"start":{"line":380,"column":8},"end":{"line":380,"column":20}},"71":{"start":{"line":381,"column":4},"end":{"line":381,"column":17}},"72":{"start":{"line":387,"column":4},"end":{"line":391,"column":15}},"73":{"start":{"line":388,"column":8},"end":{"line":389,"column":29}},"74":{"start":{"line":389,"column":12},"end":{"line":389,"column":29}},"75":{"start":{"line":390,"column":8},"end":{"line":390,"column":22}},"76":{"start":{"line":397,"column":4},"end":{"line":397,"column":38}},"77":{"start":{"line":404,"column":17},"end":{"line":404,"column":19}},"78":{"start":{"line":405,"column":23},"end":{"line":409,"column":5}},"79":{"start":{"line":410,"column":23},"end":{"line":410,"column":58}},"80":{"start":{"line":411,"column":4},"end":{"line":426,"column":5}},"81":{"start":{"line":412,"column":8},"end":{"line":418,"column":9}},"82":{"start":{"line":412,"column":34},"end":{"line":412,"column":64}},"83":{"start":{"line":412,"column":85},"end":{"line":412,"column":106}},"84":{"start":{"line":413,"column":22},"end":{"line":413,"column":44}},"85":{"start":{"line":414,"column":24},"end":{"line":414,"column":49}},"86":{"start":{"line":415,"column":12},"end":{"line":417,"column":13}},"87":{"start":{"line":416,"column":16},"end":{"line":416,"column":74}},"88":{"start":{"line":420,"column":20},"end":{"line":420,"column":43}},"89":{"start":{"line":422,"column":8},"end":{"line":425,"column":45}},"90":{"start":{"line":423,"column":12},"end":{"line":423,"column":116}},"91":{"start":{"line":423,"column":92},"end":{"line":423,"column":116}},"92":{"start":{"line":425,"column":18},"end":{"line":425,"column":43}},"93":{"start":{"line":425,"column":27},"end":{"line":425,"column":43}},"94":{"start":{"line":427,"column":4},"end":{"line":427,"column":18}},"95":{"start":{"line":431,"column":4},"end":{"line":433,"column":5}},"96":{"start":{"line":432,"column":8},"end":{"line":432,"column":71}},"97":{"start":{"line":435,"column":4},"end":{"line":437,"column":5}},"98":{"start":{"line":436,"column":8},"end":{"line":436,"column":61}},"99":{"start":{"line":438,"column":4},"end":{"line":440,"column":5}},"100":{"start":{"line":439,"column":8},"end":{"line":439,"column":83}},"101":{"start":{"line":442,"column":24},"end":{"line":442,"column":45}},"102":{"start":{"line":443,"column":4},"end":{"line":445,"column":5}},"103":{"start":{"line":444,"column":8},"end":{"line":444,"column":142}},"104":{"start":{"line":444,"column":101},"end":{"line":444,"column":125}},"105":{"start":{"line":447,"column":4},"end":{"line":449,"column":5}},"106":{"start":{"line":448,"column":8},"end":{"line":448,"column":109}},"107":{"start":{"line":450,"column":4},"end":{"line":452,"column":5}},"108":{"start":{"line":451,"column":8},"end":{"line":451,"column":117}},"109":{"start":{"line":453,"column":4},"end":{"line":455,"column":5}},"110":{"start":{"line":454,"column":8},"end":{"line":454,"column":113}},"111":{"start":{"line":458,"column":4},"end":{"line":459,"column":18}},"112":{"start":{"line":459,"column":8},"end":{"line":459,"column":18}},"113":{"start":{"line":460,"column":4},"end":{"line":461,"column":21}},"114":{"start":{"line":461,"column":8},"end":{"line":461,"column":21}},"115":{"start":{"line":462,"column":4},"end":{"line":462,"column":77}},"116":{"start":{"line":465,"column":4},"end":{"line":465,"column":41}},"117":{"start":{"line":466,"column":4},"end":{"line":466,"column":55}},"118":{"start":{"line":467,"column":4},"end":{"line":467,"column":128}},"119":{"start":{"line":468,"column":4},"end":{"line":468,"column":129}},"120":{"start":{"line":469,"column":4},"end":{"line":469,"column":168}},"121":{"start":{"line":470,"column":4},"end":{"line":470,"column":68}},"122":{"start":{"line":471,"column":4},"end":{"line":471,"column":162}},"123":{"start":{"line":472,"column":4},"end":{"line":472,"column":81}},"124":{"start":{"line":473,"column":4},"end":{"line":473,"column":118}},"125":{"start":{"line":474,"column":4},"end":{"line":474,"column":174}},"126":{"start":{"line":475,"column":4},"end":{"line":475,"column":40}},"127":{"start":{"line":477,"column":0},"end":{"line":477,"column":25}}},"fnMap":{"0":{"name":"loadEnvironment","decl":{"start":{"line":9,"column":9},"end":{"line":9,"column":24}},"loc":{"start":{"line":9,"column":27},"end":{"line":58,"column":1}},"line":9},"1":{"name":"parseDatabaseAddress","decl":{"start":{"line":60,"column":9},"end":{"line":60,"column":29}},"loc":{"start":{"line":60,"column":39},"end":{"line":85,"column":1}},"line":60},"2":{"name":"(anonymous_2)","decl":{"start":{"line":129,"column":69},"end":{"line":129,"column":70}},"loc":{"start":{"line":129,"column":82},"end":{"line":129,"column":102}},"line":129},"3":{"name":"(anonymous_3)","decl":{"start":{"line":143,"column":59},"end":{"line":143,"column":60}},"loc":{"start":{"line":143,"column":72},"end":{"line":143,"column":92}},"line":143},"4":{"name":"(anonymous_4)","decl":{"start":{"line":244,"column":66},"end":{"line":244,"column":67}},"loc":{"start":{"line":244,"column":79},"end":{"line":244,"column":99}},"line":244},"5":{"name":"isInvalidConfigValue","decl":{"start":{"line":371,"column":9},"end":{"line":371,"column":29}},"loc":{"start":{"line":371,"column":53},"end":{"line":382,"column":1}},"line":371},"6":{"name":"getNestedConfigValue","decl":{"start":{"line":386,"column":9},"end":{"line":386,"column":29}},"loc":{"start":{"line":386,"column":36},"end":{"line":392,"column":1}},"line":386},"7":{"name":"(anonymous_7)","decl":{"start":{"line":387,"column":34},"end":{"line":387,"column":35}},"loc":{"start":{"line":387,"column":52},"end":{"line":391,"column":5}},"line":387},"8":{"name":"isValidPort","decl":{"start":{"line":396,"column":9},"end":{"line":396,"column":20}},"loc":{"start":{"line":396,"column":27},"end":{"line":398,"column":1}},"line":396},"9":{"name":"validateSessionKeys","decl":{"start":{"line":402,"column":9},"end":{"line":402,"column":28}},"loc":{"start":{"line":402,"column":31},"end":{"line":428,"column":1}},"line":402},"10":{"name":"validateRequiredConfig","decl":{"start":{"line":429,"column":9},"end":{"line":429,"column":31}},"loc":{"start":{"line":429,"column":34},"end":{"line":456,"column":1}},"line":429},"11":{"name":"(anonymous_11)","decl":{"start":{"line":444,"column":86},"end":{"line":444,"column":87}},"loc":{"start":{"line":444,"column":99},"end":{"line":444,"column":127}},"line":444},"12":{"name":"maskSecret","decl":{"start":{"line":457,"column":9},"end":{"line":457,"column":19}},"loc":{"start":{"line":457,"column":27},"end":{"line":463,"column":1}},"line":457},"13":{"name":"logConfiguration","decl":{"start":{"line":464,"column":9},"end":{"line":464,"column":25}},"loc":{"start":{"line":464,"column":34},"end":{"line":476,"column":1}},"line":464}},"branchMap":{"0":{"loc":{"start":{"line":11,"column":18},"end":{"line":11,"column":55}},"type":"binary-expr","locations":[{"start":{"line":11,"column":18},"end":{"line":11,"column":38}},{"start":{"line":11,"column":42},"end":{"line":11,"column":55}}],"line":11},"1":{"loc":{"start":{"line":17,"column":12},"end":{"line":48,"column":13}},"type":"if","locations":[{"start":{"line":17,"column":12},"end":{"line":48,"column":13}},{"start":{},"end":{}}],"line":17},"2":{"loc":{"start":{"line":23,"column":24},"end":{"line":38,"column":25}},"type":"if","locations":[{"start":{"line":23,"column":24},"end":{"line":38,"column":25}},{"start":{},"end":{}}],"line":23},"3":{"loc":{"start":{"line":23,"column":28},"end":{"line":23,"column":71}},"type":"binary-expr","locations":[{"start":{"line":23,"column":28},"end":{"line":23,"column":39}},{"start":{"line":23,"column":43},"end":{"line":23,"column":71}}],"line":23},"4":{"loc":{"start":{"line":25,"column":28},"end":{"line":37,"column":29}},"type":"if","locations":[{"start":{"line":25,"column":28},"end":{"line":37,"column":29}},{"start":{},"end":{}}],"line":25},"5":{"loc":{"start":{"line":28,"column":32},"end":{"line":33,"column":33}},"type":"if","locations":[{"start":{"line":28,"column":32},"end":{"line":33,"column":33}},{"start":{"line":31,"column":37},"end":{"line":33,"column":33}}],"line":28},"6":{"loc":{"start":{"line":28,"column":36},"end":{"line":28,"column":80}},"type":"binary-expr","locations":[{"start":{"line":28,"column":36},"end":{"line":28,"column":57}},{"start":{"line":28,"column":61},"end":{"line":28,"column":80}}],"line":28},"7":{"loc":{"start":{"line":31,"column":37},"end":{"line":33,"column":33}},"type":"if","locations":[{"start":{"line":31,"column":37},"end":{"line":33,"column":33}},{"start":{},"end":{}}],"line":31},"8":{"loc":{"start":{"line":31,"column":41},"end":{"line":31,"column":85}},"type":"binary-expr","locations":[{"start":{"line":31,"column":41},"end":{"line":31,"column":62}},{"start":{"line":31,"column":66},"end":{"line":31,"column":85}}],"line":31},"9":{"loc":{"start":{"line":34,"column":32},"end":{"line":36,"column":33}},"type":"if","locations":[{"start":{"line":34,"column":32},"end":{"line":36,"column":33}},{"start":{},"end":{}}],"line":34},"10":{"loc":{"start":{"line":44,"column":24},"end":{"line":44,"column":76}},"type":"if","locations":[{"start":{"line":44,"column":24},"end":{"line":44,"column":76}},{"start":{},"end":{}}],"line":44},"11":{"loc":{"start":{"line":44,"column":28},"end":{"line":44,"column":62}},"type":"binary-expr","locations":[{"start":{"line":44,"column":28},"end":{"line":44,"column":30}},{"start":{"line":44,"column":34},"end":{"line":44,"column":42}},{"start":{"line":44,"column":47},"end":{"line":44,"column":61}}],"line":44},"12":{"loc":{"start":{"line":46,"column":30},"end":{"line":46,"column":55}},"type":"if","locations":[{"start":{"line":46,"column":30},"end":{"line":46,"column":55}},{"start":{},"end":{}}],"line":46},"13":{"loc":{"start":{"line":54,"column":12},"end":{"line":54,"column":100}},"type":"if","locations":[{"start":{"line":54,"column":12},"end":{"line":54,"column":100}},{"start":{},"end":{}}],"line":54},"14":{"loc":{"start":{"line":54,"column":16},"end":{"line":54,"column":78}},"type":"binary-expr","locations":[{"start":{"line":54,"column":16},"end":{"line":54,"column":28}},{"start":{"line":54,"column":32},"end":{"line":54,"column":50}},{"start":{"line":54,"column":55},"end":{"line":54,"column":77}}],"line":54},"15":{"loc":{"start":{"line":56,"column":18},"end":{"line":56,"column":43}},"type":"if","locations":[{"start":{"line":56,"column":18},"end":{"line":56,"column":43}},{"start":{},"end":{}}],"line":56},"16":{"loc":{"start":{"line":66,"column":4},"end":{"line":75,"column":5}},"type":"if","locations":[{"start":{"line":66,"column":4},"end":{"line":75,"column":5}},{"start":{},"end":{}}],"line":66},"17":{"loc":{"start":{"line":69,"column":18},"end":{"line":69,"column":52}},"type":"binary-expr","locations":[{"start":{"line":69,"column":18},"end":{"line":69,"column":37}},{"start":{"line":69,"column":41},"end":{"line":69,"column":52}}],"line":69},"18":{"loc":{"start":{"line":70,"column":27},"end":{"line":70,"column":56}},"type":"binary-expr","locations":[{"start":{"line":70,"column":27},"end":{"line":70,"column":46}},{"start":{"line":70,"column":50},"end":{"line":70,"column":56}}],"line":70},"19":{"loc":{"start":{"line":71,"column":18},"end":{"line":71,"column":51}},"type":"binary-expr","locations":[{"start":{"line":71,"column":18},"end":{"line":71,"column":37}},{"start":{"line":71,"column":41},"end":{"line":71,"column":51}}],"line":71},"20":{"loc":{"start":{"line":72,"column":22},"end":{"line":72,"column":51}},"type":"binary-expr","locations":[{"start":{"line":72,"column":22},"end":{"line":72,"column":45}},{"start":{"line":72,"column":49},"end":{"line":72,"column":51}}],"line":72},"21":{"loc":{"start":{"line":73,"column":22},"end":{"line":73,"column":53}},"type":"binary-expr","locations":[{"start":{"line":73,"column":22},"end":{"line":73,"column":41}},{"start":{"line":73,"column":45},"end":{"line":73,"column":53}}],"line":73},"22":{"loc":{"start":{"line":86,"column":16},"end":{"line":86,"column":89}},"type":"binary-expr","locations":[{"start":{"line":86,"column":16},"end":{"line":86,"column":44}},{"start":{"line":86,"column":48},"end":{"line":86,"column":83}},{"start":{"line":86,"column":87},"end":{"line":86,"column":89}}],"line":86},"23":{"loc":{"start":{"line":88,"column":18},"end":{"line":88,"column":55}},"type":"binary-expr","locations":[{"start":{"line":88,"column":18},"end":{"line":88,"column":38}},{"start":{"line":88,"column":42},"end":{"line":88,"column":55}}],"line":88},"24":{"loc":{"start":{"line":90,"column":23},"end":{"line":90,"column":90}},"type":"binary-expr","locations":[{"start":{"line":90,"column":23},"end":{"line":90,"column":46}},{"start":{"line":90,"column":50},"end":{"line":90,"column":80}},{"start":{"line":90,"column":84},"end":{"line":90,"column":90}}],"line":90},"25":{"loc":{"start":{"line":91,"column":30},"end":{"line":91,"column":71}},"type":"binary-expr","locations":[{"start":{"line":91,"column":30},"end":{"line":91,"column":61}},{"start":{"line":91,"column":65},"end":{"line":91,"column":71}}],"line":91},"26":{"loc":{"start":{"line":92,"column":14},"end":{"line":92,"column":52}},"type":"binary-expr","locations":[{"start":{"line":92,"column":14},"end":{"line":92,"column":37}},{"start":{"line":92,"column":41},"end":{"line":92,"column":52}}],"line":92},"27":{"loc":{"start":{"line":93,"column":13},"end":{"line":93,"column":98}},"type":"binary-expr","locations":[{"start":{"line":93,"column":13},"end":{"line":93,"column":42}},{"start":{"line":93,"column":46},"end":{"line":93,"column":82}},{"start":{"line":93,"column":86},"end":{"line":93,"column":98}}],"line":93},"28":{"loc":{"start":{"line":94,"column":25},"end":{"line":94,"column":71}},"type":"binary-expr","locations":[{"start":{"line":94,"column":25},"end":{"line":94,"column":60}},{"start":{"line":94,"column":64},"end":{"line":94,"column":71}}],"line":94},"29":{"loc":{"start":{"line":95,"column":25},"end":{"line":95,"column":74}},"type":"binary-expr","locations":[{"start":{"line":95,"column":25},"end":{"line":95,"column":60}},{"start":{"line":95,"column":64},"end":{"line":95,"column":74}}],"line":95},"30":{"loc":{"start":{"line":99,"column":19},"end":{"line":99,"column":58}},"type":"binary-expr","locations":[{"start":{"line":99,"column":19},"end":{"line":99,"column":52}},{"start":{"line":99,"column":56},"end":{"line":99,"column":58}}],"line":99},"31":{"loc":{"start":{"line":100,"column":19},"end":{"line":100,"column":58}},"type":"binary-expr","locations":[{"start":{"line":100,"column":19},"end":{"line":100,"column":52}},{"start":{"line":100,"column":56},"end":{"line":100,"column":58}}],"line":100},"32":{"loc":{"start":{"line":101,"column":23},"end":{"line":101,"column":66}},"type":"binary-expr","locations":[{"start":{"line":101,"column":23},"end":{"line":101,"column":60}},{"start":{"line":101,"column":64},"end":{"line":101,"column":66}}],"line":101},"33":{"loc":{"start":{"line":104,"column":14},"end":{"line":104,"column":51}},"type":"binary-expr","locations":[{"start":{"line":104,"column":14},"end":{"line":104,"column":36}},{"start":{"line":104,"column":40},"end":{"line":104,"column":51}}],"line":104},"34":{"loc":{"start":{"line":105,"column":23},"end":{"line":105,"column":55}},"type":"binary-expr","locations":[{"start":{"line":105,"column":23},"end":{"line":105,"column":45}},{"start":{"line":105,"column":49},"end":{"line":105,"column":55}}],"line":105},"35":{"loc":{"start":{"line":107,"column":12},"end":{"line":107,"column":73}},"type":"cond-expr","locations":[{"start":{"line":107,"column":35},"end":{"line":107,"column":69}},{"start":{"line":107,"column":72},"end":{"line":107,"column":73}}],"line":107},"36":{"loc":{"start":{"line":112,"column":19},"end":{"line":112,"column":56}},"type":"binary-expr","locations":[{"start":{"line":112,"column":19},"end":{"line":112,"column":50}},{"start":{"line":112,"column":54},"end":{"line":112,"column":56}}],"line":112},"37":{"loc":{"start":{"line":113,"column":20},"end":{"line":113,"column":58}},"type":"binary-expr","locations":[{"start":{"line":113,"column":20},"end":{"line":113,"column":52}},{"start":{"line":113,"column":56},"end":{"line":113,"column":58}}],"line":113},"38":{"loc":{"start":{"line":114,"column":21},"end":{"line":114,"column":60}},"type":"binary-expr","locations":[{"start":{"line":114,"column":21},"end":{"line":114,"column":54}},{"start":{"line":114,"column":58},"end":{"line":114,"column":60}}],"line":114},"39":{"loc":{"start":{"line":118,"column":23},"end":{"line":118,"column":80}},"type":"binary-expr","locations":[{"start":{"line":118,"column":23},"end":{"line":118,"column":57}},{"start":{"line":118,"column":61},"end":{"line":118,"column":80}}],"line":118},"40":{"loc":{"start":{"line":119,"column":30},"end":{"line":119,"column":89}},"type":"binary-expr","locations":[{"start":{"line":119,"column":30},"end":{"line":119,"column":64}},{"start":{"line":119,"column":68},"end":{"line":119,"column":89}}],"line":119},"41":{"loc":{"start":{"line":120,"column":28},"end":{"line":120,"column":83}},"type":"binary-expr","locations":[{"start":{"line":120,"column":28},"end":{"line":120,"column":60}},{"start":{"line":120,"column":64},"end":{"line":120,"column":83}}],"line":120},"42":{"loc":{"start":{"line":121,"column":28},"end":{"line":121,"column":68}},"type":"binary-expr","locations":[{"start":{"line":121,"column":28},"end":{"line":121,"column":58}},{"start":{"line":121,"column":62},"end":{"line":121,"column":68}}],"line":121},"43":{"loc":{"start":{"line":124,"column":15},"end":{"line":124,"column":46}},"type":"binary-expr","locations":[{"start":{"line":124,"column":15},"end":{"line":124,"column":36}},{"start":{"line":124,"column":40},"end":{"line":124,"column":46}}],"line":124},"44":{"loc":{"start":{"line":125,"column":16},"end":{"line":125,"column":48}},"type":"binary-expr","locations":[{"start":{"line":125,"column":16},"end":{"line":125,"column":38}},{"start":{"line":125,"column":42},"end":{"line":125,"column":48}}],"line":125},"45":{"loc":{"start":{"line":126,"column":16},"end":{"line":126,"column":50}},"type":"binary-expr","locations":[{"start":{"line":126,"column":16},"end":{"line":126,"column":38}},{"start":{"line":126,"column":42},"end":{"line":126,"column":50}}],"line":126},"46":{"loc":{"start":{"line":128,"column":35},"end":{"line":130,"column":23}},"type":"cond-expr","locations":[{"start":{"line":129,"column":14},"end":{"line":129,"column":103}},{"start":{"line":130,"column":14},"end":{"line":130,"column":23}}],"line":128},"47":{"loc":{"start":{"line":131,"column":23},"end":{"line":133,"column":23}},"type":"cond-expr","locations":[{"start":{"line":132,"column":14},"end":{"line":132,"column":59}},{"start":{"line":133,"column":14},"end":{"line":133,"column":23}}],"line":131},"48":{"loc":{"start":{"line":134,"column":22},"end":{"line":141,"column":23}},"type":"cond-expr","locations":[{"start":{"line":135,"column":14},"end":{"line":140,"column":13}},{"start":{"line":141,"column":14},"end":{"line":141,"column":23}}],"line":134},"49":{"loc":{"start":{"line":142,"column":22},"end":{"line":144,"column":23}},"type":"cond-expr","locations":[{"start":{"line":143,"column":14},"end":{"line":143,"column":93}},{"start":{"line":144,"column":14},"end":{"line":144,"column":23}}],"line":142},"50":{"loc":{"start":{"line":150,"column":19},"end":{"line":150,"column":60}},"type":"binary-expr","locations":[{"start":{"line":150,"column":19},"end":{"line":150,"column":48}},{"start":{"line":150,"column":52},"end":{"line":150,"column":60}}],"line":150},"51":{"loc":{"start":{"line":151,"column":16},"end":{"line":151,"column":54}},"type":"binary-expr","locations":[{"start":{"line":151,"column":16},"end":{"line":151,"column":42}},{"start":{"line":151,"column":46},"end":{"line":151,"column":54}}],"line":151},"52":{"loc":{"start":{"line":152,"column":33},"end":{"line":152,"column":70}},"type":"binary-expr","locations":[{"start":{"line":152,"column":33},"end":{"line":152,"column":60}},{"start":{"line":152,"column":64},"end":{"line":152,"column":70}}],"line":152},"53":{"loc":{"start":{"line":156,"column":37},"end":{"line":156,"column":89}},"type":"binary-expr","locations":[{"start":{"line":156,"column":37},"end":{"line":156,"column":80}},{"start":{"line":156,"column":84},"end":{"line":156,"column":89}}],"line":156},"54":{"loc":{"start":{"line":157,"column":34},"end":{"line":157,"column":85}},"type":"binary-expr","locations":[{"start":{"line":157,"column":34},"end":{"line":157,"column":74}},{"start":{"line":157,"column":78},"end":{"line":157,"column":85}}],"line":157},"55":{"loc":{"start":{"line":160,"column":38},"end":{"line":160,"column":86}},"type":"binary-expr","locations":[{"start":{"line":160,"column":38},"end":{"line":160,"column":77}},{"start":{"line":160,"column":81},"end":{"line":160,"column":86}}],"line":160},"56":{"loc":{"start":{"line":161,"column":35},"end":{"line":161,"column":91}},"type":"binary-expr","locations":[{"start":{"line":161,"column":35},"end":{"line":161,"column":80}},{"start":{"line":161,"column":84},"end":{"line":161,"column":91}}],"line":161},"57":{"loc":{"start":{"line":164,"column":38},"end":{"line":164,"column":89}},"type":"binary-expr","locations":[{"start":{"line":164,"column":38},"end":{"line":164,"column":81}},{"start":{"line":164,"column":85},"end":{"line":164,"column":89}}],"line":164},"58":{"loc":{"start":{"line":165,"column":35},"end":{"line":165,"column":95}},"type":"binary-expr","locations":[{"start":{"line":165,"column":35},"end":{"line":165,"column":84}},{"start":{"line":165,"column":88},"end":{"line":165,"column":95}}],"line":165},"59":{"loc":{"start":{"line":168,"column":38},"end":{"line":168,"column":80}},"type":"binary-expr","locations":[{"start":{"line":168,"column":38},"end":{"line":168,"column":72}},{"start":{"line":168,"column":76},"end":{"line":168,"column":80}}],"line":168},"60":{"loc":{"start":{"line":169,"column":35},"end":{"line":169,"column":86}},"type":"binary-expr","locations":[{"start":{"line":169,"column":35},"end":{"line":169,"column":75}},{"start":{"line":169,"column":79},"end":{"line":169,"column":86}}],"line":169},"61":{"loc":{"start":{"line":172,"column":38},"end":{"line":172,"column":87}},"type":"binary-expr","locations":[{"start":{"line":172,"column":38},"end":{"line":172,"column":79}},{"start":{"line":172,"column":83},"end":{"line":172,"column":87}}],"line":172},"62":{"loc":{"start":{"line":173,"column":35},"end":{"line":173,"column":93}},"type":"binary-expr","locations":[{"start":{"line":173,"column":35},"end":{"line":173,"column":82}},{"start":{"line":173,"column":86},"end":{"line":173,"column":93}}],"line":173},"63":{"loc":{"start":{"line":176,"column":38},"end":{"line":176,"column":93}},"type":"binary-expr","locations":[{"start":{"line":176,"column":38},"end":{"line":176,"column":85}},{"start":{"line":176,"column":89},"end":{"line":176,"column":93}}],"line":176},"64":{"loc":{"start":{"line":177,"column":35},"end":{"line":177,"column":99}},"type":"binary-expr","locations":[{"start":{"line":177,"column":35},"end":{"line":177,"column":88}},{"start":{"line":177,"column":92},"end":{"line":177,"column":99}}],"line":177},"65":{"loc":{"start":{"line":180,"column":38},"end":{"line":180,"column":88}},"type":"binary-expr","locations":[{"start":{"line":180,"column":38},"end":{"line":180,"column":80}},{"start":{"line":180,"column":84},"end":{"line":180,"column":88}}],"line":180},"66":{"loc":{"start":{"line":181,"column":35},"end":{"line":181,"column":94}},"type":"binary-expr","locations":[{"start":{"line":181,"column":35},"end":{"line":181,"column":83}},{"start":{"line":181,"column":87},"end":{"line":181,"column":94}}],"line":181},"67":{"loc":{"start":{"line":184,"column":38},"end":{"line":184,"column":85}},"type":"binary-expr","locations":[{"start":{"line":184,"column":38},"end":{"line":184,"column":77}},{"start":{"line":184,"column":81},"end":{"line":184,"column":85}}],"line":184},"68":{"loc":{"start":{"line":185,"column":35},"end":{"line":185,"column":91}},"type":"binary-expr","locations":[{"start":{"line":185,"column":35},"end":{"line":185,"column":80}},{"start":{"line":185,"column":84},"end":{"line":185,"column":91}}],"line":185},"69":{"loc":{"start":{"line":188,"column":38},"end":{"line":188,"column":85}},"type":"binary-expr","locations":[{"start":{"line":188,"column":38},"end":{"line":188,"column":77}},{"start":{"line":188,"column":81},"end":{"line":188,"column":85}}],"line":188},"70":{"loc":{"start":{"line":189,"column":35},"end":{"line":189,"column":91}},"type":"binary-expr","locations":[{"start":{"line":189,"column":35},"end":{"line":189,"column":80}},{"start":{"line":189,"column":84},"end":{"line":189,"column":91}}],"line":189},"71":{"loc":{"start":{"line":192,"column":38},"end":{"line":192,"column":88}},"type":"binary-expr","locations":[{"start":{"line":192,"column":38},"end":{"line":192,"column":80}},{"start":{"line":192,"column":84},"end":{"line":192,"column":88}}],"line":192},"72":{"loc":{"start":{"line":193,"column":35},"end":{"line":193,"column":94}},"type":"binary-expr","locations":[{"start":{"line":193,"column":35},"end":{"line":193,"column":83}},{"start":{"line":193,"column":87},"end":{"line":193,"column":94}}],"line":193},"73":{"loc":{"start":{"line":196,"column":38},"end":{"line":196,"column":90}},"type":"binary-expr","locations":[{"start":{"line":196,"column":38},"end":{"line":196,"column":82}},{"start":{"line":196,"column":86},"end":{"line":196,"column":90}}],"line":196},"74":{"loc":{"start":{"line":197,"column":35},"end":{"line":197,"column":96}},"type":"binary-expr","locations":[{"start":{"line":197,"column":35},"end":{"line":197,"column":85}},{"start":{"line":197,"column":89},"end":{"line":197,"column":96}}],"line":197},"75":{"loc":{"start":{"line":200,"column":38},"end":{"line":200,"column":83}},"type":"binary-expr","locations":[{"start":{"line":200,"column":38},"end":{"line":200,"column":75}},{"start":{"line":200,"column":79},"end":{"line":200,"column":83}}],"line":200},"76":{"loc":{"start":{"line":201,"column":35},"end":{"line":201,"column":89}},"type":"binary-expr","locations":[{"start":{"line":201,"column":35},"end":{"line":201,"column":78}},{"start":{"line":201,"column":82},"end":{"line":201,"column":89}}],"line":201},"77":{"loc":{"start":{"line":204,"column":38},"end":{"line":204,"column":86}},"type":"binary-expr","locations":[{"start":{"line":204,"column":38},"end":{"line":204,"column":78}},{"start":{"line":204,"column":82},"end":{"line":204,"column":86}}],"line":204},"78":{"loc":{"start":{"line":205,"column":35},"end":{"line":205,"column":92}},"type":"binary-expr","locations":[{"start":{"line":205,"column":35},"end":{"line":205,"column":81}},{"start":{"line":205,"column":85},"end":{"line":205,"column":92}}],"line":205},"79":{"loc":{"start":{"line":208,"column":38},"end":{"line":208,"column":83}},"type":"binary-expr","locations":[{"start":{"line":208,"column":38},"end":{"line":208,"column":75}},{"start":{"line":208,"column":79},"end":{"line":208,"column":83}}],"line":208},"80":{"loc":{"start":{"line":209,"column":35},"end":{"line":209,"column":89}},"type":"binary-expr","locations":[{"start":{"line":209,"column":35},"end":{"line":209,"column":78}},{"start":{"line":209,"column":82},"end":{"line":209,"column":89}}],"line":209},"81":{"loc":{"start":{"line":212,"column":38},"end":{"line":212,"column":87}},"type":"binary-expr","locations":[{"start":{"line":212,"column":38},"end":{"line":212,"column":79}},{"start":{"line":212,"column":83},"end":{"line":212,"column":87}}],"line":212},"82":{"loc":{"start":{"line":213,"column":35},"end":{"line":213,"column":93}},"type":"binary-expr","locations":[{"start":{"line":213,"column":35},"end":{"line":213,"column":82}},{"start":{"line":213,"column":86},"end":{"line":213,"column":93}}],"line":213},"83":{"loc":{"start":{"line":216,"column":38},"end":{"line":216,"column":87}},"type":"binary-expr","locations":[{"start":{"line":216,"column":38},"end":{"line":216,"column":79}},{"start":{"line":216,"column":83},"end":{"line":216,"column":87}}],"line":216},"84":{"loc":{"start":{"line":217,"column":35},"end":{"line":217,"column":93}},"type":"binary-expr","locations":[{"start":{"line":217,"column":35},"end":{"line":217,"column":82}},{"start":{"line":217,"column":86},"end":{"line":217,"column":93}}],"line":217},"85":{"loc":{"start":{"line":220,"column":38},"end":{"line":220,"column":84}},"type":"binary-expr","locations":[{"start":{"line":220,"column":38},"end":{"line":220,"column":76}},{"start":{"line":220,"column":80},"end":{"line":220,"column":84}}],"line":220},"86":{"loc":{"start":{"line":221,"column":35},"end":{"line":221,"column":90}},"type":"binary-expr","locations":[{"start":{"line":221,"column":35},"end":{"line":221,"column":79}},{"start":{"line":221,"column":83},"end":{"line":221,"column":90}}],"line":221},"87":{"loc":{"start":{"line":224,"column":38},"end":{"line":224,"column":94}},"type":"binary-expr","locations":[{"start":{"line":224,"column":38},"end":{"line":224,"column":86}},{"start":{"line":224,"column":90},"end":{"line":224,"column":94}}],"line":224},"88":{"loc":{"start":{"line":225,"column":35},"end":{"line":225,"column":100}},"type":"binary-expr","locations":[{"start":{"line":225,"column":35},"end":{"line":225,"column":89}},{"start":{"line":225,"column":93},"end":{"line":225,"column":100}}],"line":225},"89":{"loc":{"start":{"line":228,"column":38},"end":{"line":228,"column":86}},"type":"binary-expr","locations":[{"start":{"line":228,"column":38},"end":{"line":228,"column":78}},{"start":{"line":228,"column":82},"end":{"line":228,"column":86}}],"line":228},"90":{"loc":{"start":{"line":229,"column":35},"end":{"line":229,"column":92}},"type":"binary-expr","locations":[{"start":{"line":229,"column":35},"end":{"line":229,"column":81}},{"start":{"line":229,"column":85},"end":{"line":229,"column":92}}],"line":229},"91":{"loc":{"start":{"line":235,"column":21},"end":{"line":235,"column":81}},"type":"binary-expr","locations":[{"start":{"line":235,"column":21},"end":{"line":235,"column":53}},{"start":{"line":235,"column":57},"end":{"line":235,"column":81}}],"line":235},"92":{"loc":{"start":{"line":236,"column":24},"end":{"line":236,"column":70}},"type":"binary-expr","locations":[{"start":{"line":236,"column":24},"end":{"line":236,"column":59}},{"start":{"line":236,"column":63},"end":{"line":236,"column":70}}],"line":236},"93":{"loc":{"start":{"line":237,"column":19},"end":{"line":237,"column":59}},"type":"binary-expr","locations":[{"start":{"line":237,"column":19},"end":{"line":237,"column":47}},{"start":{"line":237,"column":51},"end":{"line":237,"column":59}}],"line":237},"94":{"loc":{"start":{"line":238,"column":31},"end":{"line":238,"column":71}},"type":"binary-expr","locations":[{"start":{"line":238,"column":31},"end":{"line":238,"column":62}},{"start":{"line":238,"column":66},"end":{"line":238,"column":71}}],"line":238},"95":{"loc":{"start":{"line":243,"column":26},"end":{"line":245,"column":39}},"type":"cond-expr","locations":[{"start":{"line":244,"column":14},"end":{"line":244,"column":100}},{"start":{"line":245,"column":14},"end":{"line":245,"column":39}}],"line":243},"96":{"loc":{"start":{"line":249,"column":26},"end":{"line":249,"column":73}},"type":"binary-expr","locations":[{"start":{"line":249,"column":26},"end":{"line":249,"column":63}},{"start":{"line":249,"column":67},"end":{"line":249,"column":73}}],"line":249},"97":{"loc":{"start":{"line":251,"column":23},"end":{"line":251,"column":75}},"type":"binary-expr","locations":[{"start":{"line":251,"column":23},"end":{"line":251,"column":60}},{"start":{"line":251,"column":64},"end":{"line":251,"column":75}}],"line":251},"98":{"loc":{"start":{"line":252,"column":20},"end":{"line":252,"column":65}},"type":"binary-expr","locations":[{"start":{"line":252,"column":20},"end":{"line":252,"column":54}},{"start":{"line":252,"column":58},"end":{"line":252,"column":65}}],"line":252},"99":{"loc":{"start":{"line":253,"column":22},"end":{"line":253,"column":69}},"type":"binary-expr","locations":[{"start":{"line":253,"column":22},"end":{"line":253,"column":58}},{"start":{"line":253,"column":62},"end":{"line":253,"column":69}}],"line":253},"100":{"loc":{"start":{"line":254,"column":19},"end":{"line":254,"column":62}},"type":"binary-expr","locations":[{"start":{"line":254,"column":19},"end":{"line":254,"column":52}},{"start":{"line":254,"column":56},"end":{"line":254,"column":62}}],"line":254},"101":{"loc":{"start":{"line":256,"column":19},"end":{"line":262,"column":23}},"type":"cond-expr","locations":[{"start":{"line":257,"column":14},"end":{"line":261,"column":13}},{"start":{"line":262,"column":14},"end":{"line":262,"column":23}}],"line":256},"102":{"loc":{"start":{"line":258,"column":24},"end":{"line":258,"column":59}},"type":"binary-expr","locations":[{"start":{"line":258,"column":24},"end":{"line":258,"column":53}},{"start":{"line":258,"column":57},"end":{"line":258,"column":59}}],"line":258},"103":{"loc":{"start":{"line":259,"column":27},"end":{"line":259,"column":65}},"type":"binary-expr","locations":[{"start":{"line":259,"column":27},"end":{"line":259,"column":59}},{"start":{"line":259,"column":63},"end":{"line":259,"column":65}}],"line":259},"104":{"loc":{"start":{"line":260,"column":32},"end":{"line":260,"column":75}},"type":"binary-expr","locations":[{"start":{"line":260,"column":32},"end":{"line":260,"column":69}},{"start":{"line":260,"column":73},"end":{"line":260,"column":75}}],"line":260},"105":{"loc":{"start":{"line":263,"column":15},"end":{"line":270,"column":23}},"type":"cond-expr","locations":[{"start":{"line":264,"column":14},"end":{"line":269,"column":13}},{"start":{"line":270,"column":14},"end":{"line":270,"column":23}}],"line":263},"106":{"loc":{"start":{"line":265,"column":28},"end":{"line":265,"column":63}},"type":"binary-expr","locations":[{"start":{"line":265,"column":28},"end":{"line":265,"column":57}},{"start":{"line":265,"column":61},"end":{"line":265,"column":63}}],"line":265},"107":{"loc":{"start":{"line":266,"column":25},"end":{"line":266,"column":63}},"type":"binary-expr","locations":[{"start":{"line":266,"column":25},"end":{"line":266,"column":50}},{"start":{"line":266,"column":54},"end":{"line":266,"column":63}}],"line":266},"108":{"loc":{"start":{"line":267,"column":26},"end":{"line":267,"column":82}},"type":"binary-expr","locations":[{"start":{"line":267,"column":26},"end":{"line":267,"column":52}},{"start":{"line":267,"column":56},"end":{"line":267,"column":82}}],"line":267},"109":{"loc":{"start":{"line":268,"column":27},"end":{"line":268,"column":70}},"type":"binary-expr","locations":[{"start":{"line":268,"column":27},"end":{"line":268,"column":55}},{"start":{"line":268,"column":59},"end":{"line":268,"column":70}}],"line":268},"110":{"loc":{"start":{"line":272,"column":40},"end":{"line":272,"column":85}},"type":"binary-expr","locations":[{"start":{"line":272,"column":40},"end":{"line":272,"column":77}},{"start":{"line":272,"column":81},"end":{"line":272,"column":85}}],"line":272},"111":{"loc":{"start":{"line":273,"column":41},"end":{"line":273,"column":87}},"type":"binary-expr","locations":[{"start":{"line":273,"column":41},"end":{"line":273,"column":79}},{"start":{"line":273,"column":83},"end":{"line":273,"column":87}}],"line":273},"112":{"loc":{"start":{"line":274,"column":43},"end":{"line":274,"column":91}},"type":"binary-expr","locations":[{"start":{"line":274,"column":43},"end":{"line":274,"column":83}},{"start":{"line":274,"column":87},"end":{"line":274,"column":91}}],"line":274},"113":{"loc":{"start":{"line":275,"column":44},"end":{"line":275,"column":93}},"type":"binary-expr","locations":[{"start":{"line":275,"column":44},"end":{"line":275,"column":85}},{"start":{"line":275,"column":89},"end":{"line":275,"column":93}}],"line":275},"114":{"loc":{"start":{"line":276,"column":50},"end":{"line":276,"column":106}},"type":"binary-expr","locations":[{"start":{"line":276,"column":50},"end":{"line":276,"column":98}},{"start":{"line":276,"column":102},"end":{"line":276,"column":106}}],"line":276},"115":{"loc":{"start":{"line":277,"column":51},"end":{"line":277,"column":108}},"type":"binary-expr","locations":[{"start":{"line":277,"column":51},"end":{"line":277,"column":100}},{"start":{"line":277,"column":104},"end":{"line":277,"column":108}}],"line":277},"116":{"loc":{"start":{"line":278,"column":41},"end":{"line":278,"column":87}},"type":"binary-expr","locations":[{"start":{"line":278,"column":41},"end":{"line":278,"column":79}},{"start":{"line":278,"column":83},"end":{"line":278,"column":87}}],"line":278},"117":{"loc":{"start":{"line":279,"column":42},"end":{"line":279,"column":89}},"type":"binary-expr","locations":[{"start":{"line":279,"column":42},"end":{"line":279,"column":81}},{"start":{"line":279,"column":85},"end":{"line":279,"column":89}}],"line":279},"118":{"loc":{"start":{"line":280,"column":44},"end":{"line":280,"column":95}},"type":"binary-expr","locations":[{"start":{"line":280,"column":44},"end":{"line":280,"column":86}},{"start":{"line":280,"column":90},"end":{"line":280,"column":95}}],"line":280},"119":{"loc":{"start":{"line":281,"column":45},"end":{"line":281,"column":98}},"type":"binary-expr","locations":[{"start":{"line":281,"column":45},"end":{"line":281,"column":88}},{"start":{"line":281,"column":92},"end":{"line":281,"column":98}}],"line":281},"120":{"loc":{"start":{"line":282,"column":46},"end":{"line":282,"column":97}},"type":"binary-expr","locations":[{"start":{"line":282,"column":46},"end":{"line":282,"column":90}},{"start":{"line":282,"column":94},"end":{"line":282,"column":97}}],"line":282},"121":{"loc":{"start":{"line":283,"column":47},"end":{"line":283,"column":100}},"type":"binary-expr","locations":[{"start":{"line":283,"column":47},"end":{"line":283,"column":92}},{"start":{"line":283,"column":96},"end":{"line":283,"column":100}}],"line":283},"122":{"loc":{"start":{"line":286,"column":47},"end":{"line":286,"column":101}},"type":"binary-expr","locations":[{"start":{"line":286,"column":47},"end":{"line":286,"column":91}},{"start":{"line":286,"column":95},"end":{"line":286,"column":101}}],"line":286},"123":{"loc":{"start":{"line":287,"column":48},"end":{"line":287,"column":103}},"type":"binary-expr","locations":[{"start":{"line":287,"column":48},"end":{"line":287,"column":93}},{"start":{"line":287,"column":97},"end":{"line":287,"column":103}}],"line":287},"124":{"loc":{"start":{"line":288,"column":40},"end":{"line":288,"column":85}},"type":"binary-expr","locations":[{"start":{"line":288,"column":40},"end":{"line":288,"column":77}},{"start":{"line":288,"column":81},"end":{"line":288,"column":85}}],"line":288},"125":{"loc":{"start":{"line":289,"column":41},"end":{"line":289,"column":88}},"type":"binary-expr","locations":[{"start":{"line":289,"column":41},"end":{"line":289,"column":79}},{"start":{"line":289,"column":83},"end":{"line":289,"column":88}}],"line":289},"126":{"loc":{"start":{"line":290,"column":46},"end":{"line":290,"column":99}},"type":"binary-expr","locations":[{"start":{"line":290,"column":46},"end":{"line":290,"column":91}},{"start":{"line":290,"column":95},"end":{"line":290,"column":99}}],"line":290},"127":{"loc":{"start":{"line":291,"column":47},"end":{"line":291,"column":102}},"type":"binary-expr","locations":[{"start":{"line":291,"column":47},"end":{"line":291,"column":93}},{"start":{"line":291,"column":97},"end":{"line":291,"column":102}}],"line":291},"128":{"loc":{"start":{"line":292,"column":43},"end":{"line":292,"column":94}},"type":"binary-expr","locations":[{"start":{"line":292,"column":43},"end":{"line":292,"column":85}},{"start":{"line":292,"column":89},"end":{"line":292,"column":94}}],"line":292},"129":{"loc":{"start":{"line":293,"column":44},"end":{"line":293,"column":96}},"type":"binary-expr","locations":[{"start":{"line":293,"column":44},"end":{"line":293,"column":87}},{"start":{"line":293,"column":91},"end":{"line":293,"column":96}}],"line":293},"130":{"loc":{"start":{"line":294,"column":42},"end":{"line":294,"column":89}},"type":"binary-expr","locations":[{"start":{"line":294,"column":42},"end":{"line":294,"column":81}},{"start":{"line":294,"column":85},"end":{"line":294,"column":89}}],"line":294},"131":{"loc":{"start":{"line":295,"column":43},"end":{"line":295,"column":91}},"type":"binary-expr","locations":[{"start":{"line":295,"column":43},"end":{"line":295,"column":83}},{"start":{"line":295,"column":87},"end":{"line":295,"column":91}}],"line":295},"132":{"loc":{"start":{"line":296,"column":46},"end":{"line":296,"column":96}},"type":"binary-expr","locations":[{"start":{"line":296,"column":46},"end":{"line":296,"column":89}},{"start":{"line":296,"column":93},"end":{"line":296,"column":96}}],"line":296},"133":{"loc":{"start":{"line":297,"column":47},"end":{"line":297,"column":99}},"type":"binary-expr","locations":[{"start":{"line":297,"column":47},"end":{"line":297,"column":91}},{"start":{"line":297,"column":95},"end":{"line":297,"column":99}}],"line":297},"134":{"loc":{"start":{"line":300,"column":31},"end":{"line":300,"column":75}},"type":"binary-expr","locations":[{"start":{"line":300,"column":31},"end":{"line":300,"column":66}},{"start":{"line":300,"column":70},"end":{"line":300,"column":75}}],"line":300},"135":{"loc":{"start":{"line":301,"column":28},"end":{"line":301,"column":69}},"type":"binary-expr","locations":[{"start":{"line":301,"column":28},"end":{"line":301,"column":60}},{"start":{"line":301,"column":64},"end":{"line":301,"column":69}}],"line":301},"136":{"loc":{"start":{"line":302,"column":30},"end":{"line":302,"column":73}},"type":"binary-expr","locations":[{"start":{"line":302,"column":30},"end":{"line":302,"column":64}},{"start":{"line":302,"column":68},"end":{"line":302,"column":73}}],"line":302},"137":{"loc":{"start":{"line":303,"column":27},"end":{"line":303,"column":68}},"type":"binary-expr","locations":[{"start":{"line":303,"column":27},"end":{"line":303,"column":58}},{"start":{"line":303,"column":62},"end":{"line":303,"column":68}}],"line":303},"138":{"loc":{"start":{"line":305,"column":30},"end":{"line":305,"column":77}},"type":"binary-expr","locations":[{"start":{"line":305,"column":30},"end":{"line":305,"column":64}},{"start":{"line":305,"column":68},"end":{"line":305,"column":77}}],"line":305},"139":{"loc":{"start":{"line":308,"column":21},"end":{"line":308,"column":57}},"type":"binary-expr","locations":[{"start":{"line":308,"column":21},"end":{"line":308,"column":44}},{"start":{"line":308,"column":48},"end":{"line":308,"column":57}}],"line":308},"140":{"loc":{"start":{"line":313,"column":43},"end":{"line":313,"column":96}},"type":"binary-expr","locations":[{"start":{"line":313,"column":43},"end":{"line":313,"column":88}},{"start":{"line":313,"column":92},"end":{"line":313,"column":96}}],"line":313},"141":{"loc":{"start":{"line":314,"column":43},"end":{"line":314,"column":92}},"type":"binary-expr","locations":[{"start":{"line":314,"column":43},"end":{"line":314,"column":85}},{"start":{"line":314,"column":89},"end":{"line":314,"column":92}}],"line":314},"142":{"loc":{"start":{"line":315,"column":37},"end":{"line":315,"column":84}},"type":"binary-expr","locations":[{"start":{"line":315,"column":37},"end":{"line":315,"column":76}},{"start":{"line":315,"column":80},"end":{"line":315,"column":84}}],"line":315},"143":{"loc":{"start":{"line":316,"column":30},"end":{"line":316,"column":78}},"type":"binary-expr","locations":[{"start":{"line":316,"column":30},"end":{"line":316,"column":69}},{"start":{"line":316,"column":73},"end":{"line":316,"column":78}}],"line":316},"144":{"loc":{"start":{"line":317,"column":30},"end":{"line":317,"column":77}},"type":"binary-expr","locations":[{"start":{"line":317,"column":30},"end":{"line":317,"column":69}},{"start":{"line":317,"column":73},"end":{"line":317,"column":77}}],"line":317},"145":{"loc":{"start":{"line":319,"column":33},"end":{"line":319,"column":83}},"type":"binary-expr","locations":[{"start":{"line":319,"column":33},"end":{"line":319,"column":76}},{"start":{"line":319,"column":80},"end":{"line":319,"column":83}}],"line":319},"146":{"loc":{"start":{"line":323,"column":28},"end":{"line":323,"column":67}},"type":"binary-expr","locations":[{"start":{"line":323,"column":28},"end":{"line":323,"column":60}},{"start":{"line":323,"column":64},"end":{"line":323,"column":67}}],"line":323},"147":{"loc":{"start":{"line":326,"column":39},"end":{"line":326,"column":84}},"type":"binary-expr","locations":[{"start":{"line":326,"column":39},"end":{"line":326,"column":75}},{"start":{"line":326,"column":79},"end":{"line":326,"column":84}}],"line":326},"148":{"loc":{"start":{"line":331,"column":18},"end":{"line":336,"column":23}},"type":"cond-expr","locations":[{"start":{"line":332,"column":14},"end":{"line":335,"column":13}},{"start":{"line":336,"column":14},"end":{"line":336,"column":23}}],"line":331},"149":{"loc":{"start":{"line":337,"column":19},"end":{"line":342,"column":23}},"type":"cond-expr","locations":[{"start":{"line":338,"column":14},"end":{"line":341,"column":13}},{"start":{"line":342,"column":14},"end":{"line":342,"column":23}}],"line":337},"150":{"loc":{"start":{"line":343,"column":17},"end":{"line":348,"column":23}},"type":"cond-expr","locations":[{"start":{"line":344,"column":14},"end":{"line":347,"column":13}},{"start":{"line":348,"column":14},"end":{"line":348,"column":23}}],"line":343},"151":{"loc":{"start":{"line":349,"column":24},"end":{"line":354,"column":23}},"type":"cond-expr","locations":[{"start":{"line":350,"column":14},"end":{"line":353,"column":13}},{"start":{"line":354,"column":14},"end":{"line":354,"column":23}}],"line":349},"152":{"loc":{"start":{"line":356,"column":13},"end":{"line":366,"column":19}},"type":"cond-expr","locations":[{"start":{"line":357,"column":10},"end":{"line":365,"column":9}},{"start":{"line":366,"column":10},"end":{"line":366,"column":19}}],"line":356},"153":{"loc":{"start":{"line":361,"column":18},"end":{"line":361,"column":57}},"type":"binary-expr","locations":[{"start":{"line":361,"column":18},"end":{"line":361,"column":42}},{"start":{"line":361,"column":46},"end":{"line":361,"column":57}}],"line":361},"154":{"loc":{"start":{"line":362,"column":27},"end":{"line":362,"column":61}},"type":"binary-expr","locations":[{"start":{"line":362,"column":27},"end":{"line":362,"column":51}},{"start":{"line":362,"column":55},"end":{"line":362,"column":61}}],"line":362},"155":{"loc":{"start":{"line":363,"column":20},"end":{"line":363,"column":64}},"type":"binary-expr","locations":[{"start":{"line":363,"column":20},"end":{"line":363,"column":46}},{"start":{"line":363,"column":50},"end":{"line":363,"column":64}}],"line":363},"156":{"loc":{"start":{"line":364,"column":50},"end":{"line":364,"column":87}},"type":"binary-expr","locations":[{"start":{"line":364,"column":50},"end":{"line":364,"column":70}},{"start":{"line":364,"column":74},"end":{"line":364,"column":87}}],"line":364},"157":{"loc":{"start":{"line":364,"column":127},"end":{"line":364,"column":195}},"type":"cond-expr","locations":[{"start":{"line":364,"column":154},"end":{"line":364,"column":190}},{"start":{"line":364,"column":193},"end":{"line":364,"column":195}}],"line":364},"158":{"loc":{"start":{"line":372,"column":4},"end":{"line":372,"column":62}},"type":"if","locations":[{"start":{"line":372,"column":4},"end":{"line":372,"column":62}},{"start":{},"end":{}}],"line":372},"159":{"loc":{"start":{"line":373,"column":4},"end":{"line":374,"column":20}},"type":"if","locations":[{"start":{"line":373,"column":4},"end":{"line":374,"column":20}},{"start":{},"end":{}}],"line":373},"160":{"loc":{"start":{"line":376,"column":20},"end":{"line":378,"column":42}},"type":"binary-expr","locations":[{"start":{"line":376,"column":20},"end":{"line":376,"column":45}},{"start":{"line":377,"column":8},"end":{"line":377,"column":40}},{"start":{"line":378,"column":8},"end":{"line":378,"column":42}}],"line":376},"161":{"loc":{"start":{"line":379,"column":4},"end":{"line":380,"column":20}},"type":"if","locations":[{"start":{"line":379,"column":4},"end":{"line":380,"column":20}},{"start":{},"end":{}}],"line":379},"162":{"loc":{"start":{"line":379,"column":8},"end":{"line":379,"
[...]
name":"rpcUpdateRank","decl":{"start":{"line":251,"column":9},"end":{"line":251,"column":22}},"loc":{"start":{"line":251,"column":49},"end":{"line":304,"column":1}},"line":251},"10":{"name":"registerRpcGetSeasonRewards","decl":{"start":{"line":310,"column":9},"end":{"line":310,"column":36}},"loc":{"start":{"line":310,"column":50},"end":{"line":312,"column":1}},"line":310},"11":{"name":"rpcGetSeasonRewards","decl":{"start":{"line":333,"column":9},"end":{"line":333,"column":28}},"loc":{"start":{"line":333,"column":55},"end":{"line":353,"column":1}},"line":333},"12":{"name":"registerRpcClaimSeasonRewards","decl":{"start":{"line":359,"column":9},"end":{"line":359,"column":38}},"loc":{"start":{"line":359,"column":52},"end":{"line":361,"column":1}},"line":359},"13":{"name":"rpcClaimSeasonRewards","decl":{"start":{"line":382,"column":9},"end":{"line":382,"column":30}},"loc":{"start":{"line":382,"column":57},"end":{"line":439,"column":1}},"line":382},"14":{"name":"registerRpcEndSeason","decl":{"start":{"line":445,"column":9},"end":{"line":445,"column":29}},"loc":{"start":{"line":445,"column":43},"end":{"line":447,"column":1}},"line":445},"15":{"name":"rpcEndSeason","decl":{"start":{"line":468,"column":9},"end":{"line":468,"column":21}},"loc":{"start":{"line":468,"column":48},"end":{"line":516,"column":1}},"line":468},"16":{"name":"getCurrentSeason","decl":{"start":{"line":522,"column":9},"end":{"line":522,"column":25}},"loc":{"start":{"line":522,"column":28},"end":{"line":535,"column":1}},"line":522},"17":{"name":"getLeaderboardEntry","decl":{"start":{"line":544,"column":9},"end":{"line":544,"column":28}},"loc":{"start":{"line":544,"column":56},"end":{"line":557,"column":1}},"line":544},"18":{"name":"calculateRewards","decl":{"start":{"line":565,"column":9},"end":{"line":565,"column":25}},"loc":{"start":{"line":565,"column":46},"end":{"line":613,"column":1}},"line":565},"19":{"name":"recordPlayerActivity","decl":{"start":{"line":620,"column":9},"end":{"line":620,"column":29}},"loc":{"start":{"line":620,"column":42},"end":{"line":630,"column":1}},"line":620},"20":{"name":"getLastMatchTime","decl":{"start":{"line":638,"column":9},"end":{"line":638,"column":25}},"loc":{"start":{"line":638,"column":38},"end":{"line":656,"column":1}},"line":638},"21":{"name":"applyRankDecay","decl":{"start":{"line":665,"column":9},"end":{"line":665,"column":23}},"loc":{"start":{"line":665,"column":50},"end":{"line":683,"column":1}},"line":665},"22":{"name":"getRankDecayInfo","decl":{"start":{"line":692,"column":9},"end":{"line":692,"column":25}},"loc":{"start":{"line":692,"column":52},"end":{"line":708,"column":1}},"line":692}},"branchMap":{"0":{"loc":{"start":{"line":69,"column":4},"end":{"line":71,"column":5}},"type":"if","locations":[{"start":{"line":69,"column":4},"end":{"line":71,"column":5}},{"start":{},"end":{}}],"line":69},"1":{"loc":{"start":{"line":77,"column":21},"end":{"line":77,"column":58}},"type":"cond-expr","locations":[{"start":{"line":77,"column":35},"end":{"line":77,"column":51}},{"start":{"line":77,"column":54},"end":{"line":77,"column":58}}],"line":77},"2":{"loc":{"start":{"line":78,"column":22},"end":{"line":78,"column":57}},"type":"cond-expr","locations":[{"start":{"line":78,"column":36},"end":{"line":78,"column":53}},{"start":{"line":78,"column":56},"end":{"line":78,"column":57}}],"line":78},"3":{"loc":{"start":{"line":115,"column":4},"end":{"line":117,"column":5}},"type":"if","locations":[{"start":{"line":115,"column":4},"end":{"line":117,"column":5}},{"start":{},"end":{}}],"line":115},"4":{"loc":{"start":{"line":118,"column":18},"end":{"line":118,"column":39}},"type":"binary-expr","locations":[{"start":{"line":118,"column":18},"end":{"line":118,"column":33}},{"start":{"line":118,"column":37},"end":{"line":118,"column":39}}],"line":118},"5":{"loc":{"start":{"line":119,"column":16},"end":{"line":119,"column":35}},"type":"binary-expr","locations":[{"start":{"line":119,"column":16},"end":{"line":119,"column":29}},{"start":{"line":119,"column":33},"end":{"line":119,"column":35}}],"line":119},"6":{"loc":{"start":{"line":126,"column":25},"end":{"line":126,"column":48}},"type":"binary-expr","locations":[{"start":{"line":126,"column":25},"end":{"line":126,"column":40}},{"start":{"line":126,"column":44},"end":{"line":126,"column":48}}],"line":126},"7":{"loc":{"start":{"line":168,"column":4},"end":{"line":178,"column":5}},"type":"if","locations":[{"start":{"line":168,"column":4},"end":{"line":178,"column":5}},{"start":{},"end":{}}],"line":168},"8":{"loc":{"start":{"line":170,"column":23},"end":{"line":172,"column":98}},"type":"cond-expr","locations":[{"start":{"line":171,"column":14},"end":{"line":171,"column":96}},{"start":{"line":172,"column":14},"end":{"line":172,"column":98}}],"line":170},"9":{"loc":{"start":{"line":185,"column":4},"end":{"line":212,"column":5}},"type":"if","locations":[{"start":{"line":185,"column":4},"end":{"line":212,"column":5}},{"start":{},"end":{}}],"line":185},"10":{"loc":{"start":{"line":185,"column":8},"end":{"line":185,"column":84}},"type":"binary-expr","locations":[{"start":{"line":185,"column":8},"end":{"line":185,"column":25}},{"start":{"line":185,"column":29},"end":{"line":185,"column":46}},{"start":{"line":185,"column":50},"end":{"line":185,"column":67}},{"start":{"line":185,"column":71},"end":{"line":185,"column":84}}],"line":185},"11":{"loc":{"start":{"line":203,"column":8},"end":{"line":211,"column":9}},"type":"if","locations":[{"start":{"line":203,"column":8},"end":{"line":211,"column":9}},{"start":{},"end":{}}],"line":203},"12":{"loc":{"start":{"line":219,"column":12},"end":{"line":219,"column":31}},"type":"cond-expr","locations":[{"start":{"line":219,"column":24},"end":{"line":219,"column":26}},{"start":{"line":219,"column":29},"end":{"line":219,"column":31}}],"line":219},"13":{"loc":{"start":{"line":225,"column":21},"end":{"line":227,"column":63}},"type":"cond-expr","locations":[{"start":{"line":226,"column":10},"end":{"line":226,"column":26}},{"start":{"line":227,"column":10},"end":{"line":227,"column":63}}],"line":225},"14":{"loc":{"start":{"line":229,"column":32},"end":{"line":229,"column":49}},"type":"cond-expr","locations":[{"start":{"line":229,"column":44},"end":{"line":229,"column":45}},{"start":{"line":229,"column":48},"end":{"line":229,"column":49}}],"line":229},"15":{"loc":{"start":{"line":231,"column":65},"end":{"line":231,"column":89}},"type":"binary-expr","locations":[{"start":{"line":231,"column":65},"end":{"line":231,"column":77}},{"start":{"line":231,"column":81},"end":{"line":231,"column":89}}],"line":231},"16":{"loc":{"start":{"line":238,"column":20},"end":{"line":240,"column":63}},"type":"cond-expr","locations":[{"start":{"line":239,"column":10},"end":{"line":239,"column":25}},{"start":{"line":240,"column":10},"end":{"line":240,"column":63}}],"line":238},"17":{"loc":{"start":{"line":254,"column":4},"end":{"line":256,"column":5}},"type":"if","locations":[{"start":{"line":254,"column":4},"end":{"line":256,"column":5}},{"start":{},"end":{}}],"line":254},"18":{"loc":{"start":{"line":260,"column":4},"end":{"line":261,"column":29}},"type":"if","locations":[{"start":{"line":260,"column":4},"end":{"line":261,"column":29}},{"start":{},"end":{}}],"line":260},"19":{"loc":{"start":{"line":263,"column":4},"end":{"line":264,"column":28}},"type":"if","locations":[{"start":{"line":263,"column":4},"end":{"line":264,"column":28}},{"start":{},"end":{}}],"line":263},"20":{"loc":{"start":{"line":267,"column":4},"end":{"line":268,"column":30}},"type":"if","locations":[{"start":{"line":267,"column":4},"end":{"line":268,"column":30}},{"start":{},"end":{}}],"line":267},"21":{"loc":{"start":{"line":270,"column":4},"end":{"line":277,"column":5}},"type":"if","locations":[{"start":{"line":270,"column":4},"end":{"line":277,"column":5}},{"start":{},"end":{}}],"line":270},"22":{"loc":{"start":{"line":270,"column":72},"end":{"line":270,"column":95}},"type":"binary-expr","locations":[{"start":{"line":270,"column":72},"end":{"line":270,"column":89}},{"start":{"line":270,"column":93},"end":{"line":270,"column":95}}],"line":270},"23":{"loc":{"start":{"line":281,"column":23},"end":{"line":281,"column":61}},"type":"cond-expr","locations":[{"start":{"line":281,"column":37},"end":{"line":281,"column":54}},{"start":{"line":281,"column":57},"end":{"line":281,"column":61}}],"line":281},"24":{"loc":{"start":{"line":282,"column":22},"end":{"line":282,"column":58}},"type":"cond-expr","locations":[{"start":{"line":282,"column":35},"end":{"line":282,"column":51}},{"start":{"line":282,"column":54},"end":{"line":282,"column":58}}],"line":282},"25":{"loc":{"start":{"line":336,"column":4},"end":{"line":338,"column":5}},"type":"if","locations":[{"start":{"line":336,"column":4},"end":{"line":338,"column":5}},{"start":{},"end":{}}],"line":336},"26":{"loc":{"start":{"line":341,"column":4},"end":{"line":346,"column":5}},"type":"if","locations":[{"start":{"line":341,"column":4},"end":{"line":346,"column":5}},{"start":{},"end":{}}],"line":341},"27":{"loc":{"start":{"line":385,"column":4},"end":{"line":387,"column":5}},"type":"if","locations":[{"start":{"line":385,"column":4},"end":{"line":387,"column":5}},{"start":{},"end":{}}],"line":385},"28":{"loc":{"start":{"line":396,"column":4},"end":{"line":400,"column":5}},"type":"if","locations":[{"start":{"line":396,"column":4},"end":{"line":400,"column":5}},{"start":{},"end":{}}],"line":396},"29":{"loc":{"start":{"line":402,"column":4},"end":{"line":406,"column":5}},"type":"if","locations":[{"start":{"line":402,"column":4},"end":{"line":406,"column":5}},{"start":{},"end":{}}],"line":402},"30":{"loc":{"start":{"line":425,"column":4},"end":{"line":427,"column":5}},"type":"if","locations":[{"start":{"line":425,"column":4},"end":{"line":427,"column":5}},{"start":{},"end":{}}],"line":425},"31":{"loc":{"start":{"line":428,"column":4},"end":{"line":430,"column":5}},"type":"if","locations":[{"start":{"line":428,"column":4},"end":{"line":430,"column":5}},{"start":{},"end":{}}],"line":428},"32":{"loc":{"start":{"line":431,"column":4},"end":{"line":433,"column":5}},"type":"if","locations":[{"start":{"line":431,"column":4},"end":{"line":433,"column":5}},{"start":{},"end":{}}],"line":431},"33":{"loc":{"start":{"line":471,"column":4},"end":{"line":473,"column":5}},"type":"if","locations":[{"start":{"line":471,"column":4},"end":{"line":473,"column":5}},{"start":{},"end":{}}],"line":471},"34":{"loc":{"start":{"line":546,"column":4},"end":{"line":548,"column":5}},"type":"if","locations":[{"start":{"line":546,"column":4},"end":{"line":548,"column":5}},{"start":{},"end":{}}],"line":546},"35":{"loc":{"start":{"line":555,"column":25},"end":{"line":555,"column":48}},"type":"binary-expr","locations":[{"start":{"line":555,"column":25},"end":{"line":555,"column":40}},{"start":{"line":555,"column":44},"end":{"line":555,"column":48}}],"line":555},"36":{"loc":{"start":{"line":566,"column":4},"end":{"line":612,"column":5}},"type":"if","locations":[{"start":{"line":566,"column":4},"end":{"line":612,"column":5}},{"start":{"line":577,"column":9},"end":{"line":612,"column":5}}],"line":566},"37":{"loc":{"start":{"line":577,"column":9},"end":{"line":612,"column":5}},"type":"if","locations":[{"start":{"line":577,"column":9},"end":{"line":612,"column":5}},{"start":{"line":588,"column":9},"end":{"line":612,"column":5}}],"line":577},"38":{"loc":{"start":{"line":588,"column":9},"end":{"line":612,"column":5}},"type":"if","locations":[{"start":{"line":588,"column":9},"end":{"line":612,"column":5}},{"start":{"line":599,"column":9},"end":{"line":612,"column":5}}],"line":588},"39":{"loc":{"start":{"line":599,"column":9},"end":{"line":612,"column":5}},"type":"if","locations":[{"start":{"line":599,"column":9},"end":{"line":612,"column":5}},{"start":{"line":606,"column":9},"end":{"line":612,"column":5}}],"line":599},"40":{"loc":{"start":{"line":647,"column":8},"end":{"line":650,"column":9}},"type":"if","locations":[{"start":{"line":647,"column":8},"end":{"line":650,"column":9}},{"start":{},"end":{}}],"line":647},"41":{"loc":{"start":{"line":647,"column":12},"end":{"line":647,"column":50}},"type":"binary-expr","locations":[{"start":{"line":647,"column":12},"end":{"line":647,"column":30}},{"start":{"line":647,"column":34},"end":{"line":647,"column":50}}],"line":647},"42":{"loc":{"start":{"line":649,"column":19},"end":{"line":649,"column":44}},"type":"binary-expr","locations":[{"start":{"line":649,"column":19},"end":{"line":649,"column":39}},{"start":{"line":649,"column":43},"end":{"line":649,"column":44}}],"line":649},"43":{"loc":{"start":{"line":667,"column":4},"end":{"line":669,"column":5}},"type":"if","locations":[{"start":{"line":667,"column":4},"end":{"line":669,"column":5}},{"start":{},"end":{}}],"line":667},"44":{"loc":{"start":{"line":675,"column":4},"end":{"line":677,"column":5}},"type":"if","locations":[{"start":{"line":675,"column":4},"end":{"line":677,"column":5}},{"start":{},"end":{}}],"line":675},"45":{"loc":{"start":{"line":699,"column":4},"end":{"line":702,"column":5}},"type":"if","locations":[{"start":{"line":699,"column":4},"end":{"line":702,"column":5}},{"start":{},"end":{}}],"line":699},"46":{"loc":{"start":{"line":699,"column":8},"end":{"line":699,"column":79}},"type":"binary-expr","locations":[{"start":{"line":699,"column":8},"end":{"line":699,"column":44}},{"start":{"line":699,"column":48},"end":{"line":699,"column":79}}],"line":699}},"s":{"0":1,"1":1,"2":1,"3":1,"4":1,"5":1,"6":1,"7":1,"8":1,"9":1,"10":1,"11":1,"12":1,"13":1,"14":1,"15":1,"16":1,"17":1,"18":1,"19":1,"20":1,"21":1,"22":1,"23":1,"24":1,"25":1,"26":1,"27":1,"28":1,"29":0,"30":0,"31":0,"32":0,"33":0,"34":0,"35":0,"36":0,"37":0,"38":0,"39":0,"40":0,"41":0,"42":0,"43":0,"44":0,"45":0,"46":0,"47":0,"48":0,"49":0,"50":0,"51":0,"52":0,"53":0,"54":0,"55":0,"56":0,"57":0,"58":0,"59":0,"60":0,"61":0,"62":0,"63":0,"64":0,"65":0,"66":0,"67":0,"68":0,"69":0,"70":0,"71":0,"72":0,"73":0,"74":0,"75":0,"76":0,"77":0,"78":0,"79":0,"80":0,"81":0,"82":0,"83":0,"84":0,"85":0,"86":0,"87":0,"88":0,"89":0,"90":0,"91":0,"92":0,"93":0,"94":0,"95":0,"96":0,"97":0,"98":0,"99":0,"100":0,"101":0,"102":0,"103":0,"104":0,"105":0,"106":0,"107":0,"108":0,"109":0,"110":0,"111":0,"112":0,"113":0,"114":0,"115":0,"116":0,"117":0,"118":0,"119":0,"120":0,"121":0,"122":0,"123":0,"124":0,"125":0,"126":0,"127":0,"128":0,"129":0,"130":0,"131":0,"132":0,"133":0,"134":0,"135":0,"136":0,"137":0,"138":0,"139":0,"140":0,"141":0,"142":0,"143":0,"144":0,"145":0,"146":0,"147":0,"148":0,"149":0,"150":0,"151":0,"152":0,"153":0,"154":0,"155":0,"156":0,"157":0,"158":0,"159":0,"160":0,"161":0,"162":0,"163":0,"164":0,"165":0,"166":0,"167":0,"168":0,"169":0,"170":0,"171":0,"172":0,"173":0,"174":0,"175":0,"176":0,"177":0,"178":0,"179":0,"180":0,"181":0,"182":0,"183":0,"184":0,"185":0,"186":0,"187":0,"188":0,"189":0,"190":0,"191":0,"192":0,"193":0,"194":0,"195":0,"196":0,"197":0,"198":0,"199":0,"200":0,"201":0,"202":0},"f":{"0":0,"1":0,"2":0,"3":0,"4":0,"5":0,"6":0,"7":0,"8":0,"9":0,"10":0,"11":0,"12":0,"13":0,"14":0,"15":0,"16":0,"17":0,"18":0,"19":0,"20":0,"21":0,"22":0},"b":{"0":[0,0],"1":[0,0],"2":[0,0],"3":[0,0],"4":[0,0],"5":[0,0],"6":[0,0],"7":[0,0],"8":[0,0],"9":[0,0],"10":[0,0,0,0],"11":[0,0],"12":[0,0],"13":[0,0],"14":[0,0],"15":[0,0],"16":[0,0],"17":[0,0],"18":[0,0],"19":[0,0],"20":[0,0],"21":[0,0],"22":[0,0],"23":[0,0],"24":[0,0],"25":[0,0],"26":[0,0],"27":[0,0],"28":[0,0],"29":[0,0],"30":[0,0],"31":[0,0],"32":[0,0],"33":[0,0],"34":[0,0],"35":[0,0],"36":[0,0],"37":[0,0],"38":[0,0],"39":[0,0],"40":[0,0],"41":[0,0],"42":[0,0],"43":[0,0],"44":[0,0],"45":[0,0],"46":[0,0]},"_coverageSchema":"1a1c01bbd47fc00a2c39e90264f33305004495a9","hash":"f9e606c1bfa9d60ad7534806b71721bdffc8efd6"}
,"/var/tmp/vibe-kanban/worktrees/b9bb-armored-archer-a/armored-archer/backend/data/modules/modules/validation.js": {"path":"/var/tmp/vibe-kanban/worktrees/b9bb-armored-archer-a/armored-archer/backend/data/modules/modules/validation.js","statementMap":{"0":{"start":{"line":2,"column":0},"end":{"line":2,"column":62}},"1":{"start":{"line":3,"column":0},"end":{"line":3,"column":53}},"2":{"start":{"line":4,"column":0},"end":{"line":4,"column":42}},"3":{"start":{"line":5,"column":0},"end":{"line":5,"column":70}},"4":{"start":{"line":6,"column":16},"end":{"line":6,"column":34}},"5":{"start":{"line":9,"column":4},"end":{"line":9,"column":39}},"6":{"start":{"line":11,"column":0},"end":{"line":290,"column":2}},"7":{"start":{"line":292,"column":0},"end":{"line":292,"column":44}},"8":{"start":{"line":294,"column":4},"end":{"line":313,"column":5}},"9":{"start":{"line":295,"column":21},"end":{"line":295,"column":27}},"10":{"start":{"line":296,"column":8},"end":{"line":301,"column":9}},"11":{"start":{"line":297,"column":12},"end":{"line":297,"column":24}},"12":{"start":{"line":300,"column":12},"end":{"line":300,"column":41}},"13":{"start":{"line":302,"column":21},"end":{"line":302,"column":61}},"14":{"start":{"line":303,"column":8},"end":{"line":308,"column":9}},"15":{"start":{"line":304,"column":32},"end":{"line":306,"column":27}},"16":{"start":{"line":305,"column":48},"end":{"line":305,"column":210}},"17":{"start":{"line":305,"column":143},"end":{"line":305,"column":156}},"18":{"start":{"line":307,"column":12},"end":{"line":307,"column":115}},"19":{"start":{"line":309,"column":8},"end":{"line":309,"column":54}},"20":{"start":{"line":312,"column":8},"end":{"line":312,"column":97}},"21":{"start":{"line":316,"column":4},"end":{"line":321,"column":7}}},"fnMap":{"0":{"name":"createEnum","decl":{"start":{"line":8,"column":9},"end":{"line":8,"column":19}},"loc":{"start":{"line":8,"column":28},"end":{"line":10,"column":1}},"line":8},"1":{"name":"validatePayload","decl":{"start":{"line":293,"column":9},"end":{"line":293,"column":24}},"loc":{"start":{"line":293,"column":51},"end":{"line":314,"column":1}},"line":293},"2":{"name":"(anonymous_2)","decl":{"start":{"line":305,"column":21},"end":{"line":305,"column":22}},"loc":{"start":{"line":305,"column":38},"end":{"line":305,"column":212}},"line":305},"3":{"name":"(anonymous_3)","decl":{"start":{"line":305,"column":128},"end":{"line":305,"column":129}},"loc":{"start":{"line":305,"column":141},"end":{"line":305,"column":158}},"line":305},"4":{"name":"createValidationErrorResponse","decl":{"start":{"line":315,"column":9},"end":{"line":315,"column":38}},"loc":{"start":{"line":315,"column":55},"end":{"line":322,"column":1}},"line":315}},"branchMap":{"0":{"loc":{"start":{"line":296,"column":8},"end":{"line":301,"column":9}},"type":"if","locations":[{"start":{"line":296,"column":8},"end":{"line":301,"column":9}},{"start":{"line":299,"column":13},"end":{"line":301,"column":9}}],"line":296},"1":{"loc":{"start":{"line":303,"column":8},"end":{"line":308,"column":9}},"type":"if","locations":[{"start":{"line":303,"column":8},"end":{"line":308,"column":9}},{"start":{},"end":{}}],"line":303},"2":{"loc":{"start":{"line":305,"column":65},"end":{"line":305,"column":180}},"type":"binary-expr","locations":[{"start":{"line":305,"column":66},"end":{"line":305,"column":169}},{"start":{"line":305,"column":174},"end":{"line":305,"column":180}}],"line":305},"3":{"loc":{"start":{"line":305,"column":66},"end":{"line":305,"column":169}},"type":"cond-expr","locations":[{"start":{"line":305,"column":112},"end":{"line":305,"column":118}},{"start":{"line":305,"column":121},"end":{"line":305,"column":169}}],"line":305},"4":{"loc":{"start":{"line":305,"column":66},"end":{"line":305,"column":109}},"type":"binary-expr","locations":[{"start":{"line":305,"column":66},"end":{"line":305,"column":92}},{"start":{"line":305,"column":96},"end":{"line":305,"column":109}}],"line":305}},"s":{"0":1,"1":1,"2":1,"3":1,"4":1,"5":21,"6":1,"7":1,"8":1,"9":1,"10":1,"11":0,"12":1,"13":1,"14":1,"15":0,"16":0,"17":0,"18":0,"19":1,"20":0,"21":0},"f":{"0":21,"1":1,"2":0,"3":0,"4":0},"b":{"0":[0,1],"1":[0,1],"2":[0,0],"3":[0,0],"4":[0,0]},"_coverageSchema":"1a1c01bbd47fc00a2c39e90264f33305004495a9","hash":"1bb86e8ec4fe5d3bcf6e888ce8ce490375587fb5"}
}
