TN:
SF:backend/data/modules/config.js
FN:6,(anonymous_0)
FN:7,(anonymous_1)
FN:8,(anonymous_2)
FN:9,(anonymous_3)
FNF:4
FNH:1
FNDA:8,(anonymous_0)
FNDA:0,(anonymous_1)
FNDA:0,(anonymous_2)
FNDA:0,(anonymous_3)
DA:2,1
DA:3,1
DA:4,1
DA:5,1
DA:6,8
DA:7,1
DA:8,1
DA:9,1
LF:8
LH:8
BRF:0
BRH:0
end_of_record
TN:
SF:backend/data/modules/config/errorTracking.js
FN:28,initializeSentry
FN:37,(anonymous_1)
FN:60,setSessionContext
FN:87,setGameStateContext
FN:113,clearContext
FN:127,setRequestContext
FN:145,captureException
FN:190,captureMessage
FN:240,captureRpcError
FN:288,createErrorBoundary
FN:295,(anonymous_10)
FN:296,(anonymous_11)
FN:298,(anonymous_12)
FN:318,(anonymous_13)
FN:336,withErrorTracking
FN:338,(anonymous_15)
FN:343,(anonymous_16)
FN:345,(anonymous_17)
FN:369,captureDatabaseError
FN:382,captureCacheError
FNF:20
FNH:0
FNDA:0,initializeSentry
FNDA:0,(anonymous_1)
FNDA:0,setSessionContext
FNDA:0,setGameStateContext
FNDA:0,clearContext
FNDA:0,setRequestContext
FNDA:0,captureException
FNDA:0,captureMessage
FNDA:0,captureRpcError
FNDA:0,createErrorBoundary
FNDA:0,(anonymous_10)
FNDA:0,(anonymous_11)
FNDA:0,(anonymous_12)
FNDA:0,(anonymous_13)
FNDA:0,withErrorTracking
FNDA:0,(anonymous_15)
FNDA:0,(anonymous_16)
FNDA:0,(anonymous_17)
FNDA:0,captureDatabaseError
FNDA:0,captureCacheError
DA:2,1
DA:3,1
DA:4,1
DA:5,1
DA:6,1
DA:7,1
DA:8,1
DA:9,1
DA:10,1
DA:11,1
DA:12,1
DA:13,1
DA:14,1
DA:15,1
DA:16,1
DA:17,1
DA:18,1
DA:19,1
DA:20,1
DA:29,0
DA:30,0
DA:31,0
DA:33,0
DA:39,0
DA:40,0
DA:43,0
DA:44,0
DA:46,0
DA:47,0
DA:52,0
DA:61,0
DA:62,0
DA:64,0
DA:75,0
DA:88,0
DA:89,0
DA:91,0
DA:114,0
DA:115,0
DA:117,0
DA:118,0
DA:119,0
DA:120,0
DA:128,0
DA:129,0
DA:131,0
DA:147,0
DA:148,0
DA:149,0
DA:151,0
DA:152,0
DA:153,0
DA:155,0
DA:156,0
DA:158,0
DA:160,0
DA:161,0
DA:164,0
DA:165,0
DA:171,0
DA:192,0
DA:193,0
DA:194,0
DA:195,0
DA:197,0
DA:198,0
DA:199,0
DA:201,0
DA:202,0
DA:204,0
DA:206,0
DA:207,0
DA:210,0
DA:211,0
DA:217,0
DA:241,0
DA:242,0
DA:244,0
DA:247,0
DA:248,0
DA:250,0
DA:253,0
DA:254,0
DA:257,0
DA:258,0
DA:265,0
DA:270,0
DA:271,0
DA:272,0
DA:274,0
DA:279,0
DA:289,0
DA:296,0
DA:298,0
DA:299,0
DA:301,0
DA:302,0
DA:303,0
DA:305,0
DA:306,0
DA:307,0
DA:308,0
DA:319,0
DA:320,0
DA:323,0
DA:324,0
DA:337,0
DA:338,0
DA:339,0
DA:340,0
DA:341,0
DA:343,0
DA:345,0
DA:346,0
DA:348,0
DA:349,0
DA:350,0
DA:352,0
DA:353,0
DA:354,0
DA:355,0
DA:370,0
DA:371,0
DA:383,0
DA:384,0
LF:125
LH:19
BRDA:21,0,0,1
BRDA:21,0,1,1
BRDA:22,1,0,1
BRDA:22,1,1,0
BRDA:23,2,0,1
BRDA:23,2,1,1
BRDA:24,3,0,1
BRDA:24,3,1,1
BRDA:29,4,0,0
BRDA:29,4,1,0
BRDA:29,5,0,0
BRDA:29,5,1,0
BRDA:39,6,0,0
BRDA:39,6,1,0
BRDA:43,7,0,0
BRDA:43,7,1,0
BRDA:50,8,0,0
BRDA:50,8,1,0
BRDA:61,9,0,0
BRDA:61,9,1,0
BRDA:88,10,0,0
BRDA:88,10,1,0
BRDA:88,11,0,0
BRDA:88,11,1,0
BRDA:114,12,0,0
BRDA:114,12,1,0
BRDA:128,13,0,0
BRDA:128,13,1,0
BRDA:147,14,0,0
BRDA:147,14,1,0
BRDA:148,15,0,0
BRDA:148,15,1,0
BRDA:152,16,0,0
BRDA:152,16,1,0
BRDA:155,17,0,0
BRDA:155,17,1,0
BRDA:160,18,0,0
BRDA:160,18,1,0
BRDA:160,19,0,0
BRDA:160,19,1,0
BRDA:164,20,0,0
BRDA:164,20,1,0
BRDA:175,21,0,0
BRDA:175,21,1,0
BRDA:175,22,0,0
BRDA:175,22,1,0
BRDA:175,23,0,0
BRDA:175,23,1,0
BRDA:192,24,0,0
BRDA:192,24,1,0
BRDA:193,25,0,0
BRDA:193,25,1,0
BRDA:194,26,0,0
BRDA:194,26,1,0
BRDA:198,27,0,0
BRDA:198,27,1,0
BRDA:201,28,0,0
BRDA:201,28,1,0
BRDA:206,29,0,0
BRDA:206,29,1,0
BRDA:206,30,0,0
BRDA:206,30,1,0
BRDA:210,31,0,0
BRDA:210,31,1,0
BRDA:221,32,0,0
BRDA:221,32,1,0
BRDA:221,33,0,0
BRDA:221,33,1,0
BRDA:221,34,0,0
BRDA:221,34,1,0
BRDA:241,35,0,0
BRDA:241,35,1,0
BRDA:247,36,0,0
BRDA:247,36,1,0
BRDA:253,37,0,0
BRDA:253,37,1,0
BRDA:257,38,0,0
BRDA:257,38,1,0
BRDA:270,39,0,0
BRDA:270,39,1,0
BRDA:270,40,0,0
BRDA:270,40,1,0
BRDA:299,41,0,0
BRDA:299,41,1,0
BRDA:299,41,2,0
BRDA:299,41,3,0
BRDA:346,42,0,0
BRDA:346,42,1,0
BRDA:346,42,2,0
BRDA:346,42,3,0
BRDA:370,43,0,0
BRDA:370,43,1,0
BRDA:383,44,0,0
BRDA:383,44,1,0
BRF:94
BRH:7
end_of_record
TN:
SF:backend/data/modules/config/index.js
FN:9,loadEnvironment
FN:60,parseDatabaseAddress
FN:129,(anonymous_2)
FN:143,(anonymous_3)
FN:244,(anonymous_4)
FN:371,isInvalidConfigValue
FN:386,getNestedConfigValue
FN:387,(anonymous_7)
FN:396,isValidPort
FN:402,validateSessionKeys
FN:429,validateRequiredConfig
FN:444,(anonymous_11)
FN:457,maskSecret
FN:464,logConfiguration
FNF:14
FNH:2
FNDA:1,loadEnvironment
FNDA:1,parseDatabaseAddress
FNDA:0,(anonymous_2)
FNDA:0,(anonymous_3)
FNDA:0,(anonymous_4)
FNDA:0,isInvalidConfigValue
FNDA:0,getNestedConfigValue
FNDA:0,(anonymous_7)
FNDA:0,isValidPort
FNDA:0,validateSessionKeys
FNDA:0,validateRequiredConfig
FNDA:0,(anonymous_11)
FNDA:0,maskSecret
FNDA:0,logConfiguration
DA:2,1
DA:3,1
DA:4,1
DA:5,1
DA:6,1
DA:7,1
DA:8,1
DA:11,1
DA:12,1
DA:13,1
DA:14,1
DA:15,3
DA:16,3
DA:17,3
DA:18,0
DA:19,0
DA:20,0
DA:21,0
DA:22,0
DA:23,0
DA:24,0
DA:25,0
DA:26,0
DA:27,0
DA:28,0
DA:29,0
DA:31,0
DA:32,0
DA:34,0
DA:35,0
DA:41,0
DA:43,0
DA:44,0
DA:46,0
DA:51,0
DA:53,1
DA:54,1
DA:56,1
DA:59,1
DA:64,1
DA:65,1
DA:66,1
DA:67,1
DA:76,0
DA:77,0
DA:86,1
DA:87,1
DA:129,0
DA:143,0
DA:244,0
DA:372,0
DA:373,0
DA:374,0
DA:375,0
DA:376,0
DA:379,0
DA:380,0
DA:381,0
DA:387,0
DA:388,0
DA:389,0
DA:390,0
DA:397,0
DA:404,0
DA:405,0
DA:410,0
DA:411,0
DA:412,0
DA:413,0
DA:414,0
DA:415,0
DA:416,0
DA:420,0
DA:422,0
DA:423,0
DA:425,0
DA:427,0
DA:431,0
DA:432,0
DA:435,0
DA:436,0
DA:438,0
DA:439,0
DA:442,0
DA:443,0
DA:444,0
DA:447,0
DA:448,0
DA:450,0
DA:451,0
DA:453,0
DA:454,0
DA:458,0
DA:459,0
DA:460,0
DA:461,0
DA:462,0
DA:465,0
DA:466,0
DA:467,0
DA:468,0
DA:469,0
DA:470,0
DA:471,0
DA:472,0
DA:473,0
DA:474,0
DA:475,0
DA:477,1
LF:109
LH:25
BRDA:11,0,0,1
BRDA:11,0,1,0
BRDA:17,1,0,0
BRDA:17,1,1,3
BRDA:23,2,0,0
BRDA:23,2,1,0
BRDA:23,3,0,0
BRDA:23,3,1,0
BRDA:25,4,0,0
BRDA:25,4,1,0
BRDA:28,5,0,0
BRDA:28,5,1,0
BRDA:28,6,0,0
BRDA:28,6,1,0
BRDA:31,7,0,0
BRDA:31,7,1,0
BRDA:31,8,0,0
BRDA:31,8,1,0
BRDA:34,9,0,0
BRDA:34,9,1,0
BRDA:44,10,0,0
BRDA:44,10,1,0
BRDA:44,11,0,0
BRDA:44,11,1,0
BRDA:44,11,2,0
BRDA:46,12,0,0
BRDA:46,12,1,0
BRDA:54,13,0,0
BRDA:54,13,1,1
BRDA:54,14,0,1
BRDA:54,14,1,1
BRDA:54,14,2,0
BRDA:56,15,0,0
BRDA:56,15,1,1
BRDA:66,16,0,1
BRDA:66,16,1,0
BRDA:69,17,0,1
BRDA:69,17,1,1
BRDA:70,18,0,1
BRDA:70,18,1,1
BRDA:71,19,0,1
BRDA:71,19,1,1
BRDA:72,20,0,1
BRDA:72,20,1,1
BRDA:73,21,0,1
BRDA:73,21,1,1
BRDA:86,22,0,1
BRDA:86,22,1,1
BRDA:86,22,2,1
BRDA:88,23,0,1
BRDA:88,23,1,0
BRDA:90,24,0,1
BRDA:90,24,1,1
BRDA:90,24,2,1
BRDA:91,25,0,1
BRDA:91,25,1,1
BRDA:92,26,0,1
BRDA:92,26,1,1
BRDA:93,27,0,1
BRDA:93,27,1,1
BRDA:93,27,2,1
BRDA:94,28,0,1
BRDA:94,28,1,1
BRDA:95,29,0,1
BRDA:95,29,1,1
BRDA:99,30,0,1
BRDA:99,30,1,1
BRDA:100,31,0,1
BRDA:100,31,1,1
BRDA:101,32,0,1
BRDA:101,32,1,1
BRDA:104,33,0,1
BRDA:104,33,1,1
BRDA:105,34,0,1
BRDA:105,34,1,1
BRDA:107,35,0,0
BRDA:107,35,1,1
BRDA:112,36,0,1
BRDA:112,36,1,1
BRDA:113,37,0,1
BRDA:113,37,1,1
BRDA:114,38,0,1
BRDA:114,38,1,1
BRDA:118,39,0,1
BRDA:118,39,1,1
BRDA:119,40,0,1
BRDA:119,40,1,1
BRDA:120,41,0,1
BRDA:120,41,1,1
BRDA:121,42,0,1
BRDA:121,42,1,1
BRDA:124,43,0,1
BRDA:124,43,1,1
BRDA:125,44,0,1
BRDA:125,44,1,1
BRDA:126,45,0,1
BRDA:126,45,1,1
BRDA:128,46,0,0
BRDA:128,46,1,1
BRDA:131,47,0,0
BRDA:131,47,1,1
BRDA:134,48,0,0
BRDA:134,48,1,1
BRDA:142,49,0,0
BRDA:142,49,1,1
BRDA:150,50,0,1
BRDA:150,50,1,1
BRDA:151,51,0,1
BRDA:151,51,1,1
BRDA:152,52,0,1
BRDA:152,52,1,1
BRDA:156,53,0,1
BRDA:156,53,1,1
BRDA:157,54,0,1
BRDA:157,54,1,1
BRDA:160,55,0,1
BRDA:160,55,1,1
BRDA:161,56,0,1
BRDA:161,56,1,1
BRDA:164,57,0,1
BRDA:164,57,1,1
BRDA:165,58,0,1
BRDA:165,58,1,1
BRDA:168,59,0,1
BRDA:168,59,1,1
BRDA:169,60,0,1
BRDA:169,60,1,1
BRDA:172,61,0,1
BRDA:172,61,1,1
BRDA:173,62,0,1
BRDA:173,62,1,1
BRDA:176,63,0,1
BRDA:176,63,1,1
BRDA:177,64,0,1
BRDA:177,64,1,1
BRDA:180,65,0,1
BRDA:180,65,1,1
BRDA:181,66,0,1
BRDA:181,66,1,1
BRDA:184,67,0,1
BRDA:184,67,1,1
BRDA:185,68,0,1
BRDA:185,68,1,1
BRDA:188,69,0,1
BRDA:188,69,1,1
BRDA:189,70,0,1
BRDA:189,70,1,1
BRDA:192,71,0,1
BRDA:192,71,1,1
BRDA:193,72,0,1
BRDA:193,72,1,1
BRDA:196,73,0,1
BRDA:196,73,1,1
BRDA:197,74,0,1
BRDA:197,74,1,1
BRDA:200,75,0,1
BRDA:200,75,1,1
BRDA:201,76,0,1
BRDA:201,76,1,1
BRDA:204,77,0,1
BRDA:204,77,1,1
BRDA:205,78,0,1
BRDA:205,78,1,1
BRDA:208,79,0,1
BRDA:208,79,1,1
BRDA:209,80,0,1
BRDA:209,80,1,1
BRDA:212,81,0,1
BRDA:212,81,1,1
BRDA:213,82,0,1
BRDA:213,82,1,1
BRDA:216,83,0,1
BRDA:216,83,1,1
BRDA:217,84,0,1
BRDA:217,84,1,1
BRDA:220,85,0,1
BRDA:220,85,1,1
BRDA:221,86,0,1
BRDA:221,86,1,1
BRDA:224,87,0,1
BRDA:224,87,1,1
BRDA:225,88,0,1
BRDA:225,88,1,1
BRDA:228,89,0,1
BRDA:228,89,1,1
BRDA:229,90,0,1
BRDA:229,90,1,1
BRDA:235,91,0,1
BRDA:235,91,1,1
BRDA:236,92,0,1
BRDA:236,92,1,1
BRDA:237,93,0,1
BRDA:237,93,1,1
BRDA:238,94,0,1
BRDA:238,94,1,1
BRDA:243,95,0,0
BRDA:243,95,1,1
BRDA:249,96,0,1
BRDA:249,96,1,1
BRDA:251,97,0,1
BRDA:251,97,1,1
BRDA:252,98,0,1
BRDA:252,98,1,1
BRDA:253,99,0,1
BRDA:253,99,1,1
BRDA:254,100,0,1
BRDA:254,100,1,1
BRDA:256,101,0,0
BRDA:256,101,1,1
BRDA:258,102,0,0
BRDA:258,102,1,0
BRDA:259,103,0,0
BRDA:259,103,1,0
BRDA:260,104,0,0
BRDA:260,104,1,0
BRDA:263,105,0,0
BRDA:263,105,1,1
BRDA:265,106,0,0
BRDA:265,106,1,0
BRDA:266,107,0,0
BRDA:266,107,1,0
BRDA:267,108,0,0
BRDA:267,108,1,0
BRDA:268,109,0,0
BRDA:268,109,1,0
BRDA:272,110,0,1
BRDA:272,110,1,1
BRDA:273,111,0,1
BRDA:273,111,1,1
BRDA:274,112,0,1
BRDA:274,112,1,1
BRDA:275,113,0,1
BRDA:275,113,1,1
BRDA:276,114,0,1
BRDA:276,114,1,1
BRDA:277,115,0,1
BRDA:277,115,1,1
BRDA:278,116,0,1
BRDA:278,116,1,1
BRDA:279,117,0,1
BRDA:279,117,1,1
BRDA:280,118,0,1
BRDA:280,118,1,1
BRDA:281,119,0,1
BRDA:281,119,1,1
BRDA:282,120,0,1
BRDA:282,120,1,1
BRDA:283,121,0,1
BRDA:283,121,1,1
BRDA:286,122,0,1
BRDA:286,122,1,1
BRDA:287,123,0,1
BRDA:287,123,1,1
BRDA:288,124,0,1
BRDA:288,124,1,1
BRDA:289,125,0,1
BRDA:289,125,1,1
BRDA:290,126,0,1
BRDA:290,126,1,1
BRDA:291,127,0,1
BRDA:291,127,1,1
BRDA:292,128,0,1
BRDA:292,128,1,1
BRDA:293,129,0,1
BRDA:293,129,1,1
BRDA:294,130,0,1
BRDA:294,130,1,1
BRDA:295,131,0,1
BRDA:295,131,1,1
BRDA:296,132,0,1
BRDA:296,132,1,1
BRDA:297,133,0,1
BRDA:297,133,1,1
BRDA:300,134,0,1
BRDA:300,134,1,1
BRDA:301,135,0,1
BRDA:301,135,1,1
BRDA:302,136,0,1
BRDA:302,136,1,1
BRDA:303,137,0,1
BRDA:303,137,1,1
BRDA:305,138,0,1
BRDA:305,138,1,1
BRDA:308,139,0,1
BRDA:308,139,1,1
BRDA:313,140,0,1
BRDA:313,140,1,1
BRDA:314,141,0,1
BRDA:314,141,1,1
BRDA:315,142,0,1
BRDA:315,142,1,1
BRDA:316,143,0,1
BRDA:316,143,1,1
BRDA:317,144,0,1
BRDA:317,144,1,1
BRDA:319,145,0,1
BRDA:319,145,1,1
BRDA:323,146,0,1
BRDA:323,146,1,1
BRDA:326,147,0,1
BRDA:326,147,1,1
BRDA:331,148,0,0
BRDA:331,148,1,1
BRDA:337,149,0,0
BRDA:337,149,1,1
BRDA:343,150,0,0
BRDA:343,150,1,1
BRDA:349,151,0,0
BRDA:349,151,1,1
BRDA:356,152,0,0
BRDA:356,152,1,1
BRDA:361,153,0,0
BRDA:361,153,1,0
BRDA:362,154,0,0
BRDA:362,154,1,0
BRDA:363,155,0,0
BRDA:363,155,1,0
BRDA:364,156,0,0
BRDA:364,156,1,0
BRDA:364,157,0,0
BRDA:364,157,1,0
BRDA:372,158,0,0
BRDA:372,158,1,0
BRDA:373,159,0,0
BRDA:373,159,1,0
BRDA:376,160,0,0
BRDA:376,160,1,0
BRDA:376,160,2,0
BRDA:379,161,0,0
BRDA:379,161,1,0
BRDA:379,162,0,0
BRDA:379,162,1,0
BRDA:388,163,0,0
BRDA:388,163,1,0
BRDA:388,164,0,0
BRDA:388,164,1,0
BRDA:397,165,0,0
BRDA:397,165,1,0
BRDA:415,166,0,0
BRDA:415,166,1,0
BRDA:423,167,0,0
BRDA:423,167,1,0
BRDA:423,168,0,0
BRDA:423,168,1,0
BRDA:423,168,2,0
BRDA:425,169,0,0
BRDA:425,169,1,0
BRDA:431,170,0,0
BRDA:431,170,1,0
BRDA:431,171,0,0
BRDA:431,171,1,0
BRDA:435,172,0,0
BRDA:435,172,1,0
BRDA:438,173,0,0
BRDA:438,173,1,0
BRDA:443,174,0,0
BRDA:443,174,1,0
BRDA:447,175,0,0
BRDA:447,175,1,0
BRDA:450,176,0,0
BRDA:450,176,1,0
BRDA:453,177,0,0
BRDA:453,177,1,0
BRDA:458,178,0,0
BRDA:458,178,1,0
BRDA:460,179,0,0
BRDA:460,179,1,0
BRDA:469,180,0,0
BRDA:469,180,1,0
BRF:369
BRH:254
end_of_record
TN:
SF:backend/data/modules/config/logScrubber.js
FN:147,buildSensitiveFieldSet
FN:151,(anonymous_1)
FN:192,isSensitiveKey
FN:206,scrubObject
FN:221,(anonymous_4)
FN:257,scrubString
FN:278,(anonymous_6)
FN:284,LogScrubber
FN:294,(anonymous_8)
FN:305,(anonymous_9)
FN:313,(anonymous_10)
FN:319,(anonymous_11)
FN:325,(anonymous_12)
FN:334,(anonymous_13)
FN:354,(anonymous_14)
FN:372,(anonymous_15)
FN:391,(anonymous_16)
FN:410,(anonymous_17)
FN:437,scrubSensitiveData
FNF:19
FNH:3
FNDA:2,buildSensitiveFieldSet
FNDA:0,(anonymous_1)
FNDA:0,isSensitiveKey
FNDA:0,scrubObject
FNDA:0,(anonymous_4)
FNDA:0,scrubString
FNDA:1,(anonymous_6)
FNDA:2,LogScrubber
FNDA:0,(anonymous_8)
FNDA:0,(anonymous_9)
FNDA:0,(anonymous_10)
FNDA:0,(anonymous_11)
FNDA:0,(anonymous_12)
FNDA:0,(anonymous_13)
FNDA:0,(anonymous_14)
FNDA:0,(anonymous_15)
FNDA:0,(anonymous_16)
FNDA:0,(anonymous_17)
FNDA:0,scrubSensitiveData
DA:9,1
DA:10,1
DA:11,1
DA:12,1
DA:17,1
DA:42,1
DA:132,1
DA:149,2
DA:150,2
DA:151,2
DA:152,2
DA:153,2
DA:154,2
DA:155,40
DA:156,40
DA:157,40
DA:161,0
DA:163,2
DA:164,2
DA:166,2
DA:168,2
DA:169,2
DA:170,0
DA:171,0
DA:172,0
DA:176,0
DA:178,2
DA:179,2
DA:181,2
DA:183,2
DA:193,0
DA:194,0
DA:208,0
DA:209,0
DA:211,0
DA:212,0
DA:214,0
DA:215,0
DA:217,0
DA:218,0
DA:220,0
DA:221,0
DA:222,0
DA:225,0
DA:226,0
DA:227,0
DA:228,0
DA:229,0
DA:230,0
DA:231,0
DA:232,0
DA:233,0
DA:235,0
DA:240,0
DA:242,0
DA:243,0
DA:245,0
DA:247,0
DA:249,0
DA:259,0
DA:260,0
DA:261,0
DA:262,0
DA:263,0
DA:266,0
DA:268,0
DA:269,0
DA:271,0
DA:273,0
DA:278,1
DA:285,2
DA:286,2
DA:287,2
DA:294,1
DA:295,0
DA:296,0
DA:297,0
DA:305,1
DA:306,0
DA:313,1
DA:314,0
DA:319,1
DA:320,0
DA:325,1
DA:326,0
DA:334,1
DA:336,0
DA:337,0
DA:339,0
DA:340,0
DA:342,0
DA:343,0
DA:345,0
DA:354,1
DA:355,0
DA:356,0
DA:357,0
DA:359,0
DA:360,0
DA:372,1
DA:374,0
DA:375,0
DA:377,0
DA:378,0
DA:379,0
DA:382,0
DA:391,1
DA:392,0
DA:393,0
DA:395,0
DA:397,0
DA:399,0
DA:410,1
DA:411,0
DA:412,0
DA:414,0
DA:415,0
DA:416,0
DA:418,0
DA:419,0
DA:424,1
DA:426,1
DA:430,1
DA:438,0
LF:124
LH:42
BRDA:149,0,0,1
BRDA:149,0,1,1
BRDA:150,1,0,0
BRDA:150,1,1,2
BRDA:156,2,0,40
BRDA:156,2,1,0
BRDA:164,3,0,0
BRDA:164,3,1,2
BRDA:164,4,0,2
BRDA:164,4,1,2
BRDA:164,4,2,0
BRDA:166,5,0,0
BRDA:166,5,1,2
BRDA:171,6,0,0
BRDA:171,6,1,0
BRDA:179,7,0,0
BRDA:179,7,1,2
BRDA:179,8,0,2
BRDA:179,8,1,2
BRDA:179,8,2,0
BRDA:181,9,0,0
BRDA:181,9,1,2
BRDA:208,10,0,0
BRDA:208,10,1,0
BRDA:211,11,0,0
BRDA:211,11,1,0
BRDA:211,12,0,0
BRDA:211,12,1,0
BRDA:214,13,0,0
BRDA:214,13,1,0
BRDA:217,14,0,0
BRDA:217,14,1,0
BRDA:217,15,0,0
BRDA:217,15,1,0
BRDA:220,16,0,0
BRDA:220,16,1,0
BRDA:225,17,0,0
BRDA:225,17,1,0
BRDA:232,18,0,0
BRDA:232,18,1,0
BRDA:232,19,0,0
BRDA:232,19,1,0
BRDA:235,20,0,0
BRDA:235,20,1,0
BRDA:243,21,0,0
BRDA:243,21,1,0
BRDA:243,22,0,0
BRDA:243,22,1,0
BRDA:243,22,2,0
BRDA:245,23,0,0
BRDA:245,23,1,0
BRDA:269,24,0,0
BRDA:269,24,1,0
BRDA:269,25,0,0
BRDA:269,25,1,0
BRDA:269,25,2,0
BRDA:271,26,0,0
BRDA:271,26,1,0
BRDA:285,27,0,1
BRDA:285,27,1,1
BRDA:296,28,0,0
BRDA:296,28,1,0
BRDA:296,29,0,0
BRDA:296,29,1,0
BRDA:336,30,0,0
BRDA:336,30,1,0
BRDA:339,31,0,0
BRDA:339,31,1,0
BRDA:342,32,0,0
BRDA:342,32,1,0
BRDA:342,33,0,0
BRDA:342,33,1,0
BRDA:343,34,0,0
BRDA:343,34,1,0
BRDA:343,35,0,0
BRDA:343,35,1,0
BRDA:355,36,0,0
BRDA:355,36,1,0
BRDA:356,37,0,0
BRDA:356,37,1,0
BRDA:374,38,0,0
BRDA:374,38,1,0
BRDA:377,39,0,0
BRDA:377,39,1,0
BRDA:377,40,0,0
BRDA:377,40,1,0
BRDA:378,41,0,0
BRDA:378,41,1,0
BRDA:392,42,0,0
BRDA:392,42,1,0
BRDA:395,43,0,0
BRDA:395,43,1,0
BRDA:395,44,0,0
BRDA:395,44,1,0
BRDA:411,45,0,0
BRDA:411,45,1,0
BRDA:415,46,0,0
BRDA:415,46,1,0
BRF:98
BRH:14
end_of_record
TN:
SF:backend/data/modules/config/logger.js
FN:21,initializeLogScrubber
FN:33,(anonymous_1)
FN:74,createRpcMetadata
FN:97,createSystemEventMetadata
FN:116,(anonymous_4)
FN:156,getFormat
FN:205,logRpcEntry
FN:227,logRpcExit
FN:246,logRpcError
FN:265,logSystemEvent
FN:277,logCacheOperation
FN:287,logDatabaseOperation
FN:303,captureRpcErrorWithContext
FNF:13
FNH:2
FNDA:1,initializeLogScrubber
FNDA:0,(anonymous_1)
FNDA:0,createRpcMetadata
FNDA:0,createSystemEventMetadata
FNDA:0,(anonymous_4)
FNDA:1,getFormat
FNDA:0,logRpcEntry
FNDA:0,logRpcExit
FNDA:0,logRpcError
FNDA:0,logSystemEvent
FNDA:0,logCacheOperation
FNDA:0,logDatabaseOperation
FNDA:0,captureRpcErrorWithContext
DA:2,1
DA:3,1
DA:4,1
DA:5,1
DA:6,1
DA:7,1
DA:8,1
DA:9,1
DA:10,1
DA:11,1
DA:12,1
DA:13,1
DA:14,1
DA:15,1
DA:16,1
DA:17,1
DA:22,1
DA:29,1
DA:33,1
DA:34,0
DA:36,0
DA:37,0
DA:38,0
DA:39,0
DA:42,0
DA:43,0
DA:44,0
DA:46,0
DA:52,1
DA:61,1
DA:67,1
DA:75,0
DA:78,0
DA:79,0
DA:81,0
DA:82,0
DA:84,0
DA:85,0
DA:88,0
DA:98,0
DA:99,0
DA:106,1
DA:114,1
DA:117,0
DA:119,0
DA:120,0
DA:121,0
DA:123,0
DA:124,0
DA:126,0
DA:127,0
DA:129,0
DA:130,0
DA:132,0
DA:133,0
DA:135,0
DA:136,0
DA:137,0
DA:139,0
DA:141,0
DA:142,0
DA:143,0
DA:144,0
DA:145,0
DA:146,0
DA:147,0
DA:148,0
DA:151,0
DA:157,1
DA:159,1
DA:164,1
DA:165,0
DA:166,0
DA:185,1
DA:206,0
DA:228,0
DA:247,0
DA:266,0
DA:267,0
DA:278,0
DA:288,0
DA:305,0
DA:307,0
LF:83
LH:28
BRDA:37,0,0,0
BRDA:37,0,1,0
BRDA:43,1,0,0
BRDA:43,1,1,0
BRDA:43,2,0,0
BRDA:43,2,1,0
BRDA:78,3,0,0
BRDA:78,3,1,0
BRDA:81,4,0,0
BRDA:81,4,1,0
BRDA:84,5,0,0
BRDA:84,5,1,0
BRDA:86,6,0,0
BRDA:86,6,1,0
BRDA:98,7,0,0
BRDA:98,7,1,0
BRDA:120,8,0,0
BRDA:120,8,1,0
BRDA:123,9,0,0
BRDA:123,9,1,0
BRDA:126,10,0,0
BRDA:126,10,1,0
BRDA:129,11,0,0
BRDA:129,11,1,0
BRDA:132,12,0,0
BRDA:132,12,1,0
BRDA:136,13,0,0
BRDA:136,13,1,0
BRDA:139,14,0,0
BRDA:139,14,1,0
BRDA:147,15,0,0
BRDA:147,15,1,0
BRDA:157,16,0,1
BRDA:157,16,1,0
BRDA:164,17,0,0
BRDA:164,17,1,1
BRDA:164,18,0,1
BRDA:164,18,1,1
BRDA:165,19,0,0
BRDA:165,19,1,0
BRDA:210,20,0,0
BRDA:210,20,1,0
BRDA:211,21,0,0
BRDA:211,21,1,0
BRDA:266,22,0,0
BRDA:266,22,1,0
BRF:46
BRH:4
end_of_record
TN:
SF:backend/data/modules/modules/anti_cheat.js
FN:42,(anonymous_0)
FN:46,initializeAntiCheat
FN:59,generateRequestIdAndNonce
FN:71,computeSignature
FN:81,verifyRequestSignature
FN:138,(anonymous_5)
FN:154,validateCombatActionParameters
FN:203,(anonymous_7)
FN:219,detectTimingAttack
FN:228,(anonymous_9)
FN:241,(anonymous_10)
FN:267,cleanupExpiredRequests
FN:271,(anonymous_12)
FN:276,(anonymous_13)
FN:279,(anonymous_14)
FN:280,(anonymous_15)
FN:288,(anonymous_16)
FN:294,getAntiCheatStats
FN:314,initializeLeaderboardAntiCheat
FN:321,recordMatchResult
FN:341,recordAbandonment
FN:384,getPlayerMatchHistory
FN:390,isPlayerFlagged
FN:397,getFlagReason
FN:404,clearPlayerFlag
FN:413,getOrCreatePlayerHistory
FN:425,analyzePlayerForCheating
FN:427,(anonymous_27)
FN:433,(anonymous_28)
FN:482,getLeaderboardAntiCheatStats
FN:484,(anonymous_30)
FN:503,submitPlayerReport
FN:532,getReportsForUser
FN:534,(anonymous_33)
FN:540,(anonymous_34)
FNF:35
FNH:0
FNDA:0,(anonymous_0)
FNDA:0,initializeAntiCheat
FNDA:0,generateRequestIdAndNonce
FNDA:0,computeSignature
FNDA:0,verifyRequestSignature
FNDA:0,(anonymous_5)
FNDA:0,validateCombatActionParameters
FNDA:0,(anonymous_7)
FNDA:0,detectTimingAttack
FNDA:0,(anonymous_9)
FNDA:0,(anonymous_10)
FNDA:0,cleanupExpiredRequests
FNDA:0,(anonymous_12)
FNDA:0,(anonymous_13)
FNDA:0,(anonymous_14)
FNDA:0,(anonymous_15)
FNDA:0,(anonymous_16)
FNDA:0,getAntiCheatStats
FNDA:0,initializeLeaderboardAntiCheat
FNDA:0,recordMatchResult
FNDA:0,recordAbandonment
FNDA:0,getPlayerMatchHistory
FNDA:0,isPlayerFlagged
FNDA:0,getFlagReason
FNDA:0,clearPlayerFlag
FNDA:0,getOrCreatePlayerHistory
FNDA:0,analyzePlayerForCheating
FNDA:0,(anonymous_27)
FNDA:0,(anonymous_28)
FNDA:0,getLeaderboardAntiCheatStats
FNDA:0,(anonymous_30)
FNDA:0,submitPlayerReport
FNDA:0,getReportsForUser
FNDA:0,(anonymous_33)
FNDA:0,(anonymous_34)
DA:7,1
DA:8,1
DA:9,1
DA:10,1
DA:11,1
DA:12,1
DA:13,1
DA:14,1
DA:15,1
DA:16,1
DA:17,1
DA:18,1
DA:19,1
DA:20,1
DA:21,1
DA:22,1
DA:23,1
DA:24,1
DA:25,1
DA:26,1
DA:27,1
DA:28,1
DA:30,1
DA:31,1
DA:33,1
DA:34,1
DA:35,1
DA:42,1
DA:47,0
DA:48,0
DA:49,0
DA:60,0
DA:61,0
DA:62,0
DA:72,0
DA:73,0
DA:74,0
DA:75,0
DA:82,0
DA:83,0
DA:85,0
DA:86,0
DA:87,0
DA:102,0
DA:103,0
DA:104,0
DA:105,0
DA:119,0
DA:120,0
DA:121,0
DA:134,0
DA:138,0
DA:139,0
DA:140,0
DA:146,0
DA:155,0
DA:156,0
DA:158,0
DA:159,0
DA:174,0
DA:175,0
DA:190,0
DA:191,0
DA:203,0
DA:204,0
DA:205,0
DA:210,0
DA:220,0
DA:221,0
DA:222,0
DA:223,0
DA:224,0
DA:226,0
DA:228,0
DA:229,0
DA:230,0
DA:231,0
DA:232,0
DA:235,0
DA:236,0
DA:237,0
DA:241,0
DA:242,0
DA:243,0
DA:244,0
DA:256,0
DA:261,0
DA:262,0
DA:268,0
DA:269,0
DA:271,0
DA:272,0
DA:273,0
DA:276,0
DA:278,0
DA:279,0
DA:280,0
DA:281,0
DA:282,0
DA:285,0
DA:288,0
DA:289,0
DA:295,0
DA:301,1
DA:310,1
DA:315,0
DA:316,0
DA:322,0
DA:323,0
DA:333,0
DA:334,0
DA:336,0
DA:342,0
DA:343,0
DA:345,0
DA:346,0
DA:347,0
DA:348,0
DA:351,0
DA:361,0
DA:363,0
DA:366,0
DA:368,0
DA:370,0
DA:372,0
DA:374,0
DA:375,0
DA:376,0
DA:378,0
DA:379,0
DA:385,0
DA:391,0
DA:392,0
DA:398,0
DA:399,0
DA:405,0
DA:406,0
DA:407,0
DA:408,0
DA:409,0
DA:410,0
DA:414,0
DA:415,0
DA:423,0
DA:427,0
DA:428,0
DA:429,0
DA:432,0
DA:433,0
DA:434,0
DA:436,0
DA:437,0
DA:438,0
DA:439,0
DA:440,0
DA:443,0
DA:444,0
DA:445,0
DA:446,0
DA:447,0
DA:448,0
DA:452,0
DA:454,0
DA:455,0
DA:457,0
DA:459,0
DA:460,0
DA:461,0
DA:462,0
DA:463,0
DA:464,0
DA:465,0
DA:466,0
DA:470,0
DA:472,0
DA:473,0
DA:475,0
DA:477,0
DA:483,0
DA:484,0
DA:485,0
DA:486,0
DA:488,0
DA:495,1
DA:497,1
DA:498,1
DA:499,1
DA:505,0
DA:506,0
DA:509,0
DA:510,0
DA:511,0
DA:513,0
DA:514,0
DA:524,0
DA:525,0
DA:526,0
DA:527,0
DA:533,0
DA:534,0
DA:535,0
DA:536,0
DA:540,0
LF:203
LH:34
BRDA:36,0,0,1
BRDA:36,0,1,1
BRDA:86,1,0,0
BRDA:86,1,1,0
BRDA:102,2,0,0
BRDA:102,2,1,0
BRDA:104,3,0,0
BRDA:104,3,1,0
BRDA:119,4,0,0
BRDA:119,4,1,0
BRDA:120,5,0,0
BRDA:120,5,1,0
BRDA:158,6,0,0
BRDA:158,6,1,0
BRDA:158,7,0,0
BRDA:158,7,1,0
BRDA:174,8,0,0
BRDA:174,8,1,0
BRDA:174,9,0,0
BRDA:174,9,1,0
BRDA:174,9,2,0
BRDA:190,10,0,0
BRDA:190,10,1,0
BRDA:222,11,0,0
BRDA:222,11,1,0
BRDA:226,12,0,0
BRDA:226,12,1,0
BRDA:230,13,0,0
BRDA:230,13,1,0
BRDA:243,14,0,0
BRDA:243,14,1,0
BRDA:272,15,0,0
BRDA:272,15,1,0
BRDA:281,16,0,0
BRDA:281,16,1,0
BRDA:333,17,0,0
BRDA:333,17,1,0
BRDA:345,18,0,0
BRDA:345,18,1,0
BRDA:347,19,0,0
BRDA:347,19,1,0
BRDA:361,20,0,0
BRDA:361,20,1,0
BRDA:374,21,0,0
BRDA:374,21,1,0
BRDA:385,22,0,0
BRDA:385,22,1,0
BRDA:392,23,0,0
BRDA:392,23,1,0
BRDA:392,24,0,0
BRDA:392,24,1,0
BRDA:392,25,0,0
BRDA:392,25,1,0
BRDA:399,26,0,0
BRDA:399,26,1,0
BRDA:399,27,0,0
BRDA:399,27,1,0
BRDA:406,28,0,0
BRDA:406,28,1,0
BRDA:414,29,0,0
BRDA:414,29,1,0
BRDA:428,30,0,0
BRDA:428,30,1,0
BRDA:436,31,0,0
BRDA:436,31,1,0
BRDA:447,32,0,0
BRDA:447,32,1,0
BRDA:448,33,0,0
BRDA:448,33,1,0
BRDA:455,34,0,0
BRDA:455,34,1,0
BRDA:455,35,0,0
BRDA:455,35,1,0
BRDA:455,35,2,0
BRDA:457,36,0,0
BRDA:457,36,1,0
BRDA:462,37,0,0
BRDA:462,37,1,0
BRDA:473,38,0,0
BRDA:473,38,1,0
BRDA:473,39,0,0
BRDA:473,39,1,0
BRDA:473,39,2,0
BRDA:475,40,0,0
BRDA:475,40,1,0
BRDA:485,41,0,0
BRDA:485,41,1,0
BRDA:505,42,0,0
BRDA:505,42,1,0
BRDA:510,43,0,0
BRDA:510,43,1,0
BRDA:510,44,0,0
BRDA:510,44,1,0
BRDA:535,45,0,0
BRDA:535,45,1,0
BRDA:535,46,0,0
BRDA:535,46,1,0
BRF:97
BRH:2
end_of_record
TN:
SF:backend/data/modules/modules/audit.js
FN:18,logAudit
FNF:1
FNH:0
FNDA:0,logAudit
DA:2,1
DA:3,1
DA:4,1
DA:19,0
DA:29,0
DA:30,0
DA:41,0
LF:7
LH:3
BRF:0
BRH:0
end_of_record
TN:
SF:backend/data/modules/modules/matchmaker.js
FN:29,registerRpcListMatches
FN:53,rpcListMatches
FN:107,(anonymous_2)
FN:120,registerRpcCreateMatch
FN:142,rpcCreateMatch
FN:249,registerRpcAcceptMatch
FN:271,rpcAcceptMatch
FN:349,registerRpcGetPlayerRank
FN:373,rpcGetPlayerRank
FN:408,calculateRank
FN:421,generateMatchId
FN:427,checkPlayerFlagged
FN:446,registerRpcCompleteMatch
FN:470,rpcCompleteMatch
FN:504,getAndValidateMatch
FN:527,validateMatchParticipants
FN:542,processMatchResult
FN:627,applyMatchRankDecay
FNF:18
FNH:3
FNDA:0,registerRpcListMatches
FNDA:0,rpcListMatches
FNDA:0,(anonymous_2)
FNDA:0,registerRpcCreateMatch
FNDA:1,rpcCreateMatch
FNDA:0,registerRpcAcceptMatch
FNDA:0,rpcAcceptMatch
FNDA:0,registerRpcGetPlayerRank
FNDA:0,rpcGetPlayerRank
FNDA:2,calculateRank
FNDA:1,generateMatchId
FNDA:0,checkPlayerFlagged
FNDA:0,registerRpcCompleteMatch
FNDA:0,rpcCompleteMatch
FNDA:0,getAndValidateMatch
FNDA:0,validateMatchParticipants
FNDA:0,processMatchResult
FNDA:0,applyMatchRankDecay
DA:6,1
DA:7,1
DA:8,1
DA:9,1
DA:10,1
DA:11,1
DA:12,1
DA:13,1
DA:14,1
DA:15,1
DA:16,1
DA:17,1
DA:18,1
DA:19,1
DA:20,1
DA:21,1
DA:22,1
DA:23,1
DA:30,0
DA:55,0
DA:56,0
DA:57,0
DA:58,0
DA:60,0
DA:61,0
DA:62,0
DA:69,0
DA:70,0
DA:74,0
DA:75,0
DA:76,0
DA:77,0
DA:78,0
DA:79,0
DA:80,0
DA:81,0
DA:82,0
DA:83,0
DA:85,0
DA:86,0
DA:88,0
DA:89,0
DA:91,0
DA:92,0
DA:94,0
DA:95,0
DA:97,0
DA:100,0
DA:102,0
DA:103,0
DA:105,0
DA:107,0
DA:108,0
DA:121,0
DA:144,1
DA:145,1
DA:146,1
DA:147,0
DA:148,0
DA:150,1
DA:151,1
DA:158,1
DA:159,0
DA:163,1
DA:164,1
DA:165,1
DA:166,1
DA:173,1
DA:174,0
DA:178,1
DA:179,1
DA:180,1
DA:181,0
DA:185,1
DA:199,1
DA:207,1
DA:213,0
DA:215,0
DA:216,0
DA:230,0
DA:238,0
DA:250,0
DA:273,0
DA:274,0
DA:275,0
DA:276,0
DA:277,0
DA:279,0
DA:280,0
DA:287,0
DA:288,0
DA:292,0
DA:293,0
DA:294,0
DA:298,0
DA:299,0
DA:303,0
DA:310,0
DA:311,0
DA:315,0
DA:316,0
DA:318,0
DA:319,0
DA:320,0
DA:321,0
DA:322,0
DA:323,0
DA:324,0
DA:325,0
DA:333,0
DA:339,0
DA:350,0
DA:374,0
DA:375,0
DA:376,0
DA:377,0
DA:379,0
DA:386,0
DA:387,0
DA:391,0
DA:392,0
DA:394,0
DA:395,0
DA:409,2
DA:410,2
DA:414,2
DA:422,1
DA:428,0
DA:429,0
DA:430,0
DA:433,0
DA:439,0
DA:447,0
DA:472,0
DA:473,0
DA:474,0
DA:475,0
DA:476,0
DA:478,0
DA:480,0
DA:481,0
DA:482,0
DA:483,0
DA:484,0
DA:485,0
DA:487,0
DA:488,0
DA:489,0
DA:491,0
DA:493,0
DA:494,0
DA:495,0
DA:497,0
DA:499,0
DA:505,0
DA:512,0
DA:513,0
DA:515,0
DA:516,0
DA:517,0
DA:519,0
DA:520,0
DA:522,0
DA:529,0
DA:531,0
DA:534,0
DA:535,0
DA:537,0
DA:545,0
DA:546,0
DA:547,0
DA:548,0
DA:549,0
DA:550,0
DA:552,0
DA:553,0
DA:554,0
DA:555,0
DA:557,0
DA:558,0
DA:559,0
DA:560,0
DA:561,0
DA:563,0
DA:564,0
DA:567,0
DA:568,0
DA:570,0
DA:571,0
DA:572,0
DA:574,0
DA:575,0
DA:576,0
DA:577,0
DA:579,0
DA:588,0
DA:597,0
DA:598,0
DA:628,0
DA:629,0
DA:630,0
DA:631,0
DA:633,0
DA:634,0
DA:636,0
LF:205
LH:39
BRDA:57,0,0,0
BRDA:57,0,1,0
BRDA:60,1,0,0
BRDA:60,1,1,0
BRDA:61,2,0,0
BRDA:61,2,1,0
BRDA:69,3,0,0
BRDA:69,3,1,0
BRDA:82,4,0,0
BRDA:82,4,1,0
BRDA:85,5,0,0
BRDA:85,5,1,0
BRDA:85,6,0,0
BRDA:85,6,1,0
BRDA:88,7,0,0
BRDA:88,7,1,0
BRDA:91,8,0,0
BRDA:91,8,1,0
BRDA:91,9,0,0
BRDA:91,9,1,0
BRDA:94,10,0,0
BRDA:94,10,1,0
BRDA:94,11,0,0
BRDA:94,11,1,0
BRDA:103,12,0,0
BRDA:103,12,1,0
BRDA:103,13,0,0
BRDA:103,13,1,0
BRDA:103,13,2,0
BRDA:105,14,0,0
BRDA:105,14,1,0
BRDA:146,15,0,0
BRDA:146,15,1,1
BRDA:147,16,0,0
BRDA:147,16,1,0
BRDA:147,17,0,0
BRDA:147,17,1,0
BRDA:158,18,0,0
BRDA:158,18,1,1
BRDA:165,19,0,1
BRDA:165,19,1,0
BRDA:173,20,0,0
BRDA:173,20,1,1
BRDA:180,21,0,0
BRDA:180,21,1,1
BRDA:180,22,0,1
BRDA:180,22,1,1
BRDA:192,23,0,1
BRDA:192,23,1,1
BRDA:275,24,0,0
BRDA:275,24,1,0
BRDA:276,25,0,0
BRDA:276,25,1,0
BRDA:276,26,0,0
BRDA:276,26,1,0
BRDA:287,27,0,0
BRDA:287,27,1,0
BRDA:293,28,0,0
BRDA:293,28,1,0
BRDA:298,29,0,0
BRDA:298,29,1,0
BRDA:310,30,0,0
BRDA:310,30,1,0
BRDA:333,31,0,0
BRDA:333,31,1,0
BRDA:333,32,0,0
BRDA:333,32,1,0
BRDA:376,33,0,0
BRDA:376,33,1,0
BRDA:386,34,0,0
BRDA:386,34,1,0
BRDA:428,35,0,0
BRDA:428,35,1,0
BRDA:430,36,0,0
BRDA:430,36,1,0
BRDA:474,37,0,0
BRDA:474,37,1,0
BRDA:475,38,0,0
BRDA:475,38,1,0
BRDA:475,39,0,0
BRDA:475,39,1,0
BRDA:481,40,0,0
BRDA:481,40,1,0
BRDA:484,41,0,0
BRDA:484,41,1,0
BRDA:488,42,0,0
BRDA:488,42,1,0
BRDA:488,43,0,0
BRDA:488,43,1,0
BRDA:489,44,0,0
BRDA:489,44,1,0
BRDA:494,45,0,0
BRDA:494,45,1,0
BRDA:497,46,0,0
BRDA:497,46,1,0
BRDA:512,47,0,0
BRDA:512,47,1,0
BRDA:516,48,0,0
BRDA:516,48,1,0
BRDA:519,49,0,0
BRDA:519,49,1,0
BRDA:519,50,0,0
BRDA:519,50,1,0
BRDA:529,51,0,0
BRDA:529,51,1,0
BRDA:529,52,0,0
BRDA:529,52,1,0
BRDA:529,52,2,0
BRDA:529,52,3,0
BRDA:534,53,0,0
BRDA:534,53,1,0
BRDA:549,54,0,0
BRDA:549,54,1,0
BRDA:554,55,0,0
BRDA:554,55,1,0
BRDA:555,56,0,0
BRDA:555,56,1,0
BRDA:588,57,0,0
BRDA:588,57,1,0
BRDA:588,58,0,0
BRDA:588,58,1,0
BRDA:603,59,0,0
BRDA:603,59,1,0
BRDA:604,60,0,0
BRDA:604,60,1,0
BRDA:613,61,0,0
BRDA:613,61,1,0
BRDA:614,62,0,0
BRDA:614,62,1,0
BRDA:630,63,0,0
BRDA:630,63,1,0
BRDA:633,64,0,0
BRDA:633,64,1,0
BRF:133
BRH:9
end_of_record
TN:
SF:backend/data/modules/modules/season_system.js
FN:41,registerRpcGetSeasonInfo
FN:66,rpcGetSeasonInfo
FN:87,registerRpcGetLeaderboard
FN:111,rpcGetLeaderboard
FN:121,(anonymous_4)
FN:140,registerRpcUpdateRank
FN:167,checkPlayerFlagged
FN:184,validateRankUpdateSignature
FN:218,applyEloUpdates
FN:251,rpcUpdateRank
FN:310,registerRpcGetSeasonRewards
FN:333,rpcGetSeasonRewards
FN:359,registerRpcClaimSeasonRewards
FN:382,rpcClaimSeasonRewards
FN:445,registerRpcEndSeason
FN:468,rpcEndSeason
FN:522,getCurrentSeason
FN:544,getLeaderboardEntry
FN:565,calculateRewards
FN:620,recordPlayerActivity
FN:638,getLastMatchTime
FN:665,applyRankDecay
FN:692,getRankDecayInfo
FNF:23
FNH:0
FNDA:0,registerRpcGetSeasonInfo
FNDA:0,rpcGetSeasonInfo
FNDA:0,registerRpcGetLeaderboard
FNDA:0,rpcGetLeaderboard
FNDA:0,(anonymous_4)
FNDA:0,registerRpcUpdateRank
FNDA:0,checkPlayerFlagged
FNDA:0,validateRankUpdateSignature
FNDA:0,applyEloUpdates
FNDA:0,rpcUpdateRank
FNDA:0,registerRpcGetSeasonRewards
FNDA:0,rpcGetSeasonRewards
FNDA:0,registerRpcClaimSeasonRewards
FNDA:0,rpcClaimSeasonRewards
FNDA:0,registerRpcEndSeason
FNDA:0,rpcEndSeason
FNDA:0,getCurrentSeason
FNDA:0,getLeaderboardEntry
FNDA:0,calculateRewards
FNDA:0,recordPlayerActivity
FNDA:0,getLastMatchTime
FNDA:0,applyRankDecay
FNDA:0,getRankDecayInfo
DA:6,1
DA:7,1
DA:8,1
DA:9,1
DA:10,1
DA:11,1
DA:12,1
DA:13,1
DA:14,1
DA:15,1
DA:16,1
DA:17,1
DA:18,1
DA:19,1
DA:20,1
DA:21,1
DA:22,1
DA:23,1
DA:24,1
DA:25,1
DA:26,1
DA:27,1
DA:28,1
DA:29,1
DA:31,1
DA:32,1
DA:33,1
DA:34,1
DA:35,1
DA:42,0
DA:67,0
DA:68,0
DA:69,0
DA:70,0
DA:72,0
DA:73,0
DA:74,0
DA:88,0
DA:112,0
DA:113,0
DA:114,0
DA:115,0
DA:116,0
DA:118,0
DA:119,0
DA:120,0
DA:121,0
DA:128,0
DA:141,0
DA:168,0
DA:169,0
DA:170,0
DA:173,0
DA:179,0
DA:185,0
DA:186,0
DA:192,0
DA:202,0
DA:203,0
DA:204,0
DA:205,0
DA:213,0
DA:219,0
DA:220,0
DA:221,0
DA:222,0
DA:223,0
DA:225,0
DA:228,0
DA:229,0
DA:230,0
DA:231,0
DA:238,0
DA:241,0
DA:242,0
DA:243,0
DA:249,0
DA:252,0
DA:253,0
DA:254,0
DA:255,0
DA:257,0
DA:259,0
DA:260,0
DA:261,0
DA:262,0
DA:263,0
DA:264,0
DA:266,0
DA:267,0
DA:268,0
DA:270,0
DA:271,0
DA:272,0
DA:278,0
DA:279,0
DA:280,0
DA:281,0
DA:282,0
DA:284,0
DA:286,0
DA:287,0
DA:288,0
DA:311,0
DA:334,0
DA:335,0
DA:336,0
DA:337,0
DA:339,0
DA:340,0
DA:341,0
DA:342,0
DA:347,0
DA:348,0
DA:360,0
DA:383,0
DA:384,0
DA:385,0
DA:386,0
DA:388,0
DA:389,0
DA:396,0
DA:397,0
DA:401,0
DA:402,0
DA:403,0
DA:407,0
DA:409,0
DA:424,0
DA:425,0
DA:426,0
DA:428,0
DA:429,0
DA:431,0
DA:432,0
DA:434,0
DA:446,0
DA:469,0
DA:470,0
DA:471,0
DA:472,0
DA:474,0
DA:476,0
DA:477,0
DA:478,0
DA:479,0
DA:488,0
DA:497,0
DA:498,0
DA:499,0
DA:508,0
DA:511,0
DA:523,0
DA:524,0
DA:525,0
DA:526,0
DA:527,0
DA:545,0
DA:546,0
DA:547,0
DA:549,0
DA:550,0
DA:566,0
DA:567,0
DA:577,0
DA:578,0
DA:588,0
DA:589,0
DA:599,0
DA:600,0
DA:607,0
DA:621,0
DA:622,0
DA:639,0
DA:640,0
DA:647,0
DA:648,0
DA:649,0
DA:655,0
DA:667,0
DA:668,0
DA:670,0
DA:671,0
DA:672,0
DA:673,0
DA:675,0
DA:676,0
DA:679,0
DA:680,0
DA:681,0
DA:682,0
DA:693,0
DA:694,0
DA:695,0
DA:696,0
DA:698,0
DA:699,0
DA:700,0
DA:701,0
DA:703,0
LF:200
LH:29
BRDA:69,0,0,0
BRDA:69,0,1,0
BRDA:77,1,0,0
BRDA:77,1,1,0
BRDA:78,2,0,0
BRDA:78,2,1,0
BRDA:115,3,0,0
BRDA:115,3,1,0
BRDA:118,4,0,0
BRDA:118,4,1,0
BRDA:119,5,0,0
BRDA:119,5,1,0
BRDA:126,6,0,0
BRDA:126,6,1,0
BRDA:168,7,0,0
BRDA:168,7,1,0
BRDA:170,8,0,0
BRDA:170,8,1,0
BRDA:185,9,0,0
BRDA:185,9,1,0
BRDA:185,10,0,0
BRDA:185,10,1,0
BRDA:185,10,2,0
BRDA:185,10,3,0
BRDA:203,11,0,0
BRDA:203,11,1,0
BRDA:219,12,0,0
BRDA:219,12,1,0
BRDA:225,13,0,0
BRDA:225,13,1,0
BRDA:229,14,0,0
BRDA:229,14,1,0
BRDA:231,15,0,0
BRDA:231,15,1,0
BRDA:238,16,0,0
BRDA:238,16,1,0
BRDA:254,17,0,0
BRDA:254,17,1,0
BRDA:260,18,0,0
BRDA:260,18,1,0
BRDA:263,19,0,0
BRDA:263,19,1,0
BRDA:267,20,0,0
BRDA:267,20,1,0
BRDA:270,21,0,0
BRDA:270,21,1,0
BRDA:270,22,0,0
BRDA:270,22,1,0
BRDA:281,23,0,0
BRDA:281,23,1,0
BRDA:282,24,0,0
BRDA:282,24,1,0
BRDA:336,25,0,0
BRDA:336,25,1,0
BRDA:341,26,0,0
BRDA:341,26,1,0
BRDA:385,27,0,0
BRDA:385,27,1,0
BRDA:396,28,0,0
BRDA:396,28,1,0
BRDA:402,29,0,0
BRDA:402,29,1,0
BRDA:425,30,0,0
BRDA:425,30,1,0
BRDA:428,31,0,0
BRDA:428,31,1,0
BRDA:431,32,0,0
BRDA:431,32,1,0
BRDA:471,33,0,0
BRDA:471,33,1,0
BRDA:546,34,0,0
BRDA:546,34,1,0
BRDA:555,35,0,0
BRDA:555,35,1,0
BRDA:566,36,0,0
BRDA:566,36,1,0
BRDA:577,37,0,0
BRDA:577,37,1,0
BRDA:588,38,0,0
BRDA:588,38,1,0
BRDA:599,39,0,0
BRDA:599,39,1,0
BRDA:647,40,0,0
BRDA:647,40,1,0
BRDA:647,41,0,0
BRDA:647,41,1,0
BRDA:649,42,0,0
BRDA:649,42,1,0
BRDA:667,43,0,0
BRDA:667,43,1,0
BRDA:675,44,0,0
BRDA:675,44,1,0
BRDA:699,45,0,0
BRDA:699,45,1,0
BRDA:699,46,0,0
BRDA:699,46,1,0
BRF:96
BRH:0
end_of_record
TN:
SF:backend/data/modules/modules/validation.js
FN:8,createEnum
FN:293,validatePayload
FN:305,(anonymous_2)
FN:305,(anonymous_3)
FN:315,createValidationErrorResponse
FNF:5
FNH:2
FNDA:21,createEnum
FNDA:1,validatePayload
FNDA:0,(anonymous_2)
FNDA:0,(anonymous_3)
FNDA:0,createValidationErrorResponse
DA:2,1
DA:3,1
DA:4,1
DA:5,1
DA:6,1
DA:9,21
DA:11,1
DA:292,1
DA:294,1
DA:295,1
DA:296,1
DA:297,0
DA:300,1
DA:302,1
DA:303,1
DA:304,0
DA:305,0
DA:307,0
DA:309,1
DA:312,0
DA:316,0
LF:21
LH:15
BRDA:296,0,0,0
BRDA:296,0,1,1
BRDA:303,1,0,0
BRDA:303,1,1,1
BRDA:305,2,0,0
BRDA:305,2,1,0
BRDA:305,3,0,0
BRDA:305,3,1,0
BRDA:305,4,0,0
BRDA:305,4,1,0
BRF:10
BRH:2
end_of_record
